Information,17-09-2024 17:06,Microsoft-Windows-HttpService,112,HTTP Setup Trace Task,"Attempted to reserve URL http://+:10247/apps/. Status 0x0. Process Id 0x4 Executable path , User SYSTEM"
Information,17-09-2024 17:06,Microsoft-Windows-HttpService,112,HTTP Setup Trace Task,"Attempted to reserve URL http://+:10243/WMPNSSv4/. Status 0x0. Process Id 0x4 Executable path , User SYSTEM"
Information,17-09-2024 17:06,Microsoft-Windows-HttpService,112,HTTP Setup Trace Task,"Attempted to reserve URL https://+:10245/WMPNSSv4/. Status 0x0. Process Id 0x4 Executable path , User SYSTEM"
Information,17-09-2024 17:06,Microsoft-Windows-HttpService,112,HTTP Setup Trace Task,"Attempted to reserve URL https://+:443/sra_{BA195980-CD49-458b-9E23-C84EE0ADCD75}/. Status 0x0. Process Id 0x4 Executable path , User SYSTEM"
Information,17-09-2024 17:06,Microsoft-Windows-HttpService,112,HTTP Setup Trace Task,"Attempted to reserve URL http://+:15099/. Status 0x0. Process Id 0x4 Executable path , User SYSTEM"
Information,17-09-2024 17:06,Microsoft-Windows-HttpService,112,HTTP Setup Trace Task,"Attempted to reserve URL http://*:2869/. Status 0x0. Process Id 0x4 Executable path , User SYSTEM"
Information,17-09-2024 17:06,Microsoft-Windows-HttpService,112,HTTP Setup Trace Task,"Attempted to reserve URL http://+:5985/wsman/. Status 0x0. Process Id 0x4 Executable path , User SYSTEM"
Information,17-09-2024 17:06,Microsoft-Windows-HttpService,112,HTTP Setup Trace Task,"Attempted to reserve URL http://+:47001/wsman/. Status 0x0. Process Id 0x4 Executable path , User SYSTEM"
Information,17-09-2024 17:06,Microsoft-Windows-HttpService,112,HTTP Setup Trace Task,"Attempted to reserve URL https://+:5986/wsman/. Status 0x0. Process Id 0x4 Executable path , User SYSTEM"
Information,17-09-2024 17:06,Microsoft-Windows-HttpService,112,HTTP Setup Trace Task,"Attempted to reserve URL https://*:5358/. Status 0x0. Process Id 0x4 Executable path , User SYSTEM"
Information,17-09-2024 17:06,Microsoft-Windows-HttpService,112,HTTP Setup Trace Task,"Attempted to reserve URL http://+:80/Temporary_Listen_Addresses/. Status 0x0. Process Id 0x4 Executable path , User SYSTEM"
Information,17-09-2024 17:06,Microsoft-Windows-HttpService,112,HTTP Setup Trace Task,"Attempted to reserve URL http://*:5357/. Status 0x0. Process Id 0x4 Executable path , User SYSTEM"
Information,17-09-2024 17:06,Win32k,267,None,Touch/Touchpad Hardware Quality Assurance verification succeeded.
Information,17-09-2024 17:06,Microsoft-Windows-FilterManager,6,None,"File System Filter 'bindflt' (10.0, ‎2000‎-‎09‎-‎21T22:24:55.000000000Z) has successfully loaded and registered with Filter Manager."
Information,17-09-2024 17:06,Microsoft-Windows-FilterManager,6,None,"File System Filter 'storqosflt' (10.0, ‎2065‎-‎11‎-‎25T12:45:59.000000000Z) has successfully loaded and registered with Filter Manager."
Information,17-09-2024 17:06,Microsoft-Windows-FilterManager,6,None,"File System Filter 'CldFlt' (10.0, ‎2050‎-‎03‎-‎19T23:41:03.000000000Z) has successfully loaded and registered with Filter Manager."
Information,17-09-2024 17:06,Microsoft-Windows-FilterManager,1,None,"File System Filter 'CldFlt' (Version 10.0, ‎2050‎-‎03‎-‎19T23:41:03.000000000Z) unloaded successfully."
Information,17-09-2024 17:06,Microsoft-Windows-FilterManager,6,None,"File System Filter 'CldFlt' (10.0, ‎2050‎-‎03‎-‎19T23:41:03.000000000Z) has successfully loaded and registered with Filter Manager."
Information,17-09-2024 17:06,Microsoft-Windows-FilterManager,6,None,"File System Filter 'wcifs' (10.0, ‎2060‎-‎05‎-‎05T22:51:42.000000000Z) has successfully loaded and registered with Filter Manager."
Information,17-09-2024 17:06,Microsoft-Windows-FilterManager,6,None,"File System Filter 'luafv' (10.0, ‎1988‎-‎06‎-‎14T05:06:35.000000000Z) has successfully loaded and registered with Filter Manager."
Information,17-09-2024 17:06,Microsoft-Windows-FilterManager,6,None,"File System Filter 'bfs' (10.0, ‎2021‎-‎05‎-‎03T11:37:28.000000000Z) has successfully loaded and registered with Filter Manager."
Information,17-09-2024 17:06,Microsoft-Windows-DHCPv6-Client,51046,Service State Event,DHCPv6 client service is started
Information,17-09-2024 17:06,Microsoft-Windows-Dhcp-Client,50036,Service State Event,DHCPv4 client service is started
Information,17-09-2024 17:06,Microsoft-Windows-Dhcp-Client,50103,Service State Event,DHCPv4 client registered for shutdown notification
Information,17-09-2024 17:06,Microsoft-Windows-Dhcp-Client,50036,Service State Event,DHCPv4 client service is started
Information,17-09-2024 17:06,Microsoft-Windows-Directory-Services-SAM,16983,None,"The security account manager is now logging periodic summary events for remote clients that call legacy password change or set RPC methods.

For more information please see https://go.microsoft.com/fwlink/?linkid=2150956.
"
Information,17-09-2024 17:06,Microsoft-Windows-Directory-Services-SAM,16977,None,"The domain is configured with the following minimum password length-related settings.

MinimumPasswordLength: 0

RelaxMinimumPasswordLengthLimits: 0

MinimumPasswordLengthAudit: -1

For more information see https://go.microsoft.com/fwlink/?LinkId=2097191.
"
Information,17-09-2024 17:06,Microsoft-Windows-Directory-Services-SAM,16962,None,"Remote calls to the SAM database are being restricted using the default security descriptor: O:SYG:SYD:(A;;RC;;;BA).
For more information please see http://go.microsoft.com/fwlink/?LinkId=787651."
Warning,17-09-2024 17:06,LsaSrv,6155,None,"LSA package is not signed as expected. This can cause unexpected behavior with Credential Guard.

PackageName: msv1_0"
Warning,17-09-2024 17:06,LsaSrv,6155,None,"LSA package is not signed as expected. This can cause unexpected behavior with Credential Guard.

PackageName: sfapm"
Warning,17-09-2024 17:06,LsaSrv,6155,None,"LSA package is not signed as expected. This can cause unexpected behavior with Credential Guard.

PackageName: schannel"
Warning,17-09-2024 17:06,LsaSrv,6155,None,"LSA package is not signed as expected. This can cause unexpected behavior with Credential Guard.

PackageName: wdigest"
Warning,17-09-2024 17:06,LsaSrv,6155,None,"LSA package is not signed as expected. This can cause unexpected behavior with Credential Guard.

PackageName: cloudap"
Warning,17-09-2024 17:06,LsaSrv,6155,None,"LSA package is not signed as expected. This can cause unexpected behavior with Credential Guard.

PackageName: pku2u"
Warning,17-09-2024 17:06,LsaSrv,6155,None,"LSA package is not signed as expected. This can cause unexpected behavior with Credential Guard.

PackageName: tspkg"
Warning,17-09-2024 17:06,LsaSrv,6155,None,"LSA package is not signed as expected. This can cause unexpected behavior with Credential Guard.

PackageName: msv1_0"
Warning,17-09-2024 17:06,LsaSrv,6155,None,"LSA package is not signed as expected. This can cause unexpected behavior with Credential Guard.

PackageName: kerberos"
Warning,17-09-2024 17:06,LsaSrv,6155,None,"LSA package is not signed as expected. This can cause unexpected behavior with Credential Guard.

PackageName: negoexts"
Information,17-09-2024 17:06,LsaSrv,6156,None,"Virtualization Based Security for Credential Guard auto enablement status.

Hardware Requirements:	1
Domain Joined:	0
Azure AD Joined:	0"
Information,17-09-2024 17:06,Win32k,267,None,Touch/Touchpad Hardware Quality Assurance verification succeeded.
Warning,17-09-2024 17:06,Microsoft-Windows-Wininit,15,None,Credential Guard and/or VBS Key Isolation are configured but the secure kernel is not running; continuing without them.
Information,17-09-2024 17:06,Microsoft-Windows-Wininit,14,None,"Credential Guard configuration:

Registry Configuration: 0x2
Test Configuration: 0
Auto Enablement: 1"
Information,17-09-2024 17:06,BTHUSB,18,None,Windows cannot store Bluetooth authentication codes (link keys) on the local adapter. Bluetooth keyboards might not work in the system BIOS during startup.
Warning,17-09-2024 17:06,Microsoft-Windows-Kernel-PnP,219,-212,The driver \Driver\WUDFRd failed to load for the device {DD8E82AE-334B-49A2-AEAE-AEB0FD5C40DD}\DetectionVerification\5&10d3b6e1&0&0.
Information,17-09-2024 17:06,Microsoft-Windows-DriverFrameworks-UserMode,10118,Startup of the UMDF reflector,"UMDF reflector is unable to connect to service control manager (SCM). This is expected during boot, when SCM has not started yet. Will retry when it starts."
Information,17-09-2024 17:06,Microsoft-Windows-Kernel-General,24,-11,The time zone information was refreshed with exit reason 0. Current time zone bias is -330.
Information,17-09-2024 17:06,MEIx64,2,None,Intel(R) Management Engine Interface driver has started successfully.
Information,17-09-2024 17:06,Microsoft-Windows-Kernel-Power,521,-220,Active battery count change.
Information,17-09-2024 17:06,Microsoft-Windows-Kernel-Power,521,-220,Active battery count change.
Error,17-09-2024 17:06,VBoxNetLwf,12,None,The driver detected an internal driver error on \Device\VBoxNetLwf.
Information,17-09-2024 17:06,Microsoft-Windows-Kernel-Processor-Power,55,-47,"Processor 7 in group 0 exposes the following power management capabilities:

Idle state type: Micro Power Engine Plugin (11 state(s))

Performance state type: ACPI Performance (P) / Throttle (T) States
Nominal Frequency (MHz): 2401
Maximum performance percentage: 100
Minimum performance percentage: 16
Minimum throttle percentage: 1"
Information,17-09-2024 17:06,Microsoft-Windows-Kernel-Processor-Power,55,-47,"Processor 5 in group 0 exposes the following power management capabilities:

Idle state type: Micro Power Engine Plugin (11 state(s))

Performance state type: ACPI Performance (P) / Throttle (T) States
Nominal Frequency (MHz): 2401
Maximum performance percentage: 100
Minimum performance percentage: 16
Minimum throttle percentage: 1"
Information,17-09-2024 17:06,Microsoft-Windows-Kernel-Processor-Power,55,-47,"Processor 3 in group 0 exposes the following power management capabilities:

Idle state type: Micro Power Engine Plugin (11 state(s))

Performance state type: ACPI Performance (P) / Throttle (T) States
Nominal Frequency (MHz): 2401
Maximum performance percentage: 100
Minimum performance percentage: 16
Minimum throttle percentage: 1"
Information,17-09-2024 17:06,Microsoft-Windows-Kernel-Processor-Power,55,-47,"Processor 1 in group 0 exposes the following power management capabilities:

Idle state type: Micro Power Engine Plugin (11 state(s))

Performance state type: ACPI Performance (P) / Throttle (T) States
Nominal Frequency (MHz): 2401
Maximum performance percentage: 100
Minimum performance percentage: 16
Minimum throttle percentage: 1"
Information,17-09-2024 17:06,Microsoft-Windows-Kernel-Processor-Power,55,-47,"Processor 6 in group 0 exposes the following power management capabilities:

Idle state type: Micro Power Engine Plugin (11 state(s))

Performance state type: ACPI Performance (P) / Throttle (T) States
Nominal Frequency (MHz): 2401
Maximum performance percentage: 100
Minimum performance percentage: 16
Minimum throttle percentage: 1"
Information,17-09-2024 17:06,Microsoft-Windows-Kernel-Processor-Power,55,-47,"Processor 4 in group 0 exposes the following power management capabilities:

Idle state type: Micro Power Engine Plugin (11 state(s))

Performance state type: ACPI Performance (P) / Throttle (T) States
Nominal Frequency (MHz): 2401
Maximum performance percentage: 100
Minimum performance percentage: 16
Minimum throttle percentage: 1"
Information,17-09-2024 17:06,Microsoft-Windows-Kernel-Processor-Power,55,-47,"Processor 2 in group 0 exposes the following power management capabilities:

Idle state type: Micro Power Engine Plugin (11 state(s))

Performance state type: ACPI Performance (P) / Throttle (T) States
Nominal Frequency (MHz): 2401
Maximum performance percentage: 100
Minimum performance percentage: 16
Minimum throttle percentage: 1"
Information,17-09-2024 17:06,Microsoft-Windows-Kernel-Processor-Power,55,-47,"Processor 0 in group 0 exposes the following power management capabilities:

Idle state type: Micro Power Engine Plugin (11 state(s))

Performance state type: ACPI Performance (P) / Throttle (T) States
Nominal Frequency (MHz): 2401
Maximum performance percentage: 100
Minimum performance percentage: 16
Minimum throttle percentage: 1"
Warning,17-09-2024 17:06,Microsoft-Windows-Kernel-PnP,219,-212,The driver \Driver\WUDFRd failed to load for the device PCI\VEN_8086&DEV_9A03&SUBSYS_87FE103C&REV_01\3&11583659&2&20.
Information,17-09-2024 17:06,Microsoft-Windows-DriverFrameworks-UserMode,10118,Startup of the UMDF reflector,"UMDF reflector is unable to connect to service control manager (SCM). This is expected during boot, when SCM has not started yet. Will retry when it starts."
Critical,17-09-2024 17:06,Microsoft-Windows-Kernel-Power,41,-63,"The system has rebooted without cleanly shutting down first. This error could be caused if the system stopped responding, crashed, or lost power unexpectedly."
Information,17-09-2024 17:06,Microsoft-Windows-Kernel-Power,125,-86,"ACPI thermal zone \_TZ.TZ01 has been enumerated.             
_PSV = 372K             
_TC1 = 1             
_TC2 = 5             
_TSP = 1000ms             
_AC0 = 0K             
_AC1 = 0K             
_AC2 = 0K             
_AC3 = 0K             
_AC4 = 0K             
_AC5 = 0K             
_AC6 = 0K             
_AC7 = 0K             
_AC8 = 0K             
_AC9 = 0K             
_CRT = 392K             
_HOT = 373K             
minimum throttle = 0             
_CR3 = 0K"
Information,17-09-2024 17:06,Microsoft-Windows-FilterManager,6,None,"File System Filter 'npsvctrig' (10.0, ‎1979‎-‎12‎-‎19T21:42:41.000000000Z) has successfully loaded and registered with Filter Manager."
Information,17-09-2024 17:06,Microsoft-Windows-FilterManager,6,None,"File System Filter 'UCPD' (10.0, ‎1985‎-‎02‎-‎14T05:16:35.000000000Z) has successfully loaded and registered with Filter Manager."
Information,17-09-2024 17:06,Microsoft-Windows-FilterManager,6,None,"File System Filter 'FileCrypt' (10.0, ‎1983‎-‎08‎-‎19T08:28:35.000000000Z) has successfully loaded and registered with Filter Manager."
Information,17-09-2024 17:06,Microsoft-Windows-Ntfs,98,None,Volume C: (\Device\HarddiskVolume3) is healthy.  No action is needed.
Information,17-09-2024 17:06,Microsoft-Windows-FilterManager,6,None,"File System Filter 'mfesec' (10.0, ‎2024‎-‎08‎-‎01T21:24:58.000000000Z) has successfully loaded and registered with Filter Manager."
Information,17-09-2024 17:06,Microsoft-Windows-FilterManager,6,None,"File System Filter 'Wof' (10.0, ‎2086‎-‎08‎-‎04T16:50:16.000000000Z) has successfully loaded and registered with Filter Manager."
Information,17-09-2024 17:06,Microsoft-Windows-FilterManager,6,None,"File System Filter 'FileInfo' (10.0, ‎2079‎-‎02‎-‎27T03:33:00.000000000Z) has successfully loaded and registered with Filter Manager."
Information,17-09-2024 17:06,EventLog,6013,None,The system uptime is 7 seconds.
Information,17-09-2024 17:06,EventLog,6005,None,The Event log service was started.
Information,17-09-2024 17:06,EventLog,6009,None,Microsoft (R) Windows (R) 10.00. 22631  Multiprocessor Free.
Error,17-09-2024 17:06,EventLog,6008,None,The previous system shutdown at 12:14:11 PM on ‎9/‎17/‎2024 was unexpected.
Information,17-09-2024 17:06,Microsoft-Windows-HAL,16,None,The iommu fault reporting has been initialized.
Information,17-09-2024 17:06,Microsoft-Windows-Kernel-General,20,-6,"The leap second configuration has been updated.
Reason: Leap second data initialized from registry during boot
Leap seconds enabled: true
New leap second count: 0
Old leap second count: 0"
Information,17-09-2024 17:06,Microsoft-Windows-Kernel-Boot,30,-21,The firmware reported boot metrics.
Information,17-09-2024 17:06,Microsoft-Windows-Kernel-Boot,27,-33,The boot type was 0x0.
Information,17-09-2024 17:06,Microsoft-Windows-Kernel-Boot,25,-32,The boot menu policy was 0x1.
Information,17-09-2024 17:06,Microsoft-Windows-Kernel-Boot,238,-101,EFI time zone bias: 2047. Daylight flags: 0. Firmware time: ‎2024‎-‎09‎-‎17T17:06:17.000000000Z.
Information,17-09-2024 17:06,Microsoft-Windows-Kernel-Boot,20,-31,The last shutdown's success status was true. The last boot's success status was true.
Information,17-09-2024 17:06,Microsoft-Windows-Kernel-Boot,32,-58,The bootmgr spent 0 ms waiting for user input.
Information,17-09-2024 17:06,Microsoft-Windows-Kernel-Boot,18,-57,There are 0x1 boot options on this system.
Information,17-09-2024 17:06,Microsoft-Windows-Kernel-Boot,32,-58,The bootmgr spent 0 ms waiting for user input.
Information,17-09-2024 17:06,Microsoft-Windows-Kernel-Boot,18,-57,There are 0x1 boot options on this system.
Error,17-09-2024 17:06,Microsoft-Windows-Kernel-Boot,29,None,Windows failed fast startup with error status 0xC00000D4.
Information,17-09-2024 17:06,Microsoft-Windows-Kernel-Boot,153,-62,Virtualization-based security (policies: 0) is disabled.
Information,17-09-2024 17:06,Microsoft-Windows-Kernel-General,12,-1,The operating system started at system time ‎2024‎-‎09‎-‎17T11:36:18.500000000Z.
Information,17-09-2024 12:25,Microsoft-Windows-Kernel-Power,42,-64,"The system is entering sleep.

Sleep Reason: Application API"
Information,17-09-2024 12:25,Microsoft-Windows-Kernel-Power,566,-268,"The system session has transitioned from 14 to 15.

Reason PolicyChange 

BootId: 215"
Information,17-09-2024 12:25,Microsoft-Windows-Kernel-Power,187,-243,User-mode process attempted to change the system state by calling SetSuspendState or SetSystemPowerState APIs.
Information,17-09-2024 12:25,Win32k,267,None,Touch/Touchpad Hardware Quality Assurance verification succeeded.
Information,17-09-2024 12:25,Microsoft-Windows-Winlogon,7002,-1102,User Logoff Notification for Customer Experience Improvement Program
Warning,17-09-2024 12:24,Microsoft-Windows-DistributedCOM,10016,None,"The application-specific permission settings do not grant Local Activation permission for the COM Server application with CLSID 
{2593F8B9-4EAF-457C-B68A-50F6B8EA6B54}
 and APPID 
{15C20B67-12E7-4BB6-92BB-7AFF07997402}
 to the user INFINITELOOP\HP SID (S-1-5-21-1139039245-4285067927-1271566218-1001) from address LocalHost (Using LRPC) running in the application container Unavailable SID (Unavailable). This security permission can be modified using the Component Services administrative tool."
Information,17-09-2024 12:00,EventLog,6013,None,The system uptime is 64424 seconds.
Information,17-09-2024 11:39,TPM,17,None,The Trusted Platform Module (TPM) hardware failed to execute a TPM command.
Information,17-09-2024 11:39,TPM,17,None,The Trusted Platform Module (TPM) hardware failed to execute a TPM command.
Information,17-09-2024 11:39,TPM,17,None,The Trusted Platform Module (TPM) hardware failed to execute a TPM command.
Information,17-09-2024 11:38,Service Control Manager,7040,None,The start type of the Background Intelligent Transfer Service service was changed from auto start to demand start.
Information,17-09-2024 11:36,Service Control Manager,7040,None,The start type of the Background Intelligent Transfer Service service was changed from demand start to auto start.
Information,17-09-2024 10:20,Microsoft-Windows-Kernel-Power,105,-100,Power source change.
Information,17-09-2024 10:00,Service Control Manager,7040,None,The start type of the Background Intelligent Transfer Service service was changed from auto start to demand start.
Information,17-09-2024 09:57,Service Control Manager,7040,None,The start type of the Background Intelligent Transfer Service service was changed from demand start to auto start.
Information,17-09-2024 09:48,Service Control Manager,7040,None,The start type of the McAfee Scheduled Task - (McAfee Scheduled Task - (mc-sustainability)) service was changed from demand start to disabled.
Information,17-09-2024 09:48,Service Control Manager,7045,None,"A service was installed in the system.

Service Name:  McAfee Scheduled Task - (McAfee Scheduled Task - (mc-sustainability))
Service File Name:  ""C:\Program Files\McAfee\wps\1.22.200.1\sustainability\mc-sustainability.exe""
Service Type:  user mode service
Service Start Type:  demand start
Service Account:  LocalSystem"
Information,17-09-2024 09:45,Microsoft-Windows-Kernel-General,16,None,The access history in hive \??\C:\Users\HP\AppData\Local\Packages\Microsoft.Windows.Photos_8wekyb3d8bbwe\Settings\settings.dat was cleared updating 26 keys and creating 9 modified pages.
Information,17-09-2024 09:45,Microsoft-Windows-Kernel-General,16,None,The access history in hive \??\C:\ProgramData\Packages\Microsoft.Windows.Photos_8wekyb3d8bbwe\S-1-5-21-1139039245-4285067927-1271566218-1001\SystemAppData\Helium\Cache\beb2e84df669cef6_COM15.dat was cleared updating 1 keys and creating 1 modified pages.
Information,17-09-2024 09:45,Microsoft-Windows-Kernel-General,16,None,The access history in hive \??\C:\Users\HP\AppData\Local\Packages\Microsoft.Windows.Photos_8wekyb3d8bbwe\SystemAppData\Helium\UserClasses.dat was cleared updating 19 keys and creating 5 modified pages.
Information,17-09-2024 09:45,Microsoft-Windows-Kernel-General,16,None,The access history in hive \??\C:\Users\HP\AppData\Local\Packages\Microsoft.Windows.Photos_8wekyb3d8bbwe\SystemAppData\Helium\User.dat was cleared updating 30 keys and creating 2 modified pages.
Warning,17-09-2024 09:41,Microsoft-Windows-DistributedCOM,10016,None,"The application-specific permission settings do not grant Local Activation permission for the COM Server application with CLSID 
{2593F8B9-4EAF-457C-B68A-50F6B8EA6B54}
 and APPID 
{15C20B67-12E7-4BB6-92BB-7AFF07997402}
 to the user INFINITELOOP\HP SID (S-1-5-21-1139039245-4285067927-1271566218-1001) from address LocalHost (Using LRPC) running in the application container Unavailable SID (Unavailable). This security permission can be modified using the Component Services administrative tool."
Information,17-09-2024 09:41,Microsoft-Windows-Kernel-General,1,-5,"The system time has changed to ‎2024‎-‎09‎-‎17T04:11:49.563329900Z from ‎2024‎-‎09‎-‎17T04:11:49.562220900Z.
Time Delta: 1 ms

Change Reason: An application or system component changed the time.
Process: '\Device\HarddiskVolume3\Windows\System32\svchost.exe' (PID 18212).

RTC time: ‎2024‎-‎09‎-‎17T09:41:49.563329900Z
Current time zone bias: -330
RTC time is in UTC: false
System time was based on RTC time: false"
Information,17-09-2024 09:41,Microsoft-Windows-Kernel-General,24,-11,The time zone information was refreshed with exit reason 0. Current time zone bias is -330.
Information,17-09-2024 09:41,Microsoft-Windows-Kernel-General,1,-5,"The system time has changed to ‎2024‎-‎09‎-‎17T04:11:49.562220900Z from ‎2024‎-‎09‎-‎17T04:11:49.561339400Z.
Time Delta: 0 ms

Change Reason: An application or system component changed the time.
Process: '\Device\HarddiskVolume3\Windows\System32\svchost.exe' (PID 18212).

RTC time: ‎2024‎-‎09‎-‎17T09:41:49.562220900Z
Current time zone bias: -330
RTC time is in UTC: false
System time was based on RTC time: false"
Information,17-09-2024 09:41,Microsoft-Windows-Kernel-General,24,-11,The time zone information was refreshed with exit reason 0. Current time zone bias is -330.
Information,17-09-2024 09:41,Microsoft-Windows-Time-Service,35,None,"The time service is now synchronizing the system time with the time source time.windows.com,0x9 (ntp.m|0x9|[::]:123->[64:ff9b::2851:5e41]:123) with reference id 3611644667. Current local stratum number is 4."
Information,17-09-2024 09:41,Microsoft-Windows-Kernel-General,1,-5,"The system time has changed to ‎2024‎-‎09‎-‎17T04:11:49.561339400Z from ‎2024‎-‎09‎-‎17T04:11:48.254679800Z.
Time Delta: 1306 ms

Change Reason: An application or system component changed the time.
Process: '\Device\HarddiskVolume3\Windows\System32\svchost.exe' (PID 18212).

RTC time: ‎2024‎-‎09‎-‎17T09:41:49.561339400Z
Current time zone bias: -330
RTC time is in UTC: false
System time was based on RTC time: false"
Information,17-09-2024 09:41,Microsoft-Windows-Kernel-General,24,-11,The time zone information was refreshed with exit reason 0. Current time zone bias is -330.
Information,17-09-2024 09:41,Microsoft-Windows-Time-Service,37,None,"The time provider NtpClient is currently receiving valid time data from time.windows.com,0x9 (ntp.m|0x9|[::]:123->[64:ff9b::2851:5e41]:123)."
Information,17-09-2024 09:38,Microsoft-Windows-Kernel-General,16,None,The access history in hive \??\C:\Users\HP\AppData\Local\Packages\Clipchamp.Clipchamp_yxz26nhyzhsrt\SystemAppData\Helium\UserClasses.dat was cleared updating 9 keys and creating 2 modified pages.
Information,17-09-2024 09:38,Microsoft-Windows-Kernel-General,16,None,The access history in hive \??\C:\Users\HP\AppData\Local\Packages\Clipchamp.Clipchamp_yxz26nhyzhsrt\SystemAppData\Helium\User.dat was cleared updating 6 keys and creating 2 modified pages.
Warning,17-09-2024 09:29,Microsoft-Windows-DistributedCOM,10016,None,"The application-specific permission settings do not grant Local Activation permission for the COM Server application with CLSID 
{2593F8B9-4EAF-457C-B68A-50F6B8EA6B54}
 and APPID 
{15C20B67-12E7-4BB6-92BB-7AFF07997402}
 to the user INFINITELOOP\HP SID (S-1-5-21-1139039245-4285067927-1271566218-1001) from address LocalHost (Using LRPC) running in the application container MicrosoftWindows.Client.WebExperience_524.23700.10.0_x64__cw5n1h2txyewy SID (Unavailable). This security permission can be modified using the Component Services administrative tool."
Information,17-09-2024 09:15,Service Control Manager,7040,None,The start type of the McAfee Scheduled Task - (McAfee Scheduled Task - (mc-sustainability)) service was changed from demand start to disabled.
Information,17-09-2024 09:15,Service Control Manager,7045,None,"A service was installed in the system.

Service Name:  McAfee Scheduled Task - (McAfee Scheduled Task - (mc-sustainability))
Service File Name:  ""C:\Program Files\McAfee\wps\1.22.200.1\sustainability\mc-sustainability.exe""
Service Type:  user mode service
Service Start Type:  demand start
Service Account:  LocalSystem"
Information,17-09-2024 09:15,Microsoft-Windows-Kernel-Power,105,-100,Power source change.
Information,17-09-2024 08:54,Service Control Manager,7040,None,The start type of the Background Intelligent Transfer Service service was changed from auto start to demand start.
Information,17-09-2024 08:52,Service Control Manager,7040,None,The start type of the Background Intelligent Transfer Service service was changed from demand start to auto start.
Information,17-09-2024 08:48,Service Control Manager,7040,None,The start type of the Background Intelligent Transfer Service service was changed from auto start to demand start.
Information,17-09-2024 08:45,Service Control Manager,7040,None,The start type of the McAfee Scheduled Task - (McAfee-Dynamicappdownloader) service was changed from demand start to disabled.
Information,17-09-2024 08:45,Service Control Manager,7045,None,"A service was installed in the system.

Service Name:  McAfee Scheduled Task - (McAfee-Dynamicappdownloader)
Service File Name:  ""C:\Program Files\McAfee\wps\1.22.200.1\dad\mc-dad.exe""
Service Type:  user mode service
Service Start Type:  demand start
Service Account:  LocalSystem"
Information,17-09-2024 08:44,TPM,17,None,The Trusted Platform Module (TPM) hardware failed to execute a TPM command.
Information,17-09-2024 08:44,TPM,17,None,The Trusted Platform Module (TPM) hardware failed to execute a TPM command.
Information,17-09-2024 08:44,TPM,17,None,The Trusted Platform Module (TPM) hardware failed to execute a TPM command.
Information,17-09-2024 08:44,Service Control Manager,7040,None,The start type of the Background Intelligent Transfer Service service was changed from demand start to auto start.
Information,17-09-2024 08:44,Microsoft-Windows-Kernel-Power,566,-268,"The system session has transitioned from 13 to 14.

Reason PolicyChange 

BootId: 215"
Information,17-09-2024 08:44,Microsoft-Windows-Kernel-Power,507,-158,"The system is exiting Modern Standby 

Reason: Lid."
Information,17-09-2024 08:44,Microsoft-Windows-Kernel-Power,172,-203,"Connectivity state in standby: Connected, Reason: None"
Warning,17-09-2024 08:44,Win32k,701,None,Power Manager has not requested suppression of all input (INPUT_SUPPRESS_REQUEST=0)
Warning,17-09-2024 08:44,Win32k,701,None,Power Manager has not requested suppression of all input (INPUT_SUPPRESS_REQUEST=0)
Information,17-09-2024 08:10,Microsoft-Windows-Kernel-Power,172,-203,"Connectivity state in standby: Disconnected, Reason: Adaptive Connected Standby"
Information,17-09-2024 08:10,Microsoft-Windows-Kernel-Power,566,-268,"The system session has transitioned from 12 to 13.

Reason PolicyChange 

BootId: 215"
Warning,17-09-2024 08:10,Win32k,700,None,Power Manager has requested suppression of all input (INPUT_SUPPRESS_REQUEST=1)
Warning,17-09-2024 08:10,Win32k,700,None,Power Manager has requested suppression of all input (INPUT_SUPPRESS_REQUEST=1)
Information,17-09-2024 08:10,Microsoft-Windows-Kernel-Power,506,-157,"The system is entering Modern Standby 

Reason: Lid."
Information,17-09-2024 08:10,Microsoft-Windows-Kernel-Power,566,-268,"The system session has transitioned from 11 to 12.

Reason PolicyChange 

BootId: 215"
Information,17-09-2024 08:07,Service Control Manager,7040,None,The start type of the Background Intelligent Transfer Service service was changed from auto start to demand start.
Information,17-09-2024 08:05,Service Control Manager,7040,None,The start type of the Background Intelligent Transfer Service service was changed from demand start to auto start.
Information,17-09-2024 08:05,Service Control Manager,7040,None,The start type of the McAfee Scheduled Task - (McAfee-Dynamicappdownloader) service was changed from demand start to disabled.
Information,17-09-2024 08:05,Service Control Manager,7045,None,"A service was installed in the system.

Service Name:  McAfee Scheduled Task - (McAfee-Dynamicappdownloader)
Service File Name:  ""C:\Program Files\McAfee\wps\1.22.200.1\dad\mc-dad.exe""
Service Type:  user mode service
Service Start Type:  demand start
Service Account:  LocalSystem"
Warning,17-09-2024 08:05,Microsoft-Windows-DNS-Client,1014,-1014,Name resolution for the name my.microsoftpersonalcontent.com timed out after none of the configured DNS servers responded. Client PID 14032.
Information,17-09-2024 08:04,Service Control Manager,7045,None,"A service was installed in the system.

Service Name:  mc-wps-secdashboardservice
Service File Name:  ""C:\Program Files (x86)\HP\HP Support Framework\Resources\mc-wps-secdashboardservice.exe""
Service Type:  user mode service
Service Start Type:  demand start
Service Account:  LocalSystem"
Information,17-09-2024 08:04,Service Control Manager,7045,None,"A service was installed in the system.

Service Name:  mc-wps-secdashboardservice
Service File Name:  ""C:\Program Files (x86)\HP\HP Support Framework\Resources\mc-wps-secdashboardservice.exe""
Service Type:  user mode service
Service Start Type:  demand start
Service Account:  LocalSystem"
Information,17-09-2024 08:04,TPM,17,None,The Trusted Platform Module (TPM) hardware failed to execute a TPM command.
Information,17-09-2024 08:04,TPM,17,None,The Trusted Platform Module (TPM) hardware failed to execute a TPM command.
Information,17-09-2024 08:04,TPM,17,None,The Trusted Platform Module (TPM) hardware failed to execute a TPM command.
Information,17-09-2024 07:54,Service Control Manager,7040,None,The start type of the Background Intelligent Transfer Service service was changed from auto start to demand start.
Information,17-09-2024 07:48,Service Control Manager,7040,None,The start type of the Background Intelligent Transfer Service service was changed from demand start to auto start.
Information,17-09-2024 07:29,Service Control Manager,7040,None,The start type of the Background Intelligent Transfer Service service was changed from auto start to demand start.
Information,17-09-2024 07:27,Microsoft-Windows-Time-Service,158,None,The time provider 'VMICTimeProvider' has indicated that the current hardware and operating environment is not supported and has stopped. This behavior is expected for VMICTimeProvider on non-HyperV-guest environments. This may be the expected behavior for the current provider in the current operating environment as well.
Information,17-09-2024 07:23,Service Control Manager,7040,None,The start type of the Background Intelligent Transfer Service service was changed from demand start to auto start.
Information,17-09-2024 07:14,Service Control Manager,7040,None,The start type of the Background Intelligent Transfer Service service was changed from auto start to demand start.
Information,17-09-2024 07:09,Microsoft-Windows-Time-Service,158,None,The time provider 'VMICTimeProvider' has indicated that the current hardware and operating environment is not supported and has stopped. This behavior is expected for VMICTimeProvider on non-HyperV-guest environments. This may be the expected behavior for the current provider in the current operating environment as well.
Information,17-09-2024 07:09,Service Control Manager,7040,None,The start type of the Background Intelligent Transfer Service service was changed from demand start to auto start.
Information,17-09-2024 07:05,Service Control Manager,7040,None,The start type of the Background Intelligent Transfer Service service was changed from auto start to demand start.
Information,17-09-2024 06:59,Service Control Manager,7040,None,The start type of the Background Intelligent Transfer Service service was changed from demand start to auto start.
Information,17-09-2024 06:59,Service Control Manager,7040,None,The start type of the Background Intelligent Transfer Service service was changed from auto start to demand start.
Information,17-09-2024 06:52,Microsoft-Windows-Time-Service,158,None,The time provider 'VMICTimeProvider' has indicated that the current hardware and operating environment is not supported and has stopped. This behavior is expected for VMICTimeProvider on non-HyperV-guest environments. This may be the expected behavior for the current provider in the current operating environment as well.
Information,17-09-2024 06:39,Microsoft-Windows-Kernel-General,16,None,The access history in hive \??\C:\ProgramData\Packages\HaukeGtze.7-ZipFileManagerUnofficial_6bk20wvc8rfx2\S-1-5-21-1139039245-4285067927-1271566218-1001\SystemAppData\Helium\Cache\7a10e0edeffa50b7_COM15.dat was cleared updating 1 keys and creating 1 modified pages.
Information,17-09-2024 06:39,Microsoft-Windows-Kernel-General,16,None,The access history in hive \??\C:\Users\HP\AppData\Local\Packages\HaukeGtze.7-ZipFileManagerUnofficial_6bk20wvc8rfx2\SystemAppData\Helium\UserClasses.dat was cleared updating 4 keys and creating 1 modified pages.
Information,17-09-2024 06:39,Microsoft-Windows-Kernel-General,16,None,The access history in hive \??\C:\Users\HP\AppData\Local\Packages\HaukeGtze.7-ZipFileManagerUnofficial_6bk20wvc8rfx2\SystemAppData\Helium\User.dat was cleared updating 7 keys and creating 1 modified pages.
Information,17-09-2024 06:38,TPM,17,None,The Trusted Platform Module (TPM) hardware failed to execute a TPM command.
Information,17-09-2024 06:38,TPM,17,None,The Trusted Platform Module (TPM) hardware failed to execute a TPM command.
Information,17-09-2024 06:38,TPM,17,None,The Trusted Platform Module (TPM) hardware failed to execute a TPM command.
Information,17-09-2024 06:35,TPM,17,None,The Trusted Platform Module (TPM) hardware failed to execute a TPM command.
Information,17-09-2024 06:35,TPM,17,None,The Trusted Platform Module (TPM) hardware failed to execute a TPM command.
Information,17-09-2024 06:35,TPM,17,None,The Trusted Platform Module (TPM) hardware failed to execute a TPM command.
Warning,17-09-2024 06:35,Microsoft-Windows-DistributedCOM,10016,None,"The application-specific permission settings do not grant Local Activation permission for the COM Server application with CLSID 
{2593F8B9-4EAF-457C-B68A-50F6B8EA6B54}
 and APPID 
{15C20B67-12E7-4BB6-92BB-7AFF07997402}
 to the user INFINITELOOP\HP SID (S-1-5-21-1139039245-4285067927-1271566218-1001) from address LocalHost (Using LRPC) running in the application container MSTeams_24215.1007.3082.1590_x64__8wekyb3d8bbwe SID (Unavailable). This security permission can be modified using the Component Services administrative tool."
Information,17-09-2024 06:35,TPM,17,None,The Trusted Platform Module (TPM) hardware failed to execute a TPM command.
Information,17-09-2024 06:35,TPM,17,None,The Trusted Platform Module (TPM) hardware failed to execute a TPM command.
Information,17-09-2024 06:35,TPM,17,None,The Trusted Platform Module (TPM) hardware failed to execute a TPM command.
Information,17-09-2024 06:35,TPM,17,None,The Trusted Platform Module (TPM) hardware failed to execute a TPM command.
Information,17-09-2024 06:35,TPM,17,None,The Trusted Platform Module (TPM) hardware failed to execute a TPM command.
Information,17-09-2024 06:35,TPM,17,None,The Trusted Platform Module (TPM) hardware failed to execute a TPM command.
Warning,17-09-2024 06:35,Microsoft-Windows-DistributedCOM,10016,None,"The application-specific permission settings do not grant Local Activation permission for the COM Server application with CLSID 
{2593F8B9-4EAF-457C-B68A-50F6B8EA6B54}
 and APPID 
{15C20B67-12E7-4BB6-92BB-7AFF07997402}
 to the user INFINITELOOP\HP SID (S-1-5-21-1139039245-4285067927-1271566218-1001) from address LocalHost (Using LRPC) running in the application container Unavailable SID (Unavailable). This security permission can be modified using the Component Services administrative tool."
Information,17-09-2024 06:35,Service Control Manager,7040,None,The start type of the Background Intelligent Transfer Service service was changed from demand start to auto start.
Warning,17-09-2024 06:35,Microsoft-Windows-DistributedCOM,10016,None,"The application-specific permission settings do not grant Local Activation permission for the COM Server application with CLSID 
{6B3B8D23-FA8D-40B9-8DBD-B950333E2C52}
 and APPID 
{4839DDB7-58C2-48F5-8283-E1D1807D0D7D}
 to the user NT AUTHORITY\LOCAL SERVICE SID (S-1-5-19) from address LocalHost (Using LRPC) running in the application container Unavailable SID (Unavailable). This security permission can be modified using the Component Services administrative tool."
Warning,17-09-2024 06:35,Microsoft-Windows-DistributedCOM,10016,None,"The application-specific permission settings do not grant Local Activation permission for the COM Server application with CLSID 
{6B3B8D23-FA8D-40B9-8DBD-B950333E2C52}
 and APPID 
{4839DDB7-58C2-48F5-8283-E1D1807D0D7D}
 to the user NT AUTHORITY\LOCAL SERVICE SID (S-1-5-19) from address LocalHost (Using LRPC) running in the application container Unavailable SID (Unavailable). This security permission can be modified using the Component Services administrative tool."
Information,17-09-2024 06:35,Microsoft-Windows-Winlogon,7001,-1101,User Logon Notification for Customer Experience Improvement Program
Information,17-09-2024 06:35,Microsoft-Windows-Power-Troubleshooter,1,None,"The system has returned from a low power state.

Sleep Time: ‎2024‎-‎09‎-‎16T19:19:51.984847500Z
Wake Time: ‎2024‎-‎09‎-‎17T01:05:03.995035900Z

Wake Source: Unknown"
Information,17-09-2024 06:35,Microsoft-Windows-Time-Service,158,None,The time provider 'VMICTimeProvider' has indicated that the current hardware and operating environment is not supported and has stopped. This behavior is expected for VMICTimeProvider on non-HyperV-guest environments. This may be the expected behavior for the current provider in the current operating environment as well.
Information,17-09-2024 06:35,BTHUSB,18,None,Windows cannot store Bluetooth authentication codes (link keys) on the local adapter. Bluetooth keyboards might not work in the system BIOS during startup.
Information,17-09-2024 06:35,Microsoft-Windows-Kernel-Power,566,-268,"The system session has transitioned from 9 to 11.

Reason WinRT 

BootId: 215"
Information,17-09-2024 06:35,Microsoft-Windows-Kernel-Power,507,-158,"The system is exiting Modern Standby 

Reason: Resume from Hibernate."
Information,17-09-2024 06:35,Microsoft-Windows-Kernel-Power,506,-157,"The system is entering Modern Standby 

Reason: Sleep, Hibernate, or Shutdown."
Information,17-09-2024 06:35,Microsoft-Windows-Kernel-Power,566,-268,"The system session has transitioned from 8 to 9.

Reason SxTransition 

BootId: 215"
Information,17-09-2024 06:35,Microsoft-Windows-Kernel-Boot,32,-58,The bootmgr spent 0 ms waiting for user input.
Information,17-09-2024 06:35,Microsoft-Windows-Kernel-Boot,18,-57,There are 0x1 boot options on this system.
Information,17-09-2024 06:35,Microsoft-Windows-Kernel-Boot,30,-21,The firmware reported boot metrics.
Error,17-09-2024 06:35,VBoxNetLwf,12,None,The driver detected an internal driver error on \Device\VBoxNetLwf.
Information,17-09-2024 06:35,Microsoft-Windows-Kernel-Power,105,-100,Power source change.
Information,17-09-2024 06:35,Microsoft-Windows-Kernel-General,1,-5,"The system time has changed to ‎2024‎-‎09‎-‎17T01:05:03.500000000Z from ‎2024‎-‎09‎-‎16T19:19:56.611280800Z.
Time Delta: 20706888 ms

Change Reason: System time synchronized with the hardware clock.
Process: '' (PID 4).

RTC time: ‎2024‎-‎09‎-‎17T06:35:03.500000000Z
Current time zone bias: -330
RTC time is in UTC: false
System time was based on RTC time: false"
Information,17-09-2024 00:49,Microsoft-Windows-Kernel-Power,107,-102,The system has resumed from sleep.
Information,17-09-2024 00:49,Microsoft-Windows-Kernel-Power,42,-64,"The system is entering sleep.

Sleep Reason: Application API"
Information,17-09-2024 00:49,Microsoft-Windows-Kernel-Power,566,-268,"The system session has transitioned from 7 to 8.

Reason PolicyChange 

BootId: 215"
Information,17-09-2024 00:49,Microsoft-Windows-Kernel-Power,187,-243,User-mode process attempted to change the system state by calling SetSuspendState or SetSystemPowerState APIs.
Information,17-09-2024 00:49,Win32k,267,None,Touch/Touchpad Hardware Quality Assurance verification succeeded.
Information,17-09-2024 00:49,Microsoft-Windows-Winlogon,7002,-1102,User Logoff Notification for Customer Experience Improvement Program
Information,17-09-2024 00:49,User32,1074,None,"The process C:\Windows\System32\RuntimeBroker.exe (INFINITELOOP) has initiated the power off of computer INFINITELOOP on behalf of user INFINITELOOP\HP for the following reason: Other (Unplanned)
 Reason Code: 0x0
 Shutdown Type: power off
 Comment: "
Information,17-09-2024 00:35,Microsoft-Windows-WindowsUpdateClient,44,Windows Update Agent,Windows Update started downloading an update.
Information,17-09-2024 00:35,Microsoft-Windows-WindowsUpdateClient,44,Windows Update Agent,Windows Update started downloading an update.
Information,17-09-2024 00:35,Microsoft-Windows-WindowsUpdateClient,44,Windows Update Agent,Windows Update started downloading an update.
Information,17-09-2024 00:35,Microsoft-Windows-WindowsUpdateClient,44,Windows Update Agent,Windows Update started downloading an update.
Information,17-09-2024 00:35,Microsoft-Windows-Time-Service,37,None,"The time provider NtpClient is currently receiving valid time data from time.windows.com,0x9 (ntp.m|0x9|[::]:123->[64:ff9b::2851:5e41]:123)."
Information,17-09-2024 00:35,Microsoft-Windows-Time-Service,158,None,The time provider 'VMICTimeProvider' has indicated that the current hardware and operating environment is not supported and has stopped. This behavior is expected for VMICTimeProvider on non-HyperV-guest environments. This may be the expected behavior for the current provider in the current operating environment as well.
Information,17-09-2024 00:31,Service Control Manager,7040,None,The start type of the Background Intelligent Transfer Service service was changed from auto start to demand start.
Information,17-09-2024 00:29,Service Control Manager,7040,None,The start type of the Background Intelligent Transfer Service service was changed from demand start to auto start.
Information,17-09-2024 00:28,TPM,17,None,The Trusted Platform Module (TPM) hardware failed to execute a TPM command.
Information,17-09-2024 00:28,TPM,17,None,The Trusted Platform Module (TPM) hardware failed to execute a TPM command.
Information,17-09-2024 00:28,TPM,17,None,The Trusted Platform Module (TPM) hardware failed to execute a TPM command.
Information,17-09-2024 00:26,Service Control Manager,7040,None,The start type of the McAfee Scheduled Task - (McAfee-Dynamicappdownloader) service was changed from demand start to disabled.
Information,17-09-2024 00:25,Service Control Manager,7045,None,"A service was installed in the system.

Service Name:  McAfee Scheduled Task - (McAfee-Dynamicappdownloader)
Service File Name:  ""C:\Program Files\McAfee\wps\1.22.200.1\dad\mc-dad.exe""
Service Type:  user mode service
Service Start Type:  demand start
Service Account:  LocalSystem"
Information,17-09-2024 00:25,Microsoft-Windows-Kernel-General,16,None,The access history in hive \??\C:\Users\HP\AppData\Local\Packages\Microsoft.ScreenSketch_8wekyb3d8bbwe\Settings\settings.dat was cleared updating 2 keys and creating 1 modified pages.
Information,17-09-2024 00:25,Microsoft-Windows-Kernel-General,16,None,The access history in hive \??\C:\Users\HP\AppData\Local\Packages\Microsoft.ScreenSketch_8wekyb3d8bbwe\SystemAppData\Helium\UserClasses.dat was cleared updating 14 keys and creating 3 modified pages.
Information,17-09-2024 00:25,Microsoft-Windows-Kernel-General,16,None,The access history in hive \??\C:\Users\HP\AppData\Local\Packages\Microsoft.ScreenSketch_8wekyb3d8bbwe\SystemAppData\Helium\User.dat was cleared updating 10 keys and creating 1 modified pages.
Warning,16-09-2024 23:36,Microsoft-Windows-DNS-Client,1014,-1014,Name resolution for the name login.microsoftonline.com timed out after none of the configured DNS servers responded. Client PID 22516.
Warning,16-09-2024 23:28,Microsoft-Windows-DistributedCOM,10016,None,"The application-specific permission settings do not grant Local Activation permission for the COM Server application with CLSID 
{2593F8B9-4EAF-457C-B68A-50F6B8EA6B54}
 and APPID 
{15C20B67-12E7-4BB6-92BB-7AFF07997402}
 to the user INFINITELOOP\HP SID (S-1-5-21-1139039245-4285067927-1271566218-1001) from address LocalHost (Using LRPC) running in the application container Unavailable SID (Unavailable). This security permission can be modified using the Component Services administrative tool."
Information,16-09-2024 23:28,TPM,17,None,The Trusted Platform Module (TPM) hardware failed to execute a TPM command.
Information,16-09-2024 23:28,TPM,17,None,The Trusted Platform Module (TPM) hardware failed to execute a TPM command.
Information,16-09-2024 23:28,TPM,17,None,The Trusted Platform Module (TPM) hardware failed to execute a TPM command.
Information,16-09-2024 23:28,Service Control Manager,7040,None,The start type of the McAfee Scheduled Task - (McAfee-Dynamicappdownloader) service was changed from demand start to disabled.
Information,16-09-2024 23:28,Service Control Manager,7045,None,"A service was installed in the system.

Service Name:  McAfee Scheduled Task - (McAfee-Dynamicappdownloader)
Service File Name:  ""C:\Program Files\McAfee\wps\1.22.200.1\dad\mc-dad.exe""
Service Type:  user mode service
Service Start Type:  demand start
Service Account:  LocalSystem"
Information,16-09-2024 23:28,Microsoft-Windows-Kernel-General,16,None,The access history in hive \??\C:\Users\HP\AppData\Local\Packages\AD2F1837.HPSupportAssistant_v10z8vjag6ke6\Settings\settings.dat was cleared updating 9 keys and creating 3 modified pages.
Information,16-09-2024 22:46,Microsoft-Windows-Kernel-General,16,None,The access history in hive \??\C:\Users\HP\AppData\Local\Packages\Microsoft.MicrosoftOfficeHub_8wekyb3d8bbwe\Settings\settings.dat was cleared updating 4 keys and creating 1 modified pages.
Information,16-09-2024 22:19,Service Control Manager,7040,None,The start type of the Background Intelligent Transfer Service service was changed from auto start to demand start.
Information,16-09-2024 22:17,Service Control Manager,7040,None,The start type of the McAfee Scheduled Task - (McAfee-Dynamicappdownloader) service was changed from demand start to disabled.
Warning,16-09-2024 22:17,Microsoft-Windows-DistributedCOM,10016,None,"The application-specific permission settings do not grant Local Activation permission for the COM Server application with CLSID 
{2593F8B9-4EAF-457C-B68A-50F6B8EA6B54}
 and APPID 
{15C20B67-12E7-4BB6-92BB-7AFF07997402}
 to the user INFINITELOOP\HP SID (S-1-5-21-1139039245-4285067927-1271566218-1001) from address LocalHost (Using LRPC) running in the application container Unavailable SID (Unavailable). This security permission can be modified using the Component Services administrative tool."
Information,16-09-2024 22:17,Service Control Manager,7045,None,"A service was installed in the system.

Service Name:  McAfee Scheduled Task - (McAfee-Dynamicappdownloader)
Service File Name:  ""C:\Program Files\McAfee\wps\1.22.200.1\dad\mc-dad.exe""
Service Type:  user mode service
Service Start Type:  demand start
Service Account:  LocalSystem"
Warning,16-09-2024 22:17,Microsoft-Windows-DNS-Client,1014,-1014,Name resolution for the name einstein-core.awscommon.mcafee.com timed out after none of the configured DNS servers responded. Client PID 5184.
Information,16-09-2024 22:17,TPM,17,None,The Trusted Platform Module (TPM) hardware failed to execute a TPM command.
