Information,27-09-2024 22:49,Microsoft-Windows-Kernel-Power,577,-280,The system has prepared for a system initiated reboot from Active.
Information,27-09-2024 22:49,Microsoft-Windows-Kernel-Power,109,-103,"The kernel power manager has initiated a shutdown transition.

Action: Power Action Reboot 
Event Code: 0x0 
Reason: Kernel API"
Information,27-09-2024 22:49,Microsoft-Windows-WLAN-AutoConfig,4001,None,"WLAN AutoConfig service has successfully stopped.
"
Information,27-09-2024 22:49,EventLog,6013,None,The system uptime is 7 seconds.
Information,27-09-2024 22:49,EventLog,6005,None,The Event log service was started.
Information,27-09-2024 22:49,EventLog,6009,None,Microsoft (R) Windows (R) 10.00. 22631  Multiprocessor Free.
Information,27-09-2024 22:48,Microsoft-Windows-Dhcp-Client,50037,Service State Event,DHCPv4 client service is stopped. ShutDown Flag value is 1
Information,27-09-2024 22:48,Microsoft-Windows-Dhcp-Client,50106,Service State Event,DHCPv4 is waiting on DHCPv6 service to stop
Information,27-09-2024 22:48,Microsoft-Windows-DHCPv6-Client,51057,Service State Event,DHCPv6 client service stop is almost done.DHCP Context Ref count is 1
Information,27-09-2024 22:48,Microsoft-Windows-DHCPv6-Client,51047,Service State Event,DHCPv6 client service is stopped. ShutDown Flag value is 1
Information,27-09-2024 22:48,Microsoft-Windows-Dhcp-Client,50105,Service State Event,DHCPv4 client ProcessDHCPRequestForever received TERMINATE_EVENT
Information,27-09-2024 22:48,Microsoft-Windows-Dhcp-Client,50104,Service State Event,DHCPv4 client received shutdown notification
Information,27-09-2024 22:48,EventLog,6006,None,The Event log service was stopped.
Information,27-09-2024 22:48,Microsoft-Windows-Winlogon,7002,-1102,User Logoff Notification for Customer Experience Improvement Program
Information,27-09-2024 22:48,User32,1074,None,"The process C:\Windows\System32\RuntimeBroker.exe (INFINITELOOP) has initiated the restart of computer INFINITELOOP on behalf of user INFINITELOOP\HP for the following reason: Other (Unplanned)
 Reason Code: 0x0
 Shutdown Type: restart
 Comment: "
Information,27-09-2024 22:44,Microsoft-Windows-Time-Service,158,None,The time provider 'VMICTimeProvider' has indicated that the current hardware and operating environment is not supported and has stopped. This behavior is expected for VMICTimeProvider on non-HyperV-guest environments. This may be the expected behavior for the current provider in the current operating environment as well.
Warning,27-09-2024 22:33,Microsoft-Windows-DNS-Client,1014,-1014,Name resolution for the name teams.microsoft.com timed out after none of the configured DNS servers responded. Client PID 6796.
Warning,27-09-2024 22:33,Microsoft-Windows-DNS-Client,1014,-1014,Name resolution for the name beacons.gcp.gvt2.com timed out after none of the configured DNS servers responded. Client PID 15092.
Information,27-09-2024 22:27,Microsoft-Windows-Time-Service,158,None,The time provider 'VMICTimeProvider' has indicated that the current hardware and operating environment is not supported and has stopped. This behavior is expected for VMICTimeProvider on non-HyperV-guest environments. This may be the expected behavior for the current provider in the current operating environment as well.
Information,27-09-2024 22:10,Microsoft-Windows-Time-Service,158,None,The time provider 'VMICTimeProvider' has indicated that the current hardware and operating environment is not supported and has stopped. This behavior is expected for VMICTimeProvider on non-HyperV-guest environments. This may be the expected behavior for the current provider in the current operating environment as well.
Warning,27-09-2024 22:00,Microsoft-Windows-DNS-Client,1014,-1014,Name resolution for the name graph.microsoft.com timed out after none of the configured DNS servers responded. Client PID 15872.
Information,27-09-2024 21:53,Service Control Manager,7040,None,The start type of the McAfee Scheduled Task - (McAfee-Dynamicappdownloader) service was changed from demand start to disabled.
Information,27-09-2024 21:53,Service Control Manager,7045,None,"A service was installed in the system.

Service Name:  McAfee Scheduled Task - (McAfee-Dynamicappdownloader)
Service File Name:  ""C:\Program Files\McAfee\wps\1.22.203.1\dad\mc-dad.exe""
Service Type:  user mode service
Service Start Type:  demand start
Service Account:  LocalSystem"
Information,27-09-2024 21:53,Microsoft-Windows-Kernel-Power,566,-268,"The system session has transitioned from 7 to 8.

Reason PolicyChange 

BootId: 225"
Information,27-09-2024 21:53,Microsoft-Windows-Kernel-Power,507,-158,"The system is exiting Modern Standby 

Reason: Lid."
Information,27-09-2024 21:53,Microsoft-Windows-Time-Service,158,None,The time provider 'VMICTimeProvider' has indicated that the current hardware and operating environment is not supported and has stopped. This behavior is expected for VMICTimeProvider on non-HyperV-guest environments. This may be the expected behavior for the current provider in the current operating environment as well.
Error,27-09-2024 21:52,Service Control Manager,7011,None,A timeout (30000 milliseconds) was reached while waiting for a transaction response from the mc-fw-host service.
Error,27-09-2024 21:38,Microsoft-Windows-WindowsUpdateClient,20,Windows Update Agent,Installation Failure: Windows failed to install the following update with error 0x80073D02: 9NKSQGP7F2NH-5319275A.WhatsAppDesktop.
Information,27-09-2024 21:38,Microsoft-Windows-WindowsUpdateClient,43,Windows Update Agent,Installation Started: Windows has started installing the following update: 9NKSQGP7F2NH-5319275A.WhatsAppDesktop
Information,27-09-2024 21:38,Microsoft-Windows-Kernel-General,16,None,The access history in hive \??\C:\ProgramData\Microsoft\Windows\AppRepository\Packages\5319275A.WhatsAppDesktop_2.2438.5.0_x64__cv1g1gvanyjgm\ActivationStore.dat was cleared updating 0 keys and creating 0 modified pages.
Information,27-09-2024 21:37,Microsoft-Windows-WindowsUpdateClient,19,Windows Update Agent,Installation Successful: Windows successfully installed the following update: 9WZDNCRFJ3PT-MICROSOFT.ZUNEMUSIC
Information,27-09-2024 21:37,Microsoft-Windows-Kernel-General,16,None,The access history in hive \??\C:\Users\HP\AppData\Local\Packages\Microsoft.ZuneMusic_8wekyb3d8bbwe\Settings\settings.dat was cleared updating 2 keys and creating 1 modified pages.
Information,27-09-2024 21:37,Microsoft-Windows-WindowsUpdateClient,43,Windows Update Agent,Installation Started: Windows has started installing the following update: 9WZDNCRFJ3PT-MICROSOFT.ZUNEMUSIC
Information,27-09-2024 21:37,Microsoft-Windows-Kernel-General,16,None,The access history in hive \??\C:\ProgramData\Microsoft\Windows\AppRepository\Packages\Microsoft.ZuneMusic_11.2408.4.0_x64__8wekyb3d8bbwe\ActivationStore.dat was cleared updating 0 keys and creating 0 modified pages.
Information,27-09-2024 21:37,Service Control Manager,7040,None,The start type of the Windows Modules Installer service was changed from demand start to auto start.
Information,27-09-2024 21:37,Microsoft-Windows-WindowsUpdateClient,19,Windows Update Agent,Installation Successful: Windows successfully installed the following update: 9WZDNCRFJBBG-MICROSOFT.WINDOWSCAMERA
Information,27-09-2024 21:36,Microsoft-Windows-WindowsUpdateClient,43,Windows Update Agent,Installation Started: Windows has started installing the following update: 9WZDNCRFJBBG-MICROSOFT.WINDOWSCAMERA
Information,27-09-2024 21:36,Microsoft-Windows-Kernel-General,16,None,The access history in hive \??\C:\ProgramData\Microsoft\Windows\AppRepository\Packages\Microsoft.WindowsCamera_2024.2408.1.0_x64__8wekyb3d8bbwe\ActivationStore.dat was cleared updating 0 keys and creating 0 modified pages.
Information,27-09-2024 21:36,Service Control Manager,7040,None,The start type of the Windows Modules Installer service was changed from auto start to demand start.
Information,27-09-2024 21:36,Microsoft-Windows-WindowsUpdateClient,44,Windows Update Agent,Windows Update started downloading an update.
Information,27-09-2024 21:36,Microsoft-Windows-WindowsUpdateClient,19,Windows Update Agent,Installation Successful: Windows successfully installed the following update: 9NFTCH6J7FHV-Microsoft.PowerAutomateDesktop
Information,27-09-2024 21:36,Microsoft-Windows-Kernel-General,16,None,The access history in hive \??\C:\Users\HP\AppData\Local\Packages\Microsoft.PowerAutomateDesktop_8wekyb3d8bbwe\Settings\settings.dat was cleared updating 1 keys and creating 1 modified pages.
Information,27-09-2024 21:36,Microsoft-Windows-WindowsUpdateClient,43,Windows Update Agent,Installation Started: Windows has started installing the following update: 9NFTCH6J7FHV-Microsoft.PowerAutomateDesktop
Information,27-09-2024 21:36,Service Control Manager,7040,None,The start type of the Windows Modules Installer service was changed from demand start to auto start.
Information,27-09-2024 21:36,Microsoft-Windows-WindowsUpdateClient,44,Windows Update Agent,Windows Update started downloading an update.
Information,27-09-2024 21:36,Microsoft-Windows-WindowsUpdateClient,44,Windows Update Agent,Windows Update started downloading an update.
Information,27-09-2024 21:36,Microsoft-Windows-WindowsUpdateClient,44,Windows Update Agent,Windows Update started downloading an update.
Information,27-09-2024 21:36,Microsoft-Windows-WindowsUpdateClient,44,Windows Update Agent,Windows Update started downloading an update.
Information,27-09-2024 21:36,Microsoft-Windows-Kernel-Power,566,-268,"The system session has transitioned from 6 to 7.

Reason InputMouse 

BootId: 225"
Information,27-09-2024 21:35,Microsoft-Windows-WindowsUpdateClient,43,Windows Update Agent,Installation Started: Windows has started installing the following update: 2024-09 Cumulative Update Preview for Windows 11 Version 23H2 for x64-based Systems (KB5043145)
Information,27-09-2024 21:35,Microsoft-Windows-WindowsUpdateClient,44,Windows Update Agent,Windows Update started downloading an update.
Information,27-09-2024 21:35,Microsoft-Windows-WindowsUpdateClient,44,Windows Update Agent,Windows Update started downloading an update.
Information,27-09-2024 21:35,Microsoft-Windows-WindowsUpdateClient,44,Windows Update Agent,Windows Update started downloading an update.
Information,27-09-2024 21:35,Service Control Manager,7040,None,The start type of the McAfee Scheduled Task - (McAfee Scheduled Task - (mc-sustainability)) service was changed from demand start to disabled.
Information,27-09-2024 21:35,Service Control Manager,7045,None,"A service was installed in the system.

Service Name:  McAfee Scheduled Task - (McAfee Scheduled Task - (mc-sustainability))
Service File Name:  ""C:\Program Files\McAfee\wps\1.22.203.1\sustainability\mc-sustainability.exe""
Service Type:  user mode service
Service Start Type:  demand start
Service Account:  LocalSystem"
Information,27-09-2024 21:35,Microsoft-Windows-Time-Service,37,None,"The time provider NtpClient is currently receiving valid time data from time.windows.com,0x9 (ntp.m|0x9|[::]:123->[64:ff9b::2851:5e41]:123)."
Information,27-09-2024 21:35,Microsoft-Windows-Time-Service,158,None,The time provider 'VMICTimeProvider' has indicated that the current hardware and operating environment is not supported and has stopped. This behavior is expected for VMICTimeProvider on non-HyperV-guest environments. This may be the expected behavior for the current provider in the current operating environment as well.
Information,27-09-2024 21:35,Microsoft-Windows-Kernel-Power,506,-157,"The system is entering Modern Standby 

Reason: AC/DC Display Burst Suppressed."
Information,27-09-2024 21:35,Microsoft-Windows-Kernel-Power,566,-268,"The system session has transitioned from 5 to 6.

Reason InputMouse 

BootId: 225"
Information,27-09-2024 21:35,Microsoft-Windows-Kernel-Power,507,-158,"The system is exiting Modern Standby 

Reason: AC/DC Display Burst Suppressed."
Information,27-09-2024 21:35,Microsoft-Windows-Kernel-Power,172,-203,"Connectivity state in standby: Connected, Reason: None"
Warning,27-09-2024 21:35,Win32k,701,None,Power Manager has not requested suppression of all input (INPUT_SUPPRESS_REQUEST=0)
Warning,27-09-2024 21:35,Win32k,701,None,Power Manager has not requested suppression of all input (INPUT_SUPPRESS_REQUEST=0)
Information,27-09-2024 21:35,Microsoft-Windows-Kernel-Power,105,-100,Power source change.
Information,27-09-2024 21:35,Microsoft-Windows-Kernel-Power,172,-203,"Connectivity state in standby: Disconnected, Reason: Adaptive Connected Standby"
Information,27-09-2024 21:35,Microsoft-Windows-Kernel-Power,566,-268,"The system session has transitioned from 4 to 5.

Reason PolicyChange 

BootId: 225"
Warning,27-09-2024 21:35,Win32k,700,None,Power Manager has requested suppression of all input (INPUT_SUPPRESS_REQUEST=1)
Information,27-09-2024 21:35,Microsoft-Windows-Kernel-Power,506,-157,"The system is entering Modern Standby 

Reason: Lid."
Information,27-09-2024 21:35,Microsoft-Windows-Kernel-Power,566,-268,"The system session has transitioned from 3 to 4.

Reason PolicyChange 

BootId: 225"
Warning,27-09-2024 21:35,Win32k,700,None,Power Manager has requested suppression of all input (INPUT_SUPPRESS_REQUEST=1)
Information,27-09-2024 21:08,Service Control Manager,7040,None,The start type of the Background Intelligent Transfer Service service was changed from auto start to demand start.
Information,27-09-2024 21:05,Service Control Manager,7040,None,The start type of the Background Intelligent Transfer Service service was changed from demand start to auto start.
Information,27-09-2024 20:06,Service Control Manager,7040,None,The start type of the Background Intelligent Transfer Service service was changed from auto start to demand start.
Warning,27-09-2024 20:04,Microsoft-Windows-DistributedCOM,10016,None,"The application-specific permission settings do not grant Local Activation permission for the COM Server application with CLSID 
{2593F8B9-4EAF-457C-B68A-50F6B8EA6B54}
 and APPID 
{15C20B67-12E7-4BB6-92BB-7AFF07997402}
 to the user INFINITELOOP\HP SID (S-1-5-21-1139039245-4285067927-1271566218-1001) from address LocalHost (Using LRPC) running in the application container Unavailable SID (Unavailable). This security permission can be modified using the Component Services administrative tool."
Information,27-09-2024 20:03,Service Control Manager,7040,None,The start type of the Background Intelligent Transfer Service service was changed from demand start to auto start.
Information,27-09-2024 20:02,TPM,17,None,The Trusted Platform Module (TPM) hardware failed to execute a TPM command.
Information,27-09-2024 20:02,TPM,17,None,The Trusted Platform Module (TPM) hardware failed to execute a TPM command.
Information,27-09-2024 20:02,TPM,17,None,The Trusted Platform Module (TPM) hardware failed to execute a TPM command.
Information,27-09-2024 20:02,TPM,17,None,The Trusted Platform Module (TPM) hardware failed to execute a TPM command.
Information,27-09-2024 20:02,TPM,17,None,The Trusted Platform Module (TPM) hardware failed to execute a TPM command.
Information,27-09-2024 20:02,TPM,17,None,The Trusted Platform Module (TPM) hardware failed to execute a TPM command.
Warning,27-09-2024 19:57,Microsoft-Windows-DistributedCOM,10016,None,"The application-specific permission settings do not grant Local Activation permission for the COM Server application with CLSID 
{2593F8B9-4EAF-457C-B68A-50F6B8EA6B54}
 and APPID 
{15C20B67-12E7-4BB6-92BB-7AFF07997402}
 to the user INFINITELOOP\HP SID (S-1-5-21-1139039245-4285067927-1271566218-1001) from address LocalHost (Using LRPC) running in the application container Unavailable SID (Unavailable). This security permission can be modified using the Component Services administrative tool."
Warning,27-09-2024 19:26,Microsoft-Windows-DistributedCOM,10016,None,"The application-specific permission settings do not grant Local Activation permission for the COM Server application with CLSID 
{2593F8B9-4EAF-457C-B68A-50F6B8EA6B54}
 and APPID 
{15C20B67-12E7-4BB6-92BB-7AFF07997402}
 to the user INFINITELOOP\HP SID (S-1-5-21-1139039245-4285067927-1271566218-1001) from address LocalHost (Using LRPC) running in the application container Unavailable SID (Unavailable). This security permission can be modified using the Component Services administrative tool."
Warning,27-09-2024 19:22,Microsoft-Windows-DistributedCOM,10016,None,"The application-specific permission settings do not grant Local Activation permission for the COM Server application with CLSID 
{8BC3F05E-D86B-11D0-A075-00C04FB68820}
 and APPID 
{8BC3F05E-D86B-11D0-A075-00C04FB68820}
 to the user INFINITELOOP\HP SID (S-1-5-21-1139039245-4285067927-1271566218-1001) from address LocalHost (Using LRPC) running in the application container Unavailable SID (S-1-15-2-28257971-4083428567-1598380772-842749947-8591830-2469588131-3045065807). This security permission can be modified using the Component Services administrative tool."
Information,27-09-2024 19:22,TPM,17,None,The Trusted Platform Module (TPM) hardware failed to execute a TPM command.
Information,27-09-2024 19:22,TPM,17,None,The Trusted Platform Module (TPM) hardware failed to execute a TPM command.
Information,27-09-2024 19:22,TPM,17,None,The Trusted Platform Module (TPM) hardware failed to execute a TPM command.
Information,27-09-2024 19:20,Microsoft-Windows-Kernel-Power,105,-100,Power source change.
Information,27-09-2024 18:43,Service Control Manager,7040,None,The start type of the Background Intelligent Transfer Service service was changed from auto start to demand start.
Information,27-09-2024 18:41,Service Control Manager,7040,None,The start type of the Background Intelligent Transfer Service service was changed from demand start to auto start.
Information,27-09-2024 18:04,Volsnap,33,None,The oldest shadow copy of volume C: was deleted to keep disk space usage for shadow copies of volume C: below the user defined limit.
Information,27-09-2024 17:50,Service Control Manager,7040,None,The start type of the Background Intelligent Transfer Service service was changed from auto start to demand start.
Warning,27-09-2024 17:48,Microsoft-Windows-DistributedCOM,10016,None,"The application-specific permission settings do not grant Local Activation permission for the COM Server application with CLSID 
{2593F8B9-4EAF-457C-B68A-50F6B8EA6B54}
 and APPID 
{15C20B67-12E7-4BB6-92BB-7AFF07997402}
 to the user INFINITELOOP\HP SID (S-1-5-21-1139039245-4285067927-1271566218-1001) from address LocalHost (Using LRPC) running in the application container Unavailable SID (Unavailable). This security permission can be modified using the Component Services administrative tool."
Information,27-09-2024 17:46,TPM,17,None,The Trusted Platform Module (TPM) hardware failed to execute a TPM command.
Information,27-09-2024 17:46,TPM,17,None,The Trusted Platform Module (TPM) hardware failed to execute a TPM command.
Information,27-09-2024 17:46,TPM,17,None,The Trusted Platform Module (TPM) hardware failed to execute a TPM command.
Information,27-09-2024 17:46,Volsnap,33,None,The oldest shadow copy of volume C: was deleted to keep disk space usage for shadow copies of volume C: below the user defined limit.
Information,27-09-2024 17:45,Service Control Manager,7040,None,The start type of the Background Intelligent Transfer Service service was changed from demand start to auto start.
Information,27-09-2024 17:45,TPM,17,None,The Trusted Platform Module (TPM) hardware failed to execute a TPM command.
Information,27-09-2024 17:45,TPM,17,None,The Trusted Platform Module (TPM) hardware failed to execute a TPM command.
Information,27-09-2024 17:45,TPM,17,None,The Trusted Platform Module (TPM) hardware failed to execute a TPM command.
Information,27-09-2024 17:43,Microsoft-Windows-Kernel-General,16,None,The access history in hive \??\C:\Users\HP\AppData\Local\Packages\AmazonVideo.PrimeVideo_pwbj9vvecjh7j\Settings\settings.dat was cleared updating 3 keys and creating 1 modified pages.
Information,27-09-2024 17:35,Service Control Manager,7040,None,The start type of the Windows Modules Installer service was changed from auto start to demand start.
Information,27-09-2024 17:34,Service Control Manager,7040,None,The start type of the Background Intelligent Transfer Service service was changed from auto start to demand start.
Information,27-09-2024 17:34,Microsoft-Windows-Kernel-General,15,-10,Hive \??\C:\WINDOWS\System32\SMI\Store\Machine\schema.dat was reorganized with a starting size of 11792384 bytes and an ending size of 10682368 bytes.
Information,27-09-2024 17:34,Service Control Manager,7040,None,The start type of the Windows Modules Installer service was changed from demand start to auto start.
Information,27-09-2024 17:32,Microsoft-Windows-WindowsUpdateClient,44,Windows Update Agent,Windows Update started downloading an update.
Information,27-09-2024 17:32,Service Control Manager,7040,None,The start type of the McAfee Scheduled Task - (McAfee-Dynamicappdownloader) service was changed from demand start to disabled.
Warning,27-09-2024 17:32,Microsoft-Windows-DistributedCOM,10016,None,"The application-specific permission settings do not grant Local Activation permission for the COM Server application with CLSID 
{2593F8B9-4EAF-457C-B68A-50F6B8EA6B54}
 and APPID 
{15C20B67-12E7-4BB6-92BB-7AFF07997402}
 to the user INFINITELOOP\HP SID (S-1-5-21-1139039245-4285067927-1271566218-1001) from address LocalHost (Using LRPC) running in the application container Unavailable SID (Unavailable). This security permission can be modified using the Component Services administrative tool."
Information,27-09-2024 17:32,Service Control Manager,7045,None,"A service was installed in the system.

Service Name:  McAfee Scheduled Task - (McAfee-Dynamicappdownloader)
Service File Name:  ""C:\Program Files\McAfee\wps\1.22.203.1\dad\mc-dad.exe""
Service Type:  user mode service
Service Start Type:  demand start
Service Account:  LocalSystem"
Information,27-09-2024 17:32,TPM,17,None,The Trusted Platform Module (TPM) hardware failed to execute a TPM command.
Information,27-09-2024 17:32,TPM,17,None,The Trusted Platform Module (TPM) hardware failed to execute a TPM command.
Information,27-09-2024 17:32,TPM,17,None,The Trusted Platform Module (TPM) hardware failed to execute a TPM command.
Warning,27-09-2024 17:32,Microsoft-Windows-DNS-Client,1014,-1014,Name resolution for the name assets.msn.com timed out after none of the configured DNS servers responded. Client PID 9636.
Information,27-09-2024 17:31,Service Control Manager,7040,None,The start type of the Background Intelligent Transfer Service service was changed from demand start to auto start.
Information,27-09-2024 17:18,Service Control Manager,7040,None,The start type of the McAfee Scheduled Task - (McAfee Scheduled Task - (mc-sustainability)) service was changed from demand start to disabled.
Information,27-09-2024 17:18,Service Control Manager,7045,None,"A service was installed in the system.

Service Name:  McAfee Scheduled Task - (McAfee Scheduled Task - (mc-sustainability))
Service File Name:  ""C:\Program Files\McAfee\wps\1.22.203.1\sustainability\mc-sustainability.exe""
Service Type:  user mode service
Service Start Type:  demand start
Service Account:  LocalSystem"
Information,27-09-2024 17:11,Microsoft-Windows-Kernel-General,15,-10,Hive \??\Volume{3835c0f0-b7b0-4773-a458-09d1fca5e155}\System Volume Information\SPP\SppCbsHiveStore\{cd42efe1-f6f1-427c-b004-033192c625a4}{3580FE63-606E-4772-8269-414FF0247419} was reorganized with a starting size of 11792384 bytes and an ending size of 10682368 bytes.
Information,27-09-2024 17:11,Microsoft-Windows-Kernel-General,11,None,"TxR init phase for hive \??\GLOBALROOT\Device\HarddiskVolumeShadowCopy3\WINDOWS\System32\config\DRIVERS (TM: {b4b94f07-7ca3-11ef-a72d-5cfb3a2f79f0}, RM: {b4b94f06-7ca3-11ef-a72d-5cfb3a2f79f0}) finished with result=0xC00000A2 (Internal code=7)."
Information,27-09-2024 17:11,Microsoft-Windows-Kernel-General,11,None,"TxR init phase for hive \??\GLOBALROOT\Device\HarddiskVolumeShadowCopy3\WINDOWS\System32\config\SYSTEM (TM: {b4b94f04-7ca3-11ef-a72d-5cfb3a2f79f0}, RM: {b4b94f03-7ca3-11ef-a72d-5cfb3a2f79f0}) finished with result=0xC00000A2 (Internal code=7)."
Information,27-09-2024 17:06,Microsoft-Windows-Kernel-Power,105,-100,Power source change.
Information,27-09-2024 14:10,TPM,17,None,The Trusted Platform Module (TPM) hardware failed to execute a TPM command.
Information,27-09-2024 14:10,TPM,17,None,The Trusted Platform Module (TPM) hardware failed to execute a TPM command.
Information,27-09-2024 14:10,TPM,17,None,The Trusted Platform Module (TPM) hardware failed to execute a TPM command.
Information,27-09-2024 14:06,Microsoft-Windows-Kernel-General,16,None,The access history in hive \??\C:\ProgramData\Microsoft\Provisioning\Microsoft-Desktop-Provisioning-Sequence.dat was cleared updating 0 keys and creating 0 modified pages.
Information,27-09-2024 14:02,Microsoft-Windows-Kernel-General,16,None,The access history in hive \??\C:\Users\HP\AppData\Local\Packages\Microsoft.LockApp_cw5n1h2txyewy\Settings\settings.dat was cleared updating 3 keys and creating 1 modified pages.
Warning,27-09-2024 14:02,Win32k,701,None,Power Manager has not requested suppression of all input (INPUT_SUPPRESS_REQUEST=0)
Warning,27-09-2024 14:02,Win32k,701,None,Power Manager has not requested suppression of all input (INPUT_SUPPRESS_REQUEST=0)
Information,27-09-2024 14:02,Microsoft-Windows-Kernel-Power,566,-268,"The system session has transitioned from 1 to 3.

Reason InputHid 

BootId: 225"
Information,27-09-2024 14:02,Microsoft-Windows-Kernel-Power,507,-158,"The system is exiting Modern Standby 

Reason: Input Mouse."
Warning,27-09-2024 14:02,Win32k,700,None,Power Manager has requested suppression of all input (INPUT_SUPPRESS_REQUEST=1)
Warning,27-09-2024 14:02,Win32k,700,None,Power Manager has requested suppression of all input (INPUT_SUPPRESS_REQUEST=1)
Information,27-09-2024 14:02,Microsoft-Windows-Kernel-Power,506,-157,"The system is entering Modern Standby 

Reason: Lid."
Information,27-09-2024 14:02,Microsoft-Windows-Kernel-Power,566,-268,"The system session has transitioned from 0 to 1.

Reason PolicyChange 

BootId: 225"
Information,27-09-2024 13:20,Service Control Manager,7040,None,The start type of the Background Intelligent Transfer Service service was changed from auto start to demand start.
Information,27-09-2024 13:19,Microsoft-Windows-Kernel-General,16,None,The access history in hive \??\C:\Users\HP\AppData\Local\Packages\McAfeeWPSSparsePackage_0j6k21vdgrmfw\Settings\settings.dat was cleared updating 3 keys and creating 1 modified pages.
Information,27-09-2024 13:19,Microsoft-Windows-Kernel-General,16,None,The access history in hive \??\C:\ProgramData\Microsoft\Windows\AppRepository\Packages\McAfeeWPSSparsePackage_16.122.0.19_neutral__0j6k21vdgrmfw\ActivationStore.dat was cleared updating 0 keys and creating 0 modified pages.
Information,27-09-2024 13:18,Service Control Manager,7040,None,The start type of the McAfee Framework Host service was changed from disabled to auto start.
Information,27-09-2024 13:18,Microsoft-Windows-FilterManager,6,None,"File System Filter 'mfesec' (10.0, ‎2024‎-‎08‎-‎01T21:24:58.000000000Z) has successfully loaded and registered with Filter Manager."
Information,27-09-2024 13:18,Service Control Manager,7045,None,"A service was installed in the system.

Service Name:  McAfee ELAM Driver
Service File Name:  \SystemRoot\system32\DRIVERS\mfeelam.sys
Service Type:  kernel mode driver
Service Start Type:  boot start
Service Account:  "
Information,27-09-2024 13:18,Service Control Manager,7045,None,"A service was installed in the system.

Service Name:  McAfee Security Driver
Service File Name:  \SystemRoot\system32\DRIVERS\mfesec.sys
Service Type:  kernel mode driver
Service Start Type:  boot start
Service Account:  "
Information,27-09-2024 13:18,Microsoft-Windows-FilterManager,1,None,"File System Filter 'mfesec' (Version 10.0, ‎2024‎-‎08‎-‎01T21:24:58.000000000Z) unloaded successfully."
Information,27-09-2024 13:18,Service Control Manager,7040,None,The start type of the McAfee Framework Host service was changed from auto start to disabled.
Information,27-09-2024 13:18,Service Control Manager,7040,None,The start type of the McAfee Maintenance Service service was changed from auto start to disabled.
Information,27-09-2024 13:18,Service Control Manager,7045,None,"A service was installed in the system.

Service Name:  McAfee Maintenance Service
Service File Name:  ""\\?\C:\Program Files\McAfee\WPS\1.22.203.1\mc-fw-host.exe"" -update_svc -parent 17164
Service Type:  user mode service
Service Start Type:  auto start
Service Account:  LocalSystem"
Information,27-09-2024 13:17,Service Control Manager,7040,None,The start type of the Background Intelligent Transfer Service service was changed from demand start to auto start.
Information,27-09-2024 13:16,Service Control Manager,7040,None,The start type of the Background Intelligent Transfer Service service was changed from auto start to demand start.
Information,27-09-2024 13:15,Microsoft-Windows-Kernel-General,16,None,The access history in hive \??\C:\ProgramData\Packages\Microsoft.SkypeApp_kzf8qxf38zg5c\S-1-5-21-1139039245-4285067927-1271566218-1001\SystemAppData\Helium\Cache\b4d622c333fcfdd7_COM15.dat was cleared updating 1 keys and creating 1 modified pages.
Information,27-09-2024 13:14,Service Control Manager,7040,None,The start type of the Background Intelligent Transfer Service service was changed from demand start to auto start.
Information,27-09-2024 13:14,Service Control Manager,7040,None,The start type of the Microsoft Defender Antivirus Mini-Filter Driver service was changed from boot start to demand start.
Information,27-09-2024 13:14,Microsoft-Windows-FilterManager,1,None,"File System Filter 'WdFilter' (Version 10.0, ‎2046‎-‎12‎-‎28T09:14:16.000000000Z) unloaded successfully."
Information,27-09-2024 13:14,Service Control Manager,7040,None,The start type of the Microsoft Defender Antivirus Boot Driver service was changed from boot start to demand start.
Information,27-09-2024 13:14,Service Control Manager,7040,None,The start type of the Microsoft Defender Antivirus Service service was changed from auto start to demand start.
Information,27-09-2024 13:13,Service Control Manager,7040,None,The start type of the Background Intelligent Transfer Service service was changed from auto start to demand start.
Information,27-09-2024 13:13,TPM,17,None,The Trusted Platform Module (TPM) hardware failed to execute a TPM command.
Information,27-09-2024 13:13,TPM,17,None,The Trusted Platform Module (TPM) hardware failed to execute a TPM command.
Information,27-09-2024 13:13,TPM,17,None,The Trusted Platform Module (TPM) hardware failed to execute a TPM command.
Warning,27-09-2024 13:13,Microsoft-Windows-DistributedCOM,10016,None,"The application-specific permission settings do not grant Local Activation permission for the COM Server application with CLSID 
{2593F8B9-4EAF-457C-B68A-50F6B8EA6B54}
 and APPID 
{15C20B67-12E7-4BB6-92BB-7AFF07997402}
 to the user INFINITELOOP\HP SID (S-1-5-21-1139039245-4285067927-1271566218-1001) from address LocalHost (Using LRPC) running in the application container MicrosoftWindows.Client.WebExperience_524.24900.80.0_x64__cw5n1h2txyewy SID (Unavailable). This security permission can be modified using the Component Services administrative tool."
Information,27-09-2024 13:13,TPM,17,None,The Trusted Platform Module (TPM) hardware failed to execute a TPM command.
Information,27-09-2024 13:13,TPM,17,None,The Trusted Platform Module (TPM) hardware failed to execute a TPM command.
Information,27-09-2024 13:13,TPM,17,None,The Trusted Platform Module (TPM) hardware failed to execute a TPM command.
Information,27-09-2024 13:13,Service Control Manager,7045,None,"A service was installed in the system.

Service Name:  MpKslb2039b80
Service File Name:  C:\ProgramData\Microsoft\Windows Defender\Definition Updates\{AF9424F4-31D6-45A8-A9D6-88B29BBE6005}\MpKslDrv.sys
Service Type:  kernel mode driver
Service Start Type:  demand start
Service Account:  "
Information,27-09-2024 13:13,Microsoft-Windows-FilterManager,6,None,"File System Filter 'WdFilter' (10.0, ‎2046‎-‎12‎-‎28T09:14:16.000000000Z) has successfully loaded and registered with Filter Manager."
Information,27-09-2024 13:13,Service Control Manager,7040,None,The start type of the Microsoft Defender Antivirus Boot Driver service was changed from demand start to boot start.
Information,27-09-2024 13:13,Service Control Manager,7040,None,The start type of the Microsoft Defender Antivirus Mini-Filter Driver service was changed from demand start to boot start.
Information,27-09-2024 13:13,Service Control Manager,7040,None,The start type of the Microsoft Defender Antivirus Service service was changed from demand start to auto start.
Warning,27-09-2024 13:12,Microsoft-Windows-DistributedCOM,10016,None,"The application-specific permission settings do not grant Local Launch permission for the COM Server application with CLSID 
Windows.SecurityCenter.WscBrokerManager
 and APPID 
Unavailable
 to the user NT AUTHORITY\SYSTEM SID (S-1-5-18) from address LocalHost (Using LRPC) running in the application container Unavailable SID (Unavailable). This security permission can be modified using the Component Services administrative tool."
Warning,27-09-2024 13:12,Microsoft-Windows-DistributedCOM,10016,None,"The application-specific permission settings do not grant Local Launch permission for the COM Server application with CLSID 
Windows.SecurityCenter.SecurityAppBroker
 and APPID 
Unavailable
 to the user NT AUTHORITY\SYSTEM SID (S-1-5-18) from address LocalHost (Using LRPC) running in the application container Unavailable SID (Unavailable). This security permission can be modified using the Component Services administrative tool."
Information,27-09-2024 13:12,Microsoft-Windows-Kernel-General,16,None,The access history in hive \??\C:\Users\HP\AppData\Local\Packages\AD2F1837.HPPrivacySettings_v10z8vjag6ke6\Settings\settings.dat was cleared updating 2 keys and creating 1 modified pages.
Information,27-09-2024 13:11,Service Control Manager,7040,None,The start type of the McAfee Scheduled Task - (McAfee-Dynamicappdownloader) service was changed from demand start to disabled.
Information,27-09-2024 13:11,Service Control Manager,7045,None,"A service was installed in the system.

Service Name:  McAfee Scheduled Task - (McAfee-Dynamicappdownloader)
Service File Name:  ""C:\Program Files\McAfee\wps\1.22.200.1\dad\mc-dad.exe""
Service Type:  user mode service
Service Start Type:  demand start
Service Account:  LocalSystem"
Warning,27-09-2024 13:11,Microsoft-Windows-DistributedCOM,10016,None,"The application-specific permission settings do not grant Local Launch permission for the COM Server application with CLSID 
Windows.SecurityCenter.WscCloudBackupProvider
 and APPID 
Unavailable
 to the user INFINITELOOP\HP SID (S-1-5-21-1139039245-4285067927-1271566218-1001) from address LocalHost (Using LRPC) running in the application container Unavailable SID (Unavailable). This security permission can be modified using the Component Services administrative tool."
Warning,27-09-2024 13:11,Microsoft-Windows-DistributedCOM,10016,None,"The application-specific permission settings do not grant Local Launch permission for the COM Server application with CLSID 
Windows.SecurityCenter.WscCloudBackupProvider
 and APPID 
Unavailable
 to the user INFINITELOOP\HP SID (S-1-5-21-1139039245-4285067927-1271566218-1001) from address LocalHost (Using LRPC) running in the application container Unavailable SID (Unavailable). This security permission can be modified using the Component Services administrative tool."
Warning,27-09-2024 13:11,Microsoft-Windows-DistributedCOM,10016,None,"The application-specific permission settings do not grant Local Launch permission for the COM Server application with CLSID 
Windows.SecurityCenter.WscCloudBackupProvider
 and APPID 
Unavailable
 to the user INFINITELOOP\HP SID (S-1-5-21-1139039245-4285067927-1271566218-1001) from address LocalHost (Using LRPC) running in the application container Unavailable SID (Unavailable). This security permission can be modified using the Component Services administrative tool."
Warning,27-09-2024 13:11,Microsoft-Windows-DistributedCOM,10016,None,"The application-specific permission settings do not grant Local Launch permission for the COM Server application with CLSID 
Windows.SecurityCenter.WscCloudBackupProvider
 and APPID 
Unavailable
 to the user INFINITELOOP\HP SID (S-1-5-21-1139039245-4285067927-1271566218-1001) from address LocalHost (Using LRPC) running in the application container Unavailable SID (Unavailable). This security permission can be modified using the Component Services administrative tool."
Warning,27-09-2024 13:11,Microsoft-Windows-Kernel-Processor-Power,37,-7,The speed of processor 5 in group 0 is being limited by system firmware. The processor has been in this reduced performance state for 71 seconds since the last report.
Warning,27-09-2024 13:11,Microsoft-Windows-Kernel-Processor-Power,37,-7,The speed of processor 3 in group 0 is being limited by system firmware. The processor has been in this reduced performance state for 71 seconds since the last report.
Warning,27-09-2024 13:11,Microsoft-Windows-Kernel-Processor-Power,37,-7,The speed of processor 7 in group 0 is being limited by system firmware. The processor has been in this reduced performance state for 71 seconds since the last report.
Warning,27-09-2024 13:11,Microsoft-Windows-Kernel-Processor-Power,37,-7,The speed of processor 2 in group 0 is being limited by system firmware. The processor has been in this reduced performance state for 71 seconds since the last report.
Warning,27-09-2024 13:11,Microsoft-Windows-Kernel-Processor-Power,37,-7,The speed of processor 4 in group 0 is being limited by system firmware. The processor has been in this reduced performance state for 71 seconds since the last report.
Warning,27-09-2024 13:11,Microsoft-Windows-Kernel-Processor-Power,37,-7,The speed of processor 1 in group 0 is being limited by system firmware. The processor has been in this reduced performance state for 71 seconds since the last report.
Warning,27-09-2024 13:11,Microsoft-Windows-Kernel-Processor-Power,37,-7,The speed of processor 6 in group 0 is being limited by system firmware. The processor has been in this reduced performance state for 71 seconds since the last report.
Warning,27-09-2024 13:11,Microsoft-Windows-Kernel-Processor-Power,37,-7,The speed of processor 0 in group 0 is being limited by system firmware. The processor has been in this reduced performance state for 71 seconds since the last report.
Information,27-09-2024 13:10,TPM,17,None,The Trusted Platform Module (TPM) hardware failed to execute a TPM command.
Information,27-09-2024 13:10,TPM,17,None,The Trusted Platform Module (TPM) hardware failed to execute a TPM command.
Information,27-09-2024 13:10,TPM,17,None,The Trusted Platform Module (TPM) hardware failed to execute a TPM command.
Information,27-09-2024 13:10,TPM,17,None,The Trusted Platform Module (TPM) hardware failed to execute a TPM command.
Information,27-09-2024 13:10,TPM,17,None,The Trusted Platform Module (TPM) hardware failed to execute a TPM command.
Information,27-09-2024 13:10,TPM,17,None,The Trusted Platform Module (TPM) hardware failed to execute a TPM command.
Warning,27-09-2024 13:10,Microsoft-Windows-DistributedCOM,10016,None,"The application-specific permission settings do not grant Local Activation permission for the COM Server application with CLSID 
{2593F8B9-4EAF-457C-B68A-50F6B8EA6B54}
 and APPID 
{15C20B67-12E7-4BB6-92BB-7AFF07997402}
 to the user INFINITELOOP\HP SID (S-1-5-21-1139039245-4285067927-1271566218-1001) from address LocalHost (Using LRPC) running in the application container MSTeams_24231.512.3106.6573_x64__8wekyb3d8bbwe SID (Unavailable). This security permission can be modified using the Component Services administrative tool."
Information,27-09-2024 13:10,Microsoft-Windows-Kernel-General,16,None,The access history in hive \??\C:\ProgramData\Packages\MSTeams_8wekyb3d8bbwe\S-1-5-21-1139039245-4285067927-1271566218-1001\SystemAppData\Helium\Cache\943a66117e1a3e95_COM15.dat was cleared updating 1 keys and creating 1 modified pages.
Information,27-09-2024 13:10,TPM,17,None,The Trusted Platform Module (TPM) hardware failed to execute a TPM command.
Information,27-09-2024 13:10,TPM,17,None,The Trusted Platform Module (TPM) hardware failed to execute a TPM command.
Information,27-09-2024 13:10,TPM,17,None,The Trusted Platform Module (TPM) hardware failed to execute a TPM command.
Warning,27-09-2024 13:10,Microsoft-Windows-DistributedCOM,10016,None,"The application-specific permission settings do not grant Local Activation permission for the COM Server application with CLSID 
{2593F8B9-4EAF-457C-B68A-50F6B8EA6B54}
 and APPID 
{15C20B67-12E7-4BB6-92BB-7AFF07997402}
 to the user INFINITELOOP\HP SID (S-1-5-21-1139039245-4285067927-1271566218-1001) from address LocalHost (Using LRPC) running in the application container Unavailable SID (Unavailable). This security permission can be modified using the Component Services administrative tool."
Information,27-09-2024 13:10,Microsoft-Windows-Kernel-General,16,None,The access history in hive \??\C:\Users\HP\AppData\Local\Packages\Microsoft.DesktopAppInstaller_8wekyb3d8bbwe\Settings\settings.dat was cleared updating 2 keys and creating 1 modified pages.
Information,27-09-2024 13:10,Microsoft-Windows-Kernel-General,16,None,The access history in hive \??\C:\ProgramData\Packages\Microsoft.DesktopAppInstaller_8wekyb3d8bbwe\S-1-5-21-1139039245-4285067927-1271566218-1001\SystemAppData\Helium\Cache\ac84de29ca317fee_COM15.dat was cleared updating 1 keys and creating 1 modified pages.
Information,27-09-2024 13:10,Microsoft-Windows-Kernel-General,16,None,The access history in hive \??\C:\ProgramData\Microsoft\Windows\AppRepository\Packages\McAfeeWPSSparsePackage_16.122.0.17_neutral__0j6k21vdgrmfw\ActivationStore.dat was cleared updating 0 keys and creating 0 modified pages.
Information,27-09-2024 13:10,Service Control Manager,7040,None,The start type of the Background Intelligent Transfer Service service was changed from demand start to auto start.
Information,27-09-2024 13:10,Microsoft-Windows-Kernel-General,16,None,The access history in hive \??\C:\ProgramData\Microsoft\Windows\AppRepository\Packages\McAfeeWPSSparsePackage_16.122.0.17_neutral__0j6k21vdgrmfw\ActivationStore.dat was cleared updating 0 keys and creating 0 modified pages.
Information,27-09-2024 13:10,Microsoft-Windows-TPM-WMI,1025,None,The TPM was successfully provisioned and is now ready for use.
Information,27-09-2024 13:10,Microsoft-Windows-TPM-WMI,1282,None,The TBS device identifier has been generated.
Warning,27-09-2024 13:10,Microsoft-Windows-DistributedCOM,10016,None,"The application-specific permission settings do not grant Local Activation permission for the COM Server application with CLSID 
{6B3B8D23-FA8D-40B9-8DBD-B950333E2C52}
 and APPID 
{4839DDB7-58C2-48F5-8283-E1D1807D0D7D}
 to the user NT AUTHORITY\LOCAL SERVICE SID (S-1-5-19) from address LocalHost (Using LRPC) running in the application container Unavailable SID (Unavailable). This security permission can be modified using the Component Services administrative tool."
Warning,27-09-2024 13:10,Microsoft-Windows-DistributedCOM,10016,None,"The application-specific permission settings do not grant Local Activation permission for the COM Server application with CLSID 
{6B3B8D23-FA8D-40B9-8DBD-B950333E2C52}
 and APPID 
{4839DDB7-58C2-48F5-8283-E1D1807D0D7D}
 to the user NT AUTHORITY\LOCAL SERVICE SID (S-1-5-19) from address LocalHost (Using LRPC) running in the application container Unavailable SID (Unavailable). This security permission can be modified using the Component Services administrative tool."
Information,27-09-2024 13:10,TPM,18,None,This event triggers the Trusted Platform Module (TPM) provisioning/status check to run.
Information,27-09-2024 13:10,Service Control Manager,7026,None,"The following boot-start or system-start driver(s) did not load: 
WinSetupMon"
Information,27-09-2024 13:10,Microsoft-Windows-UserModePowerService,12,-10,Process C:\Windows\System32\DriverStore\FileRepository\dptf_cpu.inf_amd64_c2c5b0e17a28a48f\esif_uf.exe (process ID:4892) reset policy scheme from {381b4222-f694-41f0-9685-ff5bb260df2e} to {381b4222-f694-41f0-9685-ff5bb260df2e}
Information,27-09-2024 13:10,Microsoft-Windows-UserModePowerService,12,-10,Process C:\Windows\System32\DriverStore\FileRepository\dptf_cpu.inf_amd64_c2c5b0e17a28a48f\esif_uf.exe (process ID:4892) reset policy scheme from {381b4222-f694-41f0-9685-ff5bb260df2e} to {381b4222-f694-41f0-9685-ff5bb260df2e}
Information,27-09-2024 13:10,IntelHaxm,4,None,"The description for Event ID 4 from source IntelHaxm cannot be found. Either the component that raises this event is not installed on your local computer or the installation is corrupted. You can install or repair the component on the local computer.

If the event originated on another computer, the display information had to be saved with the event.

The following information was included with the event: 


The message resource is present but the message was not found in the message table
"
Information,27-09-2024 13:10,Microsoft-Windows-WLAN-AutoConfig,4000,None,"WLAN AutoConfig service has successfully started.
"
Information,27-09-2024 13:10,Microsoft-Windows-HttpService,112,HTTP Setup Trace Task,"Attempted to reserve URL http://+:3387/rdp/. Status 0x0. Process Id 0x4 Executable path , User SYSTEM"
Information,27-09-2024 13:10,Microsoft-Windows-HttpService,112,HTTP Setup Trace Task,"Attempted to reserve URL https://+:3392/rdp/. Status 0x0. Process Id 0x4 Executable path , User SYSTEM"
Information,27-09-2024 13:10,Microsoft-Windows-HttpService,112,HTTP Setup Trace Task,"Attempted to reserve URL http://+:10246/MDEServer/. Status 0x0. Process Id 0x4 Executable path , User SYSTEM"
Information,27-09-2024 13:10,Microsoft-Windows-HttpService,112,HTTP Setup Trace Task,"Attempted to reserve URL http://+:10247/apps/. Status 0x0. Process Id 0x4 Executable path , User SYSTEM"
Information,27-09-2024 13:10,Microsoft-Windows-HttpService,112,HTTP Setup Trace Task,"Attempted to reserve URL http://+:10243/WMPNSSv4/. Status 0x0. Process Id 0x4 Executable path , User SYSTEM"
Information,27-09-2024 13:10,Microsoft-Windows-HttpService,112,HTTP Setup Trace Task,"Attempted to reserve URL https://+:10245/WMPNSSv4/. Status 0x0. Process Id 0x4 Executable path , User SYSTEM"
Information,27-09-2024 13:10,Microsoft-Windows-HttpService,112,HTTP Setup Trace Task,"Attempted to reserve URL https://+:443/sra_{BA195980-CD49-458b-9E23-C84EE0ADCD75}/. Status 0x0. Process Id 0x4 Executable path , User SYSTEM"
Information,27-09-2024 13:10,Microsoft-Windows-HttpService,112,HTTP Setup Trace Task,"Attempted to reserve URL http://+:15099/. Status 0x0. Process Id 0x4 Executable path , User SYSTEM"
Information,27-09-2024 13:10,Microsoft-Windows-HttpService,112,HTTP Setup Trace Task,"Attempted to reserve URL http://*:2869/. Status 0x0. Process Id 0x4 Executable path , User SYSTEM"
Information,27-09-2024 13:10,Microsoft-Windows-HttpService,112,HTTP Setup Trace Task,"Attempted to reserve URL http://+:5985/wsman/. Status 0x0. Process Id 0x4 Executable path , User SYSTEM"
Information,27-09-2024 13:10,Microsoft-Windows-HttpService,112,HTTP Setup Trace Task,"Attempted to reserve URL http://+:47001/wsman/. Status 0x0. Process Id 0x4 Executable path , User SYSTEM"
Information,27-09-2024 13:10,Microsoft-Windows-HttpService,112,HTTP Setup Trace Task,"Attempted to reserve URL https://+:5986/wsman/. Status 0x0. Process Id 0x4 Executable path , User SYSTEM"
Information,27-09-2024 13:10,Microsoft-Windows-HttpService,112,HTTP Setup Trace Task,"Attempted to reserve URL https://*:5358/. Status 0x0. Process Id 0x4 Executable path , User SYSTEM"
Information,27-09-2024 13:10,Microsoft-Windows-HttpService,112,HTTP Setup Trace Task,"Attempted to reserve URL http://+:80/Temporary_Listen_Addresses/. Status 0x0. Process Id 0x4 Executable path , User SYSTEM"
Information,27-09-2024 13:10,Microsoft-Windows-HttpService,112,HTTP Setup Trace Task,"Attempted to reserve URL http://*:5357/. Status 0x0. Process Id 0x4 Executable path , User SYSTEM"
Information,27-09-2024 13:10,Microsoft-Windows-Winlogon,7001,-1101,User Logon Notification for Customer Experience Improvement Program
Information,27-09-2024 13:10,Win32k,267,None,Touch/Touchpad Hardware Quality Assurance verification succeeded.
Information,27-09-2024 13:10,Microsoft-Windows-FilterManager,6,None,"File System Filter 'bindflt' (10.0, ‎2000‎-‎09‎-‎21T22:24:55.000000000Z) has successfully loaded and registered with Filter Manager."
Information,27-09-2024 13:10,Microsoft-Windows-FilterManager,6,None,"File System Filter 'storqosflt' (10.0, ‎2065‎-‎11‎-‎25T12:45:59.000000000Z) has successfully loaded and registered with Filter Manager."
Information,27-09-2024 13:10,Microsoft-Windows-FilterManager,6,None,"File System Filter 'CldFlt' (10.0, ‎2050‎-‎03‎-‎19T23:41:03.000000000Z) has successfully loaded and registered with Filter Manager."
Information,27-09-2024 13:10,Microsoft-Windows-FilterManager,1,None,"File System Filter 'CldFlt' (Version 10.0, ‎2050‎-‎03‎-‎19T23:41:03.000000000Z) unloaded successfully."
