Warning,15-09-2024 13:23,Microsoft-Windows-DistributedCOM,10016,None,"The application-specific permission settings do not grant Local Activation permission for the COM Server application with CLSID 
{2593F8B9-4EAF-457C-B68A-50F6B8EA6B54}
 and APPID 
{15C20B67-12E7-4BB6-92BB-7AFF07997402}
 to the user INFINITELOOP\HP SID (S-1-5-21-1139039245-4285067927-1271566218-1001) from address LocalHost (Using LRPC) running in the application container Unavailable SID (Unavailable). This security permission can be modified using the Component Services administrative tool."
Information,15-09-2024 13:23,TPM,17,None,The Trusted Platform Module (TPM) hardware failed to execute a TPM command.
Information,15-09-2024 13:23,TPM,17,None,The Trusted Platform Module (TPM) hardware failed to execute a TPM command.
Information,15-09-2024 13:23,TPM,17,None,The Trusted Platform Module (TPM) hardware failed to execute a TPM command.
Information,15-09-2024 12:42,Microsoft-Windows-Kernel-General,16,None,The access history in hive \??\C:\Users\HP\AppData\Local\Packages\AD2F1837.HPAudioCenter_v10z8vjag6ke6\Settings\settings.dat was cleared updating 2 keys and creating 1 modified pages.
Warning,15-09-2024 12:42,Microsoft-Windows-DistributedCOM,10016,None,"The application-specific permission settings do not grant Local Activation permission for the COM Server application with CLSID 
{2593F8B9-4EAF-457C-B68A-50F6B8EA6B54}
 and APPID 
{15C20B67-12E7-4BB6-92BB-7AFF07997402}
 to the user INFINITELOOP\HP SID (S-1-5-21-1139039245-4285067927-1271566218-1001) from address LocalHost (Using LRPC) running in the application container Unavailable SID (Unavailable). This security permission can be modified using the Component Services administrative tool."
Information,15-09-2024 12:40,TPM,17,None,The Trusted Platform Module (TPM) hardware failed to execute a TPM command.
Information,15-09-2024 12:40,TPM,17,None,The Trusted Platform Module (TPM) hardware failed to execute a TPM command.
Information,15-09-2024 12:40,TPM,17,None,The Trusted Platform Module (TPM) hardware failed to execute a TPM command.
Information,15-09-2024 12:00,EventLog,6013,None,The system uptime is 61327 seconds.
Warning,15-09-2024 11:27,Microsoft-Windows-DistributedCOM,10016,None,"The application-specific permission settings do not grant Local Activation permission for the COM Server application with CLSID 
{2593F8B9-4EAF-457C-B68A-50F6B8EA6B54}
 and APPID 
{15C20B67-12E7-4BB6-92BB-7AFF07997402}
 to the user INFINITELOOP\HP SID (S-1-5-21-1139039245-4285067927-1271566218-1001) from address LocalHost (Using LRPC) running in the application container Unavailable SID (Unavailable). This security permission can be modified using the Component Services administrative tool."
Information,15-09-2024 11:24,Microsoft-Windows-WindowsUpdateClient,19,Windows Update Agent,Installation Successful: Windows successfully installed the following update: 9NBLGGH5R558-Microsoft.Todos
Information,15-09-2024 11:24,Microsoft-Windows-Kernel-General,16,None,The access history in hive \??\C:\Users\HP\AppData\Local\Packages\Microsoft.Todos_8wekyb3d8bbwe\Settings\settings.dat was cleared updating 1 keys and creating 1 modified pages.
Information,15-09-2024 11:24,Microsoft-Windows-WindowsUpdateClient,43,Windows Update Agent,Installation Started: Windows has started installing the following update: 9NBLGGH5R558-Microsoft.Todos
Information,15-09-2024 11:24,Microsoft-Windows-Kernel-General,16,None,The access history in hive \??\C:\ProgramData\Microsoft\Windows\AppRepository\Packages\Microsoft.Todos_2.114.7122.0_x64__8wekyb3d8bbwe\ActivationStore.dat was cleared updating 0 keys and creating 0 modified pages.
Information,15-09-2024 11:23,Microsoft-Windows-WindowsUpdateClient,44,Windows Update Agent,Windows Update started downloading an update.
Information,15-09-2024 11:21,Microsoft-Windows-Kernel-General,16,None,The access history in hive \??\C:\Users\HP\AppData\Local\Packages\Microsoft.XboxIdentityProvider_8wekyb3d8bbwe\Settings\settings.dat was cleared updating 2 keys and creating 1 modified pages.
Information,15-09-2024 11:21,Microsoft-Windows-Kernel-General,16,None,The access history in hive \??\C:\Users\HP\AppData\Local\Packages\Microsoft.WindowsStore_8wekyb3d8bbwe\Settings\settings.dat was cleared updating 1 keys and creating 1 modified pages.
Warning,15-09-2024 11:20,Microsoft-Windows-DistributedCOM,10016,None,"The application-specific permission settings do not grant Local Activation permission for the COM Server application with CLSID 
{2593F8B9-4EAF-457C-B68A-50F6B8EA6B54}
 and APPID 
{15C20B67-12E7-4BB6-92BB-7AFF07997402}
 to the user INFINITELOOP\HP SID (S-1-5-21-1139039245-4285067927-1271566218-1001) from address LocalHost (Using LRPC) running in the application container Unavailable SID (Unavailable). This security permission can be modified using the Component Services administrative tool."
Information,15-09-2024 11:20,TPM,17,None,The Trusted Platform Module (TPM) hardware failed to execute a TPM command.
Information,15-09-2024 11:20,TPM,17,None,The Trusted Platform Module (TPM) hardware failed to execute a TPM command.
Information,15-09-2024 11:20,TPM,17,None,The Trusted Platform Module (TPM) hardware failed to execute a TPM command.
Information,15-09-2024 10:40,Service Control Manager,7040,None,The start type of the Background Intelligent Transfer Service service was changed from auto start to demand start.
Warning,15-09-2024 10:38,Microsoft-Windows-DistributedCOM,10016,None,"The application-specific permission settings do not grant Local Activation permission for the COM Server application with CLSID 
{2593F8B9-4EAF-457C-B68A-50F6B8EA6B54}
 and APPID 
{15C20B67-12E7-4BB6-92BB-7AFF07997402}
 to the user INFINITELOOP\HP SID (S-1-5-21-1139039245-4285067927-1271566218-1001) from address LocalHost (Using LRPC) running in the application container Unavailable SID (Unavailable). This security permission can be modified using the Component Services administrative tool."
Information,15-09-2024 10:38,Service Control Manager,7040,None,The start type of the Background Intelligent Transfer Service service was changed from demand start to auto start.
Information,15-09-2024 10:37,TPM,17,None,The Trusted Platform Module (TPM) hardware failed to execute a TPM command.
Information,15-09-2024 10:37,TPM,17,None,The Trusted Platform Module (TPM) hardware failed to execute a TPM command.
Information,15-09-2024 10:37,TPM,17,None,The Trusted Platform Module (TPM) hardware failed to execute a TPM command.
Information,15-09-2024 10:29,Service Control Manager,7040,None,The start type of the McAfee Scheduled Task - (McAfee-Dynamicappdownloader) service was changed from demand start to disabled.
Information,15-09-2024 10:29,Service Control Manager,7045,None,"A service was installed in the system.

Service Name:  McAfee Scheduled Task - (McAfee-Dynamicappdownloader)
Service File Name:  ""C:\Program Files\McAfee\wps\1.22.200.1\dad\mc-dad.exe""
Service Type:  user mode service
Service Start Type:  demand start
Service Account:  LocalSystem"
Information,15-09-2024 10:24,Microsoft-Windows-WindowsUpdateClient,19,Windows Update Agent,Installation Successful: Windows successfully installed the following update: 9NRGHV0NLB39-14083HollyTechnologyCoLtd.CookingCity
Information,15-09-2024 10:24,Microsoft-Windows-Kernel-General,16,None,The access history in hive \??\C:\Users\HP\AppData\Local\Packages\14083HollyTechnologyCoLtd.CookingCity_jkd79x9sd69fp\Settings\settings.dat was cleared updating 1 keys and creating 1 modified pages.
Information,15-09-2024 10:24,Microsoft-Windows-WindowsUpdateClient,43,Windows Update Agent,Installation Started: Windows has started installing the following update: 9NRGHV0NLB39-14083HollyTechnologyCoLtd.CookingCity
Information,15-09-2024 10:24,Microsoft-Windows-Kernel-General,16,None,The access history in hive \??\C:\ProgramData\Microsoft\Windows\AppRepository\Packages\14083HollyTechnologyCoLtd.CookingCity_1.2.41.0_x64__jkd79x9sd69fp\ActivationStore.dat was cleared updating 0 keys and creating 0 modified pages.
Information,15-09-2024 10:21,Microsoft-Windows-WindowsUpdateClient,44,Windows Update Agent,Windows Update started downloading an update.
Information,15-09-2024 09:53,TPM,17,None,The Trusted Platform Module (TPM) hardware failed to execute a TPM command.
Information,15-09-2024 09:53,TPM,17,None,The Trusted Platform Module (TPM) hardware failed to execute a TPM command.
Information,15-09-2024 09:53,TPM,17,None,The Trusted Platform Module (TPM) hardware failed to execute a TPM command.
Information,15-09-2024 09:48,Service Control Manager,7040,None,The start type of the McAfee Scheduled Task - (McAfee Scheduled Task - (mc-sustainability)) service was changed from demand start to disabled.
Information,15-09-2024 09:48,Service Control Manager,7045,None,"A service was installed in the system.

Service Name:  McAfee Scheduled Task - (McAfee Scheduled Task - (mc-sustainability))
Service File Name:  ""C:\Program Files\McAfee\wps\1.22.200.1\sustainability\mc-sustainability.exe""
Service Type:  user mode service
Service Start Type:  demand start
Service Account:  LocalSystem"
Information,15-09-2024 09:45,Service Control Manager,7040,None,The start type of the Background Intelligent Transfer Service service was changed from auto start to demand start.
Information,15-09-2024 09:43,Service Control Manager,7040,None,The start type of the Background Intelligent Transfer Service service was changed from demand start to auto start.
Information,15-09-2024 09:43,Service Control Manager,7040,None,The start type of the McAfee Scheduled Task - (McAfee Scheduled Task - (mc-sustainability)) service was changed from demand start to disabled.
Information,15-09-2024 09:43,Service Control Manager,7045,None,"A service was installed in the system.

Service Name:  McAfee Scheduled Task - (McAfee Scheduled Task - (mc-sustainability))
Service File Name:  ""C:\Program Files\McAfee\wps\1.22.200.1\sustainability\mc-sustainability.exe""
Service Type:  user mode service
Service Start Type:  demand start
Service Account:  LocalSystem"
Information,15-09-2024 09:42,Service Control Manager,7040,None,The start type of the Background Intelligent Transfer Service service was changed from auto start to demand start.
Information,15-09-2024 09:41,Service Control Manager,7040,None,The start type of the McAfee Scheduled Task - (McAfee-Dynamicappdownloader) service was changed from demand start to disabled.
Information,15-09-2024 09:41,Service Control Manager,7045,None,"A service was installed in the system.

Service Name:  McAfee Scheduled Task - (McAfee-Dynamicappdownloader)
Service File Name:  ""C:\Program Files\McAfee\wps\1.22.200.1\dad\mc-dad.exe""
Service Type:  user mode service
Service Start Type:  demand start
Service Account:  LocalSystem"
Information,15-09-2024 09:41,Service Control Manager,7040,None,The start type of the McAfee Scheduled Task - (McAfee-Dynamicappdownloader) service was changed from demand start to disabled.
Information,15-09-2024 09:41,Service Control Manager,7045,None,"A service was installed in the system.

Service Name:  McAfee Scheduled Task - (McAfee-Dynamicappdownloader)
Service File Name:  ""C:\Program Files\McAfee\wps\1.22.200.1\dad\mc-dad.exe""
Service Type:  user mode service
Service Start Type:  demand start
Service Account:  LocalSystem"
Information,15-09-2024 09:40,Microsoft-Windows-Kernel-Power,105,-100,Power source change.
Information,15-09-2024 09:40,Microsoft-Windows-Kernel-Power,105,-100,Power source change.
Information,15-09-2024 09:40,Microsoft-Windows-Kernel-Power,105,-100,Power source change.
Information,15-09-2024 09:40,Microsoft-Windows-Kernel-Power,105,-100,Power source change.
Information,15-09-2024 09:40,Microsoft-Windows-Kernel-General,1,-5,"The system time has changed to ‎2024‎-‎09‎-‎15T04:10:51.688419300Z from ‎2024‎-‎09‎-‎15T04:10:51.686543300Z.
Time Delta: 1 ms

Change Reason: An application or system component changed the time.
Process: '\Device\HarddiskVolume3\Windows\System32\svchost.exe' (PID 1216).

RTC time: ‎2024‎-‎09‎-‎15T09:40:51.688419300Z
Current time zone bias: -330
RTC time is in UTC: false
System time was based on RTC time: false"
Information,15-09-2024 09:40,Microsoft-Windows-Kernel-General,24,-11,The time zone information was refreshed with exit reason 0. Current time zone bias is -330.
Information,15-09-2024 09:40,Microsoft-Windows-Kernel-General,1,-5,"The system time has changed to ‎2024‎-‎09‎-‎15T04:10:51.686543300Z from ‎2024‎-‎09‎-‎15T04:10:51.683788900Z.
Time Delta: 2 ms

Change Reason: An application or system component changed the time.
Process: '\Device\HarddiskVolume3\Windows\System32\svchost.exe' (PID 1216).

RTC time: ‎2024‎-‎09‎-‎15T09:40:51.686543300Z
Current time zone bias: -330
RTC time is in UTC: false
System time was based on RTC time: false"
Information,15-09-2024 09:40,Microsoft-Windows-Kernel-General,24,-11,The time zone information was refreshed with exit reason 0. Current time zone bias is -330.
Information,15-09-2024 09:40,Microsoft-Windows-Time-Service,35,None,"The time service is now synchronizing the system time with the time source time.windows.com,0x9 (ntp.m|0x9|0.0.0.0:123->40.81.94.65:123) with reference id 1096700200. Current local stratum number is 4."
Information,15-09-2024 09:40,Microsoft-Windows-Kernel-General,1,-5,"The system time has changed to ‎2024‎-‎09‎-‎15T04:10:51.683788900Z from ‎2024‎-‎09‎-‎15T04:10:49.096024300Z.
Time Delta: 2587 ms

Change Reason: An application or system component changed the time.
Process: '\Device\HarddiskVolume3\Windows\System32\svchost.exe' (PID 1216).

RTC time: ‎2024‎-‎09‎-‎15T09:40:51.683788900Z
Current time zone bias: -330
RTC time is in UTC: false
System time was based on RTC time: false"
Information,15-09-2024 09:40,Microsoft-Windows-Kernel-General,24,-11,The time zone information was refreshed with exit reason 0. Current time zone bias is -330.
Information,15-09-2024 09:40,Microsoft-Windows-Time-Service,37,None,"The time provider NtpClient is currently receiving valid time data from time.windows.com,0x9 (ntp.m|0x9|0.0.0.0:123->40.81.94.65:123)."
Information,15-09-2024 09:40,Service Control Manager,7040,None,The start type of the McAfee Scheduled Task - (McAfee-Dynamicappdownloader) service was changed from demand start to disabled.
Information,15-09-2024 09:40,Service Control Manager,7045,None,"A service was installed in the system.

Service Name:  McAfee Scheduled Task - (McAfee-Dynamicappdownloader)
Service File Name:  ""C:\Program Files\McAfee\wps\1.22.200.1\dad\mc-dad.exe""
Service Type:  user mode service
Service Start Type:  demand start
Service Account:  LocalSystem"
Information,15-09-2024 09:40,Microsoft-Windows-Kernel-Power,172,-203,"Connectivity state in standby: Connected, Reason: None"
Information,15-09-2024 09:40,Microsoft-Windows-Kernel-Power,172,-203,"Connectivity state in standby: Disconnected, Reason: NIC compliance"
Warning,15-09-2024 09:40,Microsoft-Windows-DNS-Client,1014,-1014,Name resolution for the name teams.events.data.microsoft.com timed out after none of the configured DNS servers responded. Client PID 68.
Warning,15-09-2024 09:40,Microsoft-Windows-Time-Service,134,None,"NtpClient was unable to set a manual peer to use as a time source because of DNS resolution error on 'time.windows.com,0x9'. NtpClient will try again in 15 minutes and double the reattempt interval thereafter. The error was: No such host is known. (0x80072AF9)"
Warning,15-09-2024 09:40,Microsoft-Windows-DNS-Client,1014,-1014,Name resolution for the name geover.prod.do.dsp.mp.microsoft.com timed out after none of the configured DNS servers responded. Client PID 12440.
Warning,15-09-2024 09:40,Microsoft-Windows-WLAN-AutoConfig,4003,None,"WLAN AutoConfig detected limited connectivity, attempting automatic recovery.

Recovery Type: 4
Error Code: 0x0
Trigger Reason: 5
IP Family: 0
"
Information,15-09-2024 09:39,Service Control Manager,7040,None,The start type of the McAfee Scheduled Task - (McAfee-Dynamicappdownloader) service was changed from demand start to disabled.
Error,15-09-2024 09:39,Service Control Manager,7023,None,"The McAfee Scheduled Task - (McAfee-Dynamicappdownloader) service terminated with the following error: 
Incorrect function."
Information,15-09-2024 09:39,Service Control Manager,7045,None,"A service was installed in the system.

Service Name:  McAfee Scheduled Task - (McAfee-Dynamicappdownloader)
Service File Name:  ""C:\Program Files\McAfee\wps\1.22.200.1\dad\mc-dad.exe""
Service Type:  user mode service
Service Start Type:  demand start
Service Account:  LocalSystem"
Information,15-09-2024 09:39,Service Control Manager,7040,None,The start type of the McAfee Scheduled Task - (McAfee Scheduled Task - (mc-sustainability)) service was changed from demand start to disabled.
Information,15-09-2024 09:39,Service Control Manager,7045,None,"A service was installed in the system.

Service Name:  McAfee Scheduled Task - (McAfee Scheduled Task - (mc-sustainability))
Service File Name:  ""C:\Program Files\McAfee\wps\1.22.200.1\sustainability\mc-sustainability.exe""
Service Type:  user mode service
Service Start Type:  demand start
Service Account:  LocalSystem"
Information,15-09-2024 09:39,Microsoft-Windows-Kernel-Power,105,-100,Power source change.
Warning,15-09-2024 09:38,Microsoft-Windows-Time-Service,134,None,"NtpClient was unable to set a manual peer to use as a time source because of DNS resolution error on 'time.windows.com,0x9'. NtpClient will try again in 15 minutes and double the reattempt interval thereafter. The error was: No such host is known. (0x80072AF9)"
Information,15-09-2024 09:38,Microsoft-Windows-Kernel-Power,172,-203,"Connectivity state in standby: Connected, Reason: None"
Information,15-09-2024 09:37,Microsoft-Windows-Kernel-Power,172,-203,"Connectivity state in standby: Disconnected, Reason: NIC compliance"
Information,15-09-2024 09:37,TPM,17,None,The Trusted Platform Module (TPM) hardware failed to execute a TPM command.
Information,15-09-2024 09:37,TPM,17,None,The Trusted Platform Module (TPM) hardware failed to execute a TPM command.
Information,15-09-2024 09:37,TPM,17,None,The Trusted Platform Module (TPM) hardware failed to execute a TPM command.
Warning,15-09-2024 09:37,Microsoft-Windows-DistributedCOM,10016,None,"The application-specific permission settings do not grant Local Activation permission for the COM Server application with CLSID 
{2593F8B9-4EAF-457C-B68A-50F6B8EA6B54}
 and APPID 
{15C20B67-12E7-4BB6-92BB-7AFF07997402}
 to the user INFINITELOOP\HP SID (S-1-5-21-1139039245-4285067927-1271566218-1001) from address LocalHost (Using LRPC) running in the application container MSTeams_24215.1007.3082.1590_x64__8wekyb3d8bbwe SID (Unavailable). This security permission can be modified using the Component Services administrative tool."
Warning,15-09-2024 09:37,Microsoft-Windows-WLAN-AutoConfig,4003,None,"WLAN AutoConfig detected limited connectivity, attempting automatic recovery.

Recovery Type: 4
Error Code: 0x0
Trigger Reason: 4
IP Family: 0
"
Information,15-09-2024 09:37,TPM,17,None,The Trusted Platform Module (TPM) hardware failed to execute a TPM command.
Information,15-09-2024 09:37,TPM,17,None,The Trusted Platform Module (TPM) hardware failed to execute a TPM command.
Information,15-09-2024 09:37,TPM,17,None,The Trusted Platform Module (TPM) hardware failed to execute a TPM command.
Information,15-09-2024 09:37,TPM,17,None,The Trusted Platform Module (TPM) hardware failed to execute a TPM command.
Information,15-09-2024 09:37,TPM,17,None,The Trusted Platform Module (TPM) hardware failed to execute a TPM command.
Information,15-09-2024 09:37,TPM,17,None,The Trusted Platform Module (TPM) hardware failed to execute a TPM command.
Warning,15-09-2024 09:37,Microsoft-Windows-DistributedCOM,10016,None,"The application-specific permission settings do not grant Local Activation permission for the COM Server application with CLSID 
{2593F8B9-4EAF-457C-B68A-50F6B8EA6B54}
 and APPID 
{15C20B67-12E7-4BB6-92BB-7AFF07997402}
 to the user INFINITELOOP\HP SID (S-1-5-21-1139039245-4285067927-1271566218-1001) from address LocalHost (Using LRPC) running in the application container Unavailable SID (Unavailable). This security permission can be modified using the Component Services administrative tool."
Warning,15-09-2024 09:37,Microsoft-Windows-DistributedCOM,10016,None,"The application-specific permission settings do not grant Local Activation permission for the COM Server application with CLSID 
{6B3B8D23-FA8D-40B9-8DBD-B950333E2C52}
 and APPID 
{4839DDB7-58C2-48F5-8283-E1D1807D0D7D}
 to the user NT AUTHORITY\LOCAL SERVICE SID (S-1-5-19) from address LocalHost (Using LRPC) running in the application container Unavailable SID (Unavailable). This security permission can be modified using the Component Services administrative tool."
Warning,15-09-2024 09:37,Microsoft-Windows-DistributedCOM,10016,None,"The application-specific permission settings do not grant Local Activation permission for the COM Server application with CLSID 
{6B3B8D23-FA8D-40B9-8DBD-B950333E2C52}
 and APPID 
{4839DDB7-58C2-48F5-8283-E1D1807D0D7D}
 to the user NT AUTHORITY\LOCAL SERVICE SID (S-1-5-19) from address LocalHost (Using LRPC) running in the application container Unavailable SID (Unavailable). This security permission can be modified using the Component Services administrative tool."
Information,15-09-2024 09:37,Microsoft-Windows-Winlogon,7001,-1101,User Logon Notification for Customer Experience Improvement Program
Information,15-09-2024 09:37,BTHUSB,18,None,Windows cannot store Bluetooth authentication codes (link keys) on the local adapter. Bluetooth keyboards might not work in the system BIOS during startup.
Information,15-09-2024 09:37,Microsoft-Windows-Power-Troubleshooter,1,None,"The system has returned from a low power state.

Sleep Time: ‎2024‎-‎09‎-‎14T17:29:45.881748100Z
Wake Time: ‎2024‎-‎09‎-‎15T04:07:25.025404900Z

Wake Source: Unknown"
Warning,15-09-2024 09:37,Microsoft-Windows-Time-Service,134,None,"NtpClient was unable to set a manual peer to use as a time source because of DNS resolution error on 'time.windows.com,0x9'. NtpClient will try again in 15 minutes and double the reattempt interval thereafter. The error was: No such host is known. (0x80072AF9)"
Information,15-09-2024 09:37,Service Control Manager,7040,None,The start type of the Background Intelligent Transfer Service service was changed from demand start to auto start.
Information,15-09-2024 09:37,Microsoft-Windows-Kernel-Power,566,-268,"The system session has transitioned from 9 to 11.

Reason PolicyChange 

BootId: 214"
Information,15-09-2024 09:37,Microsoft-Windows-Kernel-Power,507,-158,"The system is exiting Modern Standby 

Reason: Lid."
Information,15-09-2024 09:37,Microsoft-Windows-Kernel-Power,506,-157,"The system is entering Modern Standby 

Reason: Sleep, Hibernate, or Shutdown."
Information,15-09-2024 09:37,Microsoft-Windows-Kernel-Power,566,-268,"The system session has transitioned from 8 to 9.

Reason SxTransition 

BootId: 214"
Error,15-09-2024 09:37,VBoxNetLwf,12,None,The driver detected an internal driver error on \Device\VBoxNetLwf.
Information,15-09-2024 09:37,Microsoft-Windows-Kernel-Boot,32,-58,The bootmgr spent 0 ms waiting for user input.
Information,15-09-2024 09:37,Microsoft-Windows-Kernel-Boot,18,-57,There are 0x1 boot options on this system.
Information,15-09-2024 09:37,Microsoft-Windows-Kernel-Boot,30,-21,The firmware reported boot metrics.
Warning,15-09-2024 09:37,Win32k,701,None,Power Manager has not requested suppression of all input (INPUT_SUPPRESS_REQUEST=0)
Warning,15-09-2024 09:37,Win32k,701,None,Power Manager has not requested suppression of all input (INPUT_SUPPRESS_REQUEST=0)
Information,15-09-2024 09:37,Microsoft-Windows-Kernel-General,1,-5,"The system time has changed to ‎2024‎-‎09‎-‎15T04:07:24.500000000Z from ‎2024‎-‎09‎-‎14T17:29:50.900493100Z.
Time Delta: 38253599 ms

Change Reason: System time synchronized with the hardware clock.
Process: '' (PID 4).

RTC time: ‎2024‎-‎09‎-‎15T09:37:24.500000000Z
Current time zone bias: -330
RTC time is in UTC: false
System time was based on RTC time: false"
Information,14-09-2024 22:59,Microsoft-Windows-Kernel-Power,107,-102,The system has resumed from sleep.
Warning,14-09-2024 22:59,Win32k,700,None,Power Manager has requested suppression of all input (INPUT_SUPPRESS_REQUEST=1)
Warning,14-09-2024 22:59,Win32k,700,None,Power Manager has requested suppression of all input (INPUT_SUPPRESS_REQUEST=1)
Information,14-09-2024 22:59,Microsoft-Windows-Kernel-Power,42,-64,"The system is entering sleep.

Sleep Reason: Application API"
Information,14-09-2024 22:59,Microsoft-Windows-Kernel-Power,566,-268,"The system session has transitioned from 7 to 8.

Reason PolicyChange 

BootId: 214"
Information,14-09-2024 22:59,Microsoft-Windows-Kernel-Power,187,-243,User-mode process attempted to change the system state by calling SetSuspendState or SetSystemPowerState APIs.
Information,14-09-2024 22:59,Win32k,267,None,Touch/Touchpad Hardware Quality Assurance verification succeeded.
Information,14-09-2024 22:59,Microsoft-Windows-Winlogon,7002,-1102,User Logoff Notification for Customer Experience Improvement Program
Information,14-09-2024 22:59,User32,1074,None,"The process C:\Windows\System32\RuntimeBroker.exe (INFINITELOOP) has initiated the power off of computer INFINITELOOP on behalf of user INFINITELOOP\HP for the following reason: Other (Unplanned)
 Reason Code: 0x0
 Shutdown Type: power off
 Comment: "
Information,14-09-2024 22:42,Service Control Manager,7040,None,The start type of the Background Intelligent Transfer Service service was changed from auto start to demand start.
Information,14-09-2024 22:39,Service Control Manager,7040,None,The start type of the Background Intelligent Transfer Service service was changed from demand start to auto start.
Information,14-09-2024 22:38,TPM,17,None,The Trusted Platform Module (TPM) hardware failed to execute a TPM command.
Information,14-09-2024 22:38,TPM,17,None,The Trusted Platform Module (TPM) hardware failed to execute a TPM command.
Information,14-09-2024 22:38,TPM,17,None,The Trusted Platform Module (TPM) hardware failed to execute a TPM command.
Information,14-09-2024 21:52,Microsoft-Windows-Kernel-General,16,None,The access history in hive \??\C:\Users\HP\AppData\Local\Packages\AmazonVideo.PrimeVideo_pwbj9vvecjh7j\Settings\settings.dat was cleared updating 3 keys and creating 1 modified pages.
Information,14-09-2024 21:41,Microsoft-Windows-WindowsUpdateClient,19,Windows Update Agent,Installation Successful: Windows successfully installed the following update: 9N3RK8ZV2ZR8-Microsoft.WidgetsPlatformRuntime
Information,14-09-2024 21:41,Microsoft-Windows-Kernel-General,16,None,The access history in hive \??\C:\Users\HP\AppData\Local\Packages\Microsoft.WidgetsPlatformRuntime_8wekyb3d8bbwe\Settings\settings.dat was cleared updating 3 keys and creating 1 modified pages.
Information,14-09-2024 21:41,Microsoft-Windows-WindowsUpdateClient,43,Windows Update Agent,Installation Started: Windows has started installing the following update: 9N3RK8ZV2ZR8-Microsoft.WidgetsPlatformRuntime
Information,14-09-2024 21:41,Microsoft-Windows-WindowsUpdateClient,19,Windows Update Agent,Installation Successful: Windows successfully installed the following update: 9WZDNCRFHVQM-MICROSOFT.WINDOWSCOMMUNICATIONSAPPS
Information,14-09-2024 21:41,Microsoft-Windows-Kernel-General,16,None,The access history in hive \??\C:\ProgramData\Microsoft\Windows\AppRepository\Packages\Microsoft.WidgetsPlatformRuntime_1.5.0.0_x64__8wekyb3d8bbwe\ActivationStore.dat was cleared updating 0 keys and creating 0 modified pages.
Information,14-09-2024 21:41,Microsoft-Windows-WindowsUpdateClient,43,Windows Update Agent,Installation Started: Windows has started installing the following update: 9WZDNCRFHVQM-MICROSOFT.WINDOWSCOMMUNICATIONSAPPS
Error,14-09-2024 21:41,Microsoft-Windows-WindowsUpdateClient,20,Windows Update Agent,Installation Failure: Windows failed to install the following update with error 0x80073D02: 9PLFNLNT3G5G-AppUp.IntelGraphicsExperience.
Information,14-09-2024 21:41,Microsoft-Windows-WindowsUpdateClient,43,Windows Update Agent,Installation Started: Windows has started installing the following update: 9PLFNLNT3G5G-AppUp.IntelGraphicsExperience
Information,14-09-2024 21:41,Microsoft-Windows-Kernel-General,16,None,The access history in hive \??\C:\ProgramData\Microsoft\Windows\AppRepository\Packages\AppUp.IntelGraphicsExperience_1.100.5635.0_x64__8j3eq9eme6ctt\ActivationStore.dat was cleared updating 0 keys and creating 0 modified pages.
Information,14-09-2024 21:41,Microsoft-Windows-Kernel-General,16,None,The access history in hive \??\C:\ProgramData\Microsoft\Windows\AppRepository\Packages\microsoft.windowscommunicationsapps_16005.14326.22053.0_x64__8wekyb3d8bbwe\ActivationStore.dat was cleared updating 0 keys and creating 0 modified pages.
Information,14-09-2024 21:40,Microsoft-Windows-Kernel-Power,566,-268,"The system session has transitioned from 6 to 7.

Reason PolicyChange 

BootId: 214"
Information,14-09-2024 21:40,Microsoft-Windows-Kernel-Power,507,-158,"The system is exiting Modern Standby 

Reason: Lid."
Warning,14-09-2024 21:40,Win32k,701,None,Power Manager has not requested suppression of all input (INPUT_SUPPRESS_REQUEST=0)
Warning,14-09-2024 21:40,Win32k,701,None,Power Manager has not requested suppression of all input (INPUT_SUPPRESS_REQUEST=0)
Information,14-09-2024 21:40,Microsoft-Windows-Kernel-Power,566,-268,"The system session has transitioned from 5 to 6.

Reason InputMouse 

BootId: 214"
Information,14-09-2024 21:40,Microsoft-Windows-WindowsUpdateClient,44,Windows Update Agent,Windows Update started downloading an update.
Warning,14-09-2024 21:40,Win32k,700,None,Power Manager has requested suppression of all input (INPUT_SUPPRESS_REQUEST=1)
Warning,14-09-2024 21:40,Win32k,700,None,Power Manager has requested suppression of all input (INPUT_SUPPRESS_REQUEST=1)
Information,14-09-2024 21:40,Microsoft-Windows-Kernel-Power,506,-157,"The system is entering Modern Standby 

Reason: AC/DC Display Burst Suppressed."
Information,14-09-2024 21:40,Microsoft-Windows-Kernel-Power,566,-268,"The system session has transitioned from 4 to 5.

Reason InputMouse 

BootId: 214"
Information,14-09-2024 21:40,Microsoft-Windows-Kernel-Power,507,-158,"The system is exiting Modern Standby 

Reason: AC/DC Display Burst Suppressed."
Information,14-09-2024 21:40,Microsoft-Windows-Kernel-Power,105,-100,Power source change.
Error,14-09-2024 21:40,Microsoft-Windows-DistributedCOM,10010,None,The server {9A4948D9-13FC-4FAC-B60A-FBA6EE0FB11C} did not register with DCOM within the required timeout.
Error,14-09-2024 21:38,Microsoft-Windows-DistributedCOM,10010,None,The server {9A4948D9-13FC-4FAC-B60A-FBA6EE0FB11C} did not register with DCOM within the required timeout.
Error,14-09-2024 21:37,Microsoft-Windows-DistributedCOM,10010,None,The server {338B40F9-9D68-4B53-A793-6B9AA0C5F63B} did not register with DCOM within the required timeout.
Information,14-09-2024 21:36,Microsoft-Windows-WindowsUpdateClient,44,Windows Update Agent,Windows Update started downloading an update.
Error,14-09-2024 21:36,Microsoft-Windows-DistributedCOM,10010,None,The server {9A4948D9-13FC-4FAC-B60A-FBA6EE0FB11C} did not register with DCOM within the required timeout.
Error,14-09-2024 21:34,Microsoft-Windows-DistributedCOM,10010,None,The server {9A4948D9-13FC-4FAC-B60A-FBA6EE0FB11C} did not register with DCOM within the required timeout.
Error,14-09-2024 21:32,Microsoft-Windows-DistributedCOM,10010,None,The server {9A4948D9-13FC-4FAC-B60A-FBA6EE0FB11C} did not register with DCOM within the required timeout.
Error,14-09-2024 21:30,Microsoft-Windows-DistributedCOM,10010,None,The server {9A4948D9-13FC-4FAC-B60A-FBA6EE0FB11C} did not register with DCOM within the required timeout.
Information,14-09-2024 21:28,Microsoft-Windows-WindowsUpdateClient,44,Windows Update Agent,Windows Update started downloading an update.
Information,14-09-2024 21:28,Microsoft-Windows-WindowsUpdateClient,44,Windows Update Agent,Windows Update started downloading an update.
Error,14-09-2024 21:28,Microsoft-Windows-DistributedCOM,10010,None,The server {9A4948D9-13FC-4FAC-B60A-FBA6EE0FB11C} did not register with DCOM within the required timeout.
Error,14-09-2024 21:26,Microsoft-Windows-DistributedCOM,10010,None,The server {9A4948D9-13FC-4FAC-B60A-FBA6EE0FB11C} did not register with DCOM within the required timeout.
Error,14-09-2024 21:24,Microsoft-Windows-DistributedCOM,10010,None,The server {9A4948D9-13FC-4FAC-B60A-FBA6EE0FB11C} did not register with DCOM within the required timeout.
Error,14-09-2024 21:22,Microsoft-Windows-DistributedCOM,10010,None,The server {9A4948D9-13FC-4FAC-B60A-FBA6EE0FB11C} did not register with DCOM within the required timeout.
Information,14-09-2024 21:19,Microsoft-Windows-WindowsUpdateClient,44,Windows Update Agent,Windows Update started downloading an update.
Information,14-09-2024 21:19,Microsoft-Windows-WindowsUpdateClient,44,Windows Update Agent,Windows Update started downloading an update.
Information,14-09-2024 21:19,Microsoft-Windows-WindowsUpdateClient,44,Windows Update Agent,Windows Update started downloading an update.
Information,14-09-2024 21:19,Microsoft-Windows-Kernel-Power,566,-268,"The system session has transitioned from 3 to 4.

Reason PolicyChange 

BootId: 214"
Information,14-09-2024 21:19,Microsoft-Windows-Kernel-Power,506,-157,"The system is entering Modern Standby 

Reason: 16777220."
Information,14-09-2024 21:19,Microsoft-Windows-Kernel-Power,566,-268,"The system session has transitioned from 2 to 3.

Reason 16777220 

BootId: 214"
Information,14-09-2024 21:19,Microsoft-Windows-Kernel-Power,507,-158,"The system is exiting Modern Standby 

Reason: 16777220."
Information,14-09-2024 21:19,Microsoft-Windows-Kernel-Power,566,-268,"The system session has transitioned from 1 to 2.

Reason PolicyChange 

BootId: 214"
Information,14-09-2024 21:19,Microsoft-Windows-Kernel-Power,506,-157,"The system is entering Modern Standby 

Reason: Lid."
Information,14-09-2024 21:19,Microsoft-Windows-Kernel-Power,566,-268,"The system session has transitioned from 0 to 1.

Reason PolicyChange 

BootId: 214"
Information,14-09-2024 21:03,Service Control Manager,7040,None,The start type of the Background Intelligent Transfer Service service was changed from auto start to demand start.
Information,14-09-2024 21:01,Microsoft-Windows-WindowsUpdateClient,19,Windows Update Agent,Installation Successful: Windows successfully installed the following update: 9PKDZBMV1H3T-Microsoft.GetHelp
Information,14-09-2024 21:00,Microsoft-Windows-Kernel-General,16,None,The access history in hive \??\C:\Users\HP\AppData\Local\Packages\Microsoft.GetHelp_8wekyb3d8bbwe\Settings\settings.dat was cleared updating 1 keys and creating 1 modified pages.
Information,14-09-2024 21:00,Microsoft-Windows-WindowsUpdateClient,43,Windows Update Agent,Installation Started: Windows has started installing the following update: 9PKDZBMV1H3T-Microsoft.GetHelp
Information,14-09-2024 21:00,Microsoft-Windows-Kernel-General,16,None,The access history in hive \??\C:\ProgramData\Microsoft\Windows\AppRepository\Packages\Microsoft.GetHelp_10.2407.22431.0_x64__8wekyb3d8bbwe\ActivationStore.dat was cleared updating 0 keys and creating 0 modified pages.
Information,14-09-2024 20:59,Service Control Manager,7040,None,The start type of the Background Intelligent Transfer Service service was changed from demand start to auto start.
Information,14-09-2024 20:59,Microsoft-Windows-WindowsUpdateClient,44,Windows Update Agent,Windows Update started downloading an update.
Information,14-09-2024 20:58,TPM,17,None,The Trusted Platform Module (TPM) hardware failed to execute a TPM command.
Information,14-09-2024 20:58,TPM,17,None,The Trusted Platform Module (TPM) hardware failed to execute a TPM command.
Information,14-09-2024 20:58,TPM,17,None,The Trusted Platform Module (TPM) hardware failed to execute a TPM command.
Information,14-09-2024 20:53,Microsoft-Windows-Time-Service,158,None,The time provider 'VMICTimeProvider' has indicated that the current hardware and operating environment is not supported and has stopped. This behavior is expected for VMICTimeProvider on non-HyperV-guest environments. This may be the expected behavior for the current provider in the current operating environment as well.
Information,14-09-2024 20:36,Microsoft-Windows-Time-Service,158,None,The time provider 'VMICTimeProvider' has indicated that the current hardware and operating environment is not supported and has stopped. This behavior is expected for VMICTimeProvider on non-HyperV-guest environments. This may be the expected behavior for the current provider in the current operating environment as well.
Information,14-09-2024 20:19,Microsoft-Windows-Time-Service,158,None,The time provider 'VMICTimeProvider' has indicated that the current hardware and operating environment is not supported and has stopped. This behavior is expected for VMICTimeProvider on non-HyperV-guest environments. This may be the expected behavior for the current provider in the current operating environment as well.
Information,14-09-2024 20:10,Service Control Manager,7040,None,The start type of the Background Intelligent Transfer Service service was changed from auto start to demand start.
Warning,14-09-2024 20:09,Microsoft-Windows-DistributedCOM,10016,None,"The application-specific permission settings do not grant Local Activation permission for the COM Server application with CLSID 
{2593F8B9-4EAF-457C-B68A-50F6B8EA6B54}
 and APPID 
{15C20B67-12E7-4BB6-92BB-7AFF07997402}
 to the user INFINITELOOP\HP SID (S-1-5-21-1139039245-4285067927-1271566218-1001) from address LocalHost (Using LRPC) running in the application container Unavailable SID (Unavailable). This security permission can be modified using the Component Services administrative tool."
Information,14-09-2024 20:07,Service Control Manager,7040,None,The start type of the Background Intelligent Transfer Service service was changed from demand start to auto start.
Information,14-09-2024 20:06,TPM,17,None,The Trusted Platform Module (TPM) hardware failed to execute a TPM command.
Information,14-09-2024 20:06,TPM,17,None,The Trusted Platform Module (TPM) hardware failed to execute a TPM command.
Information,14-09-2024 20:06,TPM,17,None,The Trusted Platform Module (TPM) hardware failed to execute a TPM command.
Information,14-09-2024 20:02,Microsoft-Windows-Time-Service,158,None,The time provider 'VMICTimeProvider' has indicated that the current hardware and operating environment is not supported and has stopped. This behavior is expected for VMICTimeProvider on non-HyperV-guest environments. This may be the expected behavior for the current provider in the current operating environment as well.
Information,14-09-2024 19:56,Microsoft-Windows-Kernel-General,16,None,The access history in hive \??\C:\Users\HP\AppData\Local\Packages\Microsoft.WindowsTerminal_8wekyb3d8bbwe\SystemAppData\Helium\UserClasses.dat was cleared updating 1 keys and creating 1 modified pages.
Information,14-09-2024 19:56,Microsoft-Windows-Kernel-General,16,None,The access history in hive \??\C:\Users\HP\AppData\Local\Packages\Microsoft.WindowsTerminal_8wekyb3d8bbwe\SystemAppData\Helium\User.dat was cleared updating 1 keys and creating 1 modified pages.
Information,14-09-2024 19:49,TPM,17,None,The Trusted Platform Module (TPM) hardware failed to execute a TPM command.
Warning,14-09-2024 19:49,Microsoft-Windows-DistributedCOM,10016,None,"The application-specific permission settings do not grant Local Activation permission for the COM Server application with CLSID 
{2593F8B9-4EAF-457C-B68A-50F6B8EA6B54}
 and APPID 
{15C20B67-12E7-4BB6-92BB-7AFF07997402}
 to the user INFINITELOOP\HP SID (S-1-5-21-1139039245-4285067927-1271566218-1001) from address LocalHost (Using LRPC) running in the application container MicrosoftWindows.Client.WebExperience_524.23700.10.0_x64__cw5n1h2txyewy SID (Unavailable). This security permission can be modified using the Component Services administrative tool."
Information,14-09-2024 19:49,TPM,17,None,The Trusted Platform Module (TPM) hardware failed to execute a TPM command.
Information,14-09-2024 19:49,TPM,17,None,The Trusted Platform Module (TPM) hardware failed to execute a TPM command.
Information,14-09-2024 19:44,Microsoft-Windows-Time-Service,37,None,"The time provider NtpClient is currently receiving valid time data from time.windows.com,0x9 (ntp.m|0x9|0.0.0.0:123->40.81.94.65:123)."
Information,14-09-2024 19:44,Microsoft-Windows-Time-Service,158,None,The time provider 'VMICTimeProvider' has indicated that the current hardware and operating environment is not supported and has stopped. This behavior is expected for VMICTimeProvider on non-HyperV-guest environments. This may be the expected behavior for the current provider in the current operating environment as well.
Information,14-09-2024 19:44,Microsoft-Windows-Kernel-General,16,None,The access history in hive \??\C:\ProgramData\Microsoft\Provisioning\Microsoft-Desktop-Provisioning-Sequence.dat was cleared updating 0 keys and creating 0 modified pages.
Information,14-09-2024 19:36,Service Control Manager,7040,None,The start type of the Background Intelligent Transfer Service service was changed from auto start to demand start.
Information,14-09-2024 19:34,Service Control Manager,7040,None,The start type of the Background Intelligent Transfer Service service was changed from demand start to auto start.
Information,14-09-2024 19:05,Service Control Manager,7040,None,The start type of the McAfee Scheduled Task - (McAfee-Dynamicappdownloader) service was changed from demand start to disabled.
Information,14-09-2024 19:05,Service Control Manager,7040,None,The start type of the McAfee Scheduled Task - (McAfee Scheduled Task - (mc-sustainability)) service was changed from demand start to disabled.
Information,14-09-2024 19:05,Service Control Manager,7045,None,"A service was installed in the system.

Service Name:  McAfee Scheduled Task - (McAfee-Dynamicappdownloader)
Service File Name:  ""C:\Program Files\McAfee\wps\1.22.200.1\dad\mc-dad.exe""
Service Type:  user mode service
Service Start Type:  demand start
Service Account:  LocalSystem"
Information,14-09-2024 19:05,Service Control Manager,7045,None,"A service was installed in the system.

Service Name:  McAfee Scheduled Task - (McAfee Scheduled Task - (mc-sustainability))
Service File Name:  ""C:\Program Files\McAfee\wps\1.22.200.1\sustainability\mc-sustainability.exe""
Service Type:  user mode service
Service Start Type:  demand start
Service Account:  LocalSystem"
Information,14-09-2024 19:04,Service Control Manager,7040,None,The start type of the Background Intelligent Transfer Service service was changed from auto start to demand start.
Information,14-09-2024 19:02,Service Control Manager,7040,None,The start type of the Microsoft Defender Antivirus Mini-Filter Driver service was changed from boot start to demand start.
Information,14-09-2024 19:02,Microsoft-Windows-FilterManager,1,None,"File System Filter 'WdFilter' (Version 10.0, ‎2046‎-‎12‎-‎28T09:14:16.000000000Z) unloaded successfully."
Information,14-09-2024 19:02,Service Control Manager,7040,None,The start type of the Microsoft Defender Antivirus Boot Driver service was changed from boot start to demand start.
Information,14-09-2024 19:02,Service Control Manager,7040,None,The start type of the Microsoft Defender Antivirus Service service was changed from auto start to demand start.
Information,14-09-2024 19:01,Microsoft-Windows-WindowsUpdateClient,44,Windows Update Agent,Windows Update started downloading an update.
Information,14-09-2024 19:01,TPM,17,None,The Trusted Platform Module (TPM) hardware failed to execute a TPM command.
Information,14-09-2024 19:01,TPM,17,None,The Trusted Platform Module (TPM) hardware failed to execute a TPM command.
Information,14-09-2024 19:01,TPM,17,None,The Trusted Platform Module (TPM) hardware failed to execute a TPM command.
Information,14-09-2024 19:00,Service Control Manager,7045,None,"A service was installed in the system.

Service Name:  MpKsl8da69e10
Service File Name:  C:\ProgramData\Microsoft\Windows Defender\Definition Updates\{AF9424F4-31D6-45A8-A9D6-88B29BBE6005}\MpKslDrv.sys
Service Type:  kernel mode driver
Service Start Type:  demand start
Service Account:  "
Information,14-09-2024 19:00,Microsoft-Windows-FilterManager,6,None,"File System Filter 'WdFilter' (10.0, ‎2046‎-‎12‎-‎28T09:14:16.000000000Z) has successfully loaded and registered with Filter Manager."
Information,14-09-2024 19:00,Service Control Manager,7040,None,The start type of the Microsoft Defender Antivirus Boot Driver service was changed from demand start to boot start.
Information,14-09-2024 19:00,Service Control Manager,7040,None,The start type of the Microsoft Defender Antivirus Mini-Filter Driver service was changed from demand start to boot start.
Information,14-09-2024 19:00,Service Control Manager,7040,None,The start type of the Microsoft Defender Antivirus Service service was changed from demand start to auto start.
Warning,14-09-2024 19:00,Microsoft-Windows-DistributedCOM,10016,None,"The application-specific permission settings do not grant Local Activation permission for the COM Server application with CLSID 
{2593F8B9-4EAF-457C-B68A-50F6B8EA6B54}
 and APPID 
{15C20B67-12E7-4BB6-92BB-7AFF07997402}
 to the user INFINITELOOP\HP SID (S-1-5-21-1139039245-4285067927-1271566218-1001) from address LocalHost (Using LRPC) running in the application container Unavailable SID (Unavailable). This security permission can be modified using the Component Services administrative tool."
Warning,14-09-2024 18:59,Microsoft-Windows-DistributedCOM,10016,None,"The application-specific permission settings do not grant Local Launch permission for the COM Server application with CLSID 
Windows.SecurityCenter.WscBrokerManager
 and APPID 
Unavailable
 to the user NT AUTHORITY\SYSTEM SID (S-1-5-18) from address LocalHost (Using LRPC) running in the application container Unavailable SID (Unavailable). This security permission can be modified using the Component Services administrative tool."
Warning,14-09-2024 18:59,Microsoft-Windows-DistributedCOM,10016,None,"The application-specific permission settings do not grant Local Launch permission for the COM Server application with CLSID 
Windows.SecurityCenter.SecurityAppBroker
 and APPID 
Unavailable
 to the user NT AUTHORITY\SYSTEM SID (S-1-5-18) from address LocalHost (Using LRPC) running in the application container Unavailable SID (Unavailable). This security permission can be modified using the Component Services administrative tool."
Warning,14-09-2024 18:59,Microsoft-Windows-Kernel-Processor-Power,37,-7,The speed of processor 7 in group 0 is being limited by system firmware. The processor has been in this reduced performance state for 71 seconds since the last report.
Warning,14-09-2024 18:59,Microsoft-Windows-Kernel-Processor-Power,37,-7,The speed of processor 1 in group 0 is being limited by system firmware. The processor has been in this reduced performance state for 71 seconds since the last report.
Warning,14-09-2024 18:59,Microsoft-Windows-Kernel-Processor-Power,37,-7,The speed of processor 5 in group 0 is being limited by system firmware. The processor has been in this reduced performance state for 71 seconds since the last report.
Warning,14-09-2024 18:59,Microsoft-Windows-Kernel-Processor-Power,37,-7,The speed of processor 3 in group 0 is being limited by system firmware. The processor has been in this reduced performance state for 71 seconds since the last report.
Warning,14-09-2024 18:59,Microsoft-Windows-Kernel-Processor-Power,37,-7,The speed of processor 4 in group 0 is being limited by system firmware. The processor has been in this reduced performance state for 71 seconds since the last report.
Warning,14-09-2024 18:59,Microsoft-Windows-Kernel-Processor-Power,37,-7,The speed of processor 6 in group 0 is being limited by system firmware. The processor has been in this reduced performance state for 71 seconds since the last report.
Warning,14-09-2024 18:59,Microsoft-Windows-Kernel-Processor-Power,37,-7,The speed of processor 2 in group 0 is being limited by system firmware. The processor has been in this reduced performance state for 71 seconds since the last report.
Warning,14-09-2024 18:59,Microsoft-Windows-Kernel-Processor-Power,37,-7,The speed of processor 0 in group 0 is being limited by system firmware. The processor has been in this reduced performance state for 71 seconds since the last report.
Information,14-09-2024 18:58,TPM,17,None,The Trusted Platform Module (TPM) hardware failed to execute a TPM command.
Information,14-09-2024 18:58,TPM,17,None,The Trusted Platform Module (TPM) hardware failed to execute a TPM command.
Information,14-09-2024 18:58,TPM,17,None,The Trusted Platform Module (TPM) hardware failed to execute a TPM command.
