Information,16-09-2024 10:35,TPM,17,None,The Trusted Platform Module (TPM) hardware failed to execute a TPM command.
Information,16-09-2024 10:35,TPM,17,None,The Trusted Platform Module (TPM) hardware failed to execute a TPM command.
Information,16-09-2024 10:35,Microsoft-Windows-Kernel-General,16,None,The access history in hive \??\C:\ProgramData\Packages\Microsoft.OutlookForWindows_8wekyb3d8bbwe\S-1-5-21-1139039245-4285067927-1271566218-1001\SystemAppData\Helium\Cache\3ad932f3a1f307de_COM15.dat was cleared updating 1 keys and creating 1 modified pages.
Information,16-09-2024 10:30,Volsnap,33,None,The oldest shadow copy of volume C: was deleted to keep disk space usage for shadow copies of volume C: below the user defined limit.
Information,16-09-2024 10:29,TPM,17,None,The Trusted Platform Module (TPM) hardware failed to execute a TPM command.
Information,16-09-2024 10:29,TPM,17,None,The Trusted Platform Module (TPM) hardware failed to execute a TPM command.
Information,16-09-2024 10:29,TPM,17,None,The Trusted Platform Module (TPM) hardware failed to execute a TPM command.
Information,16-09-2024 10:07,Service Control Manager,7040,None,The start type of the Background Intelligent Transfer Service service was changed from auto start to demand start.
Information,16-09-2024 10:05,Service Control Manager,7040,None,The start type of the Background Intelligent Transfer Service service was changed from demand start to auto start.
Warning,16-09-2024 10:03,Microsoft-Windows-DistributedCOM,10016,None,"The application-specific permission settings do not grant Local Activation permission for the COM Server application with CLSID 
{2593F8B9-4EAF-457C-B68A-50F6B8EA6B54}
 and APPID 
{15C20B67-12E7-4BB6-92BB-7AFF07997402}
 to the user INFINITELOOP\HP SID (S-1-5-21-1139039245-4285067927-1271566218-1001) from address LocalHost (Using LRPC) running in the application container Unavailable SID (Unavailable). This security permission can be modified using the Component Services administrative tool."
Information,16-09-2024 10:03,TPM,17,None,The Trusted Platform Module (TPM) hardware failed to execute a TPM command.
Information,16-09-2024 10:03,TPM,17,None,The Trusted Platform Module (TPM) hardware failed to execute a TPM command.
Information,16-09-2024 10:03,TPM,17,None,The Trusted Platform Module (TPM) hardware failed to execute a TPM command.
Information,16-09-2024 09:53,Service Control Manager,7040,None,The start type of the McAfee Scheduled Task - (McAfee Scheduled Task - (mc-sustainability)) service was changed from demand start to disabled.
Information,16-09-2024 09:53,Service Control Manager,7045,None,"A service was installed in the system.

Service Name:  McAfee Scheduled Task - (McAfee Scheduled Task - (mc-sustainability))
Service File Name:  ""C:\Program Files\McAfee\wps\1.22.200.1\sustainability\mc-sustainability.exe""
Service Type:  user mode service
Service Start Type:  demand start
Service Account:  LocalSystem"
Information,16-09-2024 09:53,Microsoft-Windows-Kernel-Power,105,-100,Power source change.
Warning,16-09-2024 09:40,Microsoft-Windows-DistributedCOM,10016,None,"The application-specific permission settings do not grant Local Activation permission for the COM Server application with CLSID 
{2593F8B9-4EAF-457C-B68A-50F6B8EA6B54}
 and APPID 
{15C20B67-12E7-4BB6-92BB-7AFF07997402}
 to the user INFINITELOOP\HP SID (S-1-5-21-1139039245-4285067927-1271566218-1001) from address LocalHost (Using LRPC) running in the application container Unavailable SID (Unavailable). This security permission can be modified using the Component Services administrative tool."
Information,16-09-2024 09:40,TPM,17,None,The Trusted Platform Module (TPM) hardware failed to execute a TPM command.
Information,16-09-2024 09:40,TPM,17,None,The Trusted Platform Module (TPM) hardware failed to execute a TPM command.
Information,16-09-2024 09:40,TPM,17,None,The Trusted Platform Module (TPM) hardware failed to execute a TPM command.
Information,16-09-2024 09:16,TPM,17,None,The Trusted Platform Module (TPM) hardware failed to execute a TPM command.
Information,16-09-2024 09:16,TPM,17,None,The Trusted Platform Module (TPM) hardware failed to execute a TPM command.
Information,16-09-2024 09:16,TPM,17,None,The Trusted Platform Module (TPM) hardware failed to execute a TPM command.
Information,16-09-2024 09:03,Service Control Manager,7040,None,The start type of the Background Intelligent Transfer Service service was changed from auto start to demand start.
Information,16-09-2024 09:01,Service Control Manager,7040,None,The start type of the Background Intelligent Transfer Service service was changed from demand start to auto start.
Information,16-09-2024 08:59,Service Control Manager,7040,None,The start type of the Background Intelligent Transfer Service service was changed from auto start to demand start.
Information,16-09-2024 08:58,Microsoft-Windows-Kernel-General,16,None,The access history in hive \??\C:\Users\HP\AppData\Local\Packages\MicrosoftWindows.Client.WebExperience_cw5n1h2txyewy\Settings\settings.dat was cleared updating 6 keys and creating 1 modified pages.
Information,16-09-2024 08:58,Microsoft-Windows-Kernel-General,16,None,The access history in hive \??\C:\Users\HP\AppData\Local\Packages\5319275A.WhatsAppDesktop_cv1g1gvanyjgm\Settings\settings.dat was cleared updating 2 keys and creating 1 modified pages.
Information,16-09-2024 08:56,Microsoft-Windows-Kernel-General,1,-5,"The system time has changed to ‎2024‎-‎09‎-‎16T03:26:52.545389500Z from ‎2024‎-‎09‎-‎16T03:26:52.543754200Z.
Time Delta: 1 ms

Change Reason: An application or system component changed the time.
Process: '\Device\HarddiskVolume3\Windows\System32\svchost.exe' (PID 1652).

RTC time: ‎2024‎-‎09‎-‎16T08:56:52.545389500Z
Current time zone bias: -330
RTC time is in UTC: false
System time was based on RTC time: false"
Information,16-09-2024 08:56,Microsoft-Windows-Kernel-General,24,-11,The time zone information was refreshed with exit reason 0. Current time zone bias is -330.
Information,16-09-2024 08:56,Microsoft-Windows-Time-Service,35,None,"The time service is now synchronizing the system time with the time source time.windows.com,0x9 (ntp.m|0x9|0.0.0.0:123->40.81.94.65:123) with reference id 1096700200. Current local stratum number is 4."
Warning,16-09-2024 08:56,Microsoft-Windows-DistributedCOM,10016,None,"The application-specific permission settings do not grant Local Activation permission for the COM Server application with CLSID 
{2593F8B9-4EAF-457C-B68A-50F6B8EA6B54}
 and APPID 
{15C20B67-12E7-4BB6-92BB-7AFF07997402}
 to the user INFINITELOOP\HP SID (S-1-5-21-1139039245-4285067927-1271566218-1001) from address LocalHost (Using LRPC) running in the application container Unavailable SID (Unavailable). This security permission can be modified using the Component Services administrative tool."
Information,16-09-2024 08:56,Service Control Manager,7040,None,The start type of the McAfee Scheduled Task - (McAfee-Dynamicappdownloader) service was changed from demand start to disabled.
Information,16-09-2024 08:56,TPM,17,None,The Trusted Platform Module (TPM) hardware failed to execute a TPM command.
Information,16-09-2024 08:56,TPM,17,None,The Trusted Platform Module (TPM) hardware failed to execute a TPM command.
Information,16-09-2024 08:56,TPM,17,None,The Trusted Platform Module (TPM) hardware failed to execute a TPM command.
Warning,16-09-2024 08:56,Microsoft-Windows-DistributedCOM,10016,None,"The application-specific permission settings do not grant Local Activation permission for the COM Server application with CLSID 
{2593F8B9-4EAF-457C-B68A-50F6B8EA6B54}
 and APPID 
{15C20B67-12E7-4BB6-92BB-7AFF07997402}
 to the user INFINITELOOP\HP SID (S-1-5-21-1139039245-4285067927-1271566218-1001) from address LocalHost (Using LRPC) running in the application container MSTeams_24215.1007.3082.1590_x64__8wekyb3d8bbwe SID (Unavailable). This security permission can be modified using the Component Services administrative tool."
Information,16-09-2024 08:56,Microsoft-Windows-Time-Service,37,None,"The time provider NtpClient is currently receiving valid time data from time.windows.com,0x9 (ntp.m|0x9|0.0.0.0:123->40.81.94.65:123)."
Information,16-09-2024 08:56,TPM,17,None,The Trusted Platform Module (TPM) hardware failed to execute a TPM command.
Information,16-09-2024 08:56,TPM,17,None,The Trusted Platform Module (TPM) hardware failed to execute a TPM command.
Information,16-09-2024 08:56,TPM,17,None,The Trusted Platform Module (TPM) hardware failed to execute a TPM command.
Information,16-09-2024 08:56,Service Control Manager,7045,None,"A service was installed in the system.

Service Name:  McAfee Scheduled Task - (McAfee-Dynamicappdownloader)
Service File Name:  ""C:\Program Files\McAfee\wps\1.22.200.1\dad\mc-dad.exe""
Service Type:  user mode service
Service Start Type:  demand start
Service Account:  LocalSystem"
Information,16-09-2024 08:56,Microsoft-Windows-Kernel-General,16,None,The access history in hive \??\C:\Users\HP\AppData\Local\Packages\AppUp.IntelGraphicsExperience_8j3eq9eme6ctt\SystemAppData\Helium\UserClasses.dat was cleared updating 1 keys and creating 1 modified pages.
Information,16-09-2024 08:56,Microsoft-Windows-Kernel-General,16,None,The access history in hive \??\C:\Users\HP\AppData\Local\Packages\AppUp.IntelGraphicsExperience_8j3eq9eme6ctt\SystemAppData\Helium\User.dat was cleared updating 7 keys and creating 1 modified pages.
Information,16-09-2024 08:56,TPM,17,None,The Trusted Platform Module (TPM) hardware failed to execute a TPM command.
Information,16-09-2024 08:56,TPM,17,None,The Trusted Platform Module (TPM) hardware failed to execute a TPM command.
Information,16-09-2024 08:56,TPM,17,None,The Trusted Platform Module (TPM) hardware failed to execute a TPM command.
Information,16-09-2024 08:56,Microsoft-Windows-Kernel-General,16,None,The access history in hive \??\C:\Users\HP\AppData\Local\Packages\MicrosoftWindows.CrossDevice_cw5n1h2txyewy\Settings\settings.dat was cleared updating 26 keys and creating 3 modified pages.
Information,16-09-2024 08:56,Microsoft-Windows-Kernel-General,16,None,The access history in hive \??\C:\Users\HP\AppData\Local\Packages\MicrosoftWindows.CrossDevice_cw5n1h2txyewy\SystemAppData\Helium\UserClasses.dat was cleared updating 1 keys and creating 1 modified pages.
Information,16-09-2024 08:56,Microsoft-Windows-Kernel-General,16,None,The access history in hive \??\C:\Users\HP\AppData\Local\Packages\MicrosoftWindows.CrossDevice_cw5n1h2txyewy\SystemAppData\Helium\User.dat was cleared updating 1 keys and creating 1 modified pages.
Information,16-09-2024 08:56,Microsoft-Windows-Kernel-General,16,None,The access history in hive \??\C:\Users\HP\AppData\Local\Packages\AD2F1837.myHP_v10z8vjag6ke6\Settings\settings.dat was cleared updating 2 keys and creating 1 modified pages.
Information,16-09-2024 08:56,Microsoft-Windows-Kernel-General,16,None,The access history in hive \??\C:\ProgramData\Packages\AD2F1837.myHP_v10z8vjag6ke6\S-1-5-21-1139039245-4285067927-1271566218-1001\SystemAppData\Helium\Cache\42274c55e9d80065_COM15.dat was cleared updating 1 keys and creating 1 modified pages.
Information,16-09-2024 08:56,Microsoft-Windows-Kernel-General,16,None,The access history in hive \??\C:\Users\HP\AppData\Local\Packages\AD2F1837.myHP_v10z8vjag6ke6\SystemAppData\Helium\UserClasses.dat was cleared updating 1 keys and creating 1 modified pages.
Information,16-09-2024 08:56,Microsoft-Windows-Kernel-General,16,None,The access history in hive \??\C:\Users\HP\AppData\Local\Packages\AD2F1837.myHP_v10z8vjag6ke6\SystemAppData\Helium\User.dat was cleared updating 5 keys and creating 1 modified pages.
Information,16-09-2024 08:56,TPM,17,None,The Trusted Platform Module (TPM) hardware failed to execute a TPM command.
Information,16-09-2024 08:56,TPM,17,None,The Trusted Platform Module (TPM) hardware failed to execute a TPM command.
Information,16-09-2024 08:56,TPM,17,None,The Trusted Platform Module (TPM) hardware failed to execute a TPM command.
Information,16-09-2024 08:56,Microsoft-Windows-Kernel-General,16,None,The access history in hive \??\C:\Users\HP\AppData\Local\Packages\SpotifyAB.SpotifyMusic_zpdnekdrzrea0\SystemAppData\Helium\UserClasses.dat was cleared updating 15 keys and creating 3 modified pages.
Information,16-09-2024 08:56,Microsoft-Windows-Kernel-General,16,None,The access history in hive \??\C:\Users\HP\AppData\Local\Packages\SpotifyAB.SpotifyMusic_zpdnekdrzrea0\SystemAppData\Helium\User.dat was cleared updating 23 keys and creating 4 modified pages.
Warning,16-09-2024 08:56,Microsoft-Windows-DistributedCOM,10016,None,"The application-specific permission settings do not grant Local Activation permission for the COM Server application with CLSID 
{2593F8B9-4EAF-457C-B68A-50F6B8EA6B54}
 and APPID 
{15C20B67-12E7-4BB6-92BB-7AFF07997402}
 to the user INFINITELOOP\HP SID (S-1-5-21-1139039245-4285067927-1271566218-1001) from address LocalHost (Using LRPC) running in the application container Unavailable SID (Unavailable). This security permission can be modified using the Component Services administrative tool."
Information,16-09-2024 08:56,Microsoft-Windows-Kernel-General,16,None,The access history in hive \??\C:\Users\HP\AppData\Local\Packages\Microsoft.Windows.ShellExperienceHost_cw5n1h2txyewy\Settings\settings.dat was cleared updating 2 keys and creating 1 modified pages.
Information,16-09-2024 08:56,Service Control Manager,7040,None,The start type of the Background Intelligent Transfer Service service was changed from demand start to auto start.
Information,16-09-2024 08:55,Microsoft-Windows-Kernel-General,16,None,The access history in hive \??\C:\Users\HP\AppData\Local\Packages\Microsoft.Windows.StartMenuExperienceHost_cw5n1h2txyewy\Settings\settings.dat was cleared updating 10 keys and creating 1 modified pages.
Information,16-09-2024 08:55,Microsoft-Windows-Kernel-General,16,None,The access history in hive \??\C:\Users\HP\AppData\Local\Packages\MicrosoftWindows.Client.CBS_cw5n1h2txyewy\Settings\settings.dat was cleared updating 16 keys and creating 5 modified pages.
Information,16-09-2024 08:55,Microsoft-Windows-Kernel-General,16,None,The access history in hive \??\C:\Users\HP\AppData\Local\Packages\MicrosoftWindows.Client.WebExperience_cw5n1h2txyewy\SystemAppData\Helium\UserClasses.dat was cleared updating 17 keys and creating 4 modified pages.
Information,16-09-2024 08:55,Microsoft-Windows-Kernel-General,16,None,The access history in hive \??\C:\Users\HP\AppData\Local\Packages\MicrosoftWindows.Client.WebExperience_cw5n1h2txyewy\SystemAppData\Helium\User.dat was cleared updating 37 keys and creating 5 modified pages.
Warning,16-09-2024 08:55,Microsoft-Windows-DistributedCOM,10016,None,"The application-specific permission settings do not grant Local Activation permission for the COM Server application with CLSID 
{6B3B8D23-FA8D-40B9-8DBD-B950333E2C52}
 and APPID 
{4839DDB7-58C2-48F5-8283-E1D1807D0D7D}
 to the user NT AUTHORITY\LOCAL SERVICE SID (S-1-5-19) from address LocalHost (Using LRPC) running in the application container Unavailable SID (Unavailable). This security permission can be modified using the Component Services administrative tool."
Warning,16-09-2024 08:55,Microsoft-Windows-DistributedCOM,10016,None,"The application-specific permission settings do not grant Local Activation permission for the COM Server application with CLSID 
{6B3B8D23-FA8D-40B9-8DBD-B950333E2C52}
 and APPID 
{4839DDB7-58C2-48F5-8283-E1D1807D0D7D}
 to the user NT AUTHORITY\LOCAL SERVICE SID (S-1-5-19) from address LocalHost (Using LRPC) running in the application container Unavailable SID (Unavailable). This security permission can be modified using the Component Services administrative tool."
Information,16-09-2024 08:55,Microsoft-Windows-Kernel-General,15,-10,Hive \??\C:\Users\HP\AppData\Local\Microsoft\Windows\UsrClass.dat was reorganized with a starting size of 10096640 bytes and an ending size of 10047488 bytes.
Information,16-09-2024 08:55,Microsoft-Windows-Kernel-General,15,-10,Hive \??\C:\Users\HP\ntuser.dat was reorganized with a starting size of 19427328 bytes and an ending size of 17539072 bytes.
Information,16-09-2024 08:55,Microsoft-Windows-Power-Troubleshooter,1,None,"The system has returned from a low power state.

Sleep Time: ‎2024‎-‎09‎-‎15T18:14:47.258262600Z
Wake Time: ‎2024‎-‎09‎-‎16T03:25:51.030153100Z

Wake Source: Unknown"
Information,16-09-2024 08:55,Microsoft-Windows-Winlogon,7001,-1101,User Logon Notification for Customer Experience Improvement Program
Information,16-09-2024 08:55,BTHUSB,18,None,Windows cannot store Bluetooth authentication codes (link keys) on the local adapter. Bluetooth keyboards might not work in the system BIOS during startup.
Warning,16-09-2024 08:55,Microsoft-Windows-Time-Service,134,None,"NtpClient was unable to set a manual peer to use as a time source because of DNS resolution error on 'time.windows.com,0x9'. NtpClient will try again in 15 minutes and double the reattempt interval thereafter. The error was: No such host is known. (0x80072AF9)"
Information,16-09-2024 08:55,Microsoft-Windows-Kernel-Power,566,-268,"The system session has transitioned from 34 to 36.

Reason PolicyChange 

BootId: 214"
Information,16-09-2024 08:55,Microsoft-Windows-Kernel-Power,507,-158,"The system is exiting Modern Standby 

Reason: Lid."
Error,16-09-2024 08:55,VBoxNetLwf,12,None,The driver detected an internal driver error on \Device\VBoxNetLwf.
Information,16-09-2024 08:55,Microsoft-Windows-Kernel-Power,506,-157,"The system is entering Modern Standby 

Reason: Sleep, Hibernate, or Shutdown."
Information,16-09-2024 08:55,Microsoft-Windows-Kernel-Power,566,-268,"The system session has transitioned from 33 to 34.

Reason SxTransition 

BootId: 214"
Information,16-09-2024 08:55,Microsoft-Windows-Kernel-Boot,32,-58,The bootmgr spent 0 ms waiting for user input.
Information,16-09-2024 08:55,Microsoft-Windows-Kernel-Boot,18,-57,There are 0x1 boot options on this system.
Information,16-09-2024 08:55,Microsoft-Windows-Kernel-Boot,30,-21,The firmware reported boot metrics.
Information,16-09-2024 08:55,Microsoft-Windows-Kernel-Power,105,-100,Power source change.
Information,16-09-2024 08:55,Microsoft-Windows-Kernel-General,1,-5,"The system time has changed to ‎2024‎-‎09‎-‎16T03:25:50.500000000Z from ‎2024‎-‎09‎-‎15T18:14:52.130384200Z.
Time Delta: 33058369 ms

Change Reason: System time synchronized with the hardware clock.
Process: '' (PID 4).

RTC time: ‎2024‎-‎09‎-‎16T08:55:50.500000000Z
Current time zone bias: -330
RTC time is in UTC: false
System time was based on RTC time: false"
Information,15-09-2024 23:44,Microsoft-Windows-Kernel-Power,107,-102,The system has resumed from sleep.
Information,15-09-2024 23:44,Microsoft-Windows-Kernel-Power,42,-64,"The system is entering sleep.

Sleep Reason: Application API"
Information,15-09-2024 23:44,Microsoft-Windows-Kernel-Power,566,-268,"The system session has transitioned from 32 to 33.

Reason PolicyChange 

BootId: 214"
Information,15-09-2024 23:44,Microsoft-Windows-Kernel-Power,187,-243,User-mode process attempted to change the system state by calling SetSuspendState or SetSystemPowerState APIs.
Information,15-09-2024 23:44,Win32k,267,None,Touch/Touchpad Hardware Quality Assurance verification succeeded.
Information,15-09-2024 23:44,Microsoft-Windows-Winlogon,7002,-1102,User Logoff Notification for Customer Experience Improvement Program
Warning,15-09-2024 23:44,Microsoft-Windows-DistributedCOM,10016,None,"The application-specific permission settings do not grant Local Activation permission for the COM Server application with CLSID 
{2593F8B9-4EAF-457C-B68A-50F6B8EA6B54}
 and APPID 
{15C20B67-12E7-4BB6-92BB-7AFF07997402}
 to the user INFINITELOOP\HP SID (S-1-5-21-1139039245-4285067927-1271566218-1001) from address LocalHost (Using LRPC) running in the application container Unavailable SID (Unavailable). This security permission can be modified using the Component Services administrative tool."
Information,15-09-2024 23:43,TPM,17,None,The Trusted Platform Module (TPM) hardware failed to execute a TPM command.
Information,15-09-2024 23:43,TPM,17,None,The Trusted Platform Module (TPM) hardware failed to execute a TPM command.
Information,15-09-2024 23:43,TPM,17,None,The Trusted Platform Module (TPM) hardware failed to execute a TPM command.
Information,15-09-2024 23:43,TPM,17,None,The Trusted Platform Module (TPM) hardware failed to execute a TPM command.
Information,15-09-2024 23:43,TPM,17,None,The Trusted Platform Module (TPM) hardware failed to execute a TPM command.
Information,15-09-2024 23:43,TPM,17,None,The Trusted Platform Module (TPM) hardware failed to execute a TPM command.
Warning,15-09-2024 23:35,Microsoft-Windows-DistributedCOM,10016,None,"The application-specific permission settings do not grant Local Activation permission for the COM Server application with CLSID 
{2593F8B9-4EAF-457C-B68A-50F6B8EA6B54}
 and APPID 
{15C20B67-12E7-4BB6-92BB-7AFF07997402}
 to the user INFINITELOOP\HP SID (S-1-5-21-1139039245-4285067927-1271566218-1001) from address LocalHost (Using LRPC) running in the application container Unavailable SID (Unavailable). This security permission can be modified using the Component Services administrative tool."
Warning,15-09-2024 23:13,Microsoft-Windows-DistributedCOM,10016,None,"The application-specific permission settings do not grant Local Activation permission for the COM Server application with CLSID 
{2593F8B9-4EAF-457C-B68A-50F6B8EA6B54}
 and APPID 
{15C20B67-12E7-4BB6-92BB-7AFF07997402}
 to the user INFINITELOOP\HP SID (S-1-5-21-1139039245-4285067927-1271566218-1001) from address LocalHost (Using LRPC) running in the application container Unavailable SID (Unavailable). This security permission can be modified using the Component Services administrative tool."
Information,15-09-2024 23:13,TPM,17,None,The Trusted Platform Module (TPM) hardware failed to execute a TPM command.
Information,15-09-2024 23:13,TPM,17,None,The Trusted Platform Module (TPM) hardware failed to execute a TPM command.
Information,15-09-2024 23:13,TPM,17,None,The Trusted Platform Module (TPM) hardware failed to execute a TPM command.
Warning,15-09-2024 23:03,Microsoft-Windows-DistributedCOM,10016,None,"The application-specific permission settings do not grant Local Activation permission for the COM Server application with CLSID 
{2593F8B9-4EAF-457C-B68A-50F6B8EA6B54}
 and APPID 
{15C20B67-12E7-4BB6-92BB-7AFF07997402}
 to the user INFINITELOOP\HP SID (S-1-5-21-1139039245-4285067927-1271566218-1001) from address LocalHost (Using LRPC) running in the application container Unavailable SID (Unavailable). This security permission can be modified using the Component Services administrative tool."
Information,15-09-2024 23:03,Service Control Manager,7040,None,The start type of the Background Intelligent Transfer Service service was changed from auto start to demand start.
Information,15-09-2024 23:02,TPM,17,None,The Trusted Platform Module (TPM) hardware failed to execute a TPM command.
Information,15-09-2024 23:02,TPM,17,None,The Trusted Platform Module (TPM) hardware failed to execute a TPM command.
Information,15-09-2024 23:02,TPM,17,None,The Trusted Platform Module (TPM) hardware failed to execute a TPM command.
Information,15-09-2024 23:00,Service Control Manager,7040,None,The start type of the Background Intelligent Transfer Service service was changed from demand start to auto start.
Information,15-09-2024 22:59,TPM,17,None,The Trusted Platform Module (TPM) hardware failed to execute a TPM command.
Information,15-09-2024 22:59,TPM,17,None,The Trusted Platform Module (TPM) hardware failed to execute a TPM command.
Information,15-09-2024 22:59,TPM,17,None,The Trusted Platform Module (TPM) hardware failed to execute a TPM command.
Warning,15-09-2024 22:48,Microsoft-Windows-DistributedCOM,10016,None,"The application-specific permission settings do not grant Local Activation permission for the COM Server application with CLSID 
{2593F8B9-4EAF-457C-B68A-50F6B8EA6B54}
 and APPID 
{15C20B67-12E7-4BB6-92BB-7AFF07997402}
 to the user INFINITELOOP\HP SID (S-1-5-21-1139039245-4285067927-1271566218-1001) from address LocalHost (Using LRPC) running in the application container Unavailable SID (Unavailable). This security permission can be modified using the Component Services administrative tool."
Information,15-09-2024 22:48,Service Control Manager,7040,None,The start type of the Background Intelligent Transfer Service service was changed from auto start to demand start.
Information,15-09-2024 22:46,Service Control Manager,7040,None,The start type of the Background Intelligent Transfer Service service was changed from demand start to auto start.
Information,15-09-2024 22:45,TPM,17,None,The Trusted Platform Module (TPM) hardware failed to execute a TPM command.
Information,15-09-2024 22:45,TPM,17,None,The Trusted Platform Module (TPM) hardware failed to execute a TPM command.
Information,15-09-2024 22:45,TPM,17,None,The Trusted Platform Module (TPM) hardware failed to execute a TPM command.
Warning,15-09-2024 22:35,Microsoft-Windows-DistributedCOM,10016,None,"The application-specific permission settings do not grant Local Activation permission for the COM Server application with CLSID 
{2593F8B9-4EAF-457C-B68A-50F6B8EA6B54}
 and APPID 
{15C20B67-12E7-4BB6-92BB-7AFF07997402}
 to the user INFINITELOOP\HP SID (S-1-5-21-1139039245-4285067927-1271566218-1001) from address LocalHost (Using LRPC) running in the application container Unavailable SID (Unavailable). This security permission can be modified using the Component Services administrative tool."
Information,15-09-2024 22:16,Service Control Manager,7040,None,The start type of the Background Intelligent Transfer Service service was changed from auto start to demand start.
Information,15-09-2024 22:13,Service Control Manager,7040,None,The start type of the Background Intelligent Transfer Service service was changed from demand start to auto start.
Information,15-09-2024 22:12,TPM,17,None,The Trusted Platform Module (TPM) hardware failed to execute a TPM command.
Information,15-09-2024 22:12,TPM,17,None,The Trusted Platform Module (TPM) hardware failed to execute a TPM command.
Information,15-09-2024 22:12,TPM,17,None,The Trusted Platform Module (TPM) hardware failed to execute a TPM command.
Warning,15-09-2024 22:12,Microsoft-Windows-DistributedCOM,10016,None,"The application-specific permission settings do not grant Local Activation permission for the COM Server application with CLSID 
{2593F8B9-4EAF-457C-B68A-50F6B8EA6B54}
 and APPID 
{15C20B67-12E7-4BB6-92BB-7AFF07997402}
 to the user INFINITELOOP\HP SID (S-1-5-21-1139039245-4285067927-1271566218-1001) from address LocalHost (Using LRPC) running in the application container Unavailable SID (Unavailable). This security permission can be modified using the Component Services administrative tool."
Information,15-09-2024 22:03,Service Control Manager,7040,None,The start type of the Background Intelligent Transfer Service service was changed from auto start to demand start.
Information,15-09-2024 22:01,Service Control Manager,7040,None,The start type of the Background Intelligent Transfer Service service was changed from demand start to auto start.
Information,15-09-2024 22:00,Service Control Manager,7040,None,The start type of the Background Intelligent Transfer Service service was changed from auto start to demand start.
Warning,15-09-2024 22:00,Microsoft-Windows-DistributedCOM,10016,None,"The application-specific permission settings do not grant Local Activation permission for the COM Server application with CLSID 
{2593F8B9-4EAF-457C-B68A-50F6B8EA6B54}
 and APPID 
{15C20B67-12E7-4BB6-92BB-7AFF07997402}
 to the user INFINITELOOP\HP SID (S-1-5-21-1139039245-4285067927-1271566218-1001) from address LocalHost (Using LRPC) running in the application container Unavailable SID (Unavailable). This security permission can be modified using the Component Services administrative tool."
Information,15-09-2024 22:00,TPM,17,None,The Trusted Platform Module (TPM) hardware failed to execute a TPM command.
Information,15-09-2024 22:00,TPM,17,None,The Trusted Platform Module (TPM) hardware failed to execute a TPM command.
Information,15-09-2024 22:00,TPM,17,None,The Trusted Platform Module (TPM) hardware failed to execute a TPM command.
Information,15-09-2024 21:59,Service Control Manager,7040,None,The start type of the McAfee Scheduled Task - (McAfee-Dynamicappdownloader) service was changed from demand start to disabled.
Information,15-09-2024 21:59,Service Control Manager,7045,None,"A service was installed in the system.

Service Name:  McAfee Scheduled Task - (McAfee-Dynamicappdownloader)
Service File Name:  ""C:\Program Files\McAfee\wps\1.22.200.1\dad\mc-dad.exe""
Service Type:  user mode service
Service Start Type:  demand start
Service Account:  LocalSystem"
Information,15-09-2024 21:58,TPM,17,None,The Trusted Platform Module (TPM) hardware failed to execute a TPM command.
Information,15-09-2024 21:58,TPM,17,None,The Trusted Platform Module (TPM) hardware failed to execute a TPM command.
Information,15-09-2024 21:58,TPM,17,None,The Trusted Platform Module (TPM) hardware failed to execute a TPM command.
Information,15-09-2024 21:58,Microsoft-Windows-Kernel-Power,566,-268,"The system session has transitioned from 31 to 32.

Reason PolicyChange 

BootId: 214"
Information,15-09-2024 21:58,Microsoft-Windows-Kernel-Power,507,-158,"The system is exiting Modern Standby 

Reason: Lid."
Information,15-09-2024 21:58,Microsoft-Windows-Kernel-Power,566,-268,"The system session has transitioned from 30 to 31.

Reason InputMouse 

BootId: 214"
Information,15-09-2024 21:58,Service Control Manager,7040,None,The start type of the McAfee Scheduled Task - (McAfee Scheduled Task - (mc-sustainability)) service was changed from demand start to disabled.
Information,15-09-2024 21:58,Service Control Manager,7045,None,"A service was installed in the system.

Service Name:  McAfee Scheduled Task - (McAfee Scheduled Task - (mc-sustainability))
Service File Name:  ""C:\Program Files\McAfee\wps\1.22.200.1\sustainability\mc-sustainability.exe""
Service Type:  user mode service
Service Start Type:  demand start
Service Account:  LocalSystem"
Information,15-09-2024 21:58,Service Control Manager,7040,None,The start type of the Background Intelligent Transfer Service service was changed from demand start to auto start.
Information,15-09-2024 21:58,Microsoft-Windows-Kernel-Power,506,-157,"The system is entering Modern Standby 

Reason: AC/DC Display Burst Suppressed."
Information,15-09-2024 21:58,Microsoft-Windows-Kernel-Power,566,-268,"The system session has transitioned from 29 to 30.

Reason InputMouse 

BootId: 214"
Information,15-09-2024 21:58,Microsoft-Windows-Kernel-Power,507,-158,"The system is exiting Modern Standby 

Reason: AC/DC Display Burst Suppressed."
Information,15-09-2024 21:58,Microsoft-Windows-Kernel-Power,172,-203,"Connectivity state in standby: Connected, Reason: None"
Warning,15-09-2024 21:58,Win32k,701,None,Power Manager has not requested suppression of all input (INPUT_SUPPRESS_REQUEST=0)
Warning,15-09-2024 21:58,Win32k,701,None,Power Manager has not requested suppression of all input (INPUT_SUPPRESS_REQUEST=0)
Information,15-09-2024 21:58,Microsoft-Windows-Kernel-Power,105,-100,Power source change.
Information,15-09-2024 17:53,Microsoft-Windows-Kernel-Power,172,-203,"Connectivity state in standby: Disconnected, Reason: Adaptive Connected Standby"
Information,15-09-2024 17:53,Microsoft-Windows-Kernel-Power,566,-268,"The system session has transitioned from 28 to 29.

Reason InputMouse 

BootId: 214"
Information,15-09-2024 17:53,Microsoft-Windows-Kernel-Power,506,-157,"The system is entering Modern Standby 

Reason: AC/DC Display Burst Suppressed."
Information,15-09-2024 17:53,Microsoft-Windows-Kernel-Power,566,-268,"The system session has transitioned from 27 to 28.

Reason InputMouse 

BootId: 214"
Information,15-09-2024 17:53,Microsoft-Windows-Kernel-Power,507,-158,"The system is exiting Modern Standby 

Reason: AC/DC Display Burst Suppressed."
Warning,15-09-2024 17:53,Win32k,700,None,Power Manager has requested suppression of all input (INPUT_SUPPRESS_REQUEST=1)
Warning,15-09-2024 17:53,Win32k,700,None,Power Manager has requested suppression of all input (INPUT_SUPPRESS_REQUEST=1)
Information,15-09-2024 17:53,Microsoft-Windows-Kernel-Power,105,-100,Power source change.
Information,15-09-2024 17:53,Microsoft-Windows-Kernel-Power,566,-268,"The system session has transitioned from 26 to 27.

Reason PolicyChange 

BootId: 214"
Information,15-09-2024 17:53,Microsoft-Windows-Kernel-Power,506,-157,"The system is entering Modern Standby 

Reason: Lid."
Information,15-09-2024 17:53,Microsoft-Windows-Kernel-Power,566,-268,"The system session has transitioned from 25 to 26.

Reason PolicyChange 

BootId: 214"
Information,15-09-2024 17:48,Service Control Manager,7040,None,The start type of the McAfee Scheduled Task - (McAfee Scheduled Task - (mc-sustainability)) service was changed from demand start to disabled.
Information,15-09-2024 17:48,Service Control Manager,7045,None,"A service was installed in the system.

Service Name:  McAfee Scheduled Task - (McAfee Scheduled Task - (mc-sustainability))
Service File Name:  ""C:\Program Files\McAfee\wps\1.22.200.1\sustainability\mc-sustainability.exe""
Service Type:  user mode service
Service Start Type:  demand start
Service Account:  LocalSystem"
Information,15-09-2024 17:48,Service Control Manager,7040,None,The start type of the McAfee Scheduled Task - (McAfee-Dynamicappdownloader) service was changed from demand start to disabled.
Information,15-09-2024 17:48,Service Control Manager,7045,None,"A service was installed in the system.

Service Name:  McAfee Scheduled Task - (McAfee-Dynamicappdownloader)
Service File Name:  ""C:\Program Files\McAfee\wps\1.22.200.1\dad\mc-dad.exe""
Service Type:  user mode service
Service Start Type:  demand start
Service Account:  LocalSystem"
Information,15-09-2024 17:35,Microsoft-Windows-Time-Service,158,None,The time provider 'VMICTimeProvider' has indicated that the current hardware and operating environment is not supported and has stopped. This behavior is expected for VMICTimeProvider on non-HyperV-guest environments. This may be the expected behavior for the current provider in the current operating environment as well.
Information,15-09-2024 17:18,Microsoft-Windows-Time-Service,158,None,The time provider 'VMICTimeProvider' has indicated that the current hardware and operating environment is not supported and has stopped. This behavior is expected for VMICTimeProvider on non-HyperV-guest environments. This may be the expected behavior for the current provider in the current operating environment as well.
Information,15-09-2024 17:15,Service Control Manager,7040,None,The start type of the Background Intelligent Transfer Service service was changed from auto start to demand start.
Information,15-09-2024 17:12,Service Control Manager,7040,None,The start type of the Background Intelligent Transfer Service service was changed from demand start to auto start.
Warning,15-09-2024 17:11,Microsoft-Windows-DistributedCOM,10016,None,"The application-specific permission settings do not grant Local Activation permission for the COM Server application with CLSID 
{2593F8B9-4EAF-457C-B68A-50F6B8EA6B54}
 and APPID 
{15C20B67-12E7-4BB6-92BB-7AFF07997402}
 to the user INFINITELOOP\HP SID (S-1-5-21-1139039245-4285067927-1271566218-1001) from address LocalHost (Using LRPC) running in the application container Unavailable SID (Unavailable). This security permission can be modified using the Component Services administrative tool."
Information,15-09-2024 17:11,TPM,17,None,The Trusted Platform Module (TPM) hardware failed to execute a TPM command.
Information,15-09-2024 17:11,TPM,17,None,The Trusted Platform Module (TPM) hardware failed to execute a TPM command.
Information,15-09-2024 17:11,TPM,17,None,The Trusted Platform Module (TPM) hardware failed to execute a TPM command.
Information,15-09-2024 17:11,TPM,17,None,The Trusted Platform Module (TPM) hardware failed to execute a TPM command.
Information,15-09-2024 17:11,TPM,17,None,The Trusted Platform Module (TPM) hardware failed to execute a TPM command.
Information,15-09-2024 17:11,TPM,17,None,The Trusted Platform Module (TPM) hardware failed to execute a TPM command.
Information,15-09-2024 17:01,Microsoft-Windows-Time-Service,158,None,The time provider 'VMICTimeProvider' has indicated that the current hardware and operating environment is not supported and has stopped. This behavior is expected for VMICTimeProvider on non-HyperV-guest environments. This may be the expected behavior for the current provider in the current operating environment as well.
Warning,15-09-2024 16:53,Microsoft-Windows-DistributedCOM,10016,None,"The application-specific permission settings do not grant Local Activation permission for the COM Server application with CLSID 
{2593F8B9-4EAF-457C-B68A-50F6B8EA6B54}
 and APPID 
{15C20B67-12E7-4BB6-92BB-7AFF07997402}
 to the user INFINITELOOP\HP SID (S-1-5-21-1139039245-4285067927-1271566218-1001) from address LocalHost (Using LRPC) running in the application container Unavailable SID (Unavailable). This security permission can be modified using the Component Services administrative tool."
Information,15-09-2024 16:45,Service Control Manager,7040,None,The start type of the McAfee Scheduled Task - (McAfee-Dynamicappdownloader) service was changed from demand start to disabled.
Information,15-09-2024 16:45,Service Control Manager,7045,None,"A service was installed in the system.

Service Name:  McAfee Scheduled Task - (McAfee-Dynamicappdownloader)
Service File Name:  ""C:\Program Files\McAfee\wps\1.22.200.1\dad\mc-dad.exe""
Service Type:  user mode service
Service Start Type:  demand start
Service Account:  LocalSystem"
Information,15-09-2024 16:45,Microsoft-Windows-Kernel-Power,566,-268,"The system session has transitioned from 24 to 25.

Reason InputHid 

BootId: 214"
Information,15-09-2024 16:45,Microsoft-Windows-Kernel-Power,507,-158,"The system is exiting Modern Standby 

Reason: Input Mouse."
Information,15-09-2024 16:45,Microsoft-Windows-Kernel-Power,172,-203,"Connectivity state in standby: Connected, Reason: None"
Warning,15-09-2024 16:45,Win32k,701,None,Power Manager has not requested suppression of all input (INPUT_SUPPRESS_REQUEST=0)
Warning,15-09-2024 16:45,Win32k,701,None,Power Manager has not requested suppression of all input (INPUT_SUPPRESS_REQUEST=0)
Information,15-09-2024 16:45,Microsoft-Windows-Kernel-Power,105,-100,Power source change.
Information,15-09-2024 16:44,Microsoft-Windows-Kernel-Power,172,-203,"Connectivity state in standby: Disconnected, Reason: Adaptive Connected Standby"
Information,15-09-2024 16:44,Microsoft-Windows-Kernel-Power,566,-268,"The system session has transitioned from 23 to 24.

Reason InputMouse 

BootId: 214"
Information,15-09-2024 16:44,Microsoft-Windows-Time-Service,158,None,The time provider 'VMICTimeProvider' has indicated that the current hardware and operating environment is not supported and has stopped. This behavior is expected for VMICTimeProvider on non-HyperV-guest environments. This may be the expected behavior for the current provider in the current operating environment as well.
Information,15-09-2024 16:44,Microsoft-Windows-Kernel-Power,506,-157,"The system is entering Modern Standby 

Reason: AC/DC Display Burst Suppressed."
Information,15-09-2024 16:44,Microsoft-Windows-Kernel-Power,566,-268,"The system session has transitioned from 22 to 23.

Reason InputMouse 

BootId: 214"
Information,15-09-2024 16:44,Microsoft-Windows-Kernel-Power,507,-158,"The system is exiting Modern Standby 

Reason: AC/DC Display Burst Suppressed."
Warning,15-09-2024 16:44,Win32k,700,None,Power Manager has requested suppression of all input (INPUT_SUPPRESS_REQUEST=1)
Warning,15-09-2024 16:44,Win32k,700,None,Power Manager has requested suppression of all input (INPUT_SUPPRESS_REQUEST=1)
Information,15-09-2024 16:44,Microsoft-Windows-Kernel-Power,105,-100,Power source change.
Information,15-09-2024 16:42,Service Control Manager,7040,None,The start type of the Background Intelligent Transfer Service service was changed from auto start to demand start.
Information,15-09-2024 16:09,Microsoft-Windows-Kernel-Power,566,-268,"The system session has transitioned from 21 to 22.

Reason PolicyChange 

BootId: 214"
Information,15-09-2024 16:08,Service Control Manager,7040,None,The start type of the Background Intelligent Transfer Service service was changed from demand start to auto start.
Information,15-09-2024 16:08,Microsoft-Windows-Kernel-Power,506,-157,"The system is entering Modern Standby 

Reason: 16777220."
Information,15-09-2024 16:08,Microsoft-Windows-Kernel-Power,566,-268,"The system session has transitioned from 20 to 21.

Reason 16777220 

BootId: 214"
Information,15-09-2024 16:08,Microsoft-Windows-Kernel-Power,507,-158,"The system is exiting Modern Standby 

Reason: 16777220."
Information,15-09-2024 16:08,Microsoft-Windows-Kernel-Power,566,-268,"The system session has transitioned from 19 to 20.

Reason PolicyChange 

BootId: 214"
Information,15-09-2024 16:07,Microsoft-Windows-Kernel-General,15,-10,Hive \??\C:\Windows\System32\config\components was reorganized with a starting size of 56340480 bytes and an ending size of 40431616 bytes.
Information,15-09-2024 16:07,Microsoft-Windows-Time-Service,37,None,"The time provider NtpClient is currently receiving valid time data from time.windows.com,0x9 (ntp.m|0x9|0.0.0.0:123->40.81.94.65:123)."
Information,15-09-2024 16:07,Microsoft-Windows-Time-Service,158,None,The time provider 'VMICTimeProvider' has indicated that the current hardware and operating environment is not supported and has stopped. This behavior is expected for VMICTimeProvider on non-HyperV-guest environments. This may be the expected behavior for the current provider in the current operating environment as well.
Information,15-09-2024 16:07,Microsoft-Windows-Kernel-Power,506,-157,"The system is entering Modern Standby 

Reason: 16777220."
Information,15-09-2024 16:07,Microsoft-Windows-Kernel-Power,566,-268,"The system session has transitioned from 18 to 19.

Reason 16777220 

BootId: 214"
Information,15-09-2024 16:07,Microsoft-Windows-Kernel-Power,507,-158,"The system is exiting Modern Standby 

Reason: 16777220."
Information,15-09-2024 16:07,Microsoft-Windows-Kernel-Power,566,-268,"The system session has transitioned from 17 to 18.

Reason PolicyChange 

BootId: 214"
Information,15-09-2024 16:07,Microsoft-Windows-Kernel-General,15,-10,Hive \??\Volume{3835c0f0-b7b0-4773-a458-09d1fca5e155}\System Volume Information\SPP\SppCbsHiveStore\{cd42efe1-f6f1-427c-b004-033192c625a4}{BC01BB26-B50E-4A3E-9230-74FEE7D27E70} was reorganized with a starting size of 51875840 bytes and an ending size of 50626560 bytes.
Information,15-09-2024 16:07,Microsoft-Windows-Kernel-General,11,None,"TxR init phase for hive \??\GLOBALROOT\Device\HarddiskVolumeShadowCopy2\WINDOWS\System32\config\DRIVERS (TM: {23a6ab4f-729d-11ef-a722-5cfb3a2f79f0}, RM: {23a6ab4e-729d-11ef-a722-5cfb3a2f79f0}) finished with result=0xC00000A2 (Internal code=7)."
Information,15-09-2024 16:07,Microsoft-Windows-Kernel-General,15,-10,Hive \??\GLOBALROOT\Device\HarddiskVolumeShadowCopy2\WINDOWS\System32\config\DRIVERS was reorganized with a starting size of 6643712 bytes and an ending size of 6549504 bytes.
Information,15-09-2024 16:07,Microsoft-Windows-Kernel-General,11,None,"TxR init phase for hive \??\GLOBALROOT\Device\HarddiskVolumeShadowCopy2\WINDOWS\System32\config\SYSTEM (TM: {23a6ab4c-729d-11ef-a722-5cfb3a2f79f0}, RM: {23a6ab4b-729d-11ef-a722-5cfb3a2f79f0}) finished with result=0xC00000A2 (Internal code=7)."
Information,15-09-2024 16:07,Microsoft-Windows-Kernel-Power,506,-157,"The system is entering Modern Standby 

Reason: 16777220."
Information,15-09-2024 16:07,Microsoft-Windows-Kernel-Power,566,-268,"The system session has transitioned from 16 to 17.

Reason 16777220 

BootId: 214"
Information,15-09-2024 16:07,Microsoft-Windows-Kernel-Power,507,-158,"The system is exiting Modern Standby 

Reason: 16777220."
Information,15-09-2024 16:07,Microsoft-Windows-Kernel-Power,566,-268,"The system session has transitioned from 15 to 16.

Reason PolicyChange 

BootId: 214"
Information,15-09-2024 16:07,Microsoft-Windows-Kernel-Power,506,-157,"The system is entering Modern Standby 

Reason: Lid."
Information,15-09-2024 16:07,Microsoft-Windows-Kernel-Power,566,-268,"The system session has transitioned from 14 to 15.

Reason PolicyChange 

BootId: 214"
Information,15-09-2024 16:07,TPM,17,None,The Trusted Platform Module (TPM) hardware failed to execute a TPM command.
Information,15-09-2024 16:07,TPM,17,None,The Trusted Platform Module (TPM) hardware failed to execute a TPM command.
Information,15-09-2024 16:07,TPM,17,None,The Trusted Platform Module (TPM) hardware failed to execute a TPM command.
Warning,15-09-2024 15:26,Microsoft-Windows-DistributedCOM,10016,None,"The application-specific permission settings do not grant Local Activation permission for the COM Server application with CLSID 
{2593F8B9-4EAF-457C-B68A-50F6B8EA6B54}
 and APPID 
{15C20B67-12E7-4BB6-92BB-7AFF07997402}
 to the user INFINITELOOP\HP SID (S-1-5-21-1139039245-4285067927-1271566218-1001) from address LocalHost (Using LRPC) running in the application container Unavailable SID (Unavailable). This security permission can be modified using the Component Services administrative tool."
Information,15-09-2024 15:26,TPM,17,None,The Trusted Platform Module (TPM) hardware failed to execute a TPM command.
Information,15-09-2024 15:26,TPM,17,None,The Trusted Platform Module (TPM) hardware failed to execute a TPM command.
Information,15-09-2024 15:26,TPM,17,None,The Trusted Platform Module (TPM) hardware failed to execute a TPM command.
Information,15-09-2024 14:47,Service Control Manager,7040,None,The start type of the Background Intelligent Transfer Service service was changed from auto start to demand start.
Warning,15-09-2024 14:45,Microsoft-Windows-DistributedCOM,10016,None,"The application-specific permission settings do not grant Local Activation permission for the COM Server application with CLSID 
{2593F8B9-4EAF-457C-B68A-50F6B8EA6B54}
 and APPID 
{15C20B67-12E7-4BB6-92BB-7AFF07997402}
 to the user INFINITELOOP\HP SID (S-1-5-21-1139039245-4285067927-1271566218-1001) from address LocalHost (Using LRPC) running in the application container Unavailable SID (Unavailable). This security permission can be modified using the Component Services administrative tool."
Information,15-09-2024 14:45,TPM,17,None,The Trusted Platform Module (TPM) hardware failed to execute a TPM command.
Information,15-09-2024 14:45,TPM,17,None,The Trusted Platform Module (TPM) hardware failed to execute a TPM command.
Information,15-09-2024 14:45,TPM,17,None,The Trusted Platform Module (TPM) hardware failed to execute a TPM command.
Information,15-09-2024 14:44,Service Control Manager,7040,None,The start type of the Background Intelligent Transfer Service service was changed from demand start to auto start.
Information,15-09-2024 14:44,Microsoft-Windows-Kernel-Power,566,-268,"The system session has transitioned from 13 to 14.

Reason PolicyChange 

BootId: 214"
Information,15-09-2024 14:44,Microsoft-Windows-Kernel-Power,507,-158,"The system is exiting Modern Standby 

Reason: Lid."
Information,15-09-2024 13:50,Microsoft-Windows-Kernel-Power,566,-268,"The system session has transitioned from 12 to 13.

Reason PolicyChange 

BootId: 214"
Information,15-09-2024 13:50,Microsoft-Windows-Kernel-Power,506,-157,"The system is entering Modern Standby 

Reason: Lid."
Information,15-09-2024 13:50,Microsoft-Windows-Kernel-Power,566,-268,"The system session has transitioned from 11 to 12.

Reason PolicyChange 

BootId: 214"
Information,15-09-2024 13:48,Service Control Manager,7040,None,The start type of the McAfee Scheduled Task - (McAfee Scheduled Task - (mc-sustainability)) service was changed from demand start to disabled.
Information,15-09-2024 13:48,Service Control Manager,7045,None,"A service was installed in the system.

Service Name:  McAfee Scheduled Task - (McAfee Scheduled Task - (mc-sustainability))
Service File Name:  ""C:\Program Files\McAfee\wps\1.22.200.1\sustainability\mc-sustainability.exe""
Service Type:  user mode service
Service Start Type:  demand start
Service Account:  LocalSystem"
Information,15-09-2024 13:26,Service Control Manager,7040,None,The start type of the Background Intelligent Transfer Service service was changed from auto start to demand start.
Information,15-09-2024 13:24,Service Control Manager,7040,None,The start type of the Background Intelligent Transfer Service service was changed from demand start to auto start.
