Information,23-09-2024 19:19,Microsoft-Windows-WindowsUpdateClient,44,Windows Update Agent,Windows Update started downloading an update.
Information,23-09-2024 19:19,Microsoft-Windows-WindowsUpdateClient,44,Windows Update Agent,Windows Update started downloading an update.
Information,23-09-2024 19:19,Microsoft-Windows-Time-Service,37,None,"The time provider NtpClient is currently receiving valid time data from time.windows.com,0x9 (ntp.m|0x9|[::]:123->[64:ff9b::2851:5e41]:123)."
Information,23-09-2024 19:19,Microsoft-Windows-Time-Service,158,None,The time provider 'VMICTimeProvider' has indicated that the current hardware and operating environment is not supported and has stopped. This behavior is expected for VMICTimeProvider on non-HyperV-guest environments. This may be the expected behavior for the current provider in the current operating environment as well.
Information,23-09-2024 19:01,Microsoft-Windows-WindowsUpdateClient,44,Windows Update Agent,Windows Update started downloading an update.
Information,23-09-2024 19:01,Microsoft-Windows-WindowsUpdateClient,44,Windows Update Agent,Windows Update started downloading an update.
Information,23-09-2024 19:01,Microsoft-Windows-WindowsUpdateClient,44,Windows Update Agent,Windows Update started downloading an update.
Information,23-09-2024 19:00,Service Control Manager,7040,None,The start type of the Background Intelligent Transfer Service service was changed from auto start to demand start.
Information,23-09-2024 18:58,Service Control Manager,7040,None,The start type of the Background Intelligent Transfer Service service was changed from demand start to auto start.
Warning,23-09-2024 18:52,Microsoft-Windows-DistributedCOM,10016,None,"The application-specific permission settings do not grant Local Activation permission for the COM Server application with CLSID 
{2593F8B9-4EAF-457C-B68A-50F6B8EA6B54}
 and APPID 
{15C20B67-12E7-4BB6-92BB-7AFF07997402}
 to the user INFINITELOOP\HP SID (S-1-5-21-1139039245-4285067927-1271566218-1001) from address LocalHost (Using LRPC) running in the application container Unavailable SID (Unavailable). This security permission can be modified using the Component Services administrative tool."
Information,23-09-2024 18:48,Service Control Manager,7040,None,The start type of the Background Intelligent Transfer Service service was changed from auto start to demand start.
Information,23-09-2024 18:46,Microsoft-Windows-Kernel-General,16,None,The access history in hive \??\C:\WINDOWS\System32\config\COMPONENTS was cleared updating 70304 keys and creating 8501 modified pages.
Information,23-09-2024 18:46,Microsoft-Windows-Kernel-General,16,None,The access history in hive \??\C:\ProgramData\Packages\Microsoft.XboxGamingOverlay_8wekyb3d8bbwe\S-1-5-21-1139039245-4285067927-1271566218-1001\SystemAppData\Helium\Cache\228e2cdcafa59bc2_COM15.dat was cleared updating 1 keys and creating 1 modified pages.
Information,23-09-2024 18:46,Microsoft-Windows-Kernel-General,16,None,The access history in hive \??\C:\Users\HP\AppData\Local\Packages\Microsoft.XboxGamingOverlay_8wekyb3d8bbwe\Settings\settings.dat was cleared updating 4 keys and creating 2 modified pages.
Information,23-09-2024 18:45,Service Control Manager,7040,None,The start type of the McAfee Scheduled Task - (McAfee-Dynamicappdownloader) service was changed from demand start to disabled.
Information,23-09-2024 18:45,Service Control Manager,7040,None,The start type of the McAfee Scheduled Task - (McAfee Scheduled Task - (mc-sustainability)) service was changed from demand start to disabled.
Information,23-09-2024 18:45,Service Control Manager,7045,None,"A service was installed in the system.

Service Name:  McAfee Scheduled Task - (McAfee-Dynamicappdownloader)
Service File Name:  ""C:\Program Files\McAfee\wps\1.22.200.1\dad\mc-dad.exe""
Service Type:  user mode service
Service Start Type:  demand start
Service Account:  LocalSystem"
Information,23-09-2024 18:45,Service Control Manager,7045,None,"A service was installed in the system.

Service Name:  McAfee Scheduled Task - (McAfee Scheduled Task - (mc-sustainability))
Service File Name:  ""C:\Program Files\McAfee\wps\1.22.200.1\sustainability\mc-sustainability.exe""
Service Type:  user mode service
Service Start Type:  demand start
Service Account:  LocalSystem"
Information,23-09-2024 18:42,Microsoft-Windows-Kernel-General,16,None,The access history in hive \??\C:\Users\HP\AppData\Local\Packages\5319275A.WhatsAppDesktop_cv1g1gvanyjgm\Settings\settings.dat was cleared updating 2 keys and creating 1 modified pages.
Information,23-09-2024 18:42,Microsoft-Windows-Kernel-General,16,None,The access history in hive \??\C:\Users\HP\AppData\Local\Packages\Microsoft.Todos_8wekyb3d8bbwe\Settings\settings.dat was cleared updating 18 keys and creating 3 modified pages.
Warning,23-09-2024 18:42,Microsoft-Windows-DistributedCOM,10016,None,"The application-specific permission settings do not grant Local Activation permission for the COM Server application with CLSID 
{2593F8B9-4EAF-457C-B68A-50F6B8EA6B54}
 and APPID 
{15C20B67-12E7-4BB6-92BB-7AFF07997402}
 to the user INFINITELOOP\HP SID (S-1-5-21-1139039245-4285067927-1271566218-1001) from address LocalHost (Using LRPC) running in the application container MicrosoftWindows.Client.WebExperience_524.24900.80.0_x64__cw5n1h2txyewy SID (Unavailable). This security permission can be modified using the Component Services administrative tool."
Information,23-09-2024 18:42,TPM,17,None,The Trusted Platform Module (TPM) hardware failed to execute a TPM command.
Information,23-09-2024 18:42,TPM,17,None,The Trusted Platform Module (TPM) hardware failed to execute a TPM command.
Information,23-09-2024 18:42,TPM,17,None,The Trusted Platform Module (TPM) hardware failed to execute a TPM command.
Information,23-09-2024 18:42,Microsoft-Windows-Kernel-General,16,None,The access history in hive \??\C:\Users\HP\AppData\Local\Packages\MicrosoftWindows.Client.WebExperience_cw5n1h2txyewy\Settings\settings.dat was cleared updating 6 keys and creating 1 modified pages.
Information,23-09-2024 18:42,Microsoft-Windows-Kernel-General,16,None,The access history in hive \??\C:\ProgramData\Packages\Microsoft.WidgetsPlatformRuntime_8wekyb3d8bbwe\S-1-5-21-1139039245-4285067927-1271566218-1001\SystemAppData\Helium\Cache\2d7936e632ae1382_COM15.dat was cleared updating 1 keys and creating 1 modified pages.
Information,23-09-2024 18:42,Microsoft-Windows-Kernel-General,16,None,The access history in hive \??\C:\Users\HP\AppData\Local\Packages\Microsoft.WidgetsPlatformRuntime_8wekyb3d8bbwe\SystemAppData\Helium\UserClasses.dat was cleared updating 18 keys and creating 2 modified pages.
Information,23-09-2024 18:42,Microsoft-Windows-Kernel-General,16,None,The access history in hive \??\C:\Users\HP\AppData\Local\Packages\Microsoft.WidgetsPlatformRuntime_8wekyb3d8bbwe\SystemAppData\Helium\User.dat was cleared updating 1 keys and creating 1 modified pages.
Information,23-09-2024 18:42,TPM,17,None,The Trusted Platform Module (TPM) hardware failed to execute a TPM command.
Information,23-09-2024 18:42,TPM,17,None,The Trusted Platform Module (TPM) hardware failed to execute a TPM command.
Information,23-09-2024 18:42,TPM,17,None,The Trusted Platform Module (TPM) hardware failed to execute a TPM command.
Information,23-09-2024 18:41,TPM,17,None,The Trusted Platform Module (TPM) hardware failed to execute a TPM command.
Information,23-09-2024 18:41,TPM,17,None,The Trusted Platform Module (TPM) hardware failed to execute a TPM command.
Information,23-09-2024 18:41,TPM,17,None,The Trusted Platform Module (TPM) hardware failed to execute a TPM command.
Information,23-09-2024 18:41,Service Control Manager,7040,None,The start type of the McAfee Scheduled Task - (McAfee-Dynamicappdownloader) service was changed from demand start to disabled.
Information,23-09-2024 18:41,Service Control Manager,7045,None,"A service was installed in the system.

Service Name:  McAfee Scheduled Task - (McAfee-Dynamicappdownloader)
Service File Name:  ""C:\Program Files\McAfee\wps\1.22.200.1\dad\mc-dad.exe""
Service Type:  user mode service
Service Start Type:  demand start
Service Account:  LocalSystem"
Warning,23-09-2024 18:41,Microsoft-Windows-DistributedCOM,10016,None,"The application-specific permission settings do not grant Local Activation permission for the COM Server application with CLSID 
{2593F8B9-4EAF-457C-B68A-50F6B8EA6B54}
 and APPID 
{15C20B67-12E7-4BB6-92BB-7AFF07997402}
 to the user INFINITELOOP\HP SID (S-1-5-21-1139039245-4285067927-1271566218-1001) from address LocalHost (Using LRPC) running in the application container MSTeams_24231.512.3106.6573_x64__8wekyb3d8bbwe SID (Unavailable). This security permission can be modified using the Component Services administrative tool."
Warning,23-09-2024 18:40,Microsoft-Windows-DNS-Client,1014,-1014,Name resolution for the name metrics-a.wbx2.com timed out after none of the configured DNS servers responded. Client PID 23792.
Warning,23-09-2024 18:40,Microsoft-Windows-DNS-Client,1014,-1014,Name resolution for the name onlinecheck.wildtangent.com timed out after none of the configured DNS servers responded. Client PID 5464.
Warning,23-09-2024 18:40,Microsoft-Windows-DNS-Client,1014,-1014,Name resolution for the name learnermanipal-my.sharepoint.com timed out after none of the configured DNS servers responded. Client PID 22444.
Information,23-09-2024 18:40,Microsoft-Windows-Kernel-General,16,None,The access history in hive \??\C:\Users\HP\AppData\Local\Packages\Microsoft.Windows.ShellExperienceHost_cw5n1h2txyewy\Settings\settings.dat was cleared updating 2 keys and creating 1 modified pages.
Information,23-09-2024 18:40,TPM,17,None,The Trusted Platform Module (TPM) hardware failed to execute a TPM command.
Information,23-09-2024 18:40,TPM,17,None,The Trusted Platform Module (TPM) hardware failed to execute a TPM command.
Information,23-09-2024 18:40,TPM,17,None,The Trusted Platform Module (TPM) hardware failed to execute a TPM command.
Information,23-09-2024 18:40,Microsoft-Windows-Kernel-General,16,None,The access history in hive \??\C:\Users\HP\AppData\Local\Packages\MSTeams_8wekyb3d8bbwe\Settings\settings.dat was cleared updating 2 keys and creating 1 modified pages.
Information,23-09-2024 18:40,Microsoft-Windows-Kernel-General,16,None,The access history in hive \??\C:\Users\HP\AppData\Local\Packages\MSTeams_8wekyb3d8bbwe\SystemAppData\Helium\User.dat was cleared updating 59 keys and creating 8 modified pages.
Information,23-09-2024 18:40,Microsoft-Windows-Kernel-General,16,None,The access history in hive \??\C:\Users\HP\AppData\Local\Packages\AD2F1837.myHP_v10z8vjag6ke6\Settings\settings.dat was cleared updating 2 keys and creating 1 modified pages.
Information,23-09-2024 18:40,TPM,17,None,The Trusted Platform Module (TPM) hardware failed to execute a TPM command.
Information,23-09-2024 18:40,Microsoft-Windows-Kernel-General,16,None,The access history in hive \??\C:\Users\HP\AppData\Local\Packages\AD2F1837.myHP_v10z8vjag6ke6\SystemAppData\Helium\UserClasses.dat was cleared updating 1 keys and creating 1 modified pages.
Information,23-09-2024 18:40,Microsoft-Windows-Kernel-General,16,None,The access history in hive \??\C:\Users\HP\AppData\Local\Packages\AD2F1837.myHP_v10z8vjag6ke6\SystemAppData\Helium\User.dat was cleared updating 5 keys and creating 1 modified pages.
Information,23-09-2024 18:40,TPM,17,None,The Trusted Platform Module (TPM) hardware failed to execute a TPM command.
Information,23-09-2024 18:40,TPM,17,None,The Trusted Platform Module (TPM) hardware failed to execute a TPM command.
Information,23-09-2024 18:40,Microsoft-Windows-Kernel-General,16,None,The access history in hive \??\C:\ProgramData\Packages\AppUp.IntelGraphicsExperience_8j3eq9eme6ctt\S-1-5-21-1139039245-4285067927-1271566218-1001\SystemAppData\Helium\Cache\3883b1cbc30d8ef9_COM15.dat was cleared updating 1 keys and creating 1 modified pages.
Information,23-09-2024 18:40,Microsoft-Windows-Kernel-General,16,None,The access history in hive \??\C:\Users\HP\AppData\Local\Packages\AppUp.IntelGraphicsExperience_8j3eq9eme6ctt\SystemAppData\Helium\UserClasses.dat was cleared updating 1 keys and creating 1 modified pages.
Information,23-09-2024 18:40,Microsoft-Windows-Kernel-General,16,None,The access history in hive \??\C:\Users\HP\AppData\Local\Packages\AppUp.IntelGraphicsExperience_8j3eq9eme6ctt\SystemAppData\Helium\User.dat was cleared updating 7 keys and creating 1 modified pages.
Information,23-09-2024 18:40,Microsoft-Windows-Kernel-General,16,None,The access history in hive \??\C:\Users\HP\AppData\Local\Packages\MicrosoftWindows.CrossDevice_cw5n1h2txyewy\Settings\settings.dat was cleared updating 26 keys and creating 3 modified pages.
Information,23-09-2024 18:40,TPM,17,None,The Trusted Platform Module (TPM) hardware failed to execute a TPM command.
Information,23-09-2024 18:40,Microsoft-Windows-Kernel-General,16,None,The access history in hive \??\C:\ProgramData\Packages\MicrosoftWindows.CrossDevice_cw5n1h2txyewy\S-1-5-21-1139039245-4285067927-1271566218-1001\SystemAppData\Helium\Cache\6bf2151c5ba62f8a_COM15.dat was cleared updating 1 keys and creating 1 modified pages.
Information,23-09-2024 18:40,Microsoft-Windows-Kernel-General,16,None,The access history in hive \??\C:\Users\HP\AppData\Local\Packages\MicrosoftWindows.CrossDevice_cw5n1h2txyewy\SystemAppData\Helium\UserClasses.dat was cleared updating 1 keys and creating 1 modified pages.
Information,23-09-2024 18:40,Microsoft-Windows-Kernel-General,16,None,The access history in hive \??\C:\Users\HP\AppData\Local\Packages\MicrosoftWindows.CrossDevice_cw5n1h2txyewy\SystemAppData\Helium\User.dat was cleared updating 1 keys and creating 1 modified pages.
Information,23-09-2024 18:40,TPM,17,None,The Trusted Platform Module (TPM) hardware failed to execute a TPM command.
Information,23-09-2024 18:40,TPM,17,None,The Trusted Platform Module (TPM) hardware failed to execute a TPM command.
Information,23-09-2024 18:40,TPM,17,None,The Trusted Platform Module (TPM) hardware failed to execute a TPM command.
Information,23-09-2024 18:40,TPM,17,None,The Trusted Platform Module (TPM) hardware failed to execute a TPM command.
Information,23-09-2024 18:40,TPM,17,None,The Trusted Platform Module (TPM) hardware failed to execute a TPM command.
Information,23-09-2024 18:40,Microsoft-Windows-Kernel-General,16,None,The access history in hive \??\C:\ProgramData\Packages\SpotifyAB.SpotifyMusic_zpdnekdrzrea0\S-1-5-21-1139039245-4285067927-1271566218-1001\SystemAppData\Helium\Cache\c2d32d7cabbe3aa9_COM15.dat was cleared updating 1 keys and creating 1 modified pages.
Information,23-09-2024 18:40,Microsoft-Windows-Kernel-General,16,None,The access history in hive \??\C:\Users\HP\AppData\Local\Packages\SpotifyAB.SpotifyMusic_zpdnekdrzrea0\SystemAppData\Helium\UserClasses.dat was cleared updating 15 keys and creating 3 modified pages.
Information,23-09-2024 18:40,Microsoft-Windows-Kernel-General,16,None,The access history in hive \??\C:\Users\HP\AppData\Local\Packages\SpotifyAB.SpotifyMusic_zpdnekdrzrea0\SystemAppData\Helium\User.dat was cleared updating 23 keys and creating 4 modified pages.
Warning,23-09-2024 18:39,Microsoft-Windows-DistributedCOM,10016,None,"The application-specific permission settings do not grant Local Activation permission for the COM Server application with CLSID 
{2593F8B9-4EAF-457C-B68A-50F6B8EA6B54}
 and APPID 
{15C20B67-12E7-4BB6-92BB-7AFF07997402}
 to the user INFINITELOOP\HP SID (S-1-5-21-1139039245-4285067927-1271566218-1001) from address LocalHost (Using LRPC) running in the application container Unavailable SID (Unavailable). This security permission can be modified using the Component Services administrative tool."
Information,23-09-2024 18:39,Microsoft-Windows-Kernel-General,16,None,The access history in hive \SystemRoot\System32\config\DRIVERS was cleared updating 31686 keys and creating 1516 modified pages.
Information,23-09-2024 18:39,Microsoft-Windows-Kernel-General,16,None,The access history in hive \??\C:\Users\HP\AppData\Local\Packages\Microsoft.Windows.StartMenuExperienceHost_cw5n1h2txyewy\Settings\settings.dat was cleared updating 10 keys and creating 1 modified pages.
Information,23-09-2024 18:39,Microsoft-Windows-Kernel-General,16,None,The access history in hive \??\C:\Users\HP\AppData\Local\Packages\MicrosoftWindows.Client.CBS_cw5n1h2txyewy\Settings\settings.dat was cleared updating 16 keys and creating 5 modified pages.
Information,23-09-2024 18:39,Microsoft-Windows-Kernel-General,16,None,The access history in hive \??\C:\Users\HP\AppData\Local\Packages\MicrosoftWindows.Client.WebExperience_cw5n1h2txyewy\SystemAppData\Helium\UserClasses.dat was cleared updating 15 keys and creating 3 modified pages.
Information,23-09-2024 18:39,Microsoft-Windows-Kernel-General,16,None,The access history in hive \??\C:\Users\HP\AppData\Local\Packages\MicrosoftWindows.Client.WebExperience_cw5n1h2txyewy\SystemAppData\Helium\User.dat was cleared updating 37 keys and creating 5 modified pages.
Information,23-09-2024 18:39,Microsoft-Windows-Kernel-General,16,None,The access history in hive \??\C:\Users\HP\AppData\Local\Packages\Microsoft.Windows.ContentDeliveryManager_cw5n1h2txyewy\Settings\settings.dat was cleared updating 3325 keys and creating 155 modified pages.
Warning,23-09-2024 18:39,Microsoft-Windows-DistributedCOM,10016,None,"The application-specific permission settings do not grant Local Activation permission for the COM Server application with CLSID 
{6B3B8D23-FA8D-40B9-8DBD-B950333E2C52}
 and APPID 
{4839DDB7-58C2-48F5-8283-E1D1807D0D7D}
 to the user NT AUTHORITY\LOCAL SERVICE SID (S-1-5-19) from address LocalHost (Using LRPC) running in the application container Unavailable SID (Unavailable). This security permission can be modified using the Component Services administrative tool."
Warning,23-09-2024 18:39,Microsoft-Windows-DistributedCOM,10016,None,"The application-specific permission settings do not grant Local Activation permission for the COM Server application with CLSID 
{6B3B8D23-FA8D-40B9-8DBD-B950333E2C52}
 and APPID 
{4839DDB7-58C2-48F5-8283-E1D1807D0D7D}
 to the user NT AUTHORITY\LOCAL SERVICE SID (S-1-5-19) from address LocalHost (Using LRPC) running in the application container Unavailable SID (Unavailable). This security permission can be modified using the Component Services administrative tool."
Information,23-09-2024 18:39,Microsoft-Windows-Kernel-General,16,None,The access history in hive \??\C:\Users\HP\AppData\Local\Microsoft\Windows\UsrClass.dat was cleared updating 20774 keys and creating 1972 modified pages.
Information,23-09-2024 18:39,Microsoft-Windows-Kernel-General,15,-10,Hive \??\C:\Users\HP\ntuser.dat was reorganized with a starting size of 17625088 bytes and an ending size of 17182720 bytes.
Information,23-09-2024 18:39,Microsoft-Windows-Winlogon,7001,-1101,User Logon Notification for Customer Experience Improvement Program
Information,23-09-2024 18:39,BTHUSB,18,None,Windows cannot store Bluetooth authentication codes (link keys) on the local adapter. Bluetooth keyboards might not work in the system BIOS during startup.
Information,23-09-2024 18:39,Service Control Manager,7040,None,The start type of the Background Intelligent Transfer Service service was changed from demand start to auto start.
Information,23-09-2024 18:39,Microsoft-Windows-Power-Troubleshooter,1,None,"The system has returned from a low power state.

Sleep Time: ‎2024‎-‎09‎-‎20T07:02:05.376935700Z
Wake Time: ‎2024‎-‎09‎-‎23T13:09:40.978492800Z

Wake Source: Unknown"
Information,23-09-2024 18:39,Microsoft-Windows-Kernel-Power,566,-268,"The system session has transitioned from 62 to 64.

Reason WinRT 

BootId: 217"
Information,23-09-2024 18:39,Microsoft-Windows-Kernel-Power,507,-158,"The system is exiting Modern Standby 

Reason: Resume from Hibernate."
Information,23-09-2024 18:39,Microsoft-Windows-Kernel-Power,506,-157,"The system is entering Modern Standby 

Reason: Sleep, Hibernate, or Shutdown."
Information,23-09-2024 18:39,Microsoft-Windows-Kernel-Power,566,-268,"The system session has transitioned from 61 to 62.

Reason SxTransition 

BootId: 217"
Information,23-09-2024 18:39,Microsoft-Windows-Kernel-Boot,32,-58,The bootmgr spent 0 ms waiting for user input.
Information,23-09-2024 18:39,Microsoft-Windows-Kernel-Boot,18,-57,There are 0x1 boot options on this system.
Information,23-09-2024 18:39,Microsoft-Windows-Kernel-Boot,30,-21,The firmware reported boot metrics.
Error,23-09-2024 18:39,VBoxNetLwf,12,None,The driver detected an internal driver error on \Device\VBoxNetLwf.
Information,23-09-2024 18:39,Microsoft-Windows-Kernel-Power,105,-100,Power source change.
Information,23-09-2024 18:39,Microsoft-Windows-Kernel-General,1,-5,"The system time has changed to ‎2024‎-‎09‎-‎23T13:09:40.500000000Z from ‎2024‎-‎09‎-‎20T07:02:10.666106500Z.
Time Delta: 281249833 ms

Change Reason: System time synchronized with the hardware clock.
Process: '' (PID 4).

RTC time: ‎2024‎-‎09‎-‎23T18:39:40.500000000Z
Current time zone bias: -330
RTC time is in UTC: false
System time was based on RTC time: false"
Information,20-09-2024 12:32,Microsoft-Windows-Kernel-Power,107,-102,The system has resumed from sleep.
Information,23-09-2024 18:39,EventLog,6013,None,The system uptime is 473821 seconds.
Information,20-09-2024 12:32,Microsoft-Windows-Kernel-Power,42,-64,"The system is entering sleep.

Sleep Reason: Application API"
Information,20-09-2024 12:32,Microsoft-Windows-Kernel-Power,566,-268,"The system session has transitioned from 60 to 61.

Reason PolicyChange 

BootId: 217"
Information,20-09-2024 12:32,Microsoft-Windows-Kernel-Power,187,-243,User-mode process attempted to change the system state by calling SetSuspendState or SetSystemPowerState APIs.
Information,20-09-2024 12:32,Win32k,267,None,Touch/Touchpad Hardware Quality Assurance verification succeeded.
Information,20-09-2024 12:32,Microsoft-Windows-Winlogon,7002,-1102,User Logoff Notification for Customer Experience Improvement Program
Information,20-09-2024 12:07,Service Control Manager,7040,None,The start type of the Background Intelligent Transfer Service service was changed from auto start to demand start.
Information,20-09-2024 12:04,Service Control Manager,7040,None,The start type of the Background Intelligent Transfer Service service was changed from demand start to auto start.
Information,20-09-2024 12:00,EventLog,6013,None,The system uptime is 190640 seconds.
Information,20-09-2024 11:27,Microsoft-Windows-Kernel-Power,105,-100,Power source change.
Information,20-09-2024 11:05,Microsoft-Windows-Kernel-General,16,None,The access history in hive \??\C:\Users\HP\AppData\Local\Packages\AD2F1837.HPPrivacySettings_v10z8vjag6ke6\Settings\settings.dat was cleared updating 2 keys and creating 1 modified pages.
Information,20-09-2024 09:49,Service Control Manager,7040,None,The start type of the McAfee Scheduled Task - (McAfee Scheduled Task - (mc-sustainability)) service was changed from demand start to disabled.
Information,20-09-2024 09:48,Service Control Manager,7045,None,"A service was installed in the system.

Service Name:  McAfee Scheduled Task - (McAfee Scheduled Task - (mc-sustainability))
Service File Name:  ""C:\Program Files\McAfee\wps\1.22.200.1\sustainability\mc-sustainability.exe""
Service Type:  user mode service
Service Start Type:  demand start
Service Account:  LocalSystem"
Information,20-09-2024 09:10,Service Control Manager,7040,None,The start type of the Background Intelligent Transfer Service service was changed from auto start to demand start.
Information,20-09-2024 09:08,Service Control Manager,7040,None,The start type of the McAfee Scheduled Task - (McAfee-Dynamicappdownloader) service was changed from demand start to disabled.
Information,20-09-2024 09:08,Service Control Manager,7045,None,"A service was installed in the system.

Service Name:  McAfee Scheduled Task - (McAfee-Dynamicappdownloader)
Service File Name:  ""C:\Program Files\McAfee\wps\1.22.200.1\dad\mc-dad.exe""
Service Type:  user mode service
Service Start Type:  demand start
Service Account:  LocalSystem"
Information,20-09-2024 09:08,Microsoft-Windows-Kernel-Power,566,-268,"The system session has transitioned from 59 to 60.

Reason PolicyChange 

BootId: 217"
Information,20-09-2024 09:08,Microsoft-Windows-Kernel-Power,507,-158,"The system is exiting Modern Standby 

Reason: Lid."
Information,20-09-2024 09:05,Microsoft-Windows-Kernel-Power,566,-268,"The system session has transitioned from 58 to 59.

Reason InputMouse 

BootId: 217"
Information,20-09-2024 09:05,Service Control Manager,7040,None,The start type of the Background Intelligent Transfer Service service was changed from demand start to auto start.
Information,20-09-2024 09:05,Microsoft-Windows-Kernel-Power,506,-157,"The system is entering Modern Standby 

Reason: AC/DC Display Burst Suppressed."
Information,20-09-2024 09:05,Microsoft-Windows-Kernel-Power,566,-268,"The system session has transitioned from 57 to 58.

Reason InputMouse 

BootId: 217"
Information,20-09-2024 09:05,Microsoft-Windows-Kernel-Power,507,-158,"The system is exiting Modern Standby 

Reason: AC/DC Display Burst Suppressed."
Information,20-09-2024 09:05,Microsoft-Windows-Kernel-Power,172,-203,"Connectivity state in standby: Connected, Reason: None"
Warning,20-09-2024 09:05,Win32k,701,None,Power Manager has not requested suppression of all input (INPUT_SUPPRESS_REQUEST=0)
Warning,20-09-2024 09:05,Win32k,701,None,Power Manager has not requested suppression of all input (INPUT_SUPPRESS_REQUEST=0)
Information,20-09-2024 09:05,Microsoft-Windows-Kernel-Power,105,-100,Power source change.
Warning,20-09-2024 08:50,Microsoft-Windows-Kernel-Processor-Power,37,-7,The speed of processor 3 in group 0 is being limited by system firmware. The processor has been in this reduced performance state for 179201 seconds since the last report.
Warning,20-09-2024 08:50,Microsoft-Windows-Kernel-Processor-Power,37,-7,The speed of processor 5 in group 0 is being limited by system firmware. The processor has been in this reduced performance state for 179201 seconds since the last report.
Warning,20-09-2024 08:50,Microsoft-Windows-Kernel-Processor-Power,37,-7,The speed of processor 7 in group 0 is being limited by system firmware. The processor has been in this reduced performance state for 179201 seconds since the last report.
Warning,20-09-2024 08:50,Microsoft-Windows-Kernel-Processor-Power,37,-7,The speed of processor 1 in group 0 is being limited by system firmware. The processor has been in this reduced performance state for 179201 seconds since the last report.
Warning,20-09-2024 08:50,Microsoft-Windows-Kernel-Processor-Power,37,-7,The speed of processor 6 in group 0 is being limited by system firmware. The processor has been in this reduced performance state for 179201 seconds since the last report.
Warning,20-09-2024 08:50,Microsoft-Windows-Kernel-Processor-Power,37,-7,The speed of processor 4 in group 0 is being limited by system firmware. The processor has been in this reduced performance state for 179201 seconds since the last report.
Warning,20-09-2024 08:50,Microsoft-Windows-Kernel-Processor-Power,37,-7,The speed of processor 2 in group 0 is being limited by system firmware. The processor has been in this reduced performance state for 179201 seconds since the last report.
Warning,20-09-2024 08:50,Microsoft-Windows-Kernel-Processor-Power,37,-7,The speed of processor 0 in group 0 is being limited by system firmware. The processor has been in this reduced performance state for 179201 seconds since the last report.
Information,20-09-2024 08:49,Microsoft-Windows-Kernel-Power,172,-203,"Connectivity state in standby: Disconnected, Reason: Adaptive Connected Standby"
Information,20-09-2024 08:48,Microsoft-Windows-Kernel-Power,566,-268,"The system session has transitioned from 56 to 57.

Reason InputMouse 

BootId: 217"
Information,20-09-2024 08:48,Microsoft-Windows-Kernel-Power,506,-157,"The system is entering Modern Standby 

Reason: AC/DC Display Burst Suppressed."
Information,20-09-2024 08:48,Microsoft-Windows-Kernel-Power,566,-268,"The system session has transitioned from 55 to 56.

Reason InputMouse 

BootId: 217"
Information,20-09-2024 08:48,Microsoft-Windows-Kernel-Power,507,-158,"The system is exiting Modern Standby 

Reason: AC/DC Display Burst Suppressed."
Warning,20-09-2024 08:48,Win32k,700,None,Power Manager has requested suppression of all input (INPUT_SUPPRESS_REQUEST=1)
Warning,20-09-2024 08:48,Win32k,700,None,Power Manager has requested suppression of all input (INPUT_SUPPRESS_REQUEST=1)
Information,20-09-2024 08:48,Microsoft-Windows-Kernel-Power,105,-100,Power source change.
Information,20-09-2024 08:48,Microsoft-Windows-Kernel-Power,566,-268,"The system session has transitioned from 54 to 55.

Reason PolicyChange 

BootId: 217"
Information,20-09-2024 08:48,Microsoft-Windows-Kernel-Power,506,-157,"The system is entering Modern Standby 

Reason: Lid."
Information,20-09-2024 08:48,Microsoft-Windows-Kernel-Power,566,-268,"The system session has transitioned from 53 to 54.

Reason PolicyChange 

BootId: 217"
Warning,20-09-2024 08:18,Microsoft-Windows-DistributedCOM,10016,None,"The application-specific permission settings do not grant Local Activation permission for the COM Server application with CLSID 
{2593F8B9-4EAF-457C-B68A-50F6B8EA6B54}
 and APPID 
{15C20B67-12E7-4BB6-92BB-7AFF07997402}
 to the user INFINITELOOP\HP SID (S-1-5-21-1139039245-4285067927-1271566218-1001) from address LocalHost (Using LRPC) running in the application container Unavailable SID (Unavailable). This security permission can be modified using the Component Services administrative tool."
Information,20-09-2024 08:03,TPM,17,None,The Trusted Platform Module (TPM) hardware failed to execute a TPM command.
Information,20-09-2024 08:03,TPM,17,None,The Trusted Platform Module (TPM) hardware failed to execute a TPM command.
Information,20-09-2024 08:03,TPM,17,None,The Trusted Platform Module (TPM) hardware failed to execute a TPM command.
Information,20-09-2024 07:43,Microsoft-Windows-Kernel-General,16,None,The access history in hive \??\C:\Users\HP\AppData\Local\Packages\Microsoft.DesktopAppInstaller_8wekyb3d8bbwe\Settings\settings.dat was cleared updating 2 keys and creating 1 modified pages.
Warning,20-09-2024 07:37,Microsoft-Windows-DistributedCOM,10016,None,"The application-specific permission settings do not grant Local Activation permission for the COM Server application with CLSID 
{2593F8B9-4EAF-457C-B68A-50F6B8EA6B54}
 and APPID 
{15C20B67-12E7-4BB6-92BB-7AFF07997402}
 to the user INFINITELOOP\HP SID (S-1-5-21-1139039245-4285067927-1271566218-1001) from address LocalHost (Using LRPC) running in the application container MicrosoftWindows.Client.WebExperience_524.24900.80.0_x64__cw5n1h2txyewy SID (Unavailable). This security permission can be modified using the Component Services administrative tool."
Information,20-09-2024 07:35,Service Control Manager,7040,None,The start type of the McAfee Scheduled Task - (McAfee-Dynamicappdownloader) service was changed from demand start to disabled.
Information,20-09-2024 07:35,Service Control Manager,7045,None,"A service was installed in the system.

Service Name:  McAfee Scheduled Task - (McAfee-Dynamicappdownloader)
Service File Name:  ""C:\Program Files\McAfee\wps\1.22.200.1\dad\mc-dad.exe""
Service Type:  user mode service
Service Start Type:  demand start
Service Account:  LocalSystem"
Information,20-09-2024 07:35,Microsoft-Windows-Kernel-Power,566,-268,"The system session has transitioned from 52 to 53.

Reason PolicyChange 

BootId: 217"
Information,20-09-2024 07:35,Microsoft-Windows-Kernel-Power,507,-158,"The system is exiting Modern Standby 

Reason: Lid."
Information,20-09-2024 07:35,Microsoft-Windows-Kernel-Power,566,-268,"The system session has transitioned from 51 to 52.

Reason InputMouse 

BootId: 217"
Information,20-09-2024 07:35,Microsoft-Windows-Kernel-Power,506,-157,"The system is entering Modern Standby 

Reason: AC/DC Display Burst Suppressed."
Information,20-09-2024 07:35,Microsoft-Windows-Kernel-Power,566,-268,"The system session has transitioned from 50 to 51.

Reason InputMouse 

BootId: 217"
Information,20-09-2024 07:35,Microsoft-Windows-Kernel-Power,507,-158,"The system is exiting Modern Standby 

Reason: AC/DC Display Burst Suppressed."
Information,20-09-2024 07:35,Microsoft-Windows-Kernel-Power,172,-203,"Connectivity state in standby: Connected, Reason: None"
Warning,20-09-2024 07:35,Win32k,701,None,Power Manager has not requested suppression of all input (INPUT_SUPPRESS_REQUEST=0)
Warning,20-09-2024 07:35,Win32k,701,None,Power Manager has not requested suppression of all input (INPUT_SUPPRESS_REQUEST=0)
Information,20-09-2024 07:35,Microsoft-Windows-Kernel-Power,105,-100,Power source change.
Information,20-09-2024 07:24,Microsoft-Windows-Kernel-Power,172,-203,"Connectivity state in standby: Disconnected, Reason: Adaptive Connected Standby"
Information,20-09-2024 07:24,Microsoft-Windows-Kernel-Power,566,-268,"The system session has transitioned from 49 to 50.

Reason InputMouse 

BootId: 217"
Information,20-09-2024 07:24,Microsoft-Windows-Kernel-Power,506,-157,"The system is entering Modern Standby 

Reason: AC/DC Display Burst Suppressed."
Information,20-09-2024 07:24,Microsoft-Windows-Kernel-Power,566,-268,"The system session has transitioned from 48 to 49.

Reason InputMouse 

BootId: 217"
Information,20-09-2024 07:24,Microsoft-Windows-Kernel-Power,507,-158,"The system is exiting Modern Standby 

Reason: AC/DC Display Burst Suppressed."
Warning,20-09-2024 07:24,Win32k,700,None,Power Manager has requested suppression of all input (INPUT_SUPPRESS_REQUEST=1)
Warning,20-09-2024 07:24,Win32k,700,None,Power Manager has requested suppression of all input (INPUT_SUPPRESS_REQUEST=1)
Information,20-09-2024 07:24,Microsoft-Windows-Kernel-Power,105,-100,Power source change.
Information,20-09-2024 07:23,Microsoft-Windows-Kernel-Power,566,-268,"The system session has transitioned from 47 to 48.

Reason PolicyChange 

BootId: 217"
Information,20-09-2024 07:23,Microsoft-Windows-Kernel-General,16,None,The access history in hive \??\C:\Users\HP\AppData\Local\Packages\Microsoft.LockApp_cw5n1h2txyewy\Settings\settings.dat was cleared updating 3 keys and creating 1 modified pages.
Information,20-09-2024 07:23,Microsoft-Windows-Kernel-Power,506,-157,"The system is entering Modern Standby 

Reason: 16777220."
Information,20-09-2024 07:23,Microsoft-Windows-Kernel-Power,566,-268,"The system session has transitioned from 46 to 47.

Reason 16777220 

BootId: 217"
Information,20-09-2024 07:23,Microsoft-Windows-Kernel-Power,507,-158,"The system is exiting Modern Standby 

Reason: 16777220."
Information,20-09-2024 07:23,Microsoft-Windows-Kernel-Power,566,-268,"The system session has transitioned from 45 to 46.

Reason PolicyChange 

BootId: 217"
Information,20-09-2024 07:23,Microsoft-Windows-Kernel-Power,506,-157,"The system is entering Modern Standby 

Reason: Lid."
Information,20-09-2024 07:23,Microsoft-Windows-Kernel-Power,566,-268,"The system session has transitioned from 44 to 45.

Reason PolicyChange 

BootId: 217"
Information,20-09-2024 07:21,TPM,17,None,The Trusted Platform Module (TPM) hardware failed to execute a TPM command.
Information,20-09-2024 07:21,TPM,17,None,The Trusted Platform Module (TPM) hardware failed to execute a TPM command.
Information,20-09-2024 07:21,TPM,17,None,The Trusted Platform Module (TPM) hardware failed to execute a TPM command.
Information,20-09-2024 07:11,Service Control Manager,7040,None,The start type of the Background Intelligent Transfer Service service was changed from auto start to demand start.
Information,20-09-2024 07:07,Microsoft-Windows-Kernel-General,1,-5,"The system time has changed to ‎2024‎-‎09‎-‎20T01:37:16.279837000Z from ‎2024‎-‎09‎-‎20T01:37:16.279892600Z.
Time Delta: 0 ms

Change Reason: An application or system component changed the time.
Process: '\Device\HarddiskVolume3\Windows\System32\svchost.exe' (PID 23220).

RTC time: ‎2024‎-‎09‎-‎20T07:07:16.279837000Z
Current time zone bias: -330
RTC time is in UTC: false
System time was based on RTC time: false"
Information,20-09-2024 07:07,Microsoft-Windows-Kernel-General,24,-11,The time zone information was refreshed with exit reason 0. Current time zone bias is -330.
Information,20-09-2024 07:07,Microsoft-Windows-Time-Service,35,None,"The time service is now synchronizing the system time with the time source time.windows.com,0x9 (ntp.m|0x9|[::]:123->[64:ff9b::2851:5e41]:123) with reference id 3611644667. Current local stratum number is 4."
Information,20-09-2024 07:07,Microsoft-Windows-Time-Service,37,None,"The time provider NtpClient is currently receiving valid time data from time.windows.com,0x9 (ntp.m|0x9|[::]:123->[64:ff9b::2851:5e41]:123)."
Information,20-09-2024 07:07,Service Control Manager,7040,None,The start type of the McAfee Scheduled Task - (McAfee-Dynamicappdownloader) service was changed from demand start to disabled.
Information,20-09-2024 07:07,Service Control Manager,7045,None,"A service was installed in the system.

Service Name:  McAfee Scheduled Task - (McAfee-Dynamicappdownloader)
Service File Name:  ""C:\Program Files\McAfee\wps\1.22.200.1\dad\mc-dad.exe""
Service Type:  user mode service
Service Start Type:  demand start
Service Account:  LocalSystem"
Warning,20-09-2024 07:06,Microsoft-Windows-DNS-Client,1014,-1014,Name resolution for the name teams.events.data.microsoft.com timed out after none of the configured DNS servers responded. Client PID 14944.
Information,20-09-2024 07:06,TPM,17,None,The Trusted Platform Module (TPM) hardware failed to execute a TPM command.
Information,20-09-2024 07:06,TPM,17,None,The Trusted Platform Module (TPM) hardware failed to execute a TPM command.
Information,20-09-2024 07:06,TPM,17,None,The Trusted Platform Module (TPM) hardware failed to execute a TPM command.
Warning,20-09-2024 07:04,Microsoft-Windows-Time-Service,134,None,"NtpClient was unable to set a manual peer to use as a time source because of DNS resolution error on 'time.windows.com,0x9'. NtpClient will try again in 15 minutes and double the reattempt interval thereafter. The error was: No such host is known. (0x80072AF9)"
Information,20-09-2024 07:03,TPM,17,None,The Trusted Platform Module (TPM) hardware failed to execute a TPM command.
Information,20-09-2024 07:03,TPM,17,None,The Trusted Platform Module (TPM) hardware failed to execute a TPM command.
Information,20-09-2024 07:03,TPM,17,None,The Trusted Platform Module (TPM) hardware failed to execute a TPM command.
Warning,20-09-2024 07:03,Microsoft-Windows-DistributedCOM,10016,None,"The application-specific permission settings do not grant Local Activation permission for the COM Server application with CLSID 
{2593F8B9-4EAF-457C-B68A-50F6B8EA6B54}
 and APPID 
{15C20B67-12E7-4BB6-92BB-7AFF07997402}
 to the user INFINITELOOP\HP SID (S-1-5-21-1139039245-4285067927-1271566218-1001) from address LocalHost (Using LRPC) running in the application container MSTeams_24231.512.3106.6573_x64__8wekyb3d8bbwe SID (Unavailable). This security permission can be modified using the Component Services administrative tool."
Information,20-09-2024 07:03,TPM,17,None,The Trusted Platform Module (TPM) hardware failed to execute a TPM command.
Information,20-09-2024 07:03,TPM,17,None,The Trusted Platform Module (TPM) hardware failed to execute a TPM command.
Information,20-09-2024 07:03,TPM,17,None,The Trusted Platform Module (TPM) hardware failed to execute a TPM command.
Information,20-09-2024 07:03,TPM,17,None,The Trusted Platform Module (TPM) hardware failed to execute a TPM command.
Information,20-09-2024 07:03,TPM,17,None,The Trusted Platform Module (TPM) hardware failed to execute a TPM command.
Information,20-09-2024 07:03,TPM,17,None,The Trusted Platform Module (TPM) hardware failed to execute a TPM command.
Warning,20-09-2024 07:03,Microsoft-Windows-DistributedCOM,10016,None,"The application-specific permission settings do not grant Local Activation permission for the COM Server application with CLSID 
{2593F8B9-4EAF-457C-B68A-50F6B8EA6B54}
 and APPID 
{15C20B67-12E7-4BB6-92BB-7AFF07997402}
 to the user INFINITELOOP\HP SID (S-1-5-21-1139039245-4285067927-1271566218-1001) from address LocalHost (Using LRPC) running in the application container Unavailable SID (Unavailable). This security permission can be modified using the Component Services administrative tool."
Information,20-09-2024 07:03,Service Control Manager,7040,None,The start type of the Background Intelligent Transfer Service service was changed from demand start to auto start.
Information,20-09-2024 07:03,Service Control Manager,7040,None,The start type of the McAfee Scheduled Task - (McAfee Scheduled Task - (mc-sustainability)) service was changed from demand start to disabled.
Information,20-09-2024 07:03,Service Control Manager,7045,None,"A service was installed in the system.

Service Name:  McAfee Scheduled Task - (McAfee Scheduled Task - (mc-sustainability))
Service File Name:  ""C:\Program Files\McAfee\wps\1.22.200.1\sustainability\mc-sustainability.exe""
Service Type:  user mode service
Service Start Type:  demand start
Service Account:  LocalSystem"
Warning,20-09-2024 07:03,Microsoft-Windows-DistributedCOM,10016,None,"The application-specific permission settings do not grant Local Activation permission for the COM Server application with CLSID 
{6B3B8D23-FA8D-40B9-8DBD-B950333E2C52}
 and APPID 
{4839DDB7-58C2-48F5-8283-E1D1807D0D7D}
 to the user NT AUTHORITY\LOCAL SERVICE SID (S-1-5-19) from address LocalHost (Using LRPC) running in the application container Unavailable SID (Unavailable). This security permission can be modified using the Component Services administrative tool."
Warning,20-09-2024 07:03,Microsoft-Windows-DistributedCOM,10016,None,"The application-specific permission settings do not grant Local Activation permission for the COM Server application with CLSID 
{6B3B8D23-FA8D-40B9-8DBD-B950333E2C52}
 and APPID 
{4839DDB7-58C2-48F5-8283-E1D1807D0D7D}
 to the user NT AUTHORITY\LOCAL SERVICE SID (S-1-5-19) from address LocalHost (Using LRPC) running in the application container Unavailable SID (Unavailable). This security permission can be modified using the Component Services administrative tool."
Information,20-09-2024 07:03,Microsoft-Windows-Winlogon,7001,-1101,User Logon Notification for Customer Experience Improvement Program
Information,20-09-2024 07:03,Microsoft-Windows-Power-Troubleshooter,1,None,"The system has returned from a low power state.

Sleep Time: ‎2024‎-‎09‎-‎19T18:16:31.746565400Z
Wake Time: ‎2024‎-‎09‎-‎20T01:33:15.013715800Z

Wake Source: Unknown"
Information,20-09-2024 07:03,BTHUSB,18,None,Windows cannot store Bluetooth authentication codes (link keys) on the local adapter. Bluetooth keyboards might not work in the system BIOS during startup.
Warning,20-09-2024 07:03,Microsoft-Windows-Time-Service,134,None,"NtpClient was unable to set a manual peer to use as a time source because of DNS resolution error on 'time.windows.com,0x9'. NtpClient will try again in 15 minutes and double the reattempt interval thereafter. The error was: No such host is known. (0x80072AF9)"
Information,20-09-2024 07:03,Microsoft-Windows-Kernel-General,16,None,The access history in hive \Device\HarddiskVolume1\EFI\Microsoft\Boot\BCD was cleared updating 88 keys and creating 7 modified pages.
Information,20-09-2024 07:03,Microsoft-Windows-Kernel-Power,566,-268,"The system session has transitioned from 42 to 44.

Reason WinRT 

BootId: 217"
Information,20-09-2024 07:03,Microsoft-Windows-Kernel-Power,507,-158,"The system is exiting Modern Standby 

Reason: Resume from Hibernate."
Information,20-09-2024 07:03,Microsoft-Windows-Kernel-Power,506,-157,"The system is entering Modern Standby 

Reason: Sleep, Hibernate, or Shutdown."
Information,20-09-2024 07:03,Microsoft-Windows-Kernel-Power,566,-268,"The system session has transitioned from 41 to 42.

Reason SxTransition 

BootId: 217"
Information,20-09-2024 07:03,Microsoft-Windows-Kernel-Boot,32,-58,The bootmgr spent 0 ms waiting for user input.
Information,20-09-2024 07:03,Microsoft-Windows-Kernel-Boot,18,-57,There are 0x1 boot options on this system.
Information,20-09-2024 07:03,Microsoft-Windows-Kernel-Boot,30,-21,The firmware reported boot metrics.
Error,20-09-2024 07:03,VBoxNetLwf,12,None,The driver detected an internal driver error on \Device\VBoxNetLwf.
Information,20-09-2024 07:03,Microsoft-Windows-Kernel-Power,105,-100,Power source change.
Information,20-09-2024 07:03,Microsoft-Windows-Kernel-General,1,-5,"The system time has changed to ‎2024‎-‎09‎-‎20T01:33:14.500000000Z from ‎2024‎-‎09‎-‎19T18:16:36.854435100Z.
Time Delta: 26197645 ms

Change Reason: System time synchronized with the hardware clock.
Process: '' (PID 4).

RTC time: ‎2024‎-‎09‎-‎20T07:03:14.500000000Z
Current time zone bias: -330
RTC time is in UTC: false
System time was based on RTC time: false"
Information,19-09-2024 23:46,Microsoft-Windows-Kernel-Power,107,-102,The system has resumed from sleep.
Information,19-09-2024 23:46,Microsoft-Windows-Kernel-Power,42,-64,"The system is entering sleep.

Sleep Reason: Application API"
Information,19-09-2024 23:46,Microsoft-Windows-Kernel-Power,566,-268,"The system session has transitioned from 40 to 41.

Reason InputHid 

BootId: 217"
Information,19-09-2024 23:46,Microsoft-Windows-Kernel-Power,187,-243,User-mode process attempted to change the system state by calling SetSuspendState or SetSystemPowerState APIs.
Information,19-09-2024 23:46,Win32k,267,None,Touch/Touchpad Hardware Quality Assurance verification succeeded.
Information,19-09-2024 23:46,Microsoft-Windows-Winlogon,7002,-1102,User Logoff Notification for Customer Experience Improvement Program
Information,19-09-2024 23:00,TPM,17,None,The Trusted Platform Module (TPM) hardware failed to execute a TPM command.
Information,19-09-2024 23:00,TPM,17,None,The Trusted Platform Module (TPM) hardware failed to execute a TPM command.
Information,19-09-2024 23:00,TPM,17,None,The Trusted Platform Module (TPM) hardware failed to execute a TPM command.
Information,19-09-2024 22:39,Service Control Manager,7040,None,The start type of the Background Intelligent Transfer Service service was changed from auto start to demand start.
Information,19-09-2024 22:36,Service Control Manager,7040,None,The start type of the Background Intelligent Transfer Service service was changed from demand start to auto start.
Information,19-09-2024 22:19,Service Control Manager,7040,None,The start type of the Background Intelligent Transfer Service service was changed from auto start to demand start.
Information,19-09-2024 22:17,Service Control Manager,7040,None,The start type of the Background Intelligent Transfer Service service was changed from demand start to auto start.
Warning,19-09-2024 22:11,Microsoft-Windows-DistributedCOM,10016,None,"The application-specific permission settings do not grant Local Activation permission for the COM Server application with CLSID 
{2593F8B9-4EAF-457C-B68A-50F6B8EA6B54}
 and APPID 
{15C20B67-12E7-4BB6-92BB-7AFF07997402}
 to the user INFINITELOOP\HP SID (S-1-5-21-1139039245-4285067927-1271566218-1001) from address LocalHost (Using LRPC) running in the application container Unavailable SID (Unavailable). This security permission can be modified using the Component Services administrative tool."
Error,19-09-2024 21:47,Microsoft-Windows-WindowsUpdateClient,20,Windows Update Agent,Installation Failure: Windows failed to install the following update with error 0x80073D02: 9NKSQGP7F2NH-5319275A.WhatsAppDesktop.
Information,19-09-2024 21:47,Microsoft-Windows-WindowsUpdateClient,43,Windows Update Agent,Installation Started: Windows has started installing the following update: 9NKSQGP7F2NH-5319275A.WhatsAppDesktop
Information,19-09-2024 21:47,Microsoft-Windows-WindowsUpdateClient,44,Windows Update Agent,Windows Update started downloading an update.
Information,19-09-2024 21:47,Microsoft-Windows-WindowsUpdateClient,44,Windows Update Agent,Windows Update started downloading an update.
Information,19-09-2024 21:46,Microsoft-Windows-WindowsUpdateClient,44,Windows Update Agent,Windows Update started downloading an update.
Information,19-09-2024 21:46,Microsoft-Windows-WindowsUpdateClient,44,Windows Update Agent,Windows Update started downloading an update.
Information,19-09-2024 21:46,Microsoft-Windows-WindowsUpdateClient,44,Windows Update Agent,Windows Update started downloading an update.
Information,19-09-2024 21:42,Microsoft-Windows-Kernel-Power,105,-100,Power source change.
Information,19-09-2024 21:42,Microsoft-Windows-Kernel-Power,566,-268,"The system session has transitioned from 38 to 40.

Reason InputHid 

BootId: 217"
Information,19-09-2024 21:42,Microsoft-Windows-Kernel-Power,507,-158,"The system is exiting Modern Standby 

Reason: Input Mouse."
Information,19-09-2024 21:42,Microsoft-Windows-Kernel-Power,506,-157,"The system is entering Modern Standby 

Reason: Lid."
Information,19-09-2024 21:42,Microsoft-Windows-Kernel-Power,566,-268,"The system session has transitioned from 37 to 38.

Reason PolicyChange 

BootId: 217"
Warning,19-09-2024 20:18,Microsoft-Windows-DNS-Client,1014,-1014,Name resolution for the name drivefrontend-pa.clients6.google.com timed out after none of the configured DNS servers responded. Client PID 15464.
