Level,Date and Time,Source,Event ID,Task Category,
Information,30-09-2024 19:27,Microsoft-Windows-Kernel-General,16,None,The access history in hive \??\C:\Users\HP\AppData\Local\Packages\Microsoft.WindowsNotepad_8wekyb3d8bbwe\Settings\settings.dat was cleared updating 2 keys and creating 1 modified pages.
Information,30-09-2024 19:26,Microsoft-Windows-WindowsUpdateClient,19,Windows Update Agent,Installation Successful: Windows successfully installed the following update: 9N6LX9VZQN0L-FrostInteractiveServicesP.DeepLearnbyACEEngineerin
Information,30-09-2024 19:26,Microsoft-Windows-Kernel-General,16,None,The access history in hive \??\C:\Users\HP\AppData\Local\Packages\FrostInteractiveServicesP.DeepLearnbyACEEngineerin_mwz0w1t07g8ra\Settings\settings.dat was cleared updating 1 keys and creating 1 modified pages.
Information,30-09-2024 19:26,Microsoft-Windows-WindowsUpdateClient,43,Windows Update Agent,Installation Started: Windows has started installing the following update: 9N6LX9VZQN0L-FrostInteractiveServicesP.DeepLearnbyACEEngineerin
Information,30-09-2024 19:25,Microsoft-Windows-WindowsUpdateClient,44,Windows Update Agent,Windows Update started downloading an update.
Information,30-09-2024 19:25,Microsoft-Windows-WindowsUpdateClient,44,Windows Update Agent,Windows Update started downloading an update.
Information,30-09-2024 19:25,Microsoft-Windows-WindowsUpdateClient,44,Windows Update Agent,Windows Update started downloading an update.
Information,30-09-2024 19:24,Microsoft-Windows-Kernel-General,16,None,The access history in hive \??\C:\ProgramData\Microsoft\Provisioning\Microsoft-Desktop-Provisioning-Sequence.dat was cleared updating 0 keys and creating 0 modified pages.
Warning,30-09-2024 19:19,Microsoft-Windows-DistributedCOM,10016,None,"The application-specific permission settings do not grant Local Activation permission for the COM Server application with CLSID 
{2593F8B9-4EAF-457C-B68A-50F6B8EA6B54}
 and APPID 
{15C20B67-12E7-4BB6-92BB-7AFF07997402}
 to the user INFINITELOOP\HP SID (S-1-5-21-1139039245-4285067927-1271566218-1001) from address LocalHost (Using LRPC) running in the application container Unavailable SID (Unavailable). This security permission can be modified using the Component Services administrative tool."
Information,30-09-2024 19:05,Service Control Manager,7040,None,The start type of the Background Intelligent Transfer Service service was changed from auto start to demand start.
Information,30-09-2024 19:03,Service Control Manager,7040,None,The start type of the Background Intelligent Transfer Service service was changed from demand start to auto start.
Information,30-09-2024 18:54,Service Control Manager,7040,None,The start type of the Background Intelligent Transfer Service service was changed from auto start to demand start.
Information,30-09-2024 18:51,Service Control Manager,7040,None,The start type of the Microsoft Defender Antivirus Mini-Filter Driver service was changed from boot start to demand start.
Information,30-09-2024 18:51,Microsoft-Windows-FilterManager,1,None,"File System Filter 'WdFilter' (Version 10.0, ‎2046‎-‎12‎-‎28T09:14:16.000000000Z) unloaded successfully."
Information,30-09-2024 18:51,Service Control Manager,7040,None,The start type of the Microsoft Defender Antivirus Boot Driver service was changed from boot start to demand start.
Information,30-09-2024 18:51,Service Control Manager,7040,None,The start type of the Microsoft Defender Antivirus Service service was changed from auto start to demand start.
Information,30-09-2024 18:51,Service Control Manager,7040,None,The start type of the McAfee Scheduled Task - (McAfee-Dynamicappdownloader) service was changed from demand start to disabled.
Information,30-09-2024 18:50,Service Control Manager,7040,None,The start type of the McAfee Scheduled Task - (McAfee Scheduled Task - (mc-sustainability)) service was changed from demand start to disabled.
Information,30-09-2024 18:50,Service Control Manager,7045,None,"A service was installed in the system.

Service Name:  McAfee Scheduled Task - (McAfee-Dynamicappdownloader)
Service File Name:  ""C:\Program Files\McAfee\wps\1.22.203.1\dad\mc-dad.exe""
Service Type:  user mode service
Service Start Type:  demand start
Service Account:  LocalSystem"
Information,30-09-2024 18:50,Service Control Manager,7045,None,"A service was installed in the system.

Service Name:  McAfee Scheduled Task - (McAfee Scheduled Task - (mc-sustainability))
Service File Name:  ""C:\Program Files\McAfee\wps\1.22.203.1\sustainability\mc-sustainability.exe""
Service Type:  user mode service
Service Start Type:  demand start
Service Account:  LocalSystem"
Warning,30-09-2024 18:50,Microsoft-Windows-DistributedCOM,10016,None,"The application-specific permission settings do not grant Local Activation permission for the COM Server application with CLSID 
{2593F8B9-4EAF-457C-B68A-50F6B8EA6B54}
 and APPID 
{15C20B67-12E7-4BB6-92BB-7AFF07997402}
 to the user INFINITELOOP\HP SID (S-1-5-21-1139039245-4285067927-1271566218-1001) from address LocalHost (Using LRPC) running in the application container MicrosoftWindows.Client.WebExperience_524.24900.80.0_x64__cw5n1h2txyewy SID (Unavailable). This security permission can be modified using the Component Services administrative tool."
Information,30-09-2024 18:50,TPM,17,None,The Trusted Platform Module (TPM) hardware failed to execute a TPM command.
Information,30-09-2024 18:50,TPM,17,None,The Trusted Platform Module (TPM) hardware failed to execute a TPM command.
Information,30-09-2024 18:50,TPM,17,None,The Trusted Platform Module (TPM) hardware failed to execute a TPM command.
Information,30-09-2024 18:50,Microsoft-Windows-Kernel-General,16,None,The access history in hive \??\C:\Users\HP\AppData\Local\Packages\MicrosoftWindows.Client.WebExperience_cw5n1h2txyewy\Settings\settings.dat was cleared updating 6 keys and creating 1 modified pages.
Information,30-09-2024 18:50,Microsoft-Windows-Kernel-General,16,None,The access history in hive \??\C:\Users\HP\AppData\Local\Packages\5319275A.WhatsAppDesktop_cv1g1gvanyjgm\Settings\settings.dat was cleared updating 2 keys and creating 1 modified pages.
Information,30-09-2024 18:50,Microsoft-Windows-Kernel-General,16,None,The access history in hive \??\C:\Users\HP\AppData\Local\Packages\Microsoft.Todos_8wekyb3d8bbwe\Settings\settings.dat was cleared updating 13 keys and creating 3 modified pages.
Information,30-09-2024 18:50,Microsoft-Windows-Kernel-General,16,None,The access history in hive \??\C:\ProgramData\Packages\Microsoft.WidgetsPlatformRuntime_8wekyb3d8bbwe\S-1-5-21-1139039245-4285067927-1271566218-1001\SystemAppData\Helium\Cache\2d7936e632ae1382_COM15.dat was cleared updating 1 keys and creating 1 modified pages.
Information,30-09-2024 18:50,Microsoft-Windows-Kernel-General,16,None,The access history in hive \??\C:\Users\HP\AppData\Local\Packages\Microsoft.WidgetsPlatformRuntime_8wekyb3d8bbwe\SystemAppData\Helium\UserClasses.dat was cleared updating 15 keys and creating 2 modified pages.
Information,30-09-2024 18:50,Microsoft-Windows-Kernel-General,16,None,The access history in hive \??\C:\Users\HP\AppData\Local\Packages\Microsoft.WidgetsPlatformRuntime_8wekyb3d8bbwe\SystemAppData\Helium\User.dat was cleared updating 1 keys and creating 1 modified pages.
Information,30-09-2024 18:50,Service Control Manager,7045,None,"A service was installed in the system.

Service Name:  MpKsl7a84a662
Service File Name:  C:\ProgramData\Microsoft\Windows Defender\Definition Updates\{AF9424F4-31D6-45A8-A9D6-88B29BBE6005}\MpKslDrv.sys
Service Type:  kernel mode driver
Service Start Type:  demand start
Service Account:  "
Information,30-09-2024 18:50,Microsoft-Windows-FilterManager,6,None,"File System Filter 'WdFilter' (10.0, ‎2046‎-‎12‎-‎28T09:14:16.000000000Z) has successfully loaded and registered with Filter Manager."
Information,30-09-2024 18:50,Service Control Manager,7040,None,The start type of the Microsoft Defender Antivirus Boot Driver service was changed from demand start to boot start.
Information,30-09-2024 18:50,Service Control Manager,7040,None,The start type of the Microsoft Defender Antivirus Mini-Filter Driver service was changed from demand start to boot start.
Information,30-09-2024 18:50,Service Control Manager,7040,None,The start type of the Microsoft Defender Antivirus Service service was changed from demand start to auto start.
Information,30-09-2024 18:49,Microsoft-Windows-Kernel-General,16,None,The access history in hive \??\C:\Users\HP\AppData\Local\Packages\Microsoft.Windows.ContentDeliveryManager_cw5n1h2txyewy\Settings\settings.dat was cleared updating 3345 keys and creating 156 modified pages.
Warning,30-09-2024 18:49,Microsoft-Windows-DistributedCOM,10016,None,"The application-specific permission settings do not grant Local Launch permission for the COM Server application with CLSID 
Windows.SecurityCenter.SecurityAppBroker
 and APPID 
Unavailable
 to the user NT AUTHORITY\SYSTEM SID (S-1-5-18) from address LocalHost (Using LRPC) running in the application container Unavailable SID (Unavailable). This security permission can be modified using the Component Services administrative tool."
Warning,30-09-2024 18:49,Microsoft-Windows-DistributedCOM,10016,None,"The application-specific permission settings do not grant Local Launch permission for the COM Server application with CLSID 
Windows.SecurityCenter.WscBrokerManager
 and APPID 
Unavailable
 to the user NT AUTHORITY\SYSTEM SID (S-1-5-18) from address LocalHost (Using LRPC) running in the application container Unavailable SID (Unavailable). This security permission can be modified using the Component Services administrative tool."
Information,30-09-2024 18:48,Service Control Manager,7040,None,The start type of the McAfee Scheduled Task - (McAfee-Dynamicappdownloader) service was changed from demand start to disabled.
Information,30-09-2024 18:48,TPM,17,None,The Trusted Platform Module (TPM) hardware failed to execute a TPM command.
Information,30-09-2024 18:48,TPM,17,None,The Trusted Platform Module (TPM) hardware failed to execute a TPM command.
Information,30-09-2024 18:48,TPM,17,None,The Trusted Platform Module (TPM) hardware failed to execute a TPM command.
Information,30-09-2024 18:48,Service Control Manager,7045,None,"A service was installed in the system.

Service Name:  McAfee Scheduled Task - (McAfee-Dynamicappdownloader)
Service File Name:  ""C:\Program Files\McAfee\wps\1.22.203.1\dad\mc-dad.exe""
Service Type:  user mode service
Service Start Type:  demand start
Service Account:  LocalSystem"
Information,30-09-2024 18:48,TPM,17,None,The Trusted Platform Module (TPM) hardware failed to execute a TPM command.
Information,30-09-2024 18:48,TPM,17,None,The Trusted Platform Module (TPM) hardware failed to execute a TPM command.
Information,30-09-2024 18:48,TPM,17,None,The Trusted Platform Module (TPM) hardware failed to execute a TPM command.
Warning,30-09-2024 18:48,Microsoft-Windows-DistributedCOM,10016,None,"The application-specific permission settings do not grant Local Launch permission for the COM Server application with CLSID 
Windows.SecurityCenter.WscCloudBackupProvider
 and APPID 
Unavailable
 to the user INFINITELOOP\HP SID (S-1-5-21-1139039245-4285067927-1271566218-1001) from address LocalHost (Using LRPC) running in the application container Unavailable SID (Unavailable). This security permission can be modified using the Component Services administrative tool."
Warning,30-09-2024 18:48,Microsoft-Windows-DistributedCOM,10016,None,"The application-specific permission settings do not grant Local Activation permission for the COM Server application with CLSID 
{2593F8B9-4EAF-457C-B68A-50F6B8EA6B54}
 and APPID 
{15C20B67-12E7-4BB6-92BB-7AFF07997402}
 to the user INFINITELOOP\HP SID (S-1-5-21-1139039245-4285067927-1271566218-1001) from address LocalHost (Using LRPC) running in the application container MSTeams_24231.512.3106.6573_x64__8wekyb3d8bbwe SID (Unavailable). This security permission can be modified using the Component Services administrative tool."
Warning,30-09-2024 18:48,Microsoft-Windows-DistributedCOM,10016,None,"The application-specific permission settings do not grant Local Launch permission for the COM Server application with CLSID 
Windows.SecurityCenter.WscCloudBackupProvider
 and APPID 
Unavailable
 to the user INFINITELOOP\HP SID (S-1-5-21-1139039245-4285067927-1271566218-1001) from address LocalHost (Using LRPC) running in the application container Unavailable SID (Unavailable). This security permission can be modified using the Component Services administrative tool."
Warning,30-09-2024 18:48,Microsoft-Windows-Kernel-Processor-Power,37,-7,The speed of processor 7 in group 0 is being limited by system firmware. The processor has been in this reduced performance state for 71 seconds since the last report.
Warning,30-09-2024 18:48,Microsoft-Windows-Kernel-Processor-Power,37,-7,The speed of processor 1 in group 0 is being limited by system firmware. The processor has been in this reduced performance state for 71 seconds since the last report.
Warning,30-09-2024 18:48,Microsoft-Windows-Kernel-Processor-Power,37,-7,The speed of processor 5 in group 0 is being limited by system firmware. The processor has been in this reduced performance state for 71 seconds since the last report.
Warning,30-09-2024 18:48,Microsoft-Windows-Kernel-Processor-Power,37,-7,The speed of processor 3 in group 0 is being limited by system firmware. The processor has been in this reduced performance state for 71 seconds since the last report.
Warning,30-09-2024 18:48,Microsoft-Windows-Kernel-Processor-Power,37,-7,The speed of processor 4 in group 0 is being limited by system firmware. The processor has been in this reduced performance state for 71 seconds since the last report.
Warning,30-09-2024 18:48,Microsoft-Windows-Kernel-Processor-Power,37,-7,The speed of processor 2 in group 0 is being limited by system firmware. The processor has been in this reduced performance state for 71 seconds since the last report.
Warning,30-09-2024 18:48,Microsoft-Windows-Kernel-Processor-Power,37,-7,The speed of processor 6 in group 0 is being limited by system firmware. The processor has been in this reduced performance state for 71 seconds since the last report.
Warning,30-09-2024 18:48,Microsoft-Windows-Kernel-Processor-Power,37,-7,The speed of processor 0 in group 0 is being limited by system firmware. The processor has been in this reduced performance state for 71 seconds since the last report.
Information,30-09-2024 18:48,Microsoft-Windows-Kernel-General,16,None,The access history in hive \??\C:\Users\HP\AppData\Local\Packages\Microsoft.Windows.ShellExperienceHost_cw5n1h2txyewy\Settings\settings.dat was cleared updating 2 keys and creating 1 modified pages.
Information,30-09-2024 18:47,TPM,17,None,The Trusted Platform Module (TPM) hardware failed to execute a TPM command.
Information,30-09-2024 18:47,TPM,17,None,The Trusted Platform Module (TPM) hardware failed to execute a TPM command.
Information,30-09-2024 18:47,TPM,17,None,The Trusted Platform Module (TPM) hardware failed to execute a TPM command.
Information,30-09-2024 18:47,TPM,17,None,The Trusted Platform Module (TPM) hardware failed to execute a TPM command.
Information,30-09-2024 18:47,TPM,17,None,The Trusted Platform Module (TPM) hardware failed to execute a TPM command.
Information,30-09-2024 18:47,TPM,17,None,The Trusted Platform Module (TPM) hardware failed to execute a TPM command.
Information,30-09-2024 18:47,Microsoft-Windows-Kernel-General,16,None,The access history in hive \??\C:\Users\HP\AppData\Local\Packages\MicrosoftWindows.CrossDevice_cw5n1h2txyewy\Settings\settings.dat was cleared updating 26 keys and creating 3 modified pages.
Information,30-09-2024 18:47,Microsoft-Windows-Kernel-General,16,None,The access history in hive \??\C:\Users\HP\AppData\Local\Packages\MicrosoftWindows.CrossDevice_cw5n1h2txyewy\SystemAppData\Helium\UserClasses.dat was cleared updating 1 keys and creating 1 modified pages.
Information,30-09-2024 18:47,Microsoft-Windows-Kernel-General,16,None,The access history in hive \??\C:\Users\HP\AppData\Local\Packages\MicrosoftWindows.CrossDevice_cw5n1h2txyewy\SystemAppData\Helium\User.dat was cleared updating 1 keys and creating 1 modified pages.
Information,30-09-2024 18:47,Microsoft-Windows-Kernel-General,16,None,The access history in hive \??\C:\Users\HP\AppData\Local\Packages\SpotifyAB.SpotifyMusic_zpdnekdrzrea0\SystemAppData\Helium\UserClasses.dat was cleared updating 15 keys and creating 3 modified pages.
Information,30-09-2024 18:47,Microsoft-Windows-Kernel-General,16,None,The access history in hive \??\C:\Users\HP\AppData\Local\Packages\SpotifyAB.SpotifyMusic_zpdnekdrzrea0\SystemAppData\Helium\User.dat was cleared updating 23 keys and creating 4 modified pages.
Information,30-09-2024 18:47,Microsoft-Windows-Kernel-General,16,None,The access history in hive \??\C:\Users\HP\AppData\Local\Packages\MSTeams_8wekyb3d8bbwe\Settings\settings.dat was cleared updating 2 keys and creating 1 modified pages.
Information,30-09-2024 18:47,Microsoft-Windows-Kernel-General,16,None,The access history in hive \??\C:\Users\HP\AppData\Local\Packages\MSTeams_8wekyb3d8bbwe\SystemAppData\Helium\User.dat was cleared updating 64 keys and creating 5 modified pages.
Information,30-09-2024 18:47,Microsoft-Windows-Kernel-General,16,None,The access history in hive \??\C:\Users\HP\AppData\Local\Packages\AD2F1837.myHP_v10z8vjag6ke6\Settings\settings.dat was cleared updating 2 keys and creating 1 modified pages.
Information,30-09-2024 18:47,Microsoft-Windows-Kernel-General,16,None,The access history in hive \??\C:\Users\HP\AppData\Local\Packages\AD2F1837.myHP_v10z8vjag6ke6\SystemAppData\Helium\UserClasses.dat was cleared updating 1 keys and creating 1 modified pages.
Information,30-09-2024 18:47,Microsoft-Windows-Kernel-General,16,None,The access history in hive \??\C:\Users\HP\AppData\Local\Packages\AD2F1837.myHP_v10z8vjag6ke6\SystemAppData\Helium\User.dat was cleared updating 5 keys and creating 1 modified pages.
Information,30-09-2024 18:47,TPM,17,None,The Trusted Platform Module (TPM) hardware failed to execute a TPM command.
Information,30-09-2024 18:47,TPM,17,None,The Trusted Platform Module (TPM) hardware failed to execute a TPM command.
Information,30-09-2024 18:47,TPM,17,None,The Trusted Platform Module (TPM) hardware failed to execute a TPM command.
Information,30-09-2024 18:47,Microsoft-Windows-Kernel-General,16,None,The access history in hive \??\C:\ProgramData\Packages\AppUp.IntelGraphicsExperience_8j3eq9eme6ctt\S-1-5-21-1139039245-4285067927-1271566218-1001\SystemAppData\Helium\Cache\3883b1cbc30d8ef9_COM15.dat was cleared updating 1 keys and creating 1 modified pages.
Information,30-09-2024 18:47,Microsoft-Windows-Kernel-General,16,None,The access history in hive \??\C:\Users\HP\AppData\Local\Packages\AppUp.IntelGraphicsExperience_8j3eq9eme6ctt\SystemAppData\Helium\UserClasses.dat was cleared updating 1 keys and creating 1 modified pages.
Information,30-09-2024 18:47,Microsoft-Windows-Kernel-General,16,None,The access history in hive \??\C:\Users\HP\AppData\Local\Packages\AppUp.IntelGraphicsExperience_8j3eq9eme6ctt\SystemAppData\Helium\User.dat was cleared updating 7 keys and creating 1 modified pages.
Warning,30-09-2024 18:47,Microsoft-Windows-DistributedCOM,10016,None,"The application-specific permission settings do not grant Local Activation permission for the COM Server application with CLSID 
{2593F8B9-4EAF-457C-B68A-50F6B8EA6B54}
 and APPID 
{15C20B67-12E7-4BB6-92BB-7AFF07997402}
 to the user INFINITELOOP\HP SID (S-1-5-21-1139039245-4285067927-1271566218-1001) from address LocalHost (Using LRPC) running in the application container Unavailable SID (Unavailable). This security permission can be modified using the Component Services administrative tool."
Information,30-09-2024 18:47,Service Control Manager,7040,None,The start type of the Background Intelligent Transfer Service service was changed from demand start to auto start.
Information,30-09-2024 18:47,Microsoft-Windows-Kernel-General,16,None,The access history in hive \??\C:\Users\HP\AppData\Local\Packages\Microsoft.Windows.StartMenuExperienceHost_cw5n1h2txyewy\Settings\settings.dat was cleared updating 10 keys and creating 1 modified pages.
Information,30-09-2024 18:47,Microsoft-Windows-Kernel-General,16,None,The access history in hive \??\C:\Users\HP\AppData\Local\Packages\MicrosoftWindows.Client.CBS_cw5n1h2txyewy\Settings\settings.dat was cleared updating 88 keys and creating 10 modified pages.
Information,30-09-2024 18:47,Microsoft-Windows-Kernel-General,16,None,The access history in hive \??\C:\Users\HP\AppData\Local\Packages\MicrosoftWindows.Client.WebExperience_cw5n1h2txyewy\SystemAppData\Helium\UserClasses.dat was cleared updating 15 keys and creating 3 modified pages.
Information,30-09-2024 18:47,Microsoft-Windows-Kernel-General,16,None,The access history in hive \??\C:\Users\HP\AppData\Local\Packages\MicrosoftWindows.Client.WebExperience_cw5n1h2txyewy\SystemAppData\Helium\User.dat was cleared updating 37 keys and creating 5 modified pages.
Information,30-09-2024 18:47,Microsoft-Windows-TPM-WMI,1025,None,The TPM was successfully provisioned and is now ready for use.
Information,30-09-2024 18:47,Microsoft-Windows-TPM-WMI,1282,None,The TBS device identifier has been generated.
Warning,30-09-2024 18:47,Microsoft-Windows-DistributedCOM,10016,None,"The application-specific permission settings do not grant Local Activation permission for the COM Server application with CLSID 
{6B3B8D23-FA8D-40B9-8DBD-B950333E2C52}
 and APPID 
{4839DDB7-58C2-48F5-8283-E1D1807D0D7D}
 to the user NT AUTHORITY\LOCAL SERVICE SID (S-1-5-19) from address LocalHost (Using LRPC) running in the application container Unavailable SID (Unavailable). This security permission can be modified using the Component Services administrative tool."
Warning,30-09-2024 18:47,Microsoft-Windows-DistributedCOM,10016,None,"The application-specific permission settings do not grant Local Activation permission for the COM Server application with CLSID 
{6B3B8D23-FA8D-40B9-8DBD-B950333E2C52}
 and APPID 
{4839DDB7-58C2-48F5-8283-E1D1807D0D7D}
 to the user NT AUTHORITY\LOCAL SERVICE SID (S-1-5-19) from address LocalHost (Using LRPC) running in the application container Unavailable SID (Unavailable). This security permission can be modified using the Component Services administrative tool."
Information,30-09-2024 18:47,Microsoft-Windows-Kernel-General,15,-10,Hive \??\C:\Users\HP\AppData\Local\Microsoft\Windows\UsrClass.dat was reorganized with a starting size of 10293248 bytes and an ending size of 10149888 bytes.
Information,30-09-2024 18:47,TPM,18,None,This event triggers the Trusted Platform Module (TPM) provisioning/status check to run.
Information,30-09-2024 18:47,Service Control Manager,7026,None,"The following boot-start or system-start driver(s) did not load: 
WinSetupMon"
Information,30-09-2024 18:47,Microsoft-Windows-Kernel-General,16,None,The access history in hive \??\C:\Users\HP\ntuser.dat was cleared updating 18843 keys and creating 2082 modified pages.
Information,30-09-2024 18:47,Microsoft-Windows-Winlogon,7001,-1101,User Logon Notification for Customer Experience Improvement Program
Information,30-09-2024 18:47,Microsoft-Windows-UserModePowerService,12,-10,Process C:\Windows\System32\DriverStore\FileRepository\dptf_cpu.inf_amd64_c2c5b0e17a28a48f\esif_uf.exe (process ID:4780) reset policy scheme from {381b4222-f694-41f0-9685-ff5bb260df2e} to {381b4222-f694-41f0-9685-ff5bb260df2e}
Information,30-09-2024 18:47,Microsoft-Windows-UserModePowerService,12,-10,Process C:\Windows\System32\DriverStore\FileRepository\dptf_cpu.inf_amd64_c2c5b0e17a28a48f\esif_uf.exe (process ID:4780) reset policy scheme from {381b4222-f694-41f0-9685-ff5bb260df2e} to {381b4222-f694-41f0-9685-ff5bb260df2e}
Information,30-09-2024 18:47,IntelHaxm,4,None,"The description for Event ID 4 from source IntelHaxm cannot be found. Either the component that raises this event is not installed on your local computer or the installation is corrupted. You can install or repair the component on the local computer.

If the event originated on another computer, the display information had to be saved with the event.

The following information was included with the event: 


The message resource is present but the message was not found in the message table
"
Information,30-09-2024 18:47,Microsoft-Windows-WLAN-AutoConfig,4000,None,"WLAN AutoConfig service has successfully started.
"
Information,30-09-2024 18:47,Microsoft-Windows-HttpService,112,HTTP Setup Trace Task,"Attempted to reserve URL http://+:3387/rdp/. Status 0x0. Process Id 0x4 Executable path , User SYSTEM"
Information,30-09-2024 18:47,Microsoft-Windows-HttpService,112,HTTP Setup Trace Task,"Attempted to reserve URL https://+:3392/rdp/. Status 0x0. Process Id 0x4 Executable path , User SYSTEM"
Information,30-09-2024 18:47,Microsoft-Windows-HttpService,112,HTTP Setup Trace Task,"Attempted to reserve URL http://+:10246/MDEServer/. Status 0x0. Process Id 0x4 Executable path , User SYSTEM"
Information,30-09-2024 18:47,Microsoft-Windows-HttpService,112,HTTP Setup Trace Task,"Attempted to reserve URL http://+:10247/apps/. Status 0x0. Process Id 0x4 Executable path , User SYSTEM"
Information,30-09-2024 18:47,Microsoft-Windows-HttpService,112,HTTP Setup Trace Task,"Attempted to reserve URL http://+:10243/WMPNSSv4/. Status 0x0. Process Id 0x4 Executable path , User SYSTEM"
Information,30-09-2024 18:47,Microsoft-Windows-HttpService,112,HTTP Setup Trace Task,"Attempted to reserve URL https://+:10245/WMPNSSv4/. Status 0x0. Process Id 0x4 Executable path , User SYSTEM"
Information,30-09-2024 18:47,Microsoft-Windows-HttpService,112,HTTP Setup Trace Task,"Attempted to reserve URL https://+:443/sra_{BA195980-CD49-458b-9E23-C84EE0ADCD75}/. Status 0x0. Process Id 0x4 Executable path , User SYSTEM"
Information,30-09-2024 18:47,Microsoft-Windows-HttpService,112,HTTP Setup Trace Task,"Attempted to reserve URL http://+:15099/. Status 0x0. Process Id 0x4 Executable path , User SYSTEM"
Information,30-09-2024 18:47,Microsoft-Windows-HttpService,112,HTTP Setup Trace Task,"Attempted to reserve URL http://*:2869/. Status 0x0. Process Id 0x4 Executable path , User SYSTEM"
Information,30-09-2024 18:47,Microsoft-Windows-HttpService,112,HTTP Setup Trace Task,"Attempted to reserve URL http://+:5985/wsman/. Status 0x0. Process Id 0x4 Executable path , User SYSTEM"
Information,30-09-2024 18:47,Microsoft-Windows-HttpService,112,HTTP Setup Trace Task,"Attempted to reserve URL http://+:47001/wsman/. Status 0x0. Process Id 0x4 Executable path , User SYSTEM"
Information,30-09-2024 18:47,Microsoft-Windows-HttpService,112,HTTP Setup Trace Task,"Attempted to reserve URL https://+:5986/wsman/. Status 0x0. Process Id 0x4 Executable path , User SYSTEM"
Information,30-09-2024 18:47,Microsoft-Windows-HttpService,112,HTTP Setup Trace Task,"Attempted to reserve URL https://*:5358/. Status 0x0. Process Id 0x4 Executable path , User SYSTEM"
Information,30-09-2024 18:47,Microsoft-Windows-HttpService,112,HTTP Setup Trace Task,"Attempted to reserve URL http://+:80/Temporary_Listen_Addresses/. Status 0x0. Process Id 0x4 Executable path , User SYSTEM"
Information,30-09-2024 18:47,Microsoft-Windows-HttpService,112,HTTP Setup Trace Task,"Attempted to reserve URL http://*:5357/. Status 0x0. Process Id 0x4 Executable path , User SYSTEM"
Information,30-09-2024 18:47,Microsoft-Windows-Kernel-General,15,-10,Hive \SystemRoot\System32\config\DRIVERS was reorganized with a starting size of 6684672 bytes and an ending size of 6549504 bytes.
Information,30-09-2024 18:47,Win32k,267,None,Touch/Touchpad Hardware Quality Assurance verification succeeded.
Information,30-09-2024 18:47,Microsoft-Windows-FilterManager,6,None,"File System Filter 'bindflt' (10.0, ‎2000‎-‎09‎-‎21T22:24:55.000000000Z) has successfully loaded and registered with Filter Manager."
Information,30-09-2024 18:47,Microsoft-Windows-FilterManager,6,None,"File System Filter 'storqosflt' (10.0, ‎2065‎-‎11‎-‎25T12:45:59.000000000Z) has successfully loaded and registered with Filter Manager."
Information,30-09-2024 18:47,Microsoft-Windows-FilterManager,6,None,"File System Filter 'CldFlt' (10.0, ‎1996‎-‎03‎-‎03T12:43:25.000000000Z) has successfully loaded and registered with Filter Manager."
Information,30-09-2024 18:47,Microsoft-Windows-FilterManager,1,None,"File System Filter 'CldFlt' (Version 10.0, ‎1996‎-‎03‎-‎03T12:43:25.000000000Z) unloaded successfully."
Information,30-09-2024 18:47,Microsoft-Windows-FilterManager,6,None,"File System Filter 'CldFlt' (10.0, ‎1996‎-‎03‎-‎03T12:43:25.000000000Z) has successfully loaded and registered with Filter Manager."
Information,30-09-2024 18:47,Microsoft-Windows-FilterManager,6,None,"File System Filter 'luafv' (10.0, ‎1988‎-‎06‎-‎14T05:06:35.000000000Z) has successfully loaded and registered with Filter Manager."
Information,30-09-2024 18:47,RST Middleware,25,None,"Found existing Intel® Optane™ Volume. 
 Fast Drive: SCSI Port: 0, SCSI Bus: 3, SCSI Target: 0, PCIe SSD, 29260513280 bytes, INTEL HBRPEKNX0202AHO                    
 Accelerated Drive: SCSI Port: 0, SCSI Bus: 2, SCSI Target: 0, PCIe SSD, 512110190592 bytes, INTEL HBRPEKNX0202AH                     
 System Volume: true 
 Is on hybrid: true"
Information,30-09-2024 18:47,Microsoft-Windows-FilterManager,6,None,"File System Filter 'wcifs' (10.0, ‎2060‎-‎05‎-‎05T22:51:42.000000000Z) has successfully loaded and registered with Filter Manager."
Information,30-09-2024 18:47,Microsoft-Windows-FilterManager,6,None,"File System Filter 'bfs' (10.0, ‎2021‎-‎05‎-‎03T11:37:28.000000000Z) has successfully loaded and registered with Filter Manager."
Information,30-09-2024 18:47,Microsoft-Windows-DHCPv6-Client,51046,Service State Event,DHCPv6 client service is started
Information,30-09-2024 18:47,Microsoft-Windows-Dhcp-Client,50036,Service State Event,DHCPv4 client service is started
Information,30-09-2024 18:47,Microsoft-Windows-Dhcp-Client,50103,Service State Event,DHCPv4 client registered for shutdown notification
Information,30-09-2024 18:47,Microsoft-Windows-Dhcp-Client,50036,Service State Event,DHCPv4 client service is started
Information,30-09-2024 18:47,Microsoft-Windows-Directory-Services-SAM,16983,None,"The security account manager is now logging periodic summary events for remote clients that call legacy password change or set RPC methods.

For more information please see https://go.microsoft.com/fwlink/?linkid=2150956.
"
Information,30-09-2024 18:47,Microsoft-Windows-Directory-Services-SAM,16977,None,"The domain is configured with the following minimum password length-related settings.

MinimumPasswordLength: 0

RelaxMinimumPasswordLengthLimits: 0

MinimumPasswordLengthAudit: -1

For more information see https://go.microsoft.com/fwlink/?LinkId=2097191.
"
Information,30-09-2024 18:47,Microsoft-Windows-Directory-Services-SAM,16962,None,"Remote calls to the SAM database are being restricted using the default security descriptor: O:SYG:SYD:(A;;RC;;;BA).
For more information please see http://go.microsoft.com/fwlink/?LinkId=787651."
Warning,30-09-2024 18:47,LsaSrv,6155,None,"LSA package is not signed as expected. This can cause unexpected behavior with Credential Guard.

PackageName: msv1_0"
Warning,30-09-2024 18:47,LsaSrv,6155,None,"LSA package is not signed as expected. This can cause unexpected behavior with Credential Guard.

PackageName: sfapm"
Warning,30-09-2024 18:47,LsaSrv,6155,None,"LSA package is not signed as expected. This can cause unexpected behavior with Credential Guard.

PackageName: schannel"
Warning,30-09-2024 18:47,LsaSrv,6155,None,"LSA package is not signed as expected. This can cause unexpected behavior with Credential Guard.

PackageName: wdigest"
Warning,30-09-2024 18:47,LsaSrv,6155,None,"LSA package is not signed as expected. This can cause unexpected behavior with Credential Guard.

PackageName: cloudap"
Warning,30-09-2024 18:47,LsaSrv,6155,None,"LSA package is not signed as expected. This can cause unexpected behavior with Credential Guard.

PackageName: pku2u"
Warning,30-09-2024 18:47,LsaSrv,6155,None,"LSA package is not signed as expected. This can cause unexpected behavior with Credential Guard.

PackageName: tspkg"
Warning,30-09-2024 18:47,LsaSrv,6155,None,"LSA package is not signed as expected. This can cause unexpected behavior with Credential Guard.

PackageName: msv1_0"
Warning,30-09-2024 18:47,LsaSrv,6155,None,"LSA package is not signed as expected. This can cause unexpected behavior with Credential Guard.

PackageName: kerberos"
Warning,30-09-2024 18:47,LsaSrv,6155,None,"LSA package is not signed as expected. This can cause unexpected behavior with Credential Guard.

PackageName: negoexts"
Information,30-09-2024 18:47,LsaSrv,6156,None,"Virtualization Based Security for Credential Guard auto enablement status.

Hardware Requirements:	1
Domain Joined:	0
Azure AD Joined:	0"
Information,30-09-2024 18:47,Win32k,267,None,Touch/Touchpad Hardware Quality Assurance verification succeeded.
Warning,30-09-2024 18:47,Microsoft-Windows-Wininit,15,None,Credential Guard and/or VBS Key Isolation are configured but the secure kernel is not running; continuing without them.
Information,30-09-2024 18:47,Microsoft-Windows-Wininit,14,None,"Credential Guard configuration:

Registry Configuration: 0x2
Test Configuration: 0
Auto Enablement: 1"
Information,30-09-2024 18:47,BTHUSB,18,None,Windows cannot store Bluetooth authentication codes (link keys) on the local adapter. Bluetooth keyboards might not work in the system BIOS during startup.
Warning,30-09-2024 18:47,Microsoft-Windows-Kernel-PnP,219,-212,The driver \Driver\WUDFRd failed to load for the device {DD8E82AE-334B-49A2-AEAE-AEB0FD5C40DD}\DetectionVerification\5&10d3b6e1&0&0.
Information,30-09-2024 18:47,Microsoft-Windows-DriverFrameworks-UserMode,10118,Startup of the UMDF reflector,"UMDF reflector is unable to connect to service control manager (SCM). This is expected during boot, when SCM has not started yet. Will retry when it starts."
Information,30-09-2024 18:47,Microsoft-Windows-Kernel-General,24,-11,The time zone information was refreshed with exit reason 0. Current time zone bias is -330.
Information,30-09-2024 18:47,MEIx64,2,None,Intel(R) Management Engine Interface driver has started successfully.
Information,30-09-2024 18:47,Microsoft-Windows-Kernel-Power,521,-220,Active battery count change.
Information,30-09-2024 18:47,Microsoft-Windows-Kernel-Power,521,-220,Active battery count change.
Error,30-09-2024 18:47,VBoxNetLwf,12,None,The driver detected an internal driver error on \Device\VBoxNetLwf.
Information,30-09-2024 18:47,Microsoft-Windows-Kernel-Processor-Power,55,-47,"Processor 7 in group 0 exposes the following power management capabilities:

Idle state type: Micro Power Engine Plugin (11 state(s))

Performance state type: ACPI Performance (P) / Throttle (T) States
Nominal Frequency (MHz): 2401
Maximum performance percentage: 100
Minimum performance percentage: 16
Minimum throttle percentage: 1"
Information,30-09-2024 18:47,Microsoft-Windows-Kernel-Processor-Power,55,-47,"Processor 5 in group 0 exposes the following power management capabilities:

Idle state type: Micro Power Engine Plugin (11 state(s))

Performance state type: ACPI Performance (P) / Throttle (T) States
Nominal Frequency (MHz): 2401
Maximum performance percentage: 100
Minimum performance percentage: 16
Minimum throttle percentage: 1"
Information,30-09-2024 18:47,Microsoft-Windows-Kernel-Processor-Power,55,-47,"Processor 3 in group 0 exposes the following power management capabilities:

Idle state type: Micro Power Engine Plugin (11 state(s))

Performance state type: ACPI Performance (P) / Throttle (T) States
Nominal Frequency (MHz): 2401
Maximum performance percentage: 100
Minimum performance percentage: 16
Minimum throttle percentage: 1"
Information,30-09-2024 18:47,Microsoft-Windows-Kernel-Processor-Power,55,-47,"Processor 1 in group 0 exposes the following power management capabilities:

Idle state type: Micro Power Engine Plugin (11 state(s))

Performance state type: ACPI Performance (P) / Throttle (T) States
Nominal Frequency (MHz): 2401
Maximum performance percentage: 100
Minimum performance percentage: 16
Minimum throttle percentage: 1"
Information,30-09-2024 18:47,Microsoft-Windows-Kernel-Processor-Power,55,-47,"Processor 6 in group 0 exposes the following power management capabilities:

Idle state type: Micro Power Engine Plugin (11 state(s))

Performance state type: ACPI Performance (P) / Throttle (T) States
Nominal Frequency (MHz): 2401
Maximum performance percentage: 100
Minimum performance percentage: 16
Minimum throttle percentage: 1"
Information,30-09-2024 18:47,Microsoft-Windows-Kernel-Processor-Power,55,-47,"Processor 4 in group 0 exposes the following power management capabilities:

Idle state type: Micro Power Engine Plugin (11 state(s))

Performance state type: ACPI Performance (P) / Throttle (T) States
Nominal Frequency (MHz): 2401
Maximum performance percentage: 100
Minimum performance percentage: 16
Minimum throttle percentage: 1"
Information,30-09-2024 18:47,Microsoft-Windows-Kernel-Processor-Power,55,-47,"Processor 2 in group 0 exposes the following power management capabilities:

Idle state type: Micro Power Engine Plugin (11 state(s))

Performance state type: ACPI Performance (P) / Throttle (T) States
Nominal Frequency (MHz): 2401
Maximum performance percentage: 100
Minimum performance percentage: 16
Minimum throttle percentage: 1"
Information,30-09-2024 18:47,Microsoft-Windows-Kernel-Processor-Power,55,-47,"Processor 0 in group 0 exposes the following power management capabilities:

Idle state type: Micro Power Engine Plugin (11 state(s))

Performance state type: ACPI Performance (P) / Throttle (T) States
Nominal Frequency (MHz): 2401
Maximum performance percentage: 100
Minimum performance percentage: 16
Minimum throttle percentage: 1"
Warning,30-09-2024 18:47,Microsoft-Windows-Kernel-PnP,219,-212,The driver \Driver\WUDFRd failed to load for the device PCI\VEN_8086&DEV_9A03&SUBSYS_87FE103C&REV_01\3&11583659&2&20.
Information,30-09-2024 18:47,Microsoft-Windows-DriverFrameworks-UserMode,10118,Startup of the UMDF reflector,"UMDF reflector is unable to connect to service control manager (SCM). This is expected during boot, when SCM has not started yet. Will retry when it starts."
Critical,30-09-2024 18:47,Microsoft-Windows-Kernel-Power,41,-63,"The system has rebooted without cleanly shutting down first. This error could be caused if the system stopped responding, crashed, or lost power unexpectedly."
Information,30-09-2024 18:47,Microsoft-Windows-Kernel-Power,125,-86,"ACPI thermal zone \_TZ.TZ01 has been enumerated.             
_PSV = 372K             
_TC1 = 1             
_TC2 = 5             
_TSP = 1000ms             
_AC0 = 0K             
_AC1 = 0K             
_AC2 = 0K             
_AC3 = 0K             
_AC4 = 0K             
_AC5 = 0K             
_AC6 = 0K             
_AC7 = 0K             
_AC8 = 0K             
_AC9 = 0K             
_CRT = 392K             
_HOT = 373K             
minimum throttle = 0             
_CR3 = 0K"
Information,30-09-2024 18:47,Microsoft-Windows-FilterManager,6,None,"File System Filter 'npsvctrig' (10.0, ‎1979‎-‎12‎-‎19T21:42:41.000000000Z) has successfully loaded and registered with Filter Manager."
Information,30-09-2024 18:47,Microsoft-Windows-FilterManager,6,None,"File System Filter 'UCPD' (10.0, ‎1985‎-‎02‎-‎14T05:16:35.000000000Z) has successfully loaded and registered with Filter Manager."
Information,30-09-2024 18:47,Microsoft-Windows-FilterManager,6,None,"File System Filter 'FileCrypt' (10.0, ‎1983‎-‎08‎-‎19T08:28:35.000000000Z) has successfully loaded and registered with Filter Manager."
Information,30-09-2024 18:47,Microsoft-Windows-Ntfs,98,None,Volume C: (\Device\HarddiskVolume3) is healthy.  No action is needed.
Information,30-09-2024 18:47,Microsoft-Windows-FilterManager,6,None,"File System Filter 'mfesec' (10.0, ‎2024‎-‎08‎-‎01T21:24:58.000000000Z) has successfully loaded and registered with Filter Manager."
Information,30-09-2024 18:47,Microsoft-Windows-FilterManager,6,None,"File System Filter 'Wof' (10.0, ‎2086‎-‎08‎-‎04T16:50:16.000000000Z) has successfully loaded and registered with Filter Manager."
Information,30-09-2024 18:47,Microsoft-Windows-FilterManager,6,None,"File System Filter 'FileInfo' (10.0, ‎2079‎-‎02‎-‎27T03:33:00.000000000Z) has successfully loaded and registered with Filter Manager."
Information,30-09-2024 18:47,EventLog,6013,None,The system uptime is 11 seconds.
Information,30-09-2024 18:47,EventLog,6005,None,The Event log service was started.
Information,30-09-2024 18:47,EventLog,6009,None,Microsoft (R) Windows (R) 10.00. 22631  Multiprocessor Free.
Error,30-09-2024 18:47,EventLog,6008,None,The previous system shutdown at 6:24:10 PM on ‎9/‎29/‎2024 was unexpected.
Information,30-09-2024 18:47,Microsoft-Windows-HAL,16,None,The iommu fault reporting has been initialized.
Information,30-09-2024 18:47,Microsoft-Windows-Kernel-General,20,-6,"The leap second configuration has been updated.
Reason: Leap second data initialized from registry during boot
Leap seconds enabled: true
New leap second count: 0
Old leap second count: 0"
Information,30-09-2024 18:47,Microsoft-Windows-Kernel-Boot,30,-21,The firmware reported boot metrics.
Information,30-09-2024 18:47,Microsoft-Windows-Kernel-Boot,27,-33,The boot type was 0x0.
Information,30-09-2024 18:47,Microsoft-Windows-Kernel-Boot,25,-32,The boot menu policy was 0x1.
Information,30-09-2024 18:47,Microsoft-Windows-Kernel-Boot,238,-101,EFI time zone bias: 2047. Daylight flags: 0. Firmware time: ‎2024‎-‎09‎-‎30T18:47:02.000000000Z.
Information,30-09-2024 18:47,Microsoft-Windows-Kernel-Boot,20,-31,The last shutdown's success status was true. The last boot's success status was true.
Information,30-09-2024 18:47,Microsoft-Windows-Kernel-Boot,32,-58,The bootmgr spent 0 ms waiting for user input.
Information,30-09-2024 18:47,Microsoft-Windows-Kernel-Boot,18,-57,There are 0x1 boot options on this system.
Information,30-09-2024 18:47,Microsoft-Windows-Kernel-Boot,32,-58,The bootmgr spent 0 ms waiting for user input.
Information,30-09-2024 18:47,Microsoft-Windows-Kernel-Boot,18,-57,There are 0x1 boot options on this system.
Error,30-09-2024 18:47,Microsoft-Windows-Kernel-Boot,29,None,Windows failed fast startup with error status 0xC00000D4.
Information,30-09-2024 18:47,Microsoft-Windows-Kernel-Boot,153,-62,Virtualization-based security (policies: 0) is disabled.
Information,30-09-2024 18:47,Microsoft-Windows-Kernel-General,12,-1,The operating system started at system time ‎2024‎-‎09‎-‎30T13:17:03.500000000Z.
Information,29-09-2024 18:53,Microsoft-Windows-Kernel-Power,566,-268,"The system session has transitioned from 5 to 6.

Reason PolicyChange 

BootId: 228"
Information,29-09-2024 18:53,Microsoft-Windows-Kernel-Power,507,-158,"The system is exiting Modern Standby 

Reason: Lid."
Information,29-09-2024 18:33,Microsoft-Windows-Kernel-Power,566,-268,"The system session has transitioned from 4 to 5.

Reason PolicyChange 

BootId: 228"
Information,29-09-2024 18:33,Microsoft-Windows-Kernel-Power,506,-157,"The system is entering Modern Standby 

Reason: Lid."
Information,29-09-2024 18:33,Microsoft-Windows-Kernel-Power,566,-268,"The system session has transitioned from 3 to 4.

Reason PolicyChange 

BootId: 228"
Information,29-09-2024 17:18,Service Control Manager,7040,None,The start type of the McAfee Scheduled Task - (McAfee Scheduled Task - (mc-sustainability)) service was changed from demand start to disabled.
Information,29-09-2024 17:18,Service Control Manager,7045,None,"A service was installed in the system.

Service Name:  McAfee Scheduled Task - (McAfee Scheduled Task - (mc-sustainability))
Service File Name:  ""C:\Program Files\McAfee\wps\1.22.203.1\sustainability\mc-sustainability.exe""
Service Type:  user mode service
Service Start Type:  demand start
Service Account:  LocalSystem"
Information,29-09-2024 15:11,Microsoft-Windows-Time-Service,158,None,The time provider 'VMICTimeProvider' has indicated that the current hardware and operating environment is not supported and has stopped. This behavior is expected for VMICTimeProvider on non-HyperV-guest environments. This may be the expected behavior for the current provider in the current operating environment as well.
Warning,29-09-2024 15:11,Microsoft-Windows-DistributedCOM,10016,None,"The application-specific permission settings do not grant Local Activation permission for the COM Server application with CLSID 
{2593F8B9-4EAF-457C-B68A-50F6B8EA6B54}
 and APPID 
{15C20B67-12E7-4BB6-92BB-7AFF07997402}
 to the user INFINITELOOP\HP SID (S-1-5-21-1139039245-4285067927-1271566218-1001) from address LocalHost (Using LRPC) running in the application container Unavailable SID (Unavailable). This security permission can be modified using the Component Services administrative tool."
Information,29-09-2024 14:54,Microsoft-Windows-Time-Service,158,None,The time provider 'VMICTimeProvider' has indicated that the current hardware and operating environment is not supported and has stopped. This behavior is expected for VMICTimeProvider on non-HyperV-guest environments. This may be the expected behavior for the current provider in the current operating environment as well.
Information,29-09-2024 14:53,Microsoft-Windows-Kernel-General,16,None,The access history in hive \??\C:\Users\HP\AppData\Local\Packages\AD2F1837.HPAudioCenter_v10z8vjag6ke6\Settings\settings.dat was cleared updating 2 keys and creating 1 modified pages.
Information,29-09-2024 14:37,Volsnap,33,None,The oldest shadow copy of volume C: was deleted to keep disk space usage for shadow copies of volume C: below the user defined limit.
Information,29-09-2024 14:37,Microsoft-Windows-Time-Service,158,None,The time provider 'VMICTimeProvider' has indicated that the current hardware and operating environment is not supported and has stopped. This behavior is expected for VMICTimeProvider on non-HyperV-guest environments. This may be the expected behavior for the current provider in the current operating environment as well.
Information,29-09-2024 14:20,Microsoft-Windows-Time-Service,158,None,The time provider 'VMICTimeProvider' has indicated that the current hardware and operating environment is not supported and has stopped. This behavior is expected for VMICTimeProvider on non-HyperV-guest environments. This may be the expected behavior for the current provider in the current operating environment as well.
Information,29-09-2024 14:17,Service Control Manager,7040,None,The start type of the Background Intelligent Transfer Service service was changed from auto start to demand start.
Information,29-09-2024 14:15,Service Control Manager,7040,None,The start type of the Background Intelligent Transfer Service service was changed from demand start to auto start.
Information,29-09-2024 14:13,Microsoft-Windows-Kernel-Power,566,-268,"The system session has transitioned from 1 to 3.

Reason InputHid 

BootId: 228"
Information,29-09-2024 14:13,Microsoft-Windows-Kernel-Power,507,-158,"The system is exiting Modern Standby 

Reason: Input Mouse."
Information,29-09-2024 14:13,Microsoft-Windows-Kernel-Power,506,-157,"The system is entering Modern Standby 

Reason: Lid."
Information,29-09-2024 14:13,Microsoft-Windows-Kernel-Power,566,-268,"The system session has transitioned from 0 to 1.

Reason PolicyChange 

BootId: 228"
Information,29-09-2024 14:02,Microsoft-Windows-Time-Service,37,None,"The time provider NtpClient is currently receiving valid time data from time.windows.com,0x9 (ntp.m|0x9|0.0.0.0:123->40.81.94.65:123)."
Information,29-09-2024 14:02,Microsoft-Windows-Time-Service,158,None,The time provider 'VMICTimeProvider' has indicated that the current hardware and operating environment is not supported and has stopped. This behavior is expected for VMICTimeProvider on non-HyperV-guest environments. This may be the expected behavior for the current provider in the current operating environment as well.
Information,29-09-2024 13:57,Microsoft-Windows-Ntfs,98,None,Volume Windows (\Device\HarddiskVolumeShadowCopy2) is healthy.  No action is needed.
Information,29-09-2024 13:57,Microsoft-Windows-WindowsUpdateClient,44,Windows Update Agent,Windows Update started downloading an update.
Information,29-09-2024 13:57,Microsoft-Windows-WindowsUpdateClient,44,Windows Update Agent,Windows Update started downloading an update.
Information,29-09-2024 13:57,Microsoft-Windows-WindowsUpdateClient,44,Windows Update Agent,Windows Update started downloading an update.
Information,29-09-2024 13:57,Microsoft-Windows-WindowsUpdateClient,44,Windows Update Agent,Windows Update started downloading an update.
Information,29-09-2024 13:56,Microsoft-Windows-Kernel-General,16,None,The access history in hive \??\C:\ProgramData\Microsoft\Provisioning\Microsoft-Desktop-Provisioning-Sequence.dat was cleared updating 0 keys and creating 0 modified pages.
Information,29-09-2024 13:34,TPM,17,None,The Trusted Platform Module (TPM) hardware failed to execute a TPM command.
Information,29-09-2024 13:34,TPM,17,None,The Trusted Platform Module (TPM) hardware failed to execute a TPM command.
Information,29-09-2024 13:34,TPM,17,None,The Trusted Platform Module (TPM) hardware failed to execute a TPM command.
