Information,24-09-2024 12:29,Service Control Manager,7045,None,"A service was installed in the system.

Service Name:  MpKsl016a58b2
Service File Name:  C:\ProgramData\Microsoft\Windows Defender\Definition Updates\{AF9424F4-31D6-45A8-A9D6-88B29BBE6005}\MpKslDrv.sys
Service Type:  kernel mode driver
Service Start Type:  demand start
Service Account:  "
Information,24-09-2024 12:29,Microsoft-Windows-Kernel-Power,566,-268,"The system session has transitioned from 4 to 5.

Reason PolicyChange 

BootId: 218"
Information,24-09-2024 12:29,Microsoft-Windows-Kernel-Power,507,-158,"The system is exiting Modern Standby 

Reason: Lid."
Information,24-09-2024 12:29,Microsoft-Windows-Kernel-Power,172,-203,"Connectivity state in standby: Connected, Reason: None"
Warning,24-09-2024 12:29,Win32k,701,None,Power Manager has not requested suppression of all input (INPUT_SUPPRESS_REQUEST=0)
Warning,24-09-2024 12:29,Win32k,701,None,Power Manager has not requested suppression of all input (INPUT_SUPPRESS_REQUEST=0)
Error,24-09-2024 10:54,Microsoft-Windows-DistributedCOM,10010,None,The server {08728914-3F57-4D52-9E31-49DAECA5A80A} did not register with DCOM within the required timeout.
Information,24-09-2024 12:18,EventLog,6013,None,The system uptime is 16699 seconds.
Error,24-09-2024 08:48,Microsoft-Windows-DistributedCOM,10010,None,The server {A463FCB9-6B1C-4E0D-A80B-A2CA7999E25D} did not register with DCOM within the required timeout.
Error,24-09-2024 08:46,Microsoft-Windows-DistributedCOM,10010,None,The server {08728914-3F57-4D52-9E31-49DAECA5A80A} did not register with DCOM within the required timeout.
Information,24-09-2024 08:46,Microsoft-Windows-FilterManager,6,None,"File System Filter 'WdFilter' (10.0, ‎2046‎-‎12‎-‎28T09:14:16.000000000Z) has successfully loaded and registered with Filter Manager."
Error,24-09-2024 08:46,Microsoft-Windows-DistributedCOM,10010,None,The server {D4872B74-3AFC-47CD-B8A2-9E4F998539BC} did not register with DCOM within the required timeout.
Error,24-09-2024 08:46,Microsoft-Windows-DistributedCOM,10010,None,The server {A463FCB9-6B1C-4E0D-A80B-A2CA7999E25D} did not register with DCOM within the required timeout.
Information,24-09-2024 08:46,Service Control Manager,7040,None,The start type of the Microsoft Defender Antivirus Boot Driver service was changed from demand start to boot start.
Information,24-09-2024 08:46,Service Control Manager,7040,None,The start type of the Microsoft Defender Antivirus Mini-Filter Driver service was changed from demand start to boot start.
Information,24-09-2024 08:46,Service Control Manager,7040,None,The start type of the Microsoft Defender Antivirus Service service was changed from demand start to auto start.
Error,24-09-2024 08:28,Microsoft-Windows-DistributedCOM,10010,None,The server {D4872B74-3AFC-47CD-B8A2-9E4F998539BC} did not register with DCOM within the required timeout.
Error,24-09-2024 08:26,Microsoft-Windows-DistributedCOM,10010,None,The server {D4872B74-3AFC-47CD-B8A2-9E4F998539BC} did not register with DCOM within the required timeout.
Error,24-09-2024 08:25,Service Control Manager,7000,None,"The Software Protection service failed to start due to the following error: 
The service did not respond to the start or control request in a timely fashion."
Error,24-09-2024 08:25,Service Control Manager,7000,None,"The Security Center service failed to start due to the following error: 
The service did not respond to the start or control request in a timely fashion."
Error,24-09-2024 08:25,Service Control Manager,7009,None,A timeout was reached (30000 milliseconds) while waiting for the Security Center service to connect.
Error,24-09-2024 08:25,Service Control Manager,7009,None,A timeout was reached (30000 milliseconds) while waiting for the Software Protection service to connect.
Error,24-09-2024 08:25,Microsoft-Windows-DistributedCOM,10010,None,The server MicrosoftWindows.Client.CBS_1000.22700.1034.0_x64__cw5n1h2txyewy!CortanaUI did not register with DCOM within the required timeout.
Error,24-09-2024 08:25,Service Control Manager,7000,None,"The McAfee CSP Service service failed to start due to the following error: 
The service did not respond to the start or control request in a timely fashion."
Error,24-09-2024 08:25,Service Control Manager,7009,None,A timeout was reached (30000 milliseconds) while waiting for the McAfee CSP Service service to connect.
Error,24-09-2024 08:23,Microsoft-Windows-DistributedCOM,10010,None,The server MicrosoftWindows.Client.CBS_1000.22700.1034.0_x64__cw5n1h2txyewy!CortanaUI did not register with DCOM within the required timeout.
Error,24-09-2024 08:23,Service Control Manager,7000,None,"The Windows Security Service service failed to start due to the following error: 
The service did not respond to the start or control request in a timely fashion."
Error,24-09-2024 08:23,Service Control Manager,7009,None,A timeout was reached (30000 milliseconds) while waiting for the Windows Security Service service to connect.
Error,24-09-2024 08:22,Service Control Manager,7000,None,"The Security Center service failed to start due to the following error: 
The service did not respond to the start or control request in a timely fashion."
Error,24-09-2024 08:22,Service Control Manager,7000,None,"The HP Comm Recovery service failed to start due to the following error: 
The service did not respond to the start or control request in a timely fashion."
Error,24-09-2024 08:22,Service Control Manager,7009,None,A timeout was reached (30000 milliseconds) while waiting for the HP Comm Recovery service to connect.
Error,24-09-2024 08:22,Service Control Manager,7009,None,A timeout was reached (30000 milliseconds) while waiting for the Security Center service to connect.
Error,24-09-2024 08:22,Microsoft-Windows-DistributedCOM,10010,None,The server MicrosoftWindows.Client.CBS_1000.22700.1034.0_x64__cw5n1h2txyewy!CortanaUI did not register with DCOM within the required timeout.
Error,24-09-2024 08:21,Service Control Manager,7000,None,"The Microsoft Edge Update Service (edgeupdate) service failed to start due to the following error: 
The service did not respond to the start or control request in a timely fashion."
Error,24-09-2024 08:21,Service Control Manager,7009,None,A timeout was reached (30000 milliseconds) while waiting for the Microsoft Edge Update Service (edgeupdate) service to connect.
Error,24-09-2024 07:57,Microsoft-Windows-DistributedCOM,10010,None,The server MicrosoftWindows.Client.CBS_1000.22700.1034.0_x64__cw5n1h2txyewy!CortanaUI did not register with DCOM within the required timeout.
Error,24-09-2024 07:47,Service Control Manager,7000,None,"The Delivery Optimization service failed to start due to the following error: 
The service did not respond to the start or control request in a timely fashion."
Error,24-09-2024 07:47,Service Control Manager,7009,None,A timeout was reached (30000 milliseconds) while waiting for the Delivery Optimization service to connect.
Error,24-09-2024 07:46,Service Control Manager,7000,None,"The Windows Security Service service failed to start due to the following error: 
The service did not respond to the start or control request in a timely fashion."
Error,24-09-2024 07:46,Service Control Manager,7009,None,A timeout was reached (30000 milliseconds) while waiting for the Windows Security Service service to connect.
Error,24-09-2024 07:46,Service Control Manager,7000,None,"The Client License Service (ClipSVC) service failed to start due to the following error: 
The service did not respond to the start or control request in a timely fashion."
Error,24-09-2024 07:46,Service Control Manager,7009,None,A timeout was reached (30000 milliseconds) while waiting for the Client License Service (ClipSVC) service to connect.
Error,24-09-2024 07:43,Service Control Manager,7000,None,"The Security Center service failed to start due to the following error: 
The service did not respond to the start or control request in a timely fashion."
Error,24-09-2024 07:43,Service Control Manager,7009,None,A timeout was reached (30000 milliseconds) while waiting for the Security Center service to connect.
Error,24-09-2024 07:43,Service Control Manager,7011,None,A timeout (30000 milliseconds) was reached while waiting for a transaction response from the CDPUserSvc_ad90f service.
Information,24-09-2024 07:43,Microsoft-Windows-Kernel-Power,172,-203,"Connectivity state in standby: Disconnected, Reason: Adaptive Connected Standby"
Error,24-09-2024 07:43,Microsoft-Windows-DistributedCOM,10010,None,The server Microsoft.Windows.StartMenuExperienceHost_10.0.22621.4111_neutral_neutral_cw5n1h2txyewy!App did not register with DCOM within the required timeout.
Error,24-09-2024 07:42,Microsoft-Windows-DistributedCOM,10010,None,The server MicrosoftWindows.Client.CBS_1000.22700.1034.0_x64__cw5n1h2txyewy!CortanaUI did not register with DCOM within the required timeout.
Error,24-09-2024 07:42,Microsoft-Windows-DistributedCOM,10010,None,The server MicrosoftWindows.Client.CBS_1000.22700.1034.0_x64__cw5n1h2txyewy!InputApp did not register with DCOM within the required timeout.
Information,24-09-2024 07:42,Microsoft-Windows-Kernel-Power,566,-268,"The system session has transitioned from 3 to 4.

Reason PolicyChange 

BootId: 218"
Error,24-09-2024 07:42,Microsoft-Windows-DistributedCOM,10010,None,The server {284CACFE-B6F2-461A-90C3-A7ACC8353816} did not register with DCOM within the required timeout.
Information,24-09-2024 07:42,Microsoft-Windows-Kernel-Power,506,-157,"The system is entering Modern Standby 

Reason: Lid."
Information,24-09-2024 07:42,Microsoft-Windows-Kernel-Power,566,-268,"The system session has transitioned from 1 to 3.

Reason PolicyChange 

BootId: 218"
Information,24-09-2024 07:42,Microsoft-Windows-Kernel-Power,507,-158,"The system is exiting Modern Standby 

Reason: Lid."
Warning,24-09-2024 07:42,Win32k,700,None,Power Manager has requested suppression of all input (INPUT_SUPPRESS_REQUEST=1)
Warning,24-09-2024 07:42,Win32k,700,None,Power Manager has requested suppression of all input (INPUT_SUPPRESS_REQUEST=1)
Information,24-09-2024 07:42,Microsoft-Windows-Kernel-Power,506,-157,"The system is entering Modern Standby 

Reason: Power Button."
Information,24-09-2024 07:42,Microsoft-Windows-Kernel-Power,566,-268,"The system session has transitioned from 0 to 1.

Reason Unknown 

BootId: 218"
Information,24-09-2024 07:42,Microsoft-Windows-TPM-WMI,1025,None,The TPM was successfully provisioned and is now ready for use.
Information,24-09-2024 07:41,Microsoft-Windows-Kernel-Power,172,-203,"Connectivity state in standby: Connected, Reason: None"
Warning,24-09-2024 07:41,Microsoft-Windows-Kernel-Processor-Power,37,-7,The speed of processor 7 in group 0 is being limited by system firmware. The processor has been in this reduced performance state for 71 seconds since the last report.
Warning,24-09-2024 07:41,Microsoft-Windows-Kernel-Processor-Power,37,-7,The speed of processor 1 in group 0 is being limited by system firmware. The processor has been in this reduced performance state for 71 seconds since the last report.
Warning,24-09-2024 07:41,Microsoft-Windows-Kernel-Processor-Power,37,-7,The speed of processor 5 in group 0 is being limited by system firmware. The processor has been in this reduced performance state for 71 seconds since the last report.
Warning,24-09-2024 07:41,Microsoft-Windows-Kernel-Processor-Power,37,-7,The speed of processor 3 in group 0 is being limited by system firmware. The processor has been in this reduced performance state for 71 seconds since the last report.
Warning,24-09-2024 07:41,Microsoft-Windows-Kernel-Processor-Power,37,-7,The speed of processor 6 in group 0 is being limited by system firmware. The processor has been in this reduced performance state for 71 seconds since the last report.
Warning,24-09-2024 07:41,Microsoft-Windows-Kernel-Processor-Power,37,-7,The speed of processor 4 in group 0 is being limited by system firmware. The processor has been in this reduced performance state for 71 seconds since the last report.
Warning,24-09-2024 07:41,Microsoft-Windows-Kernel-Processor-Power,37,-7,The speed of processor 2 in group 0 is being limited by system firmware. The processor has been in this reduced performance state for 71 seconds since the last report.
Warning,24-09-2024 07:41,Microsoft-Windows-Kernel-Processor-Power,37,-7,The speed of processor 0 in group 0 is being limited by system firmware. The processor has been in this reduced performance state for 71 seconds since the last report.
Information,24-09-2024 07:41,Microsoft-Windows-Kernel-Power,172,-203,"Connectivity state in standby: Disconnected, Reason: NIC compliance"
Warning,24-09-2024 07:41,Microsoft-Windows-WLAN-AutoConfig,4003,None,"WLAN AutoConfig detected limited connectivity, attempting automatic recovery.

Recovery Type: 4
Error Code: 0x0
Trigger Reason: 5
IP Family: 0
"
Information,24-09-2024 07:41,Microsoft-Windows-TPM-WMI,1282,None,The TBS device identifier has been generated.
Information,24-09-2024 07:40,Microsoft-Windows-Kernel-General,16,None,The access history in hive \??\C:\WINDOWS\AppCompat\Programs\Amcache.hve was cleared updating 6446 keys and creating 2112 modified pages.
Warning,24-09-2024 07:40,Microsoft-Windows-DistributedCOM,10016,None,"The application-specific permission settings do not grant Local Activation permission for the COM Server application with CLSID 
{6B3B8D23-FA8D-40B9-8DBD-B950333E2C52}
 and APPID 
{4839DDB7-58C2-48F5-8283-E1D1807D0D7D}
 to the user NT AUTHORITY\LOCAL SERVICE SID (S-1-5-19) from address LocalHost (Using LRPC) running in the application container Unavailable SID (Unavailable). This security permission can be modified using the Component Services administrative tool."
Warning,24-09-2024 07:40,Microsoft-Windows-DistributedCOM,10016,None,"The application-specific permission settings do not grant Local Activation permission for the COM Server application with CLSID 
{6B3B8D23-FA8D-40B9-8DBD-B950333E2C52}
 and APPID 
{4839DDB7-58C2-48F5-8283-E1D1807D0D7D}
 to the user NT AUTHORITY\LOCAL SERVICE SID (S-1-5-19) from address LocalHost (Using LRPC) running in the application container Unavailable SID (Unavailable). This security permission can be modified using the Component Services administrative tool."
Information,24-09-2024 07:40,TPM,18,None,This event triggers the Trusted Platform Module (TPM) provisioning/status check to run.
Information,24-09-2024 07:40,Service Control Manager,7026,None,"The following boot-start or system-start driver(s) did not load: 
WinSetupMon"
Information,24-09-2024 07:40,Microsoft-Windows-UserModePowerService,12,-10,Process C:\Windows\System32\DriverStore\FileRepository\dptf_cpu.inf_amd64_c2c5b0e17a28a48f\esif_uf.exe (process ID:4692) reset policy scheme from {381b4222-f694-41f0-9685-ff5bb260df2e} to {381b4222-f694-41f0-9685-ff5bb260df2e}
Information,24-09-2024 07:40,Microsoft-Windows-UserModePowerService,12,-10,Process C:\Windows\System32\DriverStore\FileRepository\dptf_cpu.inf_amd64_c2c5b0e17a28a48f\esif_uf.exe (process ID:4692) reset policy scheme from {381b4222-f694-41f0-9685-ff5bb260df2e} to {381b4222-f694-41f0-9685-ff5bb260df2e}
Information,24-09-2024 07:40,Microsoft-Windows-Winlogon,7001,-1101,User Logon Notification for Customer Experience Improvement Program
Information,24-09-2024 07:40,IntelHaxm,4,None,"The description for Event ID 4 from source IntelHaxm cannot be found. Either the component that raises this event is not installed on your local computer or the installation is corrupted. You can install or repair the component on the local computer.

If the event originated on another computer, the display information had to be saved with the event.

The following information was included with the event: 


The message resource is present but the message was not found in the message table
"
Information,24-09-2024 07:40,Microsoft-Windows-WLAN-AutoConfig,4000,None,"WLAN AutoConfig service has successfully started.
"
Information,24-09-2024 07:40,Microsoft-Windows-HttpService,112,HTTP Setup Trace Task,"Attempted to reserve URL http://+:3387/rdp/. Status 0x0. Process Id 0x4 Executable path , User SYSTEM"
Information,24-09-2024 07:40,Microsoft-Windows-HttpService,112,HTTP Setup Trace Task,"Attempted to reserve URL https://+:3392/rdp/. Status 0x0. Process Id 0x4 Executable path , User SYSTEM"
Information,24-09-2024 07:40,Microsoft-Windows-HttpService,112,HTTP Setup Trace Task,"Attempted to reserve URL http://+:10246/MDEServer/. Status 0x0. Process Id 0x4 Executable path , User SYSTEM"
Information,24-09-2024 07:40,Microsoft-Windows-HttpService,112,HTTP Setup Trace Task,"Attempted to reserve URL http://+:10247/apps/. Status 0x0. Process Id 0x4 Executable path , User SYSTEM"
Information,24-09-2024 07:40,Microsoft-Windows-HttpService,112,HTTP Setup Trace Task,"Attempted to reserve URL http://+:10243/WMPNSSv4/. Status 0x0. Process Id 0x4 Executable path , User SYSTEM"
Information,24-09-2024 07:40,Microsoft-Windows-HttpService,112,HTTP Setup Trace Task,"Attempted to reserve URL https://+:10245/WMPNSSv4/. Status 0x0. Process Id 0x4 Executable path , User SYSTEM"
Information,24-09-2024 07:40,Microsoft-Windows-HttpService,112,HTTP Setup Trace Task,"Attempted to reserve URL https://+:443/sra_{BA195980-CD49-458b-9E23-C84EE0ADCD75}/. Status 0x0. Process Id 0x4 Executable path , User SYSTEM"
Information,24-09-2024 07:40,Microsoft-Windows-HttpService,112,HTTP Setup Trace Task,"Attempted to reserve URL http://+:15099/. Status 0x0. Process Id 0x4 Executable path , User SYSTEM"
Information,24-09-2024 07:40,Microsoft-Windows-HttpService,112,HTTP Setup Trace Task,"Attempted to reserve URL http://*:2869/. Status 0x0. Process Id 0x4 Executable path , User SYSTEM"
Information,24-09-2024 07:40,Microsoft-Windows-HttpService,112,HTTP Setup Trace Task,"Attempted to reserve URL http://+:5985/wsman/. Status 0x0. Process Id 0x4 Executable path , User SYSTEM"
Information,24-09-2024 07:40,Microsoft-Windows-HttpService,112,HTTP Setup Trace Task,"Attempted to reserve URL http://+:47001/wsman/. Status 0x0. Process Id 0x4 Executable path , User SYSTEM"
Information,24-09-2024 07:40,Microsoft-Windows-HttpService,112,HTTP Setup Trace Task,"Attempted to reserve URL https://+:5986/wsman/. Status 0x0. Process Id 0x4 Executable path , User SYSTEM"
Information,24-09-2024 07:40,Microsoft-Windows-HttpService,112,HTTP Setup Trace Task,"Attempted to reserve URL https://*:5358/. Status 0x0. Process Id 0x4 Executable path , User SYSTEM"
Information,24-09-2024 07:40,Microsoft-Windows-HttpService,112,HTTP Setup Trace Task,"Attempted to reserve URL http://+:80/Temporary_Listen_Addresses/. Status 0x0. Process Id 0x4 Executable path , User SYSTEM"
Information,24-09-2024 07:40,Microsoft-Windows-HttpService,112,HTTP Setup Trace Task,"Attempted to reserve URL http://*:5357/. Status 0x0. Process Id 0x4 Executable path , User SYSTEM"
Information,24-09-2024 07:40,Microsoft-Windows-Kernel-General,16,None,The access history in hive \SystemRoot\System32\Config\bbimigrate\BBI was cleared updating 1 keys and creating 1 modified pages.
Information,24-09-2024 07:40,Win32k,267,None,Touch/Touchpad Hardware Quality Assurance verification succeeded.
Information,24-09-2024 07:40,Microsoft-Windows-FilterManager,6,None,"File System Filter 'bindflt' (10.0, ‎2000‎-‎09‎-‎21T22:24:55.000000000Z) has successfully loaded and registered with Filter Manager."
Information,24-09-2024 07:40,Microsoft-Windows-FilterManager,6,None,"File System Filter 'storqosflt' (10.0, ‎2065‎-‎11‎-‎25T12:45:59.000000000Z) has successfully loaded and registered with Filter Manager."
Information,24-09-2024 07:40,Microsoft-Windows-FilterManager,6,None,"File System Filter 'CldFlt' (10.0, ‎2050‎-‎03‎-‎19T23:41:03.000000000Z) has successfully loaded and registered with Filter Manager."
Information,24-09-2024 07:40,Microsoft-Windows-FilterManager,1,None,"File System Filter 'CldFlt' (Version 10.0, ‎2050‎-‎03‎-‎19T23:41:03.000000000Z) unloaded successfully."
Information,24-09-2024 07:40,Microsoft-Windows-FilterManager,6,None,"File System Filter 'CldFlt' (10.0, ‎2050‎-‎03‎-‎19T23:41:03.000000000Z) has successfully loaded and registered with Filter Manager."
Information,24-09-2024 07:40,Microsoft-Windows-FilterManager,6,None,"File System Filter 'luafv' (10.0, ‎1988‎-‎06‎-‎14T05:06:35.000000000Z) has successfully loaded and registered with Filter Manager."
Information,24-09-2024 07:40,Microsoft-Windows-FilterManager,6,None,"File System Filter 'wcifs' (10.0, ‎2060‎-‎05‎-‎05T22:51:42.000000000Z) has successfully loaded and registered with Filter Manager."
Information,24-09-2024 07:40,Microsoft-Windows-FilterManager,6,None,"File System Filter 'bfs' (10.0, ‎2021‎-‎05‎-‎03T11:37:28.000000000Z) has successfully loaded and registered with Filter Manager."
Information,24-09-2024 07:40,Microsoft-Windows-DHCPv6-Client,51046,Service State Event,DHCPv6 client service is started
Information,24-09-2024 07:40,Microsoft-Windows-Dhcp-Client,50036,Service State Event,DHCPv4 client service is started
Information,24-09-2024 07:40,Microsoft-Windows-Dhcp-Client,50103,Service State Event,DHCPv4 client registered for shutdown notification
Information,24-09-2024 07:40,Microsoft-Windows-Dhcp-Client,50036,Service State Event,DHCPv4 client service is started
Information,24-09-2024 07:40,Microsoft-Windows-Kernel-General,16,None,The access history in hive \SystemRoot\System32\Config\BBI was cleared updating 359 keys and creating 105 modified pages.
Information,24-09-2024 07:40,Microsoft-Windows-Kernel-General,16,None,The access history in hive \??\C:\WINDOWS\ServiceProfiles\NetworkService\NTUSER.DAT was cleared updating 213 keys and creating 24 modified pages.
Information,24-09-2024 07:40,Microsoft-Windows-Kernel-General,16,None,The access history in hive \??\C:\WINDOWS\ServiceProfiles\LocalService\NTUSER.DAT was cleared updating 219 keys and creating 23 modified pages.
Information,24-09-2024 07:40,Microsoft-Windows-Directory-Services-SAM,16983,None,"The security account manager is now logging periodic summary events for remote clients that call legacy password change or set RPC methods.

For more information please see https://go.microsoft.com/fwlink/?linkid=2150956.
"
Information,24-09-2024 07:40,Microsoft-Windows-Directory-Services-SAM,16977,None,"The domain is configured with the following minimum password length-related settings.

MinimumPasswordLength: 0

RelaxMinimumPasswordLengthLimits: 0

MinimumPasswordLengthAudit: -1

For more information see https://go.microsoft.com/fwlink/?LinkId=2097191.
"
Information,24-09-2024 07:40,Microsoft-Windows-Directory-Services-SAM,16962,None,"Remote calls to the SAM database are being restricted using the default security descriptor: O:SYG:SYD:(A;;RC;;;BA).
For more information please see http://go.microsoft.com/fwlink/?LinkId=787651."
Warning,24-09-2024 07:40,LsaSrv,6155,None,"LSA package is not signed as expected. This can cause unexpected behavior with Credential Guard.

PackageName: msv1_0"
Warning,24-09-2024 07:40,LsaSrv,6155,None,"LSA package is not signed as expected. This can cause unexpected behavior with Credential Guard.

PackageName: sfapm"
Warning,24-09-2024 07:40,LsaSrv,6155,None,"LSA package is not signed as expected. This can cause unexpected behavior with Credential Guard.

PackageName: schannel"
Warning,24-09-2024 07:40,LsaSrv,6155,None,"LSA package is not signed as expected. This can cause unexpected behavior with Credential Guard.

PackageName: wdigest"
Warning,24-09-2024 07:40,LsaSrv,6155,None,"LSA package is not signed as expected. This can cause unexpected behavior with Credential Guard.

PackageName: cloudap"
Warning,24-09-2024 07:40,LsaSrv,6155,None,"LSA package is not signed as expected. This can cause unexpected behavior with Credential Guard.

PackageName: pku2u"
Warning,24-09-2024 07:40,LsaSrv,6155,None,"LSA package is not signed as expected. This can cause unexpected behavior with Credential Guard.

PackageName: tspkg"
Warning,24-09-2024 07:40,LsaSrv,6155,None,"LSA package is not signed as expected. This can cause unexpected behavior with Credential Guard.

PackageName: msv1_0"
Warning,24-09-2024 07:40,LsaSrv,6155,None,"LSA package is not signed as expected. This can cause unexpected behavior with Credential Guard.

PackageName: kerberos"
Warning,24-09-2024 07:40,LsaSrv,6155,None,"LSA package is not signed as expected. This can cause unexpected behavior with Credential Guard.

PackageName: negoexts"
Information,24-09-2024 07:40,LsaSrv,6156,None,"Virtualization Based Security for Credential Guard auto enablement status.

Hardware Requirements:	1
Domain Joined:	0
Azure AD Joined:	0"
Information,24-09-2024 07:40,Win32k,267,None,Touch/Touchpad Hardware Quality Assurance verification succeeded.
Warning,24-09-2024 07:40,Microsoft-Windows-Wininit,15,None,Credential Guard and/or VBS Key Isolation are configured but the secure kernel is not running; continuing without them.
Information,24-09-2024 07:40,Microsoft-Windows-Wininit,14,None,"Credential Guard configuration:

Registry Configuration: 0x2
Test Configuration: 0
Auto Enablement: 1"
Information,24-09-2024 07:40,BTHUSB,18,None,Windows cannot store Bluetooth authentication codes (link keys) on the local adapter. Bluetooth keyboards might not work in the system BIOS during startup.
Warning,24-09-2024 07:40,Microsoft-Windows-Kernel-PnP,219,-212,The driver \Driver\WUDFRd failed to load for the device {DD8E82AE-334B-49A2-AEAE-AEB0FD5C40DD}\DetectionVerification\5&10d3b6e1&0&0.
Information,24-09-2024 07:40,Microsoft-Windows-DriverFrameworks-UserMode,10118,Startup of the UMDF reflector,"UMDF reflector is unable to connect to service control manager (SCM). This is expected during boot, when SCM has not started yet. Will retry when it starts."
Information,24-09-2024 07:40,Microsoft-Windows-Kernel-General,24,-11,The time zone information was refreshed with exit reason 0. Current time zone bias is -330.
Information,24-09-2024 07:40,Microsoft-Windows-Kernel-General,15,-10,Hive \SystemRoot\System32\Config\SOFTWARE was reorganized with a starting size of 157921280 bytes and an ending size of 148217856 bytes.
Information,24-09-2024 07:40,Microsoft-Windows-Kernel-General,16,None,The access history in hive \SystemRoot\System32\Config\DEFAULT was cleared updating 916 keys and creating 184 modified pages.
Information,24-09-2024 07:40,Microsoft-Windows-Kernel-General,16,None,The access history in hive \SystemRoot\System32\Config\SAM was cleared updating 53 keys and creating 7 modified pages.
Information,24-09-2024 07:40,Microsoft-Windows-Kernel-General,16,None,The access history in hive \SystemRoot\System32\Config\SECURITY was cleared updating 71 keys and creating 4 modified pages.
Information,24-09-2024 07:40,MEIx64,2,None,Intel(R) Management Engine Interface driver has started successfully.
Information,24-09-2024 07:40,Microsoft-Windows-Kernel-Power,521,-220,Active battery count change.
Information,24-09-2024 07:40,Microsoft-Windows-Kernel-Power,105,-100,Power source change.
Information,24-09-2024 07:40,Microsoft-Windows-Kernel-Power,521,-220,Active battery count change.
Error,24-09-2024 07:40,VBoxNetLwf,12,None,The driver detected an internal driver error on \Device\VBoxNetLwf.
Information,24-09-2024 07:40,Microsoft-Windows-Kernel-Processor-Power,55,-47,"Processor 7 in group 0 exposes the following power management capabilities:

Idle state type: Micro Power Engine Plugin (11 state(s))

Performance state type: ACPI Performance (P) / Throttle (T) States
Nominal Frequency (MHz): 2401
Maximum performance percentage: 100
Minimum performance percentage: 16
Minimum throttle percentage: 1"
Information,24-09-2024 07:40,Microsoft-Windows-Kernel-Processor-Power,55,-47,"Processor 5 in group 0 exposes the following power management capabilities:

Idle state type: Micro Power Engine Plugin (11 state(s))

Performance state type: ACPI Performance (P) / Throttle (T) States
Nominal Frequency (MHz): 2401
Maximum performance percentage: 100
Minimum performance percentage: 16
Minimum throttle percentage: 1"
Information,24-09-2024 07:40,Microsoft-Windows-Kernel-Processor-Power,55,-47,"Processor 3 in group 0 exposes the following power management capabilities:

Idle state type: Micro Power Engine Plugin (11 state(s))

Performance state type: ACPI Performance (P) / Throttle (T) States
Nominal Frequency (MHz): 2401
Maximum performance percentage: 100
Minimum performance percentage: 16
Minimum throttle percentage: 1"
Information,24-09-2024 07:40,Microsoft-Windows-Kernel-Processor-Power,55,-47,"Processor 1 in group 0 exposes the following power management capabilities:

Idle state type: Micro Power Engine Plugin (11 state(s))

Performance state type: ACPI Performance (P) / Throttle (T) States
Nominal Frequency (MHz): 2401
Maximum performance percentage: 100
Minimum performance percentage: 16
Minimum throttle percentage: 1"
Information,24-09-2024 07:40,Microsoft-Windows-Kernel-Processor-Power,55,-47,"Processor 6 in group 0 exposes the following power management capabilities:

Idle state type: Micro Power Engine Plugin (11 state(s))

Performance state type: ACPI Performance (P) / Throttle (T) States
Nominal Frequency (MHz): 2401
Maximum performance percentage: 100
Minimum performance percentage: 16
Minimum throttle percentage: 1"
Information,24-09-2024 07:40,Microsoft-Windows-Kernel-Processor-Power,55,-47,"Processor 4 in group 0 exposes the following power management capabilities:

Idle state type: Micro Power Engine Plugin (11 state(s))

Performance state type: ACPI Performance (P) / Throttle (T) States
Nominal Frequency (MHz): 2401
Maximum performance percentage: 100
Minimum performance percentage: 16
Minimum throttle percentage: 1"
Information,24-09-2024 07:40,Microsoft-Windows-Kernel-Processor-Power,55,-47,"Processor 2 in group 0 exposes the following power management capabilities:

Idle state type: Micro Power Engine Plugin (11 state(s))

Performance state type: ACPI Performance (P) / Throttle (T) States
Nominal Frequency (MHz): 2401
Maximum performance percentage: 100
Minimum performance percentage: 16
Minimum throttle percentage: 1"
Information,24-09-2024 07:40,Microsoft-Windows-Kernel-Processor-Power,55,-47,"Processor 0 in group 0 exposes the following power management capabilities:

Idle state type: Micro Power Engine Plugin (11 state(s))

Performance state type: ACPI Performance (P) / Throttle (T) States
Nominal Frequency (MHz): 2401
Maximum performance percentage: 100
Minimum performance percentage: 16
Minimum throttle percentage: 1"
Warning,24-09-2024 07:40,Microsoft-Windows-Kernel-PnP,219,-212,The driver \Driver\WUDFRd failed to load for the device PCI\VEN_8086&DEV_9A03&SUBSYS_87FE103C&REV_01\3&11583659&2&20.
Information,24-09-2024 07:40,RST Middleware,25,None,"Found existing Intel® Optane™ Volume. 
 Fast Drive: SCSI Port: 0, SCSI Bus: 3, SCSI Target: 0, PCIe SSD, 29260513280 bytes, INTEL HBRPEKNX0202AHO                    
 Accelerated Drive: SCSI Port: 0, SCSI Bus: 2, SCSI Target: 0, PCIe SSD, 512110190592 bytes, INTEL HBRPEKNX0202AH                     
 System Volume: true 
 Is on hybrid: true"
Information,24-09-2024 07:40,Microsoft-Windows-DriverFrameworks-UserMode,10118,Startup of the UMDF reflector,"UMDF reflector is unable to connect to service control manager (SCM). This is expected during boot, when SCM has not started yet. Will retry when it starts."
Critical,24-09-2024 07:40,Microsoft-Windows-Kernel-Power,41,-63,"The system has rebooted without cleanly shutting down first. This error could be caused if the system stopped responding, crashed, or lost power unexpectedly."
Information,24-09-2024 07:40,Microsoft-Windows-Kernel-Power,125,-86,"ACPI thermal zone \_TZ.TZ01 has been enumerated.             
_PSV = 372K             
_TC1 = 1             
_TC2 = 5             
_TSP = 1000ms             
_AC0 = 0K             
_AC1 = 0K             
_AC2 = 0K             
_AC3 = 0K             
_AC4 = 0K             
_AC5 = 0K             
_AC6 = 0K             
_AC7 = 0K             
_AC8 = 0K             
_AC9 = 0K             
_CRT = 392K             
_HOT = 373K             
minimum throttle = 0             
_CR3 = 0K"
Information,24-09-2024 07:40,Microsoft-Windows-FilterManager,6,None,"File System Filter 'npsvctrig' (10.0, ‎1979‎-‎12‎-‎19T21:42:41.000000000Z) has successfully loaded and registered with Filter Manager."
Information,24-09-2024 07:40,Microsoft-Windows-FilterManager,6,None,"File System Filter 'UCPD' (10.0, ‎1985‎-‎02‎-‎14T05:16:35.000000000Z) has successfully loaded and registered with Filter Manager."
Information,24-09-2024 07:40,Microsoft-Windows-FilterManager,6,None,"File System Filter 'FileCrypt' (10.0, ‎1983‎-‎08‎-‎19T08:28:35.000000000Z) has successfully loaded and registered with Filter Manager."
Information,24-09-2024 07:40,Microsoft-Windows-Ntfs,98,None,Volume C: (\Device\HarddiskVolume3) is healthy.  No action is needed.
Information,24-09-2024 07:40,Microsoft-Windows-FilterManager,6,None,"File System Filter 'mfesec' (10.0, ‎2024‎-‎08‎-‎01T21:24:58.000000000Z) has successfully loaded and registered with Filter Manager."
Information,24-09-2024 07:40,Microsoft-Windows-FilterManager,6,None,"File System Filter 'Wof' (10.0, ‎2086‎-‎08‎-‎04T16:50:16.000000000Z) has successfully loaded and registered with Filter Manager."
Information,24-09-2024 07:40,Microsoft-Windows-FilterManager,6,None,"File System Filter 'FileInfo' (10.0, ‎2079‎-‎02‎-‎27T03:33:00.000000000Z) has successfully loaded and registered with Filter Manager."
Information,24-09-2024 07:40,EventLog,6013,None,The system uptime is 10 seconds.
Information,24-09-2024 07:40,EventLog,6005,None,The Event log service was started.
Information,24-09-2024 07:40,EventLog,6009,None,Microsoft (R) Windows (R) 10.00. 22631  Multiprocessor Free.
Error,24-09-2024 07:40,EventLog,6008,None,The previous system shutdown at 10:47:27 PM on ‎9/‎23/‎2024 was unexpected.
Information,24-09-2024 07:40,Microsoft-Windows-HAL,16,None,The iommu fault reporting has been initialized.
Information,24-09-2024 07:40,Microsoft-Windows-Kernel-General,20,-6,"The leap second configuration has been updated.
Reason: Leap second data initialized from registry during boot
Leap seconds enabled: true
New leap second count: 0
Old leap second count: 0"
Information,24-09-2024 07:40,Microsoft-Windows-Kernel-Boot,30,-21,The firmware reported boot metrics.
Information,24-09-2024 07:40,Microsoft-Windows-Kernel-Boot,27,-33,The boot type was 0x0.
Information,24-09-2024 07:40,Microsoft-Windows-Kernel-Boot,25,-32,The boot menu policy was 0x1.
Information,24-09-2024 07:40,Microsoft-Windows-Kernel-Boot,238,-101,EFI time zone bias: 2047. Daylight flags: 0. Firmware time: ‎2024‎-‎09‎-‎24T07:40:28.000000000Z.
Information,24-09-2024 07:40,Microsoft-Windows-Kernel-Boot,20,-31,The last shutdown's success status was true. The last boot's success status was true.
Information,24-09-2024 07:40,Microsoft-Windows-Kernel-Boot,32,-58,The bootmgr spent 0 ms waiting for user input.
Information,24-09-2024 07:40,Microsoft-Windows-Kernel-Boot,18,-57,There are 0x1 boot options on this system.
Information,24-09-2024 07:40,Microsoft-Windows-Kernel-Boot,32,-58,The bootmgr spent 0 ms waiting for user input.
Information,24-09-2024 07:40,Microsoft-Windows-Kernel-Boot,18,-57,There are 0x1 boot options on this system.
Error,24-09-2024 07:40,Microsoft-Windows-Kernel-Boot,29,None,Windows failed fast startup with error status 0xC00000D4.
Information,24-09-2024 07:40,Microsoft-Windows-Kernel-Boot,153,-62,Virtualization-based security (policies: 0) is disabled.
Information,24-09-2024 07:40,Microsoft-Windows-Kernel-General,12,-1,The operating system started at system time ‎2024‎-‎09‎-‎24T02:10:29.500000000Z.
Information,23-09-2024 22:49,TPM,17,None,The Trusted Platform Module (TPM) hardware failed to execute a TPM command.
Information,23-09-2024 22:49,TPM,17,None,The Trusted Platform Module (TPM) hardware failed to execute a TPM command.
Information,23-09-2024 22:49,TPM,17,None,The Trusted Platform Module (TPM) hardware failed to execute a TPM command.
Information,23-09-2024 22:49,TPM,17,None,The Trusted Platform Module (TPM) hardware failed to execute a TPM command.
Information,23-09-2024 22:49,TPM,17,None,The Trusted Platform Module (TPM) hardware failed to execute a TPM command.
Information,23-09-2024 22:49,TPM,17,None,The Trusted Platform Module (TPM) hardware failed to execute a TPM command.
Information,23-09-2024 22:26,BTHUSB,18,None,Windows cannot store Bluetooth authentication codes (link keys) on the local adapter. Bluetooth keyboards might not work in the system BIOS during startup.
Information,23-09-2024 22:25,Microsoft-Windows-Kernel-Power,105,-100,Power source change.
Information,23-09-2024 21:52,Service Control Manager,7040,None,The start type of the Background Intelligent Transfer Service service was changed from auto start to demand start.
Information,23-09-2024 21:49,Service Control Manager,7040,None,The start type of the Background Intelligent Transfer Service service was changed from demand start to auto start.
Information,23-09-2024 21:49,Microsoft-Windows-Kernel-General,16,None,The access history in hive \??\C:\Users\HP\AppData\Local\Packages\Microsoft.SkypeApp_kzf8qxf38zg5c\SystemAppData\Helium\UserClasses.dat was cleared updating 1 keys and creating 1 modified pages.
Information,23-09-2024 21:49,Microsoft-Windows-Kernel-General,16,None,The access history in hive \??\C:\Users\HP\AppData\Local\Packages\Microsoft.SkypeApp_kzf8qxf38zg5c\SystemAppData\Helium\User.dat was cleared updating 1 keys and creating 1 modified pages.
Information,23-09-2024 21:49,Microsoft-Windows-Kernel-General,16,None,The access history in hive \??\C:\Users\HP\AppData\Local\Packages\Microsoft.WindowsNotepad_8wekyb3d8bbwe\SystemAppData\Helium\UserClasses.dat was cleared updating 8 keys and creating 3 modified pages.
Information,23-09-2024 21:49,Microsoft-Windows-Kernel-General,16,None,The access history in hive \??\C:\Users\HP\AppData\Local\Packages\Microsoft.WindowsNotepad_8wekyb3d8bbwe\SystemAppData\Helium\User.dat was cleared updating 7 keys and creating 1 modified pages.
Information,23-09-2024 21:49,Service Control Manager,7040,None,The start type of the McAfee Scheduled Task - (McAfee Scheduled Task - (mc-sustainability)) service was changed from demand start to disabled.
Information,23-09-2024 21:48,Service Control Manager,7045,None,"A service was installed in the system.

Service Name:  McAfee Scheduled Task - (McAfee Scheduled Task - (mc-sustainability))
Service File Name:  ""C:\Program Files\McAfee\wps\1.22.200.1\sustainability\mc-sustainability.exe""
Service Type:  user mode service
Service Start Type:  demand start
Service Account:  LocalSystem"
Information,23-09-2024 21:47,Service Control Manager,7040,None,The start type of the McAfee Scheduled Task - (McAfee-Dynamicappdownloader) service was changed from demand start to disabled.
Information,23-09-2024 21:47,Service Control Manager,7045,None,"A service was installed in the system.

Service Name:  McAfee Scheduled Task - (McAfee-Dynamicappdownloader)
Service File Name:  ""C:\Program Files\McAfee\wps\1.22.200.1\dad\mc-dad.exe""
Service Type:  user mode service
Service Start Type:  demand start
Service Account:  LocalSystem"
Information,23-09-2024 21:47,Microsoft-Windows-Kernel-Power,566,-268,"The system session has transitioned from 70 to 71.

Reason PolicyChange 

BootId: 217"
Information,23-09-2024 21:47,Microsoft-Windows-Kernel-Power,507,-158,"The system is exiting Modern Standby 

Reason: Lid."
Information,23-09-2024 21:46,Microsoft-Windows-Kernel-Power,566,-268,"The system session has transitioned from 69 to 70.

Reason InputMouse 

BootId: 217"
Information,23-09-2024 21:46,Microsoft-Windows-Kernel-Power,506,-157,"The system is entering Modern Standby 

Reason: AC/DC Display Burst Suppressed."
Information,23-09-2024 21:46,Microsoft-Windows-Kernel-Power,566,-268,"The system session has transitioned from 68 to 69.

Reason InputMouse 

BootId: 217"
Information,23-09-2024 21:46,Microsoft-Windows-Kernel-Power,507,-158,"The system is exiting Modern Standby 

Reason: AC/DC Display Burst Suppressed."
Information,23-09-2024 21:46,Microsoft-Windows-Kernel-Power,172,-203,"Connectivity state in standby: Connected, Reason: None"
Warning,23-09-2024 21:46,Win32k,701,None,Power Manager has not requested suppression of all input (INPUT_SUPPRESS_REQUEST=0)
Warning,23-09-2024 21:46,Win32k,701,None,Power Manager has not requested suppression of all input (INPUT_SUPPRESS_REQUEST=0)
Information,23-09-2024 21:46,Microsoft-Windows-Kernel-Power,105,-100,Power source change.
Information,23-09-2024 21:37,Microsoft-Windows-Kernel-Power,172,-203,"Connectivity state in standby: Disconnected, Reason: Adaptive Connected Standby"
Information,23-09-2024 21:37,Microsoft-Windows-Kernel-Power,566,-268,"The system session has transitioned from 67 to 68.

Reason InputMouse 

BootId: 217"
Information,23-09-2024 21:37,Microsoft-Windows-Kernel-Power,506,-157,"The system is entering Modern Standby 

Reason: AC/DC Display Burst Suppressed."
Information,23-09-2024 21:37,Microsoft-Windows-Kernel-Power,566,-268,"The system session has transitioned from 65 to 67.

Reason InputMouse 

BootId: 217"
Information,23-09-2024 21:37,Microsoft-Windows-Kernel-Power,507,-158,"The system is exiting Modern Standby 

Reason: AC/DC Display Burst Suppressed."
Warning,23-09-2024 21:37,Win32k,700,None,Power Manager has requested suppression of all input (INPUT_SUPPRESS_REQUEST=1)
Warning,23-09-2024 21:37,Win32k,700,None,Power Manager has requested suppression of all input (INPUT_SUPPRESS_REQUEST=1)
Information,23-09-2024 21:37,Microsoft-Windows-Kernel-Power,105,-100,Power source change.
Information,23-09-2024 21:37,Microsoft-Windows-Kernel-Power,506,-157,"The system is entering Modern Standby 

Reason: Lid."
Information,23-09-2024 21:37,Microsoft-Windows-Kernel-Power,566,-268,"The system session has transitioned from 64 to 65.

Reason PolicyChange 

BootId: 217"
Information,23-09-2024 21:37,Microsoft-Windows-Kernel-Power,105,-100,Power source change.
Information,23-09-2024 21:29,Microsoft-Windows-Kernel-Power,105,-100,Power source change.
Warning,23-09-2024 21:12,Microsoft-Windows-DNS-Client,1014,-1014,Name resolution for the name colab.research.google.com timed out after none of the configured DNS servers responded. Client PID 11328.
Warning,23-09-2024 21:12,Microsoft-Windows-DNS-Client,1014,-1014,Name resolution for the name fa000000043.resources.office.net timed out after none of the configured DNS servers responded. Client PID 13016.
Information,23-09-2024 20:28,Microsoft-Windows-Time-Service,158,None,The time provider 'VMICTimeProvider' has indicated that the current hardware and operating environment is not supported and has stopped. This behavior is expected for VMICTimeProvider on non-HyperV-guest environments. This may be the expected behavior for the current provider in the current operating environment as well.
Information,23-09-2024 20:11,Microsoft-Windows-Time-Service,158,None,The time provider 'VMICTimeProvider' has indicated that the current hardware and operating environment is not supported and has stopped. This behavior is expected for VMICTimeProvider on non-HyperV-guest environments. This may be the expected behavior for the current provider in the current operating environment as well.
Warning,23-09-2024 20:04,Tcpip,4227,None,"TCP/IP failed to establish an outgoing connection because the selected local endpoint was recently used to connect to the same remote endpoint. This error typically occurs when outgoing connections are opened and closed at a high rate, causing all available local ports to be used and forcing TCP/IP to reuse a local port for an outgoing connection. To minimize the risk of data corruption, the TCP/IP standard requires a minimum time period to elapse between successive connections from a given local endpoint to a given remote endpoint."
Information,23-09-2024 19:54,Microsoft-Windows-Time-Service,158,None,The time provider 'VMICTimeProvider' has indicated that the current hardware and operating environment is not supported and has stopped. This behavior is expected for VMICTimeProvider on non-HyperV-guest environments. This may be the expected behavior for the current provider in the current operating environment as well.
Information,23-09-2024 19:40,TPM,17,None,The Trusted Platform Module (TPM) hardware failed to execute a TPM command.
Information,23-09-2024 19:40,TPM,17,None,The Trusted Platform Module (TPM) hardware failed to execute a TPM command.
Information,23-09-2024 19:40,TPM,17,None,The Trusted Platform Module (TPM) hardware failed to execute a TPM command.
Information,23-09-2024 19:37,Microsoft-Windows-Time-Service,158,None,The time provider 'VMICTimeProvider' has indicated that the current hardware and operating environment is not supported and has stopped. This behavior is expected for VMICTimeProvider on non-HyperV-guest environments. This may be the expected behavior for the current provider in the current operating environment as well.
Warning,23-09-2024 19:30,Microsoft-Windows-DNS-Client,1014,-1014,Name resolution for the name beacons.gvt2.com timed out after none of the configured DNS servers responded. Client PID 11328.
Information,23-09-2024 19:22,Microsoft-Windows-WindowsUpdateClient,19,Windows Update Agent,Installation Successful: Windows successfully installed the following update: 9P4PNDG7L782-AD2F1837.HPPCHardwareDiagnosticsWindows
Information,23-09-2024 19:22,Microsoft-Windows-Kernel-General,16,None,The access history in hive \??\C:\Users\HP\AppData\Local\Packages\AD2F1837.HPPCHardwareDiagnosticsWindows_v10z8vjag6ke6\Settings\settings.dat was cleared updating 1 keys and creating 1 modified pages.
Information,23-09-2024 19:22,Microsoft-Windows-WindowsUpdateClient,43,Windows Update Agent,Installation Started: Windows has started installing the following update: 9P4PNDG7L782-AD2F1837.HPPCHardwareDiagnosticsWindows
Information,23-09-2024 19:21,Microsoft-Windows-WindowsUpdateClient,19,Windows Update Agent,Installation Successful: Windows successfully installed the following update: 9WZDNCRFHVQM-MICROSOFT.WINDOWSCOMMUNICATIONSAPPS
Information,23-09-2024 19:21,Microsoft-Windows-Kernel-General,16,None,The access history in hive \??\C:\Users\HP\AppData\Local\Packages\microsoft.windowscommunicationsapps_8wekyb3d8bbwe\Settings\settings.dat was cleared updating 1 keys and creating 1 modified pages.
Information,23-09-2024 19:21,Microsoft-Windows-WindowsUpdateClient,43,Windows Update Agent,Installation Started: Windows has started installing the following update: 9WZDNCRFHVQM-MICROSOFT.WINDOWSCOMMUNICATIONSAPPS
Information,23-09-2024 19:21,Microsoft-Windows-Kernel-General,16,None,The access history in hive \??\C:\ProgramData\Microsoft\Windows\AppRepository\Packages\microsoft.windowscommunicationsapps_16005.14326.22054.0_x64__8wekyb3d8bbwe\ActivationStore.dat was cleared updating 0 keys and creating 0 modified pages.
Information,23-09-2024 19:21,Microsoft-Windows-WindowsUpdateClient,19,Windows Update Agent,Installation Successful: Windows successfully installed the following update: 9P1J8S7CCWWT-Clipchamp.Clipchamp
Information,23-09-2024 19:21,Microsoft-Windows-Kernel-General,16,None,The access history in hive \??\C:\Users\HP\AppData\Local\Packages\Clipchamp.Clipchamp_yxz26nhyzhsrt\Settings\settings.dat was cleared updating 1 keys and creating 1 modified pages.
Information,23-09-2024 19:21,Microsoft-Windows-WindowsUpdateClient,43,Windows Update Agent,Installation Started: Windows has started installing the following update: 9P1J8S7CCWWT-Clipchamp.Clipchamp
Information,23-09-2024 19:20,Microsoft-Windows-Kernel-General,16,None,The access history in hive \??\C:\ProgramData\Microsoft\Windows\AppRepository\Packages\Clipchamp.Clipchamp_3.1.11720.0_neutral__yxz26nhyzhsrt\ActivationStore.dat was cleared updating 0 keys and creating 0 modified pages.
Information,23-09-2024 19:20,Volsnap,33,None,The oldest shadow copy of volume C: was deleted to keep disk space usage for shadow copies of volume C: below the user defined limit.
Information,23-09-2024 19:20,Microsoft-Windows-WindowsUpdateClient,44,Windows Update Agent,Windows Update started downloading an update.
Information,23-09-2024 19:20,Microsoft-Windows-WindowsUpdateClient,19,Windows Update Agent,Installation Successful: Windows successfully installed the following update: 9NBLGGH5PNB1-Microsoft.OneConnect
Information,23-09-2024 19:20,Microsoft-Windows-Kernel-General,16,None,The access history in hive \??\C:\Users\HP\AppData\Local\Packages\Microsoft.OneConnect_8wekyb3d8bbwe\Settings\settings.dat was cleared updating 1 keys and creating 1 modified pages.
Information,23-09-2024 19:20,Microsoft-Windows-WindowsUpdateClient,43,Windows Update Agent,Installation Started: Windows has started installing the following update: 9NBLGGH5PNB1-Microsoft.OneConnect
Information,23-09-2024 19:20,Microsoft-Windows-Ntfs,98,None,Volume Windows (\Device\HarddiskVolumeShadowCopy5) is healthy.  No action is needed.
Information,23-09-2024 19:19,Microsoft-Windows-Ntfs,98,None,Volume Windows (\Device\HarddiskVolumeShadowCopy4) is healthy.  No action is needed.
Information,23-09-2024 19:19,Microsoft-Windows-WindowsUpdateClient,44,Windows Update Agent,Windows Update started downloading an update.
Information,23-09-2024 19:19,Microsoft-Windows-WindowsUpdateClient,44,Windows Update Agent,Windows Update started downloading an update.
