Information,19-09-2024 20:15,Microsoft-Windows-Time-Service,158,None,The time provider 'VMICTimeProvider' has indicated that the current hardware and operating environment is not supported and has stopped. This behavior is expected for VMICTimeProvider on non-HyperV-guest environments. This may be the expected behavior for the current provider in the current operating environment as well.
Information,19-09-2024 19:57,Microsoft-Windows-Time-Service,158,None,The time provider 'VMICTimeProvider' has indicated that the current hardware and operating environment is not supported and has stopped. This behavior is expected for VMICTimeProvider on non-HyperV-guest environments. This may be the expected behavior for the current provider in the current operating environment as well.
Information,19-09-2024 19:40,Microsoft-Windows-Time-Service,158,None,The time provider 'VMICTimeProvider' has indicated that the current hardware and operating environment is not supported and has stopped. This behavior is expected for VMICTimeProvider on non-HyperV-guest environments. This may be the expected behavior for the current provider in the current operating environment as well.
Information,19-09-2024 19:23,Microsoft-Windows-Time-Service,158,None,The time provider 'VMICTimeProvider' has indicated that the current hardware and operating environment is not supported and has stopped. This behavior is expected for VMICTimeProvider on non-HyperV-guest environments. This may be the expected behavior for the current provider in the current operating environment as well.
Information,19-09-2024 19:06,Microsoft-Windows-Ntfs,98,None,Volume Windows (\Device\HarddiskVolumeShadowCopy3) is healthy.  No action is needed.
Information,19-09-2024 19:06,Microsoft-Windows-Time-Service,37,None,"The time provider NtpClient is currently receiving valid time data from time.windows.com,0x9 (ntp.m|0x9|[::]:123->[64:ff9b::2851:5e41]:123)."
Information,19-09-2024 19:06,Microsoft-Windows-Time-Service,158,None,The time provider 'VMICTimeProvider' has indicated that the current hardware and operating environment is not supported and has stopped. This behavior is expected for VMICTimeProvider on non-HyperV-guest environments. This may be the expected behavior for the current provider in the current operating environment as well.
Information,19-09-2024 19:01,TPM,17,None,The Trusted Platform Module (TPM) hardware failed to execute a TPM command.
Information,19-09-2024 19:01,TPM,17,None,The Trusted Platform Module (TPM) hardware failed to execute a TPM command.
Information,19-09-2024 19:01,TPM,17,None,The Trusted Platform Module (TPM) hardware failed to execute a TPM command.
Information,19-09-2024 18:57,Service Control Manager,7040,None,The start type of the McAfee Scheduled Task - (McAfee Scheduled Task - (mc-sustainability)) service was changed from demand start to disabled.
Information,19-09-2024 18:57,Service Control Manager,7045,None,"A service was installed in the system.

Service Name:  McAfee Scheduled Task - (McAfee Scheduled Task - (mc-sustainability))
Service File Name:  ""C:\Program Files\McAfee\wps\1.22.200.1\sustainability\mc-sustainability.exe""
Service Type:  user mode service
Service Start Type:  demand start
Service Account:  LocalSystem"
Information,19-09-2024 18:57,Microsoft-Windows-Kernel-Power,105,-100,Power source change.
Warning,19-09-2024 18:52,Microsoft-Windows-DistributedCOM,10016,None,"The application-specific permission settings do not grant Local Activation permission for the COM Server application with CLSID 
{2593F8B9-4EAF-457C-B68A-50F6B8EA6B54}
 and APPID 
{15C20B67-12E7-4BB6-92BB-7AFF07997402}
 to the user INFINITELOOP\HP SID (S-1-5-21-1139039245-4285067927-1271566218-1001) from address LocalHost (Using LRPC) running in the application container Unavailable SID (Unavailable). This security permission can be modified using the Component Services administrative tool."
Information,19-09-2024 18:47,TPM,17,None,The Trusted Platform Module (TPM) hardware failed to execute a TPM command.
Information,19-09-2024 18:47,TPM,17,None,The Trusted Platform Module (TPM) hardware failed to execute a TPM command.
Information,19-09-2024 18:47,TPM,17,None,The Trusted Platform Module (TPM) hardware failed to execute a TPM command.
Warning,19-09-2024 18:36,Microsoft-Windows-DistributedCOM,10016,None,"The application-specific permission settings do not grant Local Activation permission for the COM Server application with CLSID 
{2593F8B9-4EAF-457C-B68A-50F6B8EA6B54}
 and APPID 
{15C20B67-12E7-4BB6-92BB-7AFF07997402}
 to the user INFINITELOOP\HP SID (S-1-5-21-1139039245-4285067927-1271566218-1001) from address LocalHost (Using LRPC) running in the application container MSTeams_24231.512.3106.6573_x64__8wekyb3d8bbwe SID (Unavailable). This security permission can be modified using the Component Services administrative tool."
Information,19-09-2024 18:36,TPM,17,None,The Trusted Platform Module (TPM) hardware failed to execute a TPM command.
Information,19-09-2024 18:36,TPM,17,None,The Trusted Platform Module (TPM) hardware failed to execute a TPM command.
Information,19-09-2024 18:36,TPM,17,None,The Trusted Platform Module (TPM) hardware failed to execute a TPM command.
Information,19-09-2024 18:36,Microsoft-Windows-Kernel-General,16,None,The access history in hive \??\C:\ProgramData\Packages\Microsoft.DesktopAppInstaller_8wekyb3d8bbwe\S-1-5-21-1139039245-4285067927-1271566218-1001\SystemAppData\Helium\Cache\ac84de29ca317fee_COM15.dat was cleared updating 1 keys and creating 1 modified pages.
Information,19-09-2024 18:05,Service Control Manager,7040,None,The start type of the Background Intelligent Transfer Service service was changed from auto start to demand start.
Warning,19-09-2024 18:03,Microsoft-Windows-DistributedCOM,10016,None,"The application-specific permission settings do not grant Local Activation permission for the COM Server application with CLSID 
{2593F8B9-4EAF-457C-B68A-50F6B8EA6B54}
 and APPID 
{15C20B67-12E7-4BB6-92BB-7AFF07997402}
 to the user INFINITELOOP\HP SID (S-1-5-21-1139039245-4285067927-1271566218-1001) from address LocalHost (Using LRPC) running in the application container Unavailable SID (Unavailable). This security permission can be modified using the Component Services administrative tool."
Information,19-09-2024 18:03,TPM,17,None,The Trusted Platform Module (TPM) hardware failed to execute a TPM command.
Information,19-09-2024 18:03,TPM,17,None,The Trusted Platform Module (TPM) hardware failed to execute a TPM command.
Information,19-09-2024 18:03,TPM,17,None,The Trusted Platform Module (TPM) hardware failed to execute a TPM command.
Warning,19-09-2024 18:02,Microsoft-Windows-DistributedCOM,10016,None,"The application-specific permission settings do not grant Local Activation permission for the COM Server application with CLSID 
{2593F8B9-4EAF-457C-B68A-50F6B8EA6B54}
 and APPID 
{15C20B67-12E7-4BB6-92BB-7AFF07997402}
 to the user INFINITELOOP\HP SID (S-1-5-21-1139039245-4285067927-1271566218-1001) from address LocalHost (Using LRPC) running in the application container Unavailable SID (Unavailable). This security permission can be modified using the Component Services administrative tool."
Information,19-09-2024 17:58,Microsoft-Windows-Kernel-General,16,None,The access history in hive \??\C:\Users\HP\AppData\Local\Packages\Microsoft.WindowsNotepad_8wekyb3d8bbwe\Settings\settings.dat was cleared updating 2 keys and creating 1 modified pages.
Information,19-09-2024 17:53,Service Control Manager,7040,None,The start type of the Background Intelligent Transfer Service service was changed from demand start to auto start.
Information,19-09-2024 17:48,Service Control Manager,7040,None,The start type of the McAfee Scheduled Task - (McAfee-Dynamicappdownloader) service was changed from demand start to disabled.
Information,19-09-2024 17:48,Service Control Manager,7045,None,"A service was installed in the system.

Service Name:  McAfee Scheduled Task - (McAfee-Dynamicappdownloader)
Service File Name:  ""C:\Program Files\McAfee\wps\1.22.200.1\dad\mc-dad.exe""
Service Type:  user mode service
Service Start Type:  demand start
Service Account:  LocalSystem"
Warning,19-09-2024 17:47,Microsoft-Windows-DistributedCOM,10016,None,"The application-specific permission settings do not grant Local Activation permission for the COM Server application with CLSID 
{2593F8B9-4EAF-457C-B68A-50F6B8EA6B54}
 and APPID 
{15C20B67-12E7-4BB6-92BB-7AFF07997402}
 to the user INFINITELOOP\HP SID (S-1-5-21-1139039245-4285067927-1271566218-1001) from address LocalHost (Using LRPC) running in the application container Unavailable SID (Unavailable). This security permission can be modified using the Component Services administrative tool."
Information,19-09-2024 17:46,Service Control Manager,7040,None,The start type of the Background Intelligent Transfer Service service was changed from auto start to demand start.
Warning,19-09-2024 17:40,Microsoft-Windows-DistributedCOM,10016,None,"The application-specific permission settings do not grant Local Activation permission for the COM Server application with CLSID 
{8BC3F05E-D86B-11D0-A075-00C04FB68820}
 and APPID 
{8BC3F05E-D86B-11D0-A075-00C04FB68820}
 to the user INFINITELOOP\HP SID (S-1-5-21-1139039245-4285067927-1271566218-1001) from address LocalHost (Using LRPC) running in the application container Unavailable SID (S-1-15-2-2989899742-2786584378-1111822703-1063369625-2732440282-291313558-107730509). This security permission can be modified using the Component Services administrative tool."
Information,19-09-2024 17:38,TPM,17,None,The Trusted Platform Module (TPM) hardware failed to execute a TPM command.
Information,19-09-2024 17:38,TPM,17,None,The Trusted Platform Module (TPM) hardware failed to execute a TPM command.
Information,19-09-2024 17:38,TPM,17,None,The Trusted Platform Module (TPM) hardware failed to execute a TPM command.
Warning,19-09-2024 17:37,Microsoft-Windows-DNS-Client,1014,-1014,Name resolution for the name ocsp.entrust.net timed out after none of the configured DNS servers responded. Client PID 3740.
Information,19-09-2024 17:36,Service Control Manager,7040,None,The start type of the McAfee Scheduled Task - (McAfee-Dynamicappdownloader) service was changed from demand start to disabled.
Warning,19-09-2024 17:36,Microsoft-Windows-DistributedCOM,10016,None,"The application-specific permission settings do not grant Local Activation permission for the COM Server application with CLSID 
{2593F8B9-4EAF-457C-B68A-50F6B8EA6B54}
 and APPID 
{15C20B67-12E7-4BB6-92BB-7AFF07997402}
 to the user INFINITELOOP\HP SID (S-1-5-21-1139039245-4285067927-1271566218-1001) from address LocalHost (Using LRPC) running in the application container MSTeams_24215.1007.3082.1590_x64__8wekyb3d8bbwe SID (Unavailable). This security permission can be modified using the Component Services administrative tool."
Information,19-09-2024 17:36,TPM,17,None,The Trusted Platform Module (TPM) hardware failed to execute a TPM command.
Information,19-09-2024 17:36,TPM,17,None,The Trusted Platform Module (TPM) hardware failed to execute a TPM command.
Information,19-09-2024 17:36,TPM,17,None,The Trusted Platform Module (TPM) hardware failed to execute a TPM command.
Information,19-09-2024 17:36,Service Control Manager,7045,None,"A service was installed in the system.

Service Name:  McAfee Scheduled Task - (McAfee-Dynamicappdownloader)
Service File Name:  ""C:\Program Files\McAfee\wps\1.22.200.1\dad\mc-dad.exe""
Service Type:  user mode service
Service Start Type:  demand start
Service Account:  LocalSystem"
Information,19-09-2024 17:36,TPM,17,None,The Trusted Platform Module (TPM) hardware failed to execute a TPM command.
Information,19-09-2024 17:36,TPM,17,None,The Trusted Platform Module (TPM) hardware failed to execute a TPM command.
Information,19-09-2024 17:36,TPM,17,None,The Trusted Platform Module (TPM) hardware failed to execute a TPM command.
Information,19-09-2024 17:35,TPM,17,None,The Trusted Platform Module (TPM) hardware failed to execute a TPM command.
Information,19-09-2024 17:35,TPM,17,None,The Trusted Platform Module (TPM) hardware failed to execute a TPM command.
Warning,19-09-2024 17:35,Microsoft-Windows-DistributedCOM,10016,None,"The application-specific permission settings do not grant Local Activation permission for the COM Server application with CLSID 
{2593F8B9-4EAF-457C-B68A-50F6B8EA6B54}
 and APPID 
{15C20B67-12E7-4BB6-92BB-7AFF07997402}
 to the user INFINITELOOP\HP SID (S-1-5-21-1139039245-4285067927-1271566218-1001) from address LocalHost (Using LRPC) running in the application container Unavailable SID (Unavailable). This security permission can be modified using the Component Services administrative tool."
Information,19-09-2024 17:35,TPM,17,None,The Trusted Platform Module (TPM) hardware failed to execute a TPM command.
Information,19-09-2024 17:35,TPM,17,None,The Trusted Platform Module (TPM) hardware failed to execute a TPM command.
Information,19-09-2024 17:35,TPM,17,None,The Trusted Platform Module (TPM) hardware failed to execute a TPM command.
Information,19-09-2024 17:35,TPM,17,None,The Trusted Platform Module (TPM) hardware failed to execute a TPM command.
Information,19-09-2024 17:35,Service Control Manager,7040,None,The start type of the Background Intelligent Transfer Service service was changed from demand start to auto start.
Warning,19-09-2024 17:35,Microsoft-Windows-DistributedCOM,10016,None,"The application-specific permission settings do not grant Local Activation permission for the COM Server application with CLSID 
{6B3B8D23-FA8D-40B9-8DBD-B950333E2C52}
 and APPID 
{4839DDB7-58C2-48F5-8283-E1D1807D0D7D}
 to the user NT AUTHORITY\LOCAL SERVICE SID (S-1-5-19) from address LocalHost (Using LRPC) running in the application container Unavailable SID (Unavailable). This security permission can be modified using the Component Services administrative tool."
Warning,19-09-2024 17:35,Microsoft-Windows-DistributedCOM,10016,None,"The application-specific permission settings do not grant Local Activation permission for the COM Server application with CLSID 
{6B3B8D23-FA8D-40B9-8DBD-B950333E2C52}
 and APPID 
{4839DDB7-58C2-48F5-8283-E1D1807D0D7D}
 to the user NT AUTHORITY\LOCAL SERVICE SID (S-1-5-19) from address LocalHost (Using LRPC) running in the application container Unavailable SID (Unavailable). This security permission can be modified using the Component Services administrative tool."
Information,19-09-2024 17:35,Microsoft-Windows-Power-Troubleshooter,1,None,"The system has returned from a low power state.

Sleep Time: ‎2024‎-‎09‎-‎19T07:39:01.863268300Z
Wake Time: ‎2024‎-‎09‎-‎19T12:05:34.095531800Z

Wake Source: Unknown"
Information,19-09-2024 17:35,Microsoft-Windows-Winlogon,7001,-1101,User Logon Notification for Customer Experience Improvement Program
Information,19-09-2024 17:35,BTHUSB,18,None,Windows cannot store Bluetooth authentication codes (link keys) on the local adapter. Bluetooth keyboards might not work in the system BIOS during startup.
Information,19-09-2024 17:35,Microsoft-Windows-Kernel-Power,566,-268,"The system session has transitioned from 35 to 37.

Reason PolicyChange 

BootId: 217"
Information,19-09-2024 17:35,Microsoft-Windows-Kernel-Power,507,-158,"The system is exiting Modern Standby 

Reason: Lid."
Error,19-09-2024 17:35,VBoxNetLwf,12,None,The driver detected an internal driver error on \Device\VBoxNetLwf.
Information,19-09-2024 17:35,Microsoft-Windows-Kernel-Power,506,-157,"The system is entering Modern Standby 

Reason: Sleep, Hibernate, or Shutdown."
Information,19-09-2024 17:35,Microsoft-Windows-Kernel-Power,566,-268,"The system session has transitioned from 34 to 35.

Reason SxTransition 

BootId: 217"
Information,19-09-2024 17:35,Microsoft-Windows-Kernel-Boot,32,-58,The bootmgr spent 0 ms waiting for user input.
Information,19-09-2024 17:35,Microsoft-Windows-Kernel-Boot,18,-57,There are 0x1 boot options on this system.
Information,19-09-2024 17:35,Microsoft-Windows-Kernel-Boot,30,-21,The firmware reported boot metrics.
Warning,19-09-2024 17:35,Win32k,701,None,Power Manager has not requested suppression of all input (INPUT_SUPPRESS_REQUEST=0)
Warning,19-09-2024 17:35,Win32k,701,None,Power Manager has not requested suppression of all input (INPUT_SUPPRESS_REQUEST=0)
Information,19-09-2024 17:35,Microsoft-Windows-Kernel-General,1,-5,"The system time has changed to ‎2024‎-‎09‎-‎19T12:05:33.500000000Z from ‎2024‎-‎09‎-‎19T07:39:06.855343600Z.
Time Delta: 15986644 ms

Change Reason: System time synchronized with the hardware clock.
Process: '' (PID 4).

RTC time: ‎2024‎-‎09‎-‎19T17:35:33.500000000Z
Current time zone bias: -330
RTC time is in UTC: false
System time was based on RTC time: false"
Information,19-09-2024 13:09,Microsoft-Windows-Kernel-Power,107,-102,The system has resumed from sleep.
Information,19-09-2024 13:09,Microsoft-Windows-Kernel-Power,42,-64,"The system is entering sleep.

Sleep Reason: Application API"
Information,19-09-2024 13:09,Microsoft-Windows-Kernel-Power,566,-268,"The system session has transitioned from 33 to 34.

Reason PolicyChange 

BootId: 217"
Information,19-09-2024 13:09,Microsoft-Windows-Kernel-Power,187,-243,User-mode process attempted to change the system state by calling SetSuspendState or SetSystemPowerState APIs.
Information,19-09-2024 13:09,Win32k,267,None,Touch/Touchpad Hardware Quality Assurance verification succeeded.
Information,19-09-2024 13:09,Microsoft-Windows-Winlogon,7002,-1102,User Logoff Notification for Customer Experience Improvement Program
Warning,19-09-2024 13:09,Win32k,700,None,Power Manager has requested suppression of all input (INPUT_SUPPRESS_REQUEST=1)
Warning,19-09-2024 13:09,Win32k,700,None,Power Manager has requested suppression of all input (INPUT_SUPPRESS_REQUEST=1)
Warning,19-09-2024 13:09,Win32k,700,None,Power Manager has requested suppression of all input (INPUT_SUPPRESS_REQUEST=1)
Information,19-09-2024 13:08,Microsoft-Windows-Kernel-Power,105,-100,Power source change.
Information,19-09-2024 12:38,Service Control Manager,7040,None,The start type of the Background Intelligent Transfer Service service was changed from auto start to demand start.
Information,19-09-2024 12:31,Service Control Manager,7040,None,The start type of the McAfee Scheduled Task - (McAfee-Dynamicappdownloader) service was changed from demand start to disabled.
Information,19-09-2024 12:31,Service Control Manager,7045,None,"A service was installed in the system.

Service Name:  McAfee Scheduled Task - (McAfee-Dynamicappdownloader)
Service File Name:  ""C:\Program Files\McAfee\wps\1.22.200.1\dad\mc-dad.exe""
Service Type:  user mode service
Service Start Type:  demand start
Service Account:  LocalSystem"
Information,19-09-2024 12:31,Service Control Manager,7040,None,The start type of the McAfee Scheduled Task - (McAfee Scheduled Task - (mc-sustainability)) service was changed from demand start to disabled.
Information,19-09-2024 12:31,Service Control Manager,7045,None,"A service was installed in the system.

Service Name:  McAfee Scheduled Task - (McAfee Scheduled Task - (mc-sustainability))
Service File Name:  ""C:\Program Files\McAfee\wps\1.22.200.1\sustainability\mc-sustainability.exe""
Service Type:  user mode service
Service Start Type:  demand start
Service Account:  LocalSystem"
Information,19-09-2024 12:31,Microsoft-Windows-Kernel-Power,105,-100,Power source change.
Information,19-09-2024 12:23,Microsoft-Windows-Kernel-Power,566,-268,"The system session has transitioned from 32 to 33.

Reason PolicyChange 

BootId: 217"
Information,19-09-2024 12:23,Microsoft-Windows-Kernel-Power,507,-158,"The system is exiting Modern Standby 

Reason: Lid."
Information,19-09-2024 12:23,Microsoft-Windows-Kernel-Power,172,-203,"Connectivity state in standby: Connected, Reason: None"
Warning,19-09-2024 12:23,Win32k,701,None,Power Manager has not requested suppression of all input (INPUT_SUPPRESS_REQUEST=0)
Warning,19-09-2024 12:23,Win32k,701,None,Power Manager has not requested suppression of all input (INPUT_SUPPRESS_REQUEST=0)
Information,19-09-2024 12:11,Microsoft-Windows-Kernel-Power,172,-203,"Connectivity state in standby: Disconnected, Reason: Adaptive Connected Standby"
Information,19-09-2024 12:11,Microsoft-Windows-Kernel-Power,566,-268,"The system session has transitioned from 31 to 32.

Reason PolicyChange 

BootId: 217"
Information,19-09-2024 12:11,Microsoft-Windows-Kernel-Power,506,-157,"The system is entering Modern Standby 

Reason: Lid."
Information,19-09-2024 12:11,Microsoft-Windows-Kernel-Power,566,-268,"The system session has transitioned from 30 to 31.

Reason PolicyChange 

BootId: 217"
Warning,19-09-2024 12:11,Win32k,700,None,Power Manager has requested suppression of all input (INPUT_SUPPRESS_REQUEST=1)
Warning,19-09-2024 12:11,Win32k,700,None,Power Manager has requested suppression of all input (INPUT_SUPPRESS_REQUEST=1)
Information,19-09-2024 12:00,EventLog,6013,None,The system uptime is 104241 seconds.
Information,19-09-2024 11:58,TPM,17,None,The Trusted Platform Module (TPM) hardware failed to execute a TPM command.
Information,19-09-2024 11:58,TPM,17,None,The Trusted Platform Module (TPM) hardware failed to execute a TPM command.
Information,19-09-2024 11:58,TPM,17,None,The Trusted Platform Module (TPM) hardware failed to execute a TPM command.
Warning,19-09-2024 11:58,Microsoft-Windows-DistributedCOM,10016,None,"The application-specific permission settings do not grant Local Activation permission for the COM Server application with CLSID 
{2593F8B9-4EAF-457C-B68A-50F6B8EA6B54}
 and APPID 
{15C20B67-12E7-4BB6-92BB-7AFF07997402}
 to the user INFINITELOOP\HP SID (S-1-5-21-1139039245-4285067927-1271566218-1001) from address LocalHost (Using LRPC) running in the application container MSTeams_24215.1007.3082.1590_x64__8wekyb3d8bbwe SID (Unavailable). This security permission can be modified using the Component Services administrative tool."
Information,19-09-2024 11:50,Service Control Manager,7040,None,The start type of the Background Intelligent Transfer Service service was changed from demand start to auto start.
Information,19-09-2024 11:50,TPM,17,None,The Trusted Platform Module (TPM) hardware failed to execute a TPM command.
Information,19-09-2024 11:50,TPM,17,None,The Trusted Platform Module (TPM) hardware failed to execute a TPM command.
Information,19-09-2024 11:50,TPM,17,None,The Trusted Platform Module (TPM) hardware failed to execute a TPM command.
Information,19-09-2024 11:49,TPM,17,None,The Trusted Platform Module (TPM) hardware failed to execute a TPM command.
Information,19-09-2024 11:49,TPM,17,None,The Trusted Platform Module (TPM) hardware failed to execute a TPM command.
Information,19-09-2024 11:49,TPM,17,None,The Trusted Platform Module (TPM) hardware failed to execute a TPM command.
Information,19-09-2024 10:37,Service Control Manager,7040,None,The start type of the Background Intelligent Transfer Service service was changed from auto start to demand start.
Information,19-09-2024 10:35,Service Control Manager,7040,None,The start type of the Background Intelligent Transfer Service service was changed from demand start to auto start.
Error,19-09-2024 09:58,Microsoft-Windows-WindowsUpdateClient,20,Windows Update Agent,Installation Failure: Windows failed to install the following update with error 0x80073D02: 9NKSQGP7F2NH-5319275A.WhatsAppDesktop.
Information,19-09-2024 09:58,Microsoft-Windows-WindowsUpdateClient,43,Windows Update Agent,Installation Started: Windows has started installing the following update: 9NKSQGP7F2NH-5319275A.WhatsAppDesktop
Information,19-09-2024 09:58,Microsoft-Windows-WindowsUpdateClient,19,Windows Update Agent,Installation Successful: Windows successfully installed the following update: 9MSSGKG348SP-MicrosoftWindows.Client.WebExperience
Warning,19-09-2024 09:33,Microsoft-Windows-DistributedCOM,10016,None,"The application-specific permission settings do not grant Local Activation permission for the COM Server application with CLSID 
{2593F8B9-4EAF-457C-B68A-50F6B8EA6B54}
 and APPID 
{15C20B67-12E7-4BB6-92BB-7AFF07997402}
 to the user INFINITELOOP\HP SID (S-1-5-21-1139039245-4285067927-1271566218-1001) from address LocalHost (Using LRPC) running in the application container Unavailable SID (Unavailable). This security permission can be modified using the Component Services administrative tool."
Information,19-09-2024 09:23,Service Control Manager,7040,None,The start type of the Background Intelligent Transfer Service service was changed from auto start to demand start.
Information,19-09-2024 09:21,Service Control Manager,7040,None,The start type of the McAfee Scheduled Task - (McAfee-Dynamicappdownloader) service was changed from demand start to disabled.
Information,19-09-2024 09:21,Service Control Manager,7045,None,"A service was installed in the system.

Service Name:  McAfee Scheduled Task - (McAfee-Dynamicappdownloader)
Service File Name:  ""C:\Program Files\McAfee\wps\1.22.200.1\dad\mc-dad.exe""
Service Type:  user mode service
Service Start Type:  demand start
Service Account:  LocalSystem"
Information,19-09-2024 09:20,Service Control Manager,7040,None,The start type of the Background Intelligent Transfer Service service was changed from demand start to auto start.
Information,19-09-2024 09:20,Microsoft-Windows-Kernel-Power,566,-268,"The system session has transitioned from 29 to 30.

Reason PolicyChange 

BootId: 217"
Information,19-09-2024 09:20,Microsoft-Windows-Kernel-Power,507,-158,"The system is exiting Modern Standby 

Reason: Lid."
Information,19-09-2024 09:20,Microsoft-Windows-Kernel-Power,172,-203,"Connectivity state in standby: Connected, Reason: None"
Warning,19-09-2024 09:20,Win32k,701,None,Power Manager has not requested suppression of all input (INPUT_SUPPRESS_REQUEST=0)
Warning,19-09-2024 09:20,Win32k,701,None,Power Manager has not requested suppression of all input (INPUT_SUPPRESS_REQUEST=0)
Information,19-09-2024 08:49,Microsoft-Windows-Kernel-Power,172,-203,"Connectivity state in standby: Disconnected, Reason: Adaptive Connected Standby"
Information,19-09-2024 08:49,Microsoft-Windows-Kernel-Power,566,-268,"The system session has transitioned from 28 to 29.

Reason InputMouse 

BootId: 217"
Information,19-09-2024 08:49,Microsoft-Windows-Kernel-Power,506,-157,"The system is entering Modern Standby 

Reason: AC/DC Display Burst Suppressed."
Information,19-09-2024 08:49,Microsoft-Windows-Kernel-Power,566,-268,"The system session has transitioned from 27 to 28.

Reason InputMouse 

BootId: 217"
Information,19-09-2024 08:49,Microsoft-Windows-Kernel-Power,507,-158,"The system is exiting Modern Standby 

Reason: AC/DC Display Burst Suppressed."
Warning,19-09-2024 08:49,Win32k,700,None,Power Manager has requested suppression of all input (INPUT_SUPPRESS_REQUEST=1)
Warning,19-09-2024 08:49,Win32k,700,None,Power Manager has requested suppression of all input (INPUT_SUPPRESS_REQUEST=1)
Information,19-09-2024 08:49,Microsoft-Windows-Kernel-Power,105,-100,Power source change.
Information,19-09-2024 08:49,Microsoft-Windows-Kernel-Power,566,-268,"The system session has transitioned from 26 to 27.

Reason PolicyChange 

BootId: 217"
Information,19-09-2024 08:49,Microsoft-Windows-Kernel-Power,506,-157,"The system is entering Modern Standby 

Reason: Lid."
Information,19-09-2024 08:49,Microsoft-Windows-Kernel-Power,566,-268,"The system session has transitioned from 25 to 26.

Reason PolicyChange 

BootId: 217"
Error,19-09-2024 08:20,Microsoft-Windows-WindowsUpdateClient,20,Windows Update Agent,Installation Failure: Windows failed to install the following update with error 0x80073D02: 9NKSQGP7F2NH-5319275A.WhatsAppDesktop.
Information,19-09-2024 08:20,Microsoft-Windows-WindowsUpdateClient,43,Windows Update Agent,Installation Started: Windows has started installing the following update: 9NKSQGP7F2NH-5319275A.WhatsAppDesktop
Information,19-09-2024 08:20,Microsoft-Windows-Kernel-General,16,None,The access history in hive \??\C:\ProgramData\Microsoft\Windows\AppRepository\Packages\5319275A.WhatsAppDesktop_2.2437.3.0_x64__cv1g1gvanyjgm\ActivationStore.dat was cleared updating 0 keys and creating 0 modified pages.
Information,19-09-2024 08:20,Microsoft-Windows-WindowsUpdateClient,19,Windows Update Agent,Installation Successful: Windows successfully installed the following update: 9WZDNCRFJ364-MICROSOFT.SKYPEAPP
Information,19-09-2024 08:20,Microsoft-Windows-WindowsUpdateClient,19,Windows Update Agent,Installation Successful: Windows successfully installed the following update: 9NBLGGH6J6VK-828B5831.HiddenCityMysteryofShadows
Information,19-09-2024 08:20,Microsoft-Windows-Kernel-General,16,None,The access history in hive \??\C:\Users\HP\AppData\Local\Packages\828B5831.HiddenCityMysteryofShadows_ytsefhwckbdv6\Settings\settings.dat was cleared updating 1 keys and creating 1 modified pages.
Information,19-09-2024 08:20,Microsoft-Windows-Kernel-General,16,None,The access history in hive \??\C:\Users\HP\AppData\Local\Packages\Microsoft.SkypeApp_kzf8qxf38zg5c\Settings\settings.dat was cleared updating 1 keys and creating 1 modified pages.
Information,19-09-2024 08:20,Microsoft-Windows-WindowsUpdateClient,43,Windows Update Agent,Installation Started: Windows has started installing the following update: 9NBLGGH6J6VK-828B5831.HiddenCityMysteryofShadows
Information,19-09-2024 08:20,Microsoft-Windows-WindowsUpdateClient,43,Windows Update Agent,Installation Started: Windows has started installing the following update: 9WZDNCRFJ364-MICROSOFT.SKYPEAPP
Information,19-09-2024 08:20,Microsoft-Windows-Kernel-General,16,None,The access history in hive \??\C:\ProgramData\Microsoft\Windows\AppRepository\Packages\828B5831.HiddenCityMysteryofShadows_1.75.7501.0_x64__ytsefhwckbdv6\ActivationStore.dat was cleared updating 0 keys and creating 0 modified pages.
Information,19-09-2024 08:20,Microsoft-Windows-Kernel-General,16,None,The access history in hive \??\C:\ProgramData\Microsoft\Windows\AppRepository\Packages\Microsoft.SkypeApp_15.128.3207.0_x64__kzf8qxf38zg5c\ActivationStore.dat was cleared updating 0 keys and creating 0 modified pages.
Information,19-09-2024 08:19,Microsoft-Windows-WindowsUpdateClient,44,Windows Update Agent,Windows Update started downloading an update.
Information,19-09-2024 08:19,Microsoft-Windows-WindowsUpdateClient,44,Windows Update Agent,Windows Update started downloading an update.
Information,19-09-2024 08:19,Microsoft-Windows-WindowsUpdateClient,44,Windows Update Agent,Windows Update started downloading an update.
Information,19-09-2024 08:03,TPM,17,None,The Trusted Platform Module (TPM) hardware failed to execute a TPM command.
Information,19-09-2024 08:03,TPM,17,None,The Trusted Platform Module (TPM) hardware failed to execute a TPM command.
Information,19-09-2024 08:03,TPM,17,None,The Trusted Platform Module (TPM) hardware failed to execute a TPM command.
Information,19-09-2024 07:59,Microsoft-Windows-Kernel-General,16,None,The access history in hive \??\C:\ProgramData\Packages\Microsoft.ScreenSketch_8wekyb3d8bbwe\S-1-5-21-1139039245-4285067927-1271566218-1001\SystemAppData\Helium\Cache\ccaba8816be81b20_COM15.dat was cleared updating 1 keys and creating 1 modified pages.
Information,19-09-2024 07:59,TPM,17,None,The Trusted Platform Module (TPM) hardware failed to execute a TPM command.
Information,19-09-2024 07:59,TPM,17,None,The Trusted Platform Module (TPM) hardware failed to execute a TPM command.
Information,19-09-2024 07:59,TPM,17,None,The Trusted Platform Module (TPM) hardware failed to execute a TPM command.
Warning,19-09-2024 07:58,Microsoft-Windows-DistributedCOM,10016,None,"The application-specific permission settings do not grant Local Activation permission for the COM Server application with CLSID 
{2593F8B9-4EAF-457C-B68A-50F6B8EA6B54}
 and APPID 
{15C20B67-12E7-4BB6-92BB-7AFF07997402}
 to the user INFINITELOOP\HP SID (S-1-5-21-1139039245-4285067927-1271566218-1001) from address LocalHost (Using LRPC) running in the application container Unavailable SID (Unavailable). This security permission can be modified using the Component Services administrative tool."
Error,19-09-2024 07:56,Microsoft-Windows-WindowsUpdateClient,20,Windows Update Agent,Installation Failure: Windows failed to install the following update with error 0x80073D02: 9MSSGKG348SP-MicrosoftWindows.Client.WebExperience.
Information,19-09-2024 07:56,Microsoft-Windows-WindowsUpdateClient,43,Windows Update Agent,Installation Started: Windows has started installing the following update: 9MSSGKG348SP-MicrosoftWindows.Client.WebExperience
Information,19-09-2024 07:56,Microsoft-Windows-Kernel-General,16,None,The access history in hive \??\C:\ProgramData\Microsoft\Windows\AppRepository\Packages\MicrosoftWindows.Client.WebExperience_524.24900.80.0_x64__cw5n1h2txyewy\ActivationStore.dat was cleared updating 0 keys and creating 0 modified pages.
Information,19-09-2024 07:52,Service Control Manager,7040,None,The start type of the McAfee Scheduled Task - (McAfee-Dynamicappdownloader) service was changed from demand start to disabled.
Information,19-09-2024 07:51,Service Control Manager,7045,None,"A service was installed in the system.

Service Name:  McAfee Scheduled Task - (McAfee-Dynamicappdownloader)
Service File Name:  ""C:\Program Files\McAfee\wps\1.22.200.1\dad\mc-dad.exe""
Service Type:  user mode service
Service Start Type:  demand start
Service Account:  LocalSystem"
Warning,19-09-2024 07:40,Microsoft-Windows-DNS-Client,1014,-1014,Name resolution for the name waa-pa.clients6.google.com timed out after none of the configured DNS servers responded. Client PID 9732.
Information,19-09-2024 07:39,Service Control Manager,7040,None,The start type of the McAfee Scheduled Task - (McAfee-Dynamicappdownloader) service was changed from demand start to disabled.
Information,19-09-2024 07:39,Service Control Manager,7045,None,"A service was installed in the system.

Service Name:  McAfee Scheduled Task - (McAfee-Dynamicappdownloader)
Service File Name:  ""C:\Program Files\McAfee\wps\1.22.200.1\dad\mc-dad.exe""
Service Type:  user mode service
Service Start Type:  demand start
Service Account:  LocalSystem"
Warning,19-09-2024 07:34,Microsoft-Windows-DNS-Client,1014,-1014,Name resolution for the name www.youtube.com timed out after none of the configured DNS servers responded. Client PID 9732.
Information,19-09-2024 07:29,BTHUSB,8,None,The remote adapter (e4:ec:e8:ac:fe:ed) successfully paired with the local adapter.
Information,19-09-2024 07:27,Microsoft-Windows-WindowsUpdateClient,44,Windows Update Agent,Windows Update started downloading an update.
Information,19-09-2024 07:23,Service Control Manager,7040,None,The start type of the McAfee Scheduled Task - (McAfee Scheduled Task - (mc-sustainability)) service was changed from demand start to disabled.
Information,19-09-2024 07:22,Service Control Manager,7045,None,"A service was installed in the system.

Service Name:  McAfee Scheduled Task - (McAfee Scheduled Task - (mc-sustainability))
Service File Name:  ""C:\Program Files\McAfee\wps\1.22.200.1\sustainability\mc-sustainability.exe""
Service Type:  user mode service
Service Start Type:  demand start
Service Account:  LocalSystem"
Information,19-09-2024 07:22,Microsoft-Windows-Kernel-Power,105,-100,Power source change.
Warning,19-09-2024 07:21,Microsoft-Windows-DistributedCOM,10016,None,"The application-specific permission settings do not grant Local Activation permission for the COM Server application with CLSID 
{2593F8B9-4EAF-457C-B68A-50F6B8EA6B54}
 and APPID 
{15C20B67-12E7-4BB6-92BB-7AFF07997402}
 to the user INFINITELOOP\HP SID (S-1-5-21-1139039245-4285067927-1271566218-1001) from address LocalHost (Using LRPC) running in the application container Unavailable SID (Unavailable). This security permission can be modified using the Component Services administrative tool."
Information,19-09-2024 07:19,TPM,17,None,The Trusted Platform Module (TPM) hardware failed to execute a TPM command.
Information,19-09-2024 07:19,TPM,17,None,The Trusted Platform Module (TPM) hardware failed to execute a TPM command.
Information,19-09-2024 07:19,TPM,17,None,The Trusted Platform Module (TPM) hardware failed to execute a TPM command.
Information,19-09-2024 07:10,Service Control Manager,7040,None,The start type of the Background Intelligent Transfer Service service was changed from auto start to demand start.
Information,19-09-2024 07:07,Service Control Manager,7040,None,The start type of the Background Intelligent Transfer Service service was changed from demand start to auto start.
Information,19-09-2024 07:06,TPM,17,None,The Trusted Platform Module (TPM) hardware failed to execute a TPM command.
Information,19-09-2024 07:06,TPM,17,None,The Trusted Platform Module (TPM) hardware failed to execute a TPM command.
Information,19-09-2024 07:06,TPM,17,None,The Trusted Platform Module (TPM) hardware failed to execute a TPM command.
Information,19-09-2024 07:05,TPM,17,None,The Trusted Platform Module (TPM) hardware failed to execute a TPM command.
Information,19-09-2024 07:05,TPM,17,None,The Trusted Platform Module (TPM) hardware failed to execute a TPM command.
Information,19-09-2024 07:05,TPM,17,None,The Trusted Platform Module (TPM) hardware failed to execute a TPM command.
Information,19-09-2024 07:05,Service Control Manager,7040,None,The start type of the Background Intelligent Transfer Service service was changed from auto start to demand start.
Information,19-09-2024 07:03,Service Control Manager,7040,None,The start type of the Background Intelligent Transfer Service service was changed from demand start to auto start.
Information,19-09-2024 07:02,Service Control Manager,7040,None,The start type of the Background Intelligent Transfer Service service was changed from auto start to demand start.
Information,19-09-2024 07:01,TPM,17,None,The Trusted Platform Module (TPM) hardware failed to execute a TPM command.
Information,19-09-2024 07:01,TPM,17,None,The Trusted Platform Module (TPM) hardware failed to execute a TPM command.
Information,19-09-2024 07:01,TPM,17,None,The Trusted Platform Module (TPM) hardware failed to execute a TPM command.
Information,19-09-2024 06:59,Service Control Manager,7040,None,The start type of the McAfee Scheduled Task - (McAfee-Dynamicappdownloader) service was changed from demand start to disabled.
Information,19-09-2024 06:59,Service Control Manager,7045,None,"A service was installed in the system.

Service Name:  McAfee Scheduled Task - (McAfee-Dynamicappdownloader)
Service File Name:  ""C:\Program Files\McAfee\wps\1.22.200.1\dad\mc-dad.exe""
Service Type:  user mode service
Service Start Type:  demand start
Service Account:  LocalSystem"
Information,19-09-2024 06:59,Microsoft-Windows-Kernel-General,1,-5,"The system time has changed to ‎2024‎-‎09‎-‎19T01:29:00.751951100Z from ‎2024‎-‎09‎-‎19T01:29:00.750560100Z.
Time Delta: 1 ms

Change Reason: An application or system component changed the time.
Process: '\Device\HarddiskVolume3\Windows\System32\svchost.exe' (PID 13348).

RTC time: ‎2024‎-‎09‎-‎19T06:59:00.751951100Z
Current time zone bias: -330
RTC time is in UTC: false
System time was based on RTC time: false"
Information,19-09-2024 06:59,Microsoft-Windows-Kernel-General,24,-11,The time zone information was refreshed with exit reason 0. Current time zone bias is -330.
Information,19-09-2024 06:59,Microsoft-Windows-Kernel-General,1,-5,"The system time has changed to ‎2024‎-‎09‎-‎19T01:29:00.750560100Z from ‎2024‎-‎09‎-‎19T01:29:00.749274900Z.
Time Delta: 1 ms

Change Reason: An application or system component changed the time.
Process: '\Device\HarddiskVolume3\Windows\System32\svchost.exe' (PID 13348).

RTC time: ‎2024‎-‎09‎-‎19T06:59:00.750560100Z
Current time zone bias: -330
RTC time is in UTC: false
System time was based on RTC time: false"
Information,19-09-2024 06:59,Microsoft-Windows-Kernel-General,24,-11,The time zone information was refreshed with exit reason 0. Current time zone bias is -330.
Information,19-09-2024 06:59,Microsoft-Windows-Time-Service,35,None,"The time service is now synchronizing the system time with the time source time.windows.com,0x9 (ntp.m|0x9|[::]:123->[64:ff9b::2851:5e41]:123) with reference id 3611644667. Current local stratum number is 4."
Information,19-09-2024 06:59,Microsoft-Windows-Kernel-General,1,-5,"The system time has changed to ‎2024‎-‎09‎-‎19T01:29:00.749274900Z from ‎2024‎-‎09‎-‎19T01:28:57.504118000Z.
Time Delta: 3245 ms

Change Reason: An application or system component changed the time.
Process: '\Device\HarddiskVolume3\Windows\System32\svchost.exe' (PID 13348).

RTC time: ‎2024‎-‎09‎-‎19T06:59:00.749274900Z
Current time zone bias: -330
RTC time is in UTC: false
System time was based on RTC time: false"
Information,19-09-2024 06:59,Microsoft-Windows-Kernel-General,24,-11,The time zone information was refreshed with exit reason 0. Current time zone bias is -330.
Information,19-09-2024 06:58,Microsoft-Windows-Time-Service,37,None,"The time provider NtpClient is currently receiving valid time data from time.windows.com,0x9 (ntp.m|0x9|[::]:123->[64:ff9b::2851:5e41]:123)."
Information,19-09-2024 06:58,TPM,17,None,The Trusted Platform Module (TPM) hardware failed to execute a TPM command.
Information,19-09-2024 06:58,TPM,17,None,The Trusted Platform Module (TPM) hardware failed to execute a TPM command.
Information,19-09-2024 06:58,TPM,17,None,The Trusted Platform Module (TPM) hardware failed to execute a TPM command.
Information,19-09-2024 06:58,Microsoft-Windows-Kernel-General,16,None,The access history in hive \??\C:\Users\HP\AppData\Local\Packages\AppUp.IntelGraphicsExperience_8j3eq9eme6ctt\Settings\settings.dat was cleared updating 2 keys and creating 1 modified pages.
Information,19-09-2024 06:58,TPM,17,None,The Trusted Platform Module (TPM) hardware failed to execute a TPM command.
Information,19-09-2024 06:58,TPM,17,None,The Trusted Platform Module (TPM) hardware failed to execute a TPM command.
Information,19-09-2024 06:58,TPM,17,None,The Trusted Platform Module (TPM) hardware failed to execute a TPM command.
Warning,19-09-2024 06:58,Microsoft-Windows-DistributedCOM,10016,None,"The application-specific permission settings do not grant Local Activation permission for the COM Server application with CLSID 
{2593F8B9-4EAF-457C-B68A-50F6B8EA6B54}
 and APPID 
{15C20B67-12E7-4BB6-92BB-7AFF07997402}
 to the user INFINITELOOP\HP SID (S-1-5-21-1139039245-4285067927-1271566218-1001) from address LocalHost (Using LRPC) running in the application container MSTeams_24215.1007.3082.1590_x64__8wekyb3d8bbwe SID (Unavailable). This security permission can be modified using the Component Services administrative tool."
Information,19-09-2024 06:58,TPM,17,None,The Trusted Platform Module (TPM) hardware failed to execute a TPM command.
Information,19-09-2024 06:58,TPM,17,None,The Trusted Platform Module (TPM) hardware failed to execute a TPM command.
Information,19-09-2024 06:58,TPM,17,None,The Trusted Platform Module (TPM) hardware failed to execute a TPM command.
Information,19-09-2024 06:58,TPM,17,None,The Trusted Platform Module (TPM) hardware failed to execute a TPM command.
Information,19-09-2024 06:58,TPM,17,None,The Trusted Platform Module (TPM) hardware failed to execute a TPM command.
Information,19-09-2024 06:58,TPM,17,None,The Trusted Platform Module (TPM) hardware failed to execute a TPM command.
Warning,19-09-2024 06:58,Microsoft-Windows-DistributedCOM,10016,None,"The application-specific permission settings do not grant Local Activation permission for the COM Server application with CLSID 
{2593F8B9-4EAF-457C-B68A-50F6B8EA6B54}
 and APPID 
{15C20B67-12E7-4BB6-92BB-7AFF07997402}
 to the user INFINITELOOP\HP SID (S-1-5-21-1139039245-4285067927-1271566218-1001) from address LocalHost (Using LRPC) running in the application container Unavailable SID (Unavailable). This security permission can be modified using the Component Services administrative tool."
Information,19-09-2024 06:58,Service Control Manager,7040,None,The start type of the Background Intelligent Transfer Service service was changed from demand start to auto start.
Warning,19-09-2024 06:57,Microsoft-Windows-DistributedCOM,10016,None,"The application-specific permission settings do not grant Local Activation permission for the COM Server application with CLSID 
{6B3B8D23-FA8D-40B9-8DBD-B950333E2C52}
 and APPID 
{4839DDB7-58C2-48F5-8283-E1D1807D0D7D}
 to the user NT AUTHORITY\LOCAL SERVICE SID (S-1-5-19) from address LocalHost (Using LRPC) running in the application container Unavailable SID (Unavailable). This security permission can be modified using the Component Services administrative tool."
Warning,19-09-2024 06:57,Microsoft-Windows-DistributedCOM,10016,None,"The application-specific permission settings do not grant Local Activation permission for the COM Server application with CLSID 
{6B3B8D23-FA8D-40B9-8DBD-B950333E2C52}
 and APPID 
{4839DDB7-58C2-48F5-8283-E1D1807D0D7D}
 to the user NT AUTHORITY\LOCAL SERVICE SID (S-1-5-19) from address LocalHost (Using LRPC) running in the application container Unavailable SID (Unavailable). This security permission can be modified using the Component Services administrative tool."
Information,19-09-2024 06:57,Microsoft-Windows-Winlogon,7001,-1101,User Logon Notification for Customer Experience Improvement Program
Information,19-09-2024 06:57,Microsoft-Windows-Power-Troubleshooter,1,None,"The system has returned from a low power state.

Sleep Time: ‎2024‎-‎09‎-‎18T18:51:23.875862400Z
Wake Time: ‎2024‎-‎09‎-‎19T01:27:56.020578300Z

Wake Source: Unknown"
Information,19-09-2024 06:57,BTHUSB,18,None,Windows cannot store Bluetooth authentication codes (link keys) on the local adapter. Bluetooth keyboards might not work in the system BIOS during startup.
Warning,19-09-2024 06:57,Microsoft-Windows-Time-Service,134,None,"NtpClient was unable to set a manual peer to use as a time source because of DNS resolution error on 'time.windows.com,0x9'. NtpClient will try again in 15 minutes and double the reattempt interval thereafter. The error was: No such host is known. (0x80072AF9)"
Error,19-09-2024 06:57,Microsoft-Windows-NDIS,10317,PnP,"Miniport Microsoft Wi-Fi Direct Virtual Adapter #2, {500f0524-d63b-4dac-941c-524fded2fcc7}, had event Fatal error: The miniport has failed a power transition to operational power"
Information,19-09-2024 06:57,Microsoft-Windows-Kernel-Power,566,-268,"The system session has transitioned from 23 to 25.

Reason WinRT 

BootId: 217"
Information,19-09-2024 06:57,Microsoft-Windows-Kernel-Power,507,-158,"The system is exiting Modern Standby 

Reason: Resume from Hibernate."
Information,19-09-2024 06:57,Microsoft-Windows-Kernel-Power,506,-157,"The system is entering Modern Standby 

Reason: Sleep, Hibernate, or Shutdown."
Information,19-09-2024 06:57,Microsoft-Windows-Kernel-Power,566,-268,"The system session has transitioned from 22 to 23.

Reason SxTransition 

BootId: 217"
Information,19-09-2024 06:57,Microsoft-Windows-Kernel-Boot,32,-58,The bootmgr spent 0 ms waiting for user input.
Information,19-09-2024 06:57,Microsoft-Windows-Kernel-Boot,18,-57,There are 0x1 boot options on this system.
Information,19-09-2024 06:57,Microsoft-Windows-Kernel-Boot,30,-21,The firmware reported boot metrics.
Error,19-09-2024 06:57,VBoxNetLwf,12,None,The driver detected an internal driver error on \Device\VBoxNetLwf.
Information,19-09-2024 06:57,Microsoft-Windows-Kernel-General,1,-5,"The system time has changed to ‎2024‎-‎09‎-‎19T01:27:55.500000000Z from ‎2024‎-‎09‎-‎18T18:51:29.729451800Z.
Time Delta: 23785770 ms

Change Reason: System time synchronized with the hardware clock.
Process: '' (PID 4).

RTC time: ‎2024‎-‎09‎-‎19T06:57:55.500000000Z
Current time zone bias: -330
RTC time is in UTC: false
System time was based on RTC time: false"
Information,19-09-2024 00:21,Microsoft-Windows-Kernel-Power,107,-102,The system has resumed from sleep.
Information,19-09-2024 00:21,Microsoft-Windows-Kernel-Power,42,-64,"The system is entering sleep.

Sleep Reason: Application API"
Information,19-09-2024 00:21,Microsoft-Windows-Kernel-Power,566,-268,"The system session has transitioned from 21 to 22.

Reason PolicyChange 

BootId: 217"
Information,19-09-2024 00:21,Microsoft-Windows-Kernel-Power,187,-243,User-mode process attempted to change the system state by calling SetSuspendState or SetSystemPowerState APIs.
Information,19-09-2024 00:21,Win32k,267,None,Touch/Touchpad Hardware Quality Assurance verification succeeded.
Information,19-09-2024 00:21,Microsoft-Windows-Winlogon,7002,-1102,User Logoff Notification for Customer Experience Improvement Program
Warning,19-09-2024 00:05,Microsoft-Windows-DistributedCOM,10016,None,"The application-specific permission settings do not grant Local Activation permission for the COM Server application with CLSID 
{2593F8B9-4EAF-457C-B68A-50F6B8EA6B54}
 and APPID 
{15C20B67-12E7-4BB6-92BB-7AFF07997402}
 to the user INFINITELOOP\HP SID (S-1-5-21-1139039245-4285067927-1271566218-1001) from address LocalHost (Using LRPC) running in the application container SpotifyAB.SpotifyMusic_1.245.454.0_x64__zpdnekdrzrea0 SID (Unavailable). This security permission can be modified using the Component Services administrative tool."
Information,18-09-2024 23:54,TPM,17,None,The Trusted Platform Module (TPM) hardware failed to execute a TPM command.
