Information,18-09-2024 23:54,TPM,17,None,The Trusted Platform Module (TPM) hardware failed to execute a TPM command.
Information,18-09-2024 23:54,TPM,17,None,The Trusted Platform Module (TPM) hardware failed to execute a TPM command.
Information,18-09-2024 23:29,TPM,17,None,The Trusted Platform Module (TPM) hardware failed to execute a TPM command.
Information,18-09-2024 23:29,TPM,17,None,The Trusted Platform Module (TPM) hardware failed to execute a TPM command.
Information,18-09-2024 23:29,TPM,17,None,The Trusted Platform Module (TPM) hardware failed to execute a TPM command.
Warning,18-09-2024 23:27,Microsoft-Windows-DNS-Client,1014,-1014,Name resolution for the name apresolve.spotify.com timed out after none of the configured DNS servers responded. Client PID 3840.
Information,18-09-2024 22:44,Service Control Manager,7040,None,The start type of the Background Intelligent Transfer Service service was changed from auto start to demand start.
Information,18-09-2024 22:42,Service Control Manager,7040,None,The start type of the Background Intelligent Transfer Service service was changed from demand start to auto start.
Information,18-09-2024 22:41,TPM,17,None,The Trusted Platform Module (TPM) hardware failed to execute a TPM command.
Information,18-09-2024 22:41,TPM,17,None,The Trusted Platform Module (TPM) hardware failed to execute a TPM command.
Information,18-09-2024 22:41,TPM,17,None,The Trusted Platform Module (TPM) hardware failed to execute a TPM command.
Information,18-09-2024 22:19,Service Control Manager,7040,None,The start type of the Background Intelligent Transfer Service service was changed from auto start to demand start.
Information,18-09-2024 22:17,Service Control Manager,7040,None,The start type of the Background Intelligent Transfer Service service was changed from demand start to auto start.
Information,18-09-2024 22:16,Service Control Manager,7040,None,The start type of the Background Intelligent Transfer Service service was changed from auto start to demand start.
Information,18-09-2024 22:13,Service Control Manager,7040,None,The start type of the Background Intelligent Transfer Service service was changed from demand start to auto start.
Warning,18-09-2024 22:07,Microsoft-Windows-DistributedCOM,10016,None,"The application-specific permission settings do not grant Local Activation permission for the COM Server application with CLSID 
{2593F8B9-4EAF-457C-B68A-50F6B8EA6B54}
 and APPID 
{15C20B67-12E7-4BB6-92BB-7AFF07997402}
 to the user INFINITELOOP\HP SID (S-1-5-21-1139039245-4285067927-1271566218-1001) from address LocalHost (Using LRPC) running in the application container Unavailable SID (Unavailable). This security permission can be modified using the Component Services administrative tool."
Information,18-09-2024 22:07,Service Control Manager,7040,None,The start type of the McAfee Scheduled Task - (McAfee-Dynamicappdownloader) service was changed from demand start to disabled.
Information,18-09-2024 22:07,Service Control Manager,7045,None,"A service was installed in the system.

Service Name:  McAfee Scheduled Task - (McAfee-Dynamicappdownloader)
Service File Name:  ""C:\Program Files\McAfee\wps\1.22.200.1\dad\mc-dad.exe""
Service Type:  user mode service
Service Start Type:  demand start
Service Account:  LocalSystem"
Information,18-09-2024 22:06,Microsoft-Windows-Kernel-Power,566,-268,"The system session has transitioned from 20 to 21.

Reason PolicyChange 

BootId: 217"
Information,18-09-2024 22:06,Microsoft-Windows-Kernel-Power,507,-158,"The system is exiting Modern Standby 

Reason: Lid."
Information,18-09-2024 22:06,Microsoft-Windows-Kernel-Power,172,-203,"Connectivity state in standby: Connected, Reason: None"
Warning,18-09-2024 22:06,Win32k,701,None,Power Manager has not requested suppression of all input (INPUT_SUPPRESS_REQUEST=0)
Warning,18-09-2024 22:06,Win32k,701,None,Power Manager has not requested suppression of all input (INPUT_SUPPRESS_REQUEST=0)
Information,18-09-2024 21:36,Microsoft-Windows-Kernel-Power,172,-203,"Connectivity state in standby: Disconnected, Reason: Adaptive Connected Standby"
Information,18-09-2024 21:36,Microsoft-Windows-Kernel-Power,566,-268,"The system session has transitioned from 19 to 20.

Reason InputMouse 

BootId: 217"
Information,18-09-2024 21:36,Microsoft-Windows-Time-Service,158,None,The time provider 'VMICTimeProvider' has indicated that the current hardware and operating environment is not supported and has stopped. This behavior is expected for VMICTimeProvider on non-HyperV-guest environments. This may be the expected behavior for the current provider in the current operating environment as well.
Information,18-09-2024 21:36,Microsoft-Windows-Kernel-Power,506,-157,"The system is entering Modern Standby 

Reason: AC/DC Display Burst Suppressed."
Information,18-09-2024 21:36,Microsoft-Windows-Kernel-Power,566,-268,"The system session has transitioned from 18 to 19.

Reason InputMouse 

BootId: 217"
Information,18-09-2024 21:36,Microsoft-Windows-Kernel-Power,507,-158,"The system is exiting Modern Standby 

Reason: AC/DC Display Burst Suppressed."
Warning,18-09-2024 21:36,Win32k,700,None,Power Manager has requested suppression of all input (INPUT_SUPPRESS_REQUEST=1)
Warning,18-09-2024 21:36,Win32k,700,None,Power Manager has requested suppression of all input (INPUT_SUPPRESS_REQUEST=1)
Information,18-09-2024 21:36,Microsoft-Windows-Kernel-Power,105,-100,Power source change.
Information,18-09-2024 21:36,Microsoft-Windows-Kernel-Power,566,-268,"The system session has transitioned from 17 to 18.

Reason PolicyChange 

BootId: 217"
Information,18-09-2024 21:36,Microsoft-Windows-Kernel-Power,506,-157,"The system is entering Modern Standby 

Reason: 16777220."
Information,18-09-2024 21:36,Microsoft-Windows-Kernel-Power,566,-268,"The system session has transitioned from 16 to 17.

Reason 16777220 

BootId: 217"
Information,18-09-2024 21:36,Microsoft-Windows-Kernel-Power,507,-158,"The system is exiting Modern Standby 

Reason: 16777220."
Information,18-09-2024 21:36,Microsoft-Windows-Kernel-Power,566,-268,"The system session has transitioned from 15 to 16.

Reason PolicyChange 

BootId: 217"
Information,18-09-2024 21:36,Microsoft-Windows-Kernel-Power,506,-157,"The system is entering Modern Standby 

Reason: Lid."
Information,18-09-2024 21:36,Microsoft-Windows-Kernel-Power,566,-268,"The system session has transitioned from 14 to 15.

Reason PolicyChange 

BootId: 217"
Information,18-09-2024 21:29,Service Control Manager,7040,None,The start type of the McAfee Scheduled Task - (McAfee-Dynamicappdownloader) service was changed from demand start to disabled.
Information,18-09-2024 21:29,Service Control Manager,7045,None,"A service was installed in the system.

Service Name:  McAfee Scheduled Task - (McAfee-Dynamicappdownloader)
Service File Name:  ""C:\Program Files\McAfee\wps\1.22.200.1\dad\mc-dad.exe""
Service Type:  user mode service
Service Start Type:  demand start
Service Account:  LocalSystem"
Information,18-09-2024 21:28,Microsoft-Windows-Kernel-Power,566,-268,"The system session has transitioned from 13 to 14.

Reason PolicyChange 

BootId: 217"
Information,18-09-2024 21:28,Microsoft-Windows-Kernel-Power,507,-158,"The system is exiting Modern Standby 

Reason: Lid."
Information,18-09-2024 21:28,Microsoft-Windows-Time-Service,158,None,The time provider 'VMICTimeProvider' has indicated that the current hardware and operating environment is not supported and has stopped. This behavior is expected for VMICTimeProvider on non-HyperV-guest environments. This may be the expected behavior for the current provider in the current operating environment as well.
Information,18-09-2024 20:19,Microsoft-Windows-Kernel-Power,566,-268,"The system session has transitioned from 12 to 13.

Reason PolicyChange 

BootId: 217"
Information,18-09-2024 20:19,Microsoft-Windows-Kernel-Power,506,-157,"The system is entering Modern Standby 

Reason: Lid."
Information,18-09-2024 20:19,Microsoft-Windows-Kernel-Power,566,-268,"The system session has transitioned from 11 to 12.

Reason PolicyChange 

BootId: 217"
Information,18-09-2024 20:09,Microsoft-Windows-Time-Service,158,None,The time provider 'VMICTimeProvider' has indicated that the current hardware and operating environment is not supported and has stopped. This behavior is expected for VMICTimeProvider on non-HyperV-guest environments. This may be the expected behavior for the current provider in the current operating environment as well.
Information,18-09-2024 19:52,Microsoft-Windows-Time-Service,158,None,The time provider 'VMICTimeProvider' has indicated that the current hardware and operating environment is not supported and has stopped. This behavior is expected for VMICTimeProvider on non-HyperV-guest environments. This may be the expected behavior for the current provider in the current operating environment as well.
Information,18-09-2024 19:51,Service Control Manager,7040,None,The start type of the Background Intelligent Transfer Service service was changed from auto start to demand start.
Information,18-09-2024 19:48,Service Control Manager,7040,None,The start type of the Background Intelligent Transfer Service service was changed from demand start to auto start.
Information,18-09-2024 19:47,TPM,17,None,The Trusted Platform Module (TPM) hardware failed to execute a TPM command.
Information,18-09-2024 19:47,TPM,17,None,The Trusted Platform Module (TPM) hardware failed to execute a TPM command.
Information,18-09-2024 19:47,TPM,17,None,The Trusted Platform Module (TPM) hardware failed to execute a TPM command.
Information,18-09-2024 19:46,Service Control Manager,7040,None,The start type of the Background Intelligent Transfer Service service was changed from auto start to demand start.
Information,18-09-2024 19:37,Service Control Manager,7040,None,The start type of the Background Intelligent Transfer Service service was changed from demand start to auto start.
Information,18-09-2024 19:35,Microsoft-Windows-Kernel-General,15,-10,Hive \??\Volume{3835c0f0-b7b0-4773-a458-09d1fca5e155}\System Volume Information\SPP\SppCbsHiveStore\{cd42efe1-f6f1-427c-b004-033192c625a4}{B07C29ED-A819-4081-AE90-E3D693DAC400} was reorganized with a starting size of 11792384 bytes and an ending size of 10682368 bytes.
Information,18-09-2024 19:35,Microsoft-Windows-Kernel-General,11,None,"TxR init phase for hive \??\GLOBALROOT\Device\HarddiskVolumeShadowCopy2\WINDOWS\System32\config\DRIVERS (TM: {e29814d3-755d-11ef-a725-5cfb3a2f79f0}, RM: {e29814d2-755d-11ef-a725-5cfb3a2f79f0}) finished with result=0xC00000A2 (Internal code=7)."
Information,18-09-2024 19:35,Microsoft-Windows-Kernel-General,11,None,"TxR init phase for hive \??\GLOBALROOT\Device\HarddiskVolumeShadowCopy2\WINDOWS\System32\config\SYSTEM (TM: {e29814d0-755d-11ef-a725-5cfb3a2f79f0}, RM: {e29814cf-755d-11ef-a725-5cfb3a2f79f0}) finished with result=0xC00000A2 (Internal code=7)."
Information,18-09-2024 19:35,Microsoft-Windows-Time-Service,37,None,"The time provider NtpClient is currently receiving valid time data from time.windows.com,0x9 (ntp.m|0x9|[::]:123->[64:ff9b::2851:5e41]:123)."
Information,18-09-2024 19:35,Microsoft-Windows-Time-Service,158,None,The time provider 'VMICTimeProvider' has indicated that the current hardware and operating environment is not supported and has stopped. This behavior is expected for VMICTimeProvider on non-HyperV-guest environments. This may be the expected behavior for the current provider in the current operating environment as well.
Information,18-09-2024 19:01,Microsoft-Windows-Kernel-General,16,None,The access history in hive \??\C:\Users\HP\AppData\Local\Packages\Microsoft.AAD.BrokerPlugin_cw5n1h2txyewy\Settings\settings.dat was cleared updating 51 keys and creating 5 modified pages.
Information,18-09-2024 17:48,Service Control Manager,7040,None,The start type of the McAfee Scheduled Task - (McAfee Scheduled Task - (mc-sustainability)) service was changed from demand start to disabled.
Information,18-09-2024 17:48,Service Control Manager,7040,None,The start type of the McAfee Scheduled Task - (McAfee-Dynamicappdownloader) service was changed from demand start to disabled.
Information,18-09-2024 17:48,Service Control Manager,7045,None,"A service was installed in the system.

Service Name:  McAfee Scheduled Task - (McAfee Scheduled Task - (mc-sustainability))
Service File Name:  ""C:\Program Files\McAfee\wps\1.22.200.1\sustainability\mc-sustainability.exe""
Service Type:  user mode service
Service Start Type:  demand start
Service Account:  LocalSystem"
Information,18-09-2024 17:48,Service Control Manager,7045,None,"A service was installed in the system.

Service Name:  McAfee Scheduled Task - (McAfee-Dynamicappdownloader)
Service File Name:  ""C:\Program Files\McAfee\wps\1.22.200.1\dad\mc-dad.exe""
Service Type:  user mode service
Service Start Type:  demand start
Service Account:  LocalSystem"
Information,18-09-2024 17:18,Service Control Manager,7040,None,The start type of the McAfee Scheduled Task - (McAfee Scheduled Task - (mc-sustainability)) service was changed from demand start to disabled.
Information,18-09-2024 17:18,Service Control Manager,7045,None,"A service was installed in the system.

Service Name:  McAfee Scheduled Task - (McAfee Scheduled Task - (mc-sustainability))
Service File Name:  ""C:\Program Files\McAfee\wps\1.22.200.1\sustainability\mc-sustainability.exe""
Service Type:  user mode service
Service Start Type:  demand start
Service Account:  LocalSystem"
Information,18-09-2024 17:17,Service Control Manager,7040,None,The start type of the Background Intelligent Transfer Service service was changed from auto start to demand start.
Information,18-09-2024 17:15,TPM,17,None,The Trusted Platform Module (TPM) hardware failed to execute a TPM command.
Information,18-09-2024 17:15,TPM,17,None,The Trusted Platform Module (TPM) hardware failed to execute a TPM command.
Information,18-09-2024 17:15,TPM,17,None,The Trusted Platform Module (TPM) hardware failed to execute a TPM command.
Warning,18-09-2024 17:14,Microsoft-Windows-DistributedCOM,10016,None,"The application-specific permission settings do not grant Local Activation permission for the COM Server application with CLSID 
{2593F8B9-4EAF-457C-B68A-50F6B8EA6B54}
 and APPID 
{15C20B67-12E7-4BB6-92BB-7AFF07997402}
 to the user INFINITELOOP\HP SID (S-1-5-21-1139039245-4285067927-1271566218-1001) from address LocalHost (Using LRPC) running in the application container Unavailable SID (Unavailable). This security permission can be modified using the Component Services administrative tool."
Information,18-09-2024 17:13,TPM,17,None,The Trusted Platform Module (TPM) hardware failed to execute a TPM command.
Information,18-09-2024 17:13,TPM,17,None,The Trusted Platform Module (TPM) hardware failed to execute a TPM command.
Information,18-09-2024 17:13,TPM,17,None,The Trusted Platform Module (TPM) hardware failed to execute a TPM command.
Information,18-09-2024 17:13,Service Control Manager,7040,None,The start type of the McAfee Scheduled Task - (McAfee-Dynamicappdownloader) service was changed from demand start to disabled.
Warning,18-09-2024 17:13,Microsoft-Windows-DistributedCOM,10016,None,"The application-specific permission settings do not grant Local Activation permission for the COM Server application with CLSID 
{2593F8B9-4EAF-457C-B68A-50F6B8EA6B54}
 and APPID 
{15C20B67-12E7-4BB6-92BB-7AFF07997402}
 to the user INFINITELOOP\HP SID (S-1-5-21-1139039245-4285067927-1271566218-1001) from address LocalHost (Using LRPC) running in the application container MSTeams_24215.1007.3082.1590_x64__8wekyb3d8bbwe SID (Unavailable). This security permission can be modified using the Component Services administrative tool."
Information,18-09-2024 17:13,Service Control Manager,7045,None,"A service was installed in the system.

Service Name:  McAfee Scheduled Task - (McAfee-Dynamicappdownloader)
Service File Name:  ""C:\Program Files\McAfee\wps\1.22.200.1\dad\mc-dad.exe""
Service Type:  user mode service
Service Start Type:  demand start
Service Account:  LocalSystem"
Information,18-09-2024 17:12,TPM,17,None,The Trusted Platform Module (TPM) hardware failed to execute a TPM command.
Information,18-09-2024 17:12,TPM,17,None,The Trusted Platform Module (TPM) hardware failed to execute a TPM command.
Information,18-09-2024 17:12,TPM,17,None,The Trusted Platform Module (TPM) hardware failed to execute a TPM command.
Warning,18-09-2024 17:12,Microsoft-Windows-DNS-Client,1014,-1014,Name resolution for the name v20.events.data.microsoft.com timed out after none of the configured DNS servers responded. Client PID 4644.
Information,18-09-2024 17:12,TPM,17,None,The Trusted Platform Module (TPM) hardware failed to execute a TPM command.
Information,18-09-2024 17:12,TPM,17,None,The Trusted Platform Module (TPM) hardware failed to execute a TPM command.
Information,18-09-2024 17:12,TPM,17,None,The Trusted Platform Module (TPM) hardware failed to execute a TPM command.
Information,18-09-2024 17:12,TPM,17,None,The Trusted Platform Module (TPM) hardware failed to execute a TPM command.
Information,18-09-2024 17:12,TPM,17,None,The Trusted Platform Module (TPM) hardware failed to execute a TPM command.
Information,18-09-2024 17:12,TPM,17,None,The Trusted Platform Module (TPM) hardware failed to execute a TPM command.
Warning,18-09-2024 17:12,Microsoft-Windows-DistributedCOM,10016,None,"The application-specific permission settings do not grant Local Activation permission for the COM Server application with CLSID 
{2593F8B9-4EAF-457C-B68A-50F6B8EA6B54}
 and APPID 
{15C20B67-12E7-4BB6-92BB-7AFF07997402}
 to the user INFINITELOOP\HP SID (S-1-5-21-1139039245-4285067927-1271566218-1001) from address LocalHost (Using LRPC) running in the application container Unavailable SID (Unavailable). This security permission can be modified using the Component Services administrative tool."
Information,18-09-2024 17:12,Service Control Manager,7040,None,The start type of the Background Intelligent Transfer Service service was changed from demand start to auto start.
Warning,18-09-2024 17:12,Microsoft-Windows-DistributedCOM,10016,None,"The application-specific permission settings do not grant Local Activation permission for the COM Server application with CLSID 
{6B3B8D23-FA8D-40B9-8DBD-B950333E2C52}
 and APPID 
{4839DDB7-58C2-48F5-8283-E1D1807D0D7D}
 to the user NT AUTHORITY\LOCAL SERVICE SID (S-1-5-19) from address LocalHost (Using LRPC) running in the application container Unavailable SID (Unavailable). This security permission can be modified using the Component Services administrative tool."
Warning,18-09-2024 17:12,Microsoft-Windows-DistributedCOM,10016,None,"The application-specific permission settings do not grant Local Activation permission for the COM Server application with CLSID 
{6B3B8D23-FA8D-40B9-8DBD-B950333E2C52}
 and APPID 
{4839DDB7-58C2-48F5-8283-E1D1807D0D7D}
 to the user NT AUTHORITY\LOCAL SERVICE SID (S-1-5-19) from address LocalHost (Using LRPC) running in the application container Unavailable SID (Unavailable). This security permission can be modified using the Component Services administrative tool."
Information,18-09-2024 17:12,Microsoft-Windows-Power-Troubleshooter,1,None,"The system has returned from a low power state.

Sleep Time: ‎2024‎-‎09‎-‎18T07:02:00.976693900Z
Wake Time: ‎2024‎-‎09‎-‎18T11:42:20.999925300Z

Wake Source: Unknown"
Information,18-09-2024 17:12,Microsoft-Windows-Winlogon,7001,-1101,User Logon Notification for Customer Experience Improvement Program
Information,18-09-2024 17:12,BTHUSB,18,None,Windows cannot store Bluetooth authentication codes (link keys) on the local adapter. Bluetooth keyboards might not work in the system BIOS during startup.
Information,18-09-2024 17:12,Microsoft-Windows-Kernel-Power,566,-268,"The system session has transitioned from 9 to 11.

Reason WinRT 

BootId: 217"
Information,18-09-2024 17:12,Microsoft-Windows-Kernel-Power,507,-158,"The system is exiting Modern Standby 

Reason: Resume from Hibernate."
Information,18-09-2024 17:12,Microsoft-Windows-Kernel-Power,506,-157,"The system is entering Modern Standby 

Reason: Sleep, Hibernate, or Shutdown."
Information,18-09-2024 17:12,Microsoft-Windows-Kernel-Power,566,-268,"The system session has transitioned from 8 to 9.

Reason SxTransition 

BootId: 217"
Information,18-09-2024 17:12,Microsoft-Windows-Kernel-Boot,32,-58,The bootmgr spent 0 ms waiting for user input.
Information,18-09-2024 17:12,Microsoft-Windows-Kernel-Boot,18,-57,There are 0x1 boot options on this system.
Information,18-09-2024 17:12,Microsoft-Windows-Kernel-Boot,30,-21,The firmware reported boot metrics.
Error,18-09-2024 17:12,VBoxNetLwf,12,None,The driver detected an internal driver error on \Device\VBoxNetLwf.
Information,18-09-2024 17:12,Microsoft-Windows-Kernel-General,1,-5,"The system time has changed to ‎2024‎-‎09‎-‎18T11:42:20.500000000Z from ‎2024‎-‎09‎-‎18T07:02:05.929442300Z.
Time Delta: 16814570 ms

Change Reason: System time synchronized with the hardware clock.
Process: '' (PID 4).

RTC time: ‎2024‎-‎09‎-‎18T17:12:20.500000000Z
Current time zone bias: -330
RTC time is in UTC: false
System time was based on RTC time: false"
Information,18-09-2024 12:32,Microsoft-Windows-Kernel-Power,107,-102,The system has resumed from sleep.
Information,18-09-2024 12:32,Microsoft-Windows-Kernel-Power,42,-64,"The system is entering sleep.

Sleep Reason: Application API"
Information,18-09-2024 12:32,Microsoft-Windows-Kernel-Power,566,-268,"The system session has transitioned from 7 to 8.

Reason PolicyChange 

BootId: 217"
Information,18-09-2024 12:32,Microsoft-Windows-Kernel-Power,187,-243,User-mode process attempted to change the system state by calling SetSuspendState or SetSystemPowerState APIs.
Information,18-09-2024 12:32,Win32k,267,None,Touch/Touchpad Hardware Quality Assurance verification succeeded.
Information,18-09-2024 12:32,Microsoft-Windows-Winlogon,7002,-1102,User Logoff Notification for Customer Experience Improvement Program
Information,18-09-2024 12:31,User32,1074,None,"The process C:\Windows\System32\RuntimeBroker.exe (INFINITELOOP) has initiated the power off of computer INFINITELOOP on behalf of user INFINITELOOP\HP for the following reason: Other (Unplanned)
 Reason Code: 0x0
 Shutdown Type: power off
 Comment: "
Information,18-09-2024 12:31,TPM,17,None,The Trusted Platform Module (TPM) hardware failed to execute a TPM command.
Information,18-09-2024 12:31,TPM,17,None,The Trusted Platform Module (TPM) hardware failed to execute a TPM command.
Information,18-09-2024 12:31,TPM,17,None,The Trusted Platform Module (TPM) hardware failed to execute a TPM command.
Information,18-09-2024 12:00,EventLog,6013,None,The system uptime is 17844 seconds.
Warning,18-09-2024 11:33,Microsoft-Windows-DNS-Client,1014,-1014,Name resolution for the name ocsp.digicert.com timed out after none of the configured DNS servers responded. Client PID 17752.
Error,18-09-2024 10:26,Microsoft-Windows-WindowsUpdateClient,20,Windows Update Agent,Installation Failure: Windows failed to install the following update with error 0x80073D02: 9N9PHDT62W94-AD2F1837.myHP.
Information,18-09-2024 10:26,Microsoft-Windows-WindowsUpdateClient,43,Windows Update Agent,Installation Started: Windows has started installing the following update: 9N9PHDT62W94-AD2F1837.myHP
Information,18-09-2024 10:26,Microsoft-Windows-WindowsUpdateClient,44,Windows Update Agent,Windows Update started downloading an update.
Information,18-09-2024 09:48,Service Control Manager,7040,None,The start type of the McAfee Scheduled Task - (McAfee Scheduled Task - (mc-sustainability)) service was changed from demand start to disabled.
Information,18-09-2024 09:48,Service Control Manager,7045,None,"A service was installed in the system.

Service Name:  McAfee Scheduled Task - (McAfee Scheduled Task - (mc-sustainability))
Service File Name:  ""C:\Program Files\McAfee\wps\1.22.200.1\sustainability\mc-sustainability.exe""
Service Type:  user mode service
Service Start Type:  demand start
Service Account:  LocalSystem"
Warning,18-09-2024 09:46,Microsoft-Windows-DistributedCOM,10016,None,"The application-specific permission settings do not grant Local Activation permission for the COM Server application with CLSID 
{2593F8B9-4EAF-457C-B68A-50F6B8EA6B54}
 and APPID 
{15C20B67-12E7-4BB6-92BB-7AFF07997402}
 to the user INFINITELOOP\HP SID (S-1-5-21-1139039245-4285067927-1271566218-1001) from address LocalHost (Using LRPC) running in the application container Unavailable SID (Unavailable). This security permission can be modified using the Component Services administrative tool."
Information,18-09-2024 09:46,TPM,17,None,The Trusted Platform Module (TPM) hardware failed to execute a TPM command.
Information,18-09-2024 09:46,TPM,17,None,The Trusted Platform Module (TPM) hardware failed to execute a TPM command.
Information,18-09-2024 09:46,TPM,17,None,The Trusted Platform Module (TPM) hardware failed to execute a TPM command.
Information,18-09-2024 09:25,Microsoft-Windows-Kernel-General,16,None,The access history in hive \??\C:\Users\HP\AppData\Local\Packages\Microsoft.WindowsCalculator_8wekyb3d8bbwe\Settings\settings.dat was cleared updating 2 keys and creating 1 modified pages.
Information,18-09-2024 09:15,Service Control Manager,7040,None,The start type of the Background Intelligent Transfer Service service was changed from auto start to demand start.
Information,18-09-2024 09:12,Service Control Manager,7040,None,The start type of the Background Intelligent Transfer Service service was changed from demand start to auto start.
Information,18-09-2024 09:08,Service Control Manager,7040,None,The start type of the Background Intelligent Transfer Service service was changed from auto start to demand start.
Warning,18-09-2024 09:07,Microsoft-Windows-DistributedCOM,10016,None,"The application-specific permission settings do not grant Local Activation permission for the COM Server application with CLSID 
{2593F8B9-4EAF-457C-B68A-50F6B8EA6B54}
 and APPID 
{15C20B67-12E7-4BB6-92BB-7AFF07997402}
 to the user INFINITELOOP\HP SID (S-1-5-21-1139039245-4285067927-1271566218-1001) from address LocalHost (Using LRPC) running in the application container Unavailable SID (Unavailable). This security permission can be modified using the Component Services administrative tool."
Information,18-09-2024 09:07,TPM,17,None,The Trusted Platform Module (TPM) hardware failed to execute a TPM command.
Information,18-09-2024 09:07,TPM,17,None,The Trusted Platform Module (TPM) hardware failed to execute a TPM command.
Information,18-09-2024 09:07,TPM,17,None,The Trusted Platform Module (TPM) hardware failed to execute a TPM command.
Information,18-09-2024 09:06,Microsoft-Windows-Kernel-Power,566,-268,"The system session has transitioned from 6 to 7.

Reason PolicyChange 

BootId: 217"
Information,18-09-2024 09:06,Microsoft-Windows-Kernel-Power,507,-158,"The system is exiting Modern Standby 

Reason: Lid."
Information,18-09-2024 08:57,Service Control Manager,7040,None,The start type of the McAfee Scheduled Task - (McAfee-Dynamicappdownloader) service was changed from demand start to disabled.
Information,18-09-2024 08:57,Service Control Manager,7045,None,"A service was installed in the system.

Service Name:  McAfee Scheduled Task - (McAfee-Dynamicappdownloader)
Service File Name:  ""C:\Program Files\McAfee\wps\1.22.200.1\dad\mc-dad.exe""
Service Type:  user mode service
Service Start Type:  demand start
Service Account:  LocalSystem"
Information,18-09-2024 08:57,Microsoft-Windows-Kernel-Power,566,-268,"The system session has transitioned from 5 to 6.

Reason InputMouse 

BootId: 217"
Information,18-09-2024 08:57,Microsoft-Windows-Kernel-Power,506,-157,"The system is entering Modern Standby 

Reason: 16777220."
Information,18-09-2024 08:57,Microsoft-Windows-Kernel-Power,566,-268,"The system session has transitioned from 4 to 5.

Reason 16777220 

BootId: 217"
Information,18-09-2024 08:57,Microsoft-Windows-Kernel-Power,507,-158,"The system is exiting Modern Standby 

Reason: 16777220."
Information,18-09-2024 08:26,Microsoft-Windows-Kernel-Power,566,-268,"The system session has transitioned from 3 to 4.

Reason InputMouse 

BootId: 217"
Information,18-09-2024 08:26,Service Control Manager,7040,None,The start type of the McAfee Scheduled Task - (McAfee Scheduled Task - (mc-sustainability)) service was changed from demand start to disabled.
Information,18-09-2024 08:26,Service Control Manager,7040,None,The start type of the Background Intelligent Transfer Service service was changed from demand start to auto start.
Information,18-09-2024 08:26,Service Control Manager,7045,None,"A service was installed in the system.

Service Name:  McAfee Scheduled Task - (McAfee Scheduled Task - (mc-sustainability))
Service File Name:  ""C:\Program Files\McAfee\wps\1.22.200.1\sustainability\mc-sustainability.exe""
Service Type:  user mode service
Service Start Type:  demand start
Service Account:  LocalSystem"
Information,18-09-2024 08:26,Microsoft-Windows-Kernel-Power,506,-157,"The system is entering Modern Standby 

Reason: AC/DC Display Burst Suppressed."
Information,18-09-2024 08:26,Microsoft-Windows-Kernel-Power,566,-268,"The system session has transitioned from 2 to 3.

Reason InputMouse 

BootId: 217"
Information,18-09-2024 08:26,Microsoft-Windows-Kernel-Power,507,-158,"The system is exiting Modern Standby 

Reason: AC/DC Display Burst Suppressed."
Information,18-09-2024 08:26,Microsoft-Windows-Kernel-Power,172,-203,"Connectivity state in standby: Connected, Reason: None"
Warning,18-09-2024 08:26,Win32k,701,None,Power Manager has not requested suppression of all input (INPUT_SUPPRESS_REQUEST=0)
Warning,18-09-2024 08:26,Win32k,701,None,Power Manager has not requested suppression of all input (INPUT_SUPPRESS_REQUEST=0)
Information,18-09-2024 08:26,Microsoft-Windows-Kernel-Power,105,-100,Power source change.
Information,18-09-2024 08:25,Microsoft-Windows-Kernel-Power,172,-203,"Connectivity state in standby: Disconnected, Reason: Adaptive Connected Standby"
Information,18-09-2024 08:25,Microsoft-Windows-Kernel-Power,566,-268,"The system session has transitioned from 1 to 2.

Reason PolicyChange 

BootId: 217"
Warning,18-09-2024 08:25,Win32k,700,None,Power Manager has requested suppression of all input (INPUT_SUPPRESS_REQUEST=1)
Warning,18-09-2024 08:25,Win32k,700,None,Power Manager has requested suppression of all input (INPUT_SUPPRESS_REQUEST=1)
Information,18-09-2024 08:25,Microsoft-Windows-Kernel-Power,506,-157,"The system is entering Modern Standby 

Reason: Lid."
Information,18-09-2024 08:25,Microsoft-Windows-Kernel-Power,566,-268,"The system session has transitioned from 0 to 1.

Reason PolicyChange 

BootId: 217"
Error,18-09-2024 08:23,Microsoft-Windows-WindowsUpdateClient,20,Windows Update Agent,Installation Failure: Windows failed to install the following update with error 0x80073D02: 9N9PHDT62W94-AD2F1837.myHP.
Information,18-09-2024 08:23,Microsoft-Windows-WindowsUpdateClient,43,Windows Update Agent,Installation Started: Windows has started installing the following update: 9N9PHDT62W94-AD2F1837.myHP
Information,18-09-2024 08:23,Microsoft-Windows-Kernel-General,16,None,The access history in hive \??\C:\ProgramData\Microsoft\Windows\AppRepository\Packages\AD2F1837.myHP_37.52435.995.0_x64__v10z8vjag6ke6\ActivationStore.dat was cleared updating 0 keys and creating 0 modified pages.
Information,18-09-2024 08:17,Microsoft-Windows-WindowsUpdateClient,44,Windows Update Agent,Windows Update started downloading an update.
Information,18-09-2024 08:17,Microsoft-Windows-Kernel-General,16,None,The access history in hive \??\C:\ProgramData\Microsoft\Provisioning\Microsoft-Desktop-Provisioning-Sequence.dat was cleared updating 0 keys and creating 0 modified pages.
Information,18-09-2024 08:09,TPM,17,None,The Trusted Platform Module (TPM) hardware failed to execute a TPM command.
Information,18-09-2024 08:09,TPM,17,None,The Trusted Platform Module (TPM) hardware failed to execute a TPM command.
Information,18-09-2024 08:09,TPM,17,None,The Trusted Platform Module (TPM) hardware failed to execute a TPM command.
Information,18-09-2024 08:06,Service Control Manager,7040,None,The start type of the Background Intelligent Transfer Service service was changed from auto start to demand start.
Information,18-09-2024 08:04,Service Control Manager,7040,None,The start type of the Background Intelligent Transfer Service service was changed from demand start to auto start.
Information,18-09-2024 08:03,TPM,17,None,The Trusted Platform Module (TPM) hardware failed to execute a TPM command.
Information,18-09-2024 08:03,TPM,17,None,The Trusted Platform Module (TPM) hardware failed to execute a TPM command.
Information,18-09-2024 08:03,TPM,17,None,The Trusted Platform Module (TPM) hardware failed to execute a TPM command.
Warning,18-09-2024 07:54,Microsoft-Windows-DistributedCOM,10016,None,"The application-specific permission settings do not grant Local Activation permission for the COM Server application with CLSID 
{2593F8B9-4EAF-457C-B68A-50F6B8EA6B54}
 and APPID 
{15C20B67-12E7-4BB6-92BB-7AFF07997402}
 to the user INFINITELOOP\HP SID (S-1-5-21-1139039245-4285067927-1271566218-1001) from address LocalHost (Using LRPC) running in the application container Unavailable SID (Unavailable). This security permission can be modified using the Component Services administrative tool."
Information,18-09-2024 07:53,TPM,17,None,The Trusted Platform Module (TPM) hardware failed to execute a TPM command.
Information,18-09-2024 07:53,TPM,17,None,The Trusted Platform Module (TPM) hardware failed to execute a TPM command.
Information,18-09-2024 07:53,TPM,17,None,The Trusted Platform Module (TPM) hardware failed to execute a TPM command.
Information,18-09-2024 07:37,Service Control Manager,7040,None,The start type of the Background Intelligent Transfer Service service was changed from auto start to demand start.
Information,18-09-2024 07:35,Service Control Manager,7040,None,The start type of the Background Intelligent Transfer Service service was changed from demand start to auto start.
Warning,18-09-2024 07:34,Microsoft-Windows-DistributedCOM,10016,None,"The application-specific permission settings do not grant Local Activation permission for the COM Server application with CLSID 
{2593F8B9-4EAF-457C-B68A-50F6B8EA6B54}
 and APPID 
{15C20B67-12E7-4BB6-92BB-7AFF07997402}
 to the user INFINITELOOP\HP SID (S-1-5-21-1139039245-4285067927-1271566218-1001) from address LocalHost (Using LRPC) running in the application container Unavailable SID (Unavailable). This security permission can be modified using the Component Services administrative tool."
Information,18-09-2024 07:34,TPM,17,None,The Trusted Platform Module (TPM) hardware failed to execute a TPM command.
Information,18-09-2024 07:34,TPM,17,None,The Trusted Platform Module (TPM) hardware failed to execute a TPM command.
Information,18-09-2024 07:34,TPM,17,None,The Trusted Platform Module (TPM) hardware failed to execute a TPM command.
Information,18-09-2024 07:14,TPM,17,None,The Trusted Platform Module (TPM) hardware failed to execute a TPM command.
Information,18-09-2024 07:14,TPM,17,None,The Trusted Platform Module (TPM) hardware failed to execute a TPM command.
Information,18-09-2024 07:14,TPM,17,None,The Trusted Platform Module (TPM) hardware failed to execute a TPM command.
Information,18-09-2024 07:14,Service Control Manager,7040,None,The start type of the Background Intelligent Transfer Service service was changed from auto start to demand start.
Information,18-09-2024 07:14,Microsoft-Windows-WindowsUpdateClient,19,Windows Update Agent,Installation Successful: Windows successfully installed the following update: 9N8MHTPHNGVV-Microsoft.Windows.DevHome
Information,18-09-2024 07:13,Microsoft-Windows-Kernel-General,16,None,The access history in hive \??\C:\Users\HP\AppData\Local\Packages\Microsoft.Windows.DevHome_8wekyb3d8bbwe\Settings\settings.dat was cleared updating 1 keys and creating 1 modified pages.
Information,18-09-2024 07:13,Microsoft-Windows-WindowsUpdateClient,43,Windows Update Agent,Installation Started: Windows has started installing the following update: 9N8MHTPHNGVV-Microsoft.Windows.DevHome
Information,18-09-2024 07:13,Microsoft-Windows-WindowsUpdateClient,44,Windows Update Agent,Windows Update started downloading an update.
Information,18-09-2024 07:12,Service Control Manager,7040,None,The start type of the Background Intelligent Transfer Service service was changed from demand start to auto start.
Information,18-09-2024 07:09,TPM,17,None,The Trusted Platform Module (TPM) hardware failed to execute a TPM command.
Information,18-09-2024 07:09,TPM,17,None,The Trusted Platform Module (TPM) hardware failed to execute a TPM command.
Information,18-09-2024 07:09,TPM,17,None,The Trusted Platform Module (TPM) hardware failed to execute a TPM command.
Information,18-09-2024 07:06,Service Control Manager,7040,None,The start type of the Microsoft Defender Antivirus Mini-Filter Driver service was changed from boot start to demand start.
Information,18-09-2024 07:06,Microsoft-Windows-FilterManager,1,None,"File System Filter 'WdFilter' (Version 10.0, ‎2046‎-‎12‎-‎28T09:14:16.000000000Z) unloaded successfully."
Information,18-09-2024 07:06,Service Control Manager,7040,None,The start type of the Microsoft Defender Antivirus Boot Driver service was changed from boot start to demand start.
Information,18-09-2024 07:06,Service Control Manager,7040,None,The start type of the Microsoft Defender Antivirus Service service was changed from auto start to demand start.
Information,18-09-2024 07:06,Service Control Manager,7040,None,The start type of the Background Intelligent Transfer Service service was changed from auto start to demand start.
Information,18-09-2024 07:06,Microsoft-Windows-WindowsUpdateClient,44,Windows Update Agent,Windows Update started downloading an update.
Information,18-09-2024 07:05,TPM,17,None,The Trusted Platform Module (TPM) hardware failed to execute a TPM command.
Information,18-09-2024 07:05,TPM,17,None,The Trusted Platform Module (TPM) hardware failed to execute a TPM command.
Information,18-09-2024 07:05,TPM,17,None,The Trusted Platform Module (TPM) hardware failed to execute a TPM command.
Information,18-09-2024 07:05,Service Control Manager,7045,None,"A service was installed in the system.

Service Name:  MpKsld3d24086
Service File Name:  C:\ProgramData\Microsoft\Windows Defender\Definition Updates\{AF9424F4-31D6-45A8-A9D6-88B29BBE6005}\MpKslDrv.sys
Service Type:  kernel mode driver
Service Start Type:  demand start
Service Account:  "
Information,18-09-2024 07:05,Microsoft-Windows-FilterManager,6,None,"File System Filter 'WdFilter' (10.0, ‎2046‎-‎12‎-‎28T09:14:16.000000000Z) has successfully loaded and registered with Filter Manager."
Information,18-09-2024 07:05,Service Control Manager,7040,None,The start type of the Microsoft Defender Antivirus Boot Driver service was changed from demand start to boot start.
Information,18-09-2024 07:05,Service Control Manager,7040,None,The start type of the Microsoft Defender Antivirus Mini-Filter Driver service was changed from demand start to boot start.
Information,18-09-2024 07:05,Service Control Manager,7040,None,The start type of the Microsoft Defender Antivirus Service service was changed from demand start to auto start.
Warning,18-09-2024 07:04,Microsoft-Windows-DistributedCOM,10016,None,"The application-specific permission settings do not grant Local Launch permission for the COM Server application with CLSID 
Windows.SecurityCenter.WscBrokerManager
 and APPID 
Unavailable
 to the user NT AUTHORITY\SYSTEM SID (S-1-5-18) from address LocalHost (Using LRPC) running in the application container Unavailable SID (Unavailable). This security permission can be modified using the Component Services administrative tool."
Warning,18-09-2024 07:04,Microsoft-Windows-DistributedCOM,10016,None,"The application-specific permission settings do not grant Local Launch permission for the COM Server application with CLSID 
Windows.SecurityCenter.SecurityAppBroker
 and APPID 
Unavailable
 to the user NT AUTHORITY\SYSTEM SID (S-1-5-18) from address LocalHost (Using LRPC) running in the application container Unavailable SID (Unavailable). This security permission can be modified using the Component Services administrative tool."
Warning,18-09-2024 07:03,Microsoft-Windows-Kernel-Processor-Power,37,-7,The speed of processor 5 in group 0 is being limited by system firmware. The processor has been in this reduced performance state for 71 seconds since the last report.
Warning,18-09-2024 07:03,Microsoft-Windows-Kernel-Processor-Power,37,-7,The speed of processor 7 in group 0 is being limited by system firmware. The processor has been in this reduced performance state for 71 seconds since the last report.
Warning,18-09-2024 07:03,Microsoft-Windows-Kernel-Processor-Power,37,-7,The speed of processor 3 in group 0 is being limited by system firmware. The processor has been in this reduced performance state for 71 seconds since the last report.
Warning,18-09-2024 07:03,Microsoft-Windows-Kernel-Processor-Power,37,-7,The speed of processor 2 in group 0 is being limited by system firmware. The processor has been in this reduced performance state for 71 seconds since the last report.
Warning,18-09-2024 07:03,Microsoft-Windows-Kernel-Processor-Power,37,-7,The speed of processor 1 in group 0 is being limited by system firmware. The processor has been in this reduced performance state for 71 seconds since the last report.
Warning,18-09-2024 07:03,Microsoft-Windows-Kernel-Processor-Power,37,-7,The speed of processor 6 in group 0 is being limited by system firmware. The processor has been in this reduced performance state for 71 seconds since the last report.
Warning,18-09-2024 07:03,Microsoft-Windows-Kernel-Processor-Power,37,-7,The speed of processor 4 in group 0 is being limited by system firmware. The processor has been in this reduced performance state for 71 seconds since the last report.
Warning,18-09-2024 07:03,Microsoft-Windows-Kernel-Processor-Power,37,-7,The speed of processor 0 in group 0 is being limited by system firmware. The processor has been in this reduced performance state for 71 seconds since the last report.
Information,18-09-2024 07:03,Service Control Manager,7040,None,The start type of the McAfee Scheduled Task - (McAfee-Dynamicappdownloader) service was changed from demand start to disabled.
Information,18-09-2024 07:03,Service Control Manager,7045,None,"A service was installed in the system.

Service Name:  McAfee Scheduled Task - (McAfee-Dynamicappdownloader)
Service File Name:  ""C:\Program Files\McAfee\wps\1.22.200.1\dad\mc-dad.exe""
Service Type:  user mode service
Service Start Type:  demand start
Service Account:  LocalSystem"
Information,18-09-2024 07:03,TPM,17,None,The Trusted Platform Module (TPM) hardware failed to execute a TPM command.
Information,18-09-2024 07:03,TPM,17,None,The Trusted Platform Module (TPM) hardware failed to execute a TPM command.
Information,18-09-2024 07:03,TPM,17,None,The Trusted Platform Module (TPM) hardware failed to execute a TPM command.
Information,18-09-2024 07:03,Service Control Manager,7040,None,The start type of the McAfee Scheduled Task - (McAfee-Dynamicappdownloader) service was changed from demand start to disabled.
Information,18-09-2024 07:03,TPM,17,None,The Trusted Platform Module (TPM) hardware failed to execute a TPM command.
Information,18-09-2024 07:03,TPM,17,None,The Trusted Platform Module (TPM) hardware failed to execute a TPM command.
Information,18-09-2024 07:03,TPM,17,None,The Trusted Platform Module (TPM) hardware failed to execute a TPM command.
Information,18-09-2024 07:03,Service Control Manager,7045,None,"A service was installed in the system.

Service Name:  McAfee Scheduled Task - (McAfee-Dynamicappdownloader)
Service File Name:  ""C:\Program Files\McAfee\wps\1.22.200.1\dad\mc-dad.exe""
Service Type:  user mode service
Service Start Type:  demand start
Service Account:  LocalSystem"
Warning,18-09-2024 07:03,Microsoft-Windows-DistributedCOM,10016,None,"The application-specific permission settings do not grant Local Activation permission for the COM Server application with CLSID 
{2593F8B9-4EAF-457C-B68A-50F6B8EA6B54}
 and APPID 
{15C20B67-12E7-4BB6-92BB-7AFF07997402}
 to the user INFINITELOOP\HP SID (S-1-5-21-1139039245-4285067927-1271566218-1001) from address LocalHost (Using LRPC) running in the application container MSTeams_24215.1007.3082.1590_x64__8wekyb3d8bbwe SID (Unavailable). This security permission can be modified using the Component Services administrative tool."
Information,18-09-2024 07:03,TPM,17,None,The Trusted Platform Module (TPM) hardware failed to execute a TPM command.
Information,18-09-2024 07:03,TPM,17,None,The Trusted Platform Module (TPM) hardware failed to execute a TPM command.
Information,18-09-2024 07:03,TPM,17,None,The Trusted Platform Module (TPM) hardware failed to execute a TPM command.
Warning,18-09-2024 07:03,Microsoft-Windows-DistributedCOM,10016,None,"The application-specific permission settings do not grant Local Launch permission for the COM Server application with CLSID 
Windows.SecurityCenter.WscCloudBackupProvider
 and APPID 
Unavailable
 to the user INFINITELOOP\HP SID (S-1-5-21-1139039245-4285067927-1271566218-1001) from address LocalHost (Using LRPC) running in the application container Unavailable SID (Unavailable). This security permission can be modified using the Component Services administrative tool."
Warning,18-09-2024 07:03,Microsoft-Windows-DistributedCOM,10016,None,"The application-specific permission settings do not grant Local Launch permission for the COM Server application with CLSID 
Windows.SecurityCenter.WscCloudBackupProvider
 and APPID 
Unavailable
 to the user INFINITELOOP\HP SID (S-1-5-21-1139039245-4285067927-1271566218-1001) from address LocalHost (Using LRPC) running in the application container Unavailable SID (Unavailable). This security permission can be modified using the Component Services administrative tool."
Warning,18-09-2024 07:03,Microsoft-Windows-DistributedCOM,10016,None,"The application-specific permission settings do not grant Local Launch permission for the COM Server application with CLSID 
Windows.SecurityCenter.WscCloudBackupProvider
 and APPID 
Unavailable
 to the user INFINITELOOP\HP SID (S-1-5-21-1139039245-4285067927-1271566218-1001) from address LocalHost (Using LRPC) running in the application container Unavailable SID (Unavailable). This security permission can be modified using the Component Services administrative tool."
Warning,18-09-2024 07:03,Microsoft-Windows-DistributedCOM,10016,None,"The application-specific permission settings do not grant Local Launch permission for the COM Server application with CLSID 
Windows.SecurityCenter.WscCloudBackupProvider
 and APPID 
Unavailable
 to the user INFINITELOOP\HP SID (S-1-5-21-1139039245-4285067927-1271566218-1001) from address LocalHost (Using LRPC) running in the application container Unavailable SID (Unavailable). This security permission can be modified using the Component Services administrative tool."
Information,18-09-2024 07:02,Service Control Manager,7040,None,The start type of the Background Intelligent Transfer Service service was changed from demand start to auto start.
Information,18-09-2024 07:02,Microsoft-Windows-TPM-WMI,1025,None,The TPM was successfully provisioned and is now ready for use.
Information,18-09-2024 07:02,Microsoft-Windows-TPM-WMI,1282,None,The TBS device identifier has been generated.
Warning,18-09-2024 07:02,Microsoft-Windows-DistributedCOM,10016,None,"The application-specific permission settings do not grant Local Activation permission for the COM Server application with CLSID 
{6B3B8D23-FA8D-40B9-8DBD-B950333E2C52}
 and APPID 
{4839DDB7-58C2-48F5-8283-E1D1807D0D7D}
 to the user NT AUTHORITY\LOCAL SERVICE SID (S-1-5-19) from address LocalHost (Using LRPC) running in the application container Unavailable SID (Unavailable). This security permission can be modified using the Component Services administrative tool."
Warning,18-09-2024 07:02,Microsoft-Windows-DistributedCOM,10016,None,"The application-specific permission settings do not grant Local Activation permission for the COM Server application with CLSID 
{6B3B8D23-FA8D-40B9-8DBD-B950333E2C52}
 and APPID 
{4839DDB7-58C2-48F5-8283-E1D1807D0D7D}
 to the user NT AUTHORITY\LOCAL SERVICE SID (S-1-5-19) from address LocalHost (Using LRPC) running in the application container Unavailable SID (Unavailable). This security permission can be modified using the Component Services administrative tool."
Information,18-09-2024 07:02,TPM,18,None,This event triggers the Trusted Platform Module (TPM) provisioning/status check to run.
Error,18-09-2024 07:02,Service Control Manager,7031,None,The HP App Helper HSA Service service terminated unexpectedly.  It has done this 1 time(s).  The following corrective action will be taken in 5000 milliseconds: Restart the service.
Error,18-09-2024 07:02,Service Control Manager,7023,None,"The HP App Helper HSA Service service terminated with the following error: 
Incorrect function."
Information,18-09-2024 07:02,Service Control Manager,7026,None,"The following boot-start or system-start driver(s) did not load: 
WinSetupMon"
