Warning,13-09-2024 09:56,Win32k,700,None,Power Manager has requested suppression of all input (INPUT_SUPPRESS_REQUEST=1)
Warning,13-09-2024 09:56,Win32k,700,None,Power Manager has requested suppression of all input (INPUT_SUPPRESS_REQUEST=1)
Information,13-09-2024 09:56,Microsoft-Windows-Kernel-Power,506,-157,"The system is entering Modern Standby 

Reason: Lid."
Information,13-09-2024 09:56,Microsoft-Windows-Kernel-Power,566,-268,"The system session has transitioned from 7 to 8.

Reason PolicyChange 

BootId: 211"
Information,13-09-2024 09:49,Service Control Manager,7040,None,The start type of the Background Intelligent Transfer Service service was changed from auto start to demand start.
Information,13-09-2024 09:47,Service Control Manager,7040,None,The start type of the Background Intelligent Transfer Service service was changed from demand start to auto start.
Information,13-09-2024 09:45,Service Control Manager,7040,None,The start type of the Background Intelligent Transfer Service service was changed from auto start to demand start.
Information,13-09-2024 09:44,TPM,17,None,The Trusted Platform Module (TPM) hardware failed to execute a TPM command.
Information,13-09-2024 09:44,TPM,17,None,The Trusted Platform Module (TPM) hardware failed to execute a TPM command.
Information,13-09-2024 09:44,TPM,17,None,The Trusted Platform Module (TPM) hardware failed to execute a TPM command.
Information,13-09-2024 09:42,Service Control Manager,7040,None,The start type of the McAfee Scheduled Task - (McAfee-Dynamicappdownloader) service was changed from demand start to disabled.
Information,13-09-2024 09:42,Service Control Manager,7045,None,"A service was installed in the system.

Service Name:  McAfee Scheduled Task - (McAfee-Dynamicappdownloader)
Service File Name:  ""C:\Program Files\McAfee\wps\1.22.200.1\dad\mc-dad.exe""
Service Type:  user mode service
Service Start Type:  demand start
Service Account:  LocalSystem"
Warning,13-09-2024 09:42,Microsoft-Windows-DistributedCOM,10016,None,"The application-specific permission settings do not grant Local Activation permission for the COM Server application with CLSID 
{2593F8B9-4EAF-457C-B68A-50F6B8EA6B54}
 and APPID 
{15C20B67-12E7-4BB6-92BB-7AFF07997402}
 to the user INFINITELOOP\HP SID (S-1-5-21-1139039245-4285067927-1271566218-1001) from address LocalHost (Using LRPC) running in the application container Unavailable SID (Unavailable). This security permission can be modified using the Component Services administrative tool."
Information,13-09-2024 09:42,TPM,17,None,The Trusted Platform Module (TPM) hardware failed to execute a TPM command.
Information,13-09-2024 09:42,TPM,17,None,The Trusted Platform Module (TPM) hardware failed to execute a TPM command.
Information,13-09-2024 09:42,TPM,17,None,The Trusted Platform Module (TPM) hardware failed to execute a TPM command.
Warning,13-09-2024 09:42,Microsoft-Windows-DNS-Client,1014,-1014,Name resolution for the name login.microsoftonline.com timed out after none of the configured DNS servers responded. Client PID 11660.
Warning,13-09-2024 09:41,Microsoft-Windows-DistributedCOM,10016,None,"The application-specific permission settings do not grant Local Activation permission for the COM Server application with CLSID 
{2593F8B9-4EAF-457C-B68A-50F6B8EA6B54}
 and APPID 
{15C20B67-12E7-4BB6-92BB-7AFF07997402}
 to the user INFINITELOOP\HP SID (S-1-5-21-1139039245-4285067927-1271566218-1001) from address LocalHost (Using LRPC) running in the application container MSTeams_24215.1007.3082.1590_x64__8wekyb3d8bbwe SID (Unavailable). This security permission can be modified using the Component Services administrative tool."
Information,13-09-2024 09:41,TPM,17,None,The Trusted Platform Module (TPM) hardware failed to execute a TPM command.
Information,13-09-2024 09:41,TPM,17,None,The Trusted Platform Module (TPM) hardware failed to execute a TPM command.
Information,13-09-2024 09:41,TPM,17,None,The Trusted Platform Module (TPM) hardware failed to execute a TPM command.
Information,13-09-2024 09:41,TPM,17,None,The Trusted Platform Module (TPM) hardware failed to execute a TPM command.
Information,13-09-2024 09:41,TPM,17,None,The Trusted Platform Module (TPM) hardware failed to execute a TPM command.
Information,13-09-2024 09:41,TPM,17,None,The Trusted Platform Module (TPM) hardware failed to execute a TPM command.
Warning,13-09-2024 09:41,Microsoft-Windows-DistributedCOM,10016,None,"The application-specific permission settings do not grant Local Activation permission for the COM Server application with CLSID 
{2593F8B9-4EAF-457C-B68A-50F6B8EA6B54}
 and APPID 
{15C20B67-12E7-4BB6-92BB-7AFF07997402}
 to the user INFINITELOOP\HP SID (S-1-5-21-1139039245-4285067927-1271566218-1001) from address LocalHost (Using LRPC) running in the application container Unavailable SID (Unavailable). This security permission can be modified using the Component Services administrative tool."
Information,13-09-2024 09:41,TPM,17,None,The Trusted Platform Module (TPM) hardware failed to execute a TPM command.
Information,13-09-2024 09:41,TPM,17,None,The Trusted Platform Module (TPM) hardware failed to execute a TPM command.
Information,13-09-2024 09:41,TPM,17,None,The Trusted Platform Module (TPM) hardware failed to execute a TPM command.
Information,13-09-2024 09:41,Service Control Manager,7040,None,The start type of the Background Intelligent Transfer Service service was changed from demand start to auto start.
Warning,13-09-2024 09:41,Microsoft-Windows-DistributedCOM,10016,None,"The application-specific permission settings do not grant Local Activation permission for the COM Server application with CLSID 
{6B3B8D23-FA8D-40B9-8DBD-B950333E2C52}
 and APPID 
{4839DDB7-58C2-48F5-8283-E1D1807D0D7D}
 to the user NT AUTHORITY\LOCAL SERVICE SID (S-1-5-19) from address LocalHost (Using LRPC) running in the application container Unavailable SID (Unavailable). This security permission can be modified using the Component Services administrative tool."
Warning,13-09-2024 09:41,Microsoft-Windows-DistributedCOM,10016,None,"The application-specific permission settings do not grant Local Activation permission for the COM Server application with CLSID 
{6B3B8D23-FA8D-40B9-8DBD-B950333E2C52}
 and APPID 
{4839DDB7-58C2-48F5-8283-E1D1807D0D7D}
 to the user NT AUTHORITY\LOCAL SERVICE SID (S-1-5-19) from address LocalHost (Using LRPC) running in the application container Unavailable SID (Unavailable). This security permission can be modified using the Component Services administrative tool."
Information,13-09-2024 09:41,Microsoft-Windows-Winlogon,7001,-1101,User Logon Notification for Customer Experience Improvement Program
Information,13-09-2024 09:41,Microsoft-Windows-Power-Troubleshooter,1,None,"The system has returned from a low power state.

Sleep Time: ‎2024‎-‎09‎-‎12T18:43:03.432846300Z
Wake Time: ‎2024‎-‎09‎-‎13T04:11:13.031407000Z

Wake Source: Unknown"
Error,13-09-2024 09:41,Microsoft-Windows-NDIS,10317,PnP,"Miniport Microsoft Wi-Fi Direct Virtual Adapter #2, {500f0524-d63b-4dac-941c-524fded2fcc7}, had event Fatal error: The miniport has failed a power transition to operational power"
Information,13-09-2024 09:41,BTHUSB,18,None,Windows cannot store Bluetooth authentication codes (link keys) on the local adapter. Bluetooth keyboards might not work in the system BIOS during startup.
Information,13-09-2024 09:41,Microsoft-Windows-Kernel-Power,566,-268,"The system session has transitioned from 5 to 7.

Reason WinRT 

BootId: 211"
Information,13-09-2024 09:41,Microsoft-Windows-Kernel-Power,507,-158,"The system is exiting Modern Standby 

Reason: Resume from Hibernate."
Information,13-09-2024 09:41,Microsoft-Windows-Kernel-Power,506,-157,"The system is entering Modern Standby 

Reason: Sleep, Hibernate, or Shutdown."
Information,13-09-2024 09:41,Microsoft-Windows-Kernel-Power,566,-268,"The system session has transitioned from 4 to 5.

Reason SxTransition 

BootId: 211"
Information,13-09-2024 09:41,Microsoft-Windows-Kernel-Boot,32,-58,The bootmgr spent 0 ms waiting for user input.
Information,13-09-2024 09:41,Microsoft-Windows-Kernel-Boot,18,-57,There are 0x1 boot options on this system.
Information,13-09-2024 09:41,Microsoft-Windows-Kernel-Boot,30,-21,The firmware reported boot metrics.
Error,13-09-2024 09:41,VBoxNetLwf,12,None,The driver detected an internal driver error on \Device\VBoxNetLwf.
Information,13-09-2024 09:41,Microsoft-Windows-Kernel-Power,105,-100,Power source change.
Information,13-09-2024 09:41,Microsoft-Windows-Kernel-General,1,-5,"The system time has changed to ‎2024‎-‎09‎-‎13T04:11:12.500000000Z from ‎2024‎-‎09‎-‎12T18:43:09.841315300Z.
Time Delta: 34082658 ms

Change Reason: System time synchronized with the hardware clock.
Process: '' (PID 4).

RTC time: ‎2024‎-‎09‎-‎13T09:41:12.500000000Z
Current time zone bias: -330
RTC time is in UTC: false
System time was based on RTC time: false"
Information,13-09-2024 00:13,Microsoft-Windows-Kernel-Power,107,-102,The system has resumed from sleep.
Information,13-09-2024 00:13,Microsoft-Windows-Kernel-Power,42,-64,"The system is entering sleep.

Sleep Reason: Application API"
Information,13-09-2024 00:13,Microsoft-Windows-Kernel-Power,566,-268,"The system session has transitioned from 3 to 4.

Reason PolicyChange 

BootId: 211"
Information,13-09-2024 00:13,Microsoft-Windows-Kernel-Power,187,-243,User-mode process attempted to change the system state by calling SetSuspendState or SetSystemPowerState APIs.
Information,13-09-2024 00:13,Win32k,267,None,Touch/Touchpad Hardware Quality Assurance verification succeeded.
Information,13-09-2024 00:13,Microsoft-Windows-Winlogon,7002,-1102,User Logoff Notification for Customer Experience Improvement Program
Information,13-09-2024 00:12,User32,1074,None,"The process C:\Windows\System32\RuntimeBroker.exe (INFINITELOOP) has initiated the power off of computer INFINITELOOP on behalf of user INFINITELOOP\HP for the following reason: Other (Unplanned)
 Reason Code: 0x0
 Shutdown Type: power off
 Comment: "
Information,12-09-2024 23:49,Service Control Manager,7040,None,The start type of the Background Intelligent Transfer Service service was changed from auto start to demand start.
Information,12-09-2024 23:47,Service Control Manager,7040,None,The start type of the Background Intelligent Transfer Service service was changed from demand start to auto start.
Information,12-09-2024 23:46,TPM,17,None,The Trusted Platform Module (TPM) hardware failed to execute a TPM command.
Information,12-09-2024 23:46,TPM,17,None,The Trusted Platform Module (TPM) hardware failed to execute a TPM command.
Information,12-09-2024 23:46,TPM,17,None,The Trusted Platform Module (TPM) hardware failed to execute a TPM command.
Information,12-09-2024 23:31,Service Control Manager,7040,None,The start type of the Background Intelligent Transfer Service service was changed from auto start to demand start.
Information,12-09-2024 23:28,Service Control Manager,7040,None,The start type of the Background Intelligent Transfer Service service was changed from demand start to auto start.
Information,12-09-2024 22:54,Microsoft-Windows-Kernel-General,16,None,The access history in hive \??\C:\Users\HP\AppData\Local\Packages\Microsoft.DesktopAppInstaller_8wekyb3d8bbwe\Settings\settings.dat was cleared updating 2 keys and creating 1 modified pages.
Information,12-09-2024 22:47,Service Control Manager,7040,None,The start type of the Background Intelligent Transfer Service service was changed from auto start to demand start.
Information,12-09-2024 22:45,Service Control Manager,7040,None,The start type of the Background Intelligent Transfer Service service was changed from demand start to auto start.
Information,12-09-2024 22:16,Service Control Manager,7040,None,The start type of the Background Intelligent Transfer Service service was changed from auto start to demand start.
Information,12-09-2024 22:13,Service Control Manager,7040,None,The start type of the Background Intelligent Transfer Service service was changed from demand start to auto start.
Information,12-09-2024 22:13,Microsoft-Windows-Kernel-Power,566,-268,"The system session has transitioned from 2 to 3.

Reason PolicyChange 

BootId: 211"
Information,12-09-2024 22:13,Microsoft-Windows-Kernel-Power,507,-158,"The system is exiting Modern Standby 

Reason: Lid."
Information,12-09-2024 21:50,Microsoft-Windows-Kernel-General,16,None,The access history in hive \??\C:\Users\HP\AppData\Local\Packages\Microsoft.LockApp_cw5n1h2txyewy\Settings\settings.dat was cleared updating 3 keys and creating 1 modified pages.
Information,12-09-2024 21:50,Microsoft-Windows-Kernel-Power,566,-268,"The system session has transitioned from 1 to 2.

Reason PolicyChange 

BootId: 211"
Information,12-09-2024 21:50,Microsoft-Windows-Kernel-Power,506,-157,"The system is entering Modern Standby 

Reason: Lid."
Information,12-09-2024 21:50,Microsoft-Windows-Kernel-Power,566,-268,"The system session has transitioned from 0 to 1.

Reason PolicyChange 

BootId: 211"
Information,12-09-2024 21:49,Service Control Manager,7040,None,The start type of the McAfee Scheduled Task - (McAfee Scheduled Task - (mc-sustainability)) service was changed from demand start to disabled.
Information,12-09-2024 21:48,Service Control Manager,7045,None,"A service was installed in the system.

Service Name:  McAfee Scheduled Task - (McAfee Scheduled Task - (mc-sustainability))
Service File Name:  ""C:\Program Files\McAfee\wps\1.22.200.1\sustainability\mc-sustainability.exe""
Service Type:  user mode service
Service Start Type:  demand start
Service Account:  LocalSystem"
Information,12-09-2024 21:09,Service Control Manager,7040,None,The start type of the McAfee Scheduled Task - (McAfee-Dynamicappdownloader) service was changed from demand start to disabled.
Information,12-09-2024 21:09,Service Control Manager,7045,None,"A service was installed in the system.

Service Name:  McAfee Scheduled Task - (McAfee-Dynamicappdownloader)
Service File Name:  ""C:\Program Files\McAfee\wps\1.22.200.1\dad\mc-dad.exe""
Service Type:  user mode service
Service Start Type:  demand start
Service Account:  LocalSystem"
Warning,12-09-2024 21:02,Microsoft-Windows-DNS-Client,1014,-1014,Name resolution for the name v20.events.data.microsoft.com timed out after none of the configured DNS servers responded. Client PID 4684.
Warning,12-09-2024 21:00,Microsoft-Windows-DNS-Client,1014,-1014,Name resolution for the name play.google.com timed out after none of the configured DNS servers responded. Client PID 10524.
Warning,12-09-2024 20:28,Microsoft-Windows-DNS-Client,1014,-1014,Name resolution for the name www.googleapis.com timed out after none of the configured DNS servers responded. Client PID 10524.
Warning,12-09-2024 20:00,Microsoft-Windows-DNS-Client,1014,-1014,Name resolution for the name suggestionhub.mathway.com timed out after none of the configured DNS servers responded. Client PID 10524.
Information,12-09-2024 19:36,Service Control Manager,7040,None,The start type of the Background Intelligent Transfer Service service was changed from auto start to demand start.
Information,12-09-2024 19:34,Service Control Manager,7040,None,The start type of the Background Intelligent Transfer Service service was changed from demand start to auto start.
Information,12-09-2024 19:28,Service Control Manager,7040,None,The start type of the Background Intelligent Transfer Service service was changed from auto start to demand start.
Information,12-09-2024 19:25,Service Control Manager,7040,None,The start type of the Background Intelligent Transfer Service service was changed from demand start to auto start.
Information,12-09-2024 19:24,TPM,17,None,The Trusted Platform Module (TPM) hardware failed to execute a TPM command.
Information,12-09-2024 19:24,TPM,17,None,The Trusted Platform Module (TPM) hardware failed to execute a TPM command.
Information,12-09-2024 19:24,TPM,17,None,The Trusted Platform Module (TPM) hardware failed to execute a TPM command.
Warning,12-09-2024 19:19,Microsoft-Windows-DistributedCOM,10016,None,"The application-specific permission settings do not grant Local Activation permission for the COM Server application with CLSID 
{2593F8B9-4EAF-457C-B68A-50F6B8EA6B54}
 and APPID 
{15C20B67-12E7-4BB6-92BB-7AFF07997402}
 to the user INFINITELOOP\HP SID (S-1-5-21-1139039245-4285067927-1271566218-1001) from address LocalHost (Using LRPC) running in the application container Unavailable SID (Unavailable). This security permission can be modified using the Component Services administrative tool."
Warning,12-09-2024 19:14,Microsoft-Windows-DistributedCOM,10016,None,"The application-specific permission settings do not grant Local Activation permission for the COM Server application with CLSID 
{2593F8B9-4EAF-457C-B68A-50F6B8EA6B54}
 and APPID 
{15C20B67-12E7-4BB6-92BB-7AFF07997402}
 to the user INFINITELOOP\HP SID (S-1-5-21-1139039245-4285067927-1271566218-1001) from address LocalHost (Using LRPC) running in the application container MicrosoftWindows.Client.WebExperience_524.23700.10.0_x64__cw5n1h2txyewy SID (Unavailable). This security permission can be modified using the Component Services administrative tool."
Information,12-09-2024 18:48,Volsnap,33,None,The oldest shadow copy of volume C: was deleted to keep disk space usage for shadow copies of volume C: below the user defined limit.
Information,12-09-2024 18:48,Volsnap,33,None,The oldest shadow copy of volume C: was deleted to keep disk space usage for shadow copies of volume C: below the user defined limit.
Information,12-09-2024 18:45,Microsoft-Windows-Kernel-General,1,-5,"The system time has changed to ‎2024‎-‎09‎-‎12T13:15:48.398228700Z from ‎2024‎-‎09‎-‎12T13:15:48.397105600Z.
Time Delta: 1 ms

Change Reason: An application or system component changed the time.
Process: '\Device\HarddiskVolume3\Windows\System32\svchost.exe' (PID 13692).

RTC time: ‎2024‎-‎09‎-‎12T18:45:48.398228700Z
Current time zone bias: -330
RTC time is in UTC: false
System time was based on RTC time: false"
Information,12-09-2024 18:45,Microsoft-Windows-Kernel-General,24,-11,The time zone information was refreshed with exit reason 0. Current time zone bias is -330.
Information,12-09-2024 18:45,Microsoft-Windows-Time-Service,35,None,"The time service is now synchronizing the system time with the time source time.windows.com,0x9 (ntp.m|0x9|0.0.0.0:123->40.81.94.65:123) with reference id 1096700200. Current local stratum number is 4."
Information,12-09-2024 18:45,Microsoft-Windows-Time-Service,37,None,"The time provider NtpClient is currently receiving valid time data from time.windows.com,0x9 (ntp.m|0x9|[::]:123->[64:ff9b::2851:5e41]:123)."
Information,12-09-2024 18:45,Microsoft-Windows-Time-Service,158,None,The time provider 'VMICTimeProvider' has indicated that the current hardware and operating environment is not supported and has stopped. This behavior is expected for VMICTimeProvider on non-HyperV-guest environments. This may be the expected behavior for the current provider in the current operating environment as well.
Information,12-09-2024 18:44,Microsoft-Windows-Kernel-General,15,-10,Hive \??\Volume{3835c0f0-b7b0-4773-a458-09d1fca5e155}\System Volume Information\SPP\SppCbsHiveStore\{cd42efe1-f6f1-427c-b004-033192c625a4}{923C2958-5B34-4299-979E-FC3D48269032} was reorganized with a starting size of 148807680 bytes and an ending size of 148303872 bytes.
Information,12-09-2024 18:44,Microsoft-Windows-Kernel-General,16,None,The access history in hive \??\Volume{3835c0f0-b7b0-4773-a458-09d1fca5e155}\System Volume Information\SPP\SppCbsHiveStore\{cd42efe1-f6f1-427c-b004-033192c625a4}{9BA88D19-2982-4680-8E66-2421A81F217C} was cleared updating 877 keys and creating 180 modified pages.
