Warning,28-09-2024 11:19,Microsoft-Windows-DistributedCOM,10016,None,"The application-specific permission settings do not grant Local Activation permission for the COM Server application with CLSID 
{2593F8B9-4EAF-457C-B68A-50F6B8EA6B54}
 and APPID 
{15C20B67-12E7-4BB6-92BB-7AFF07997402}
 to the user INFINITELOOP\HP SID (S-1-5-21-1139039245-4285067927-1271566218-1001) from address LocalHost (Using LRPC) running in the application container Unavailable SID (Unavailable). This security permission can be modified using the Component Services administrative tool."
Information,28-09-2024 11:19,Service Control Manager,7040,None,The start type of the Background Intelligent Transfer Service service was changed from demand start to auto start.
Information,28-09-2024 11:18,Microsoft-Windows-Kernel-General,16,None,The access history in hive \??\C:\Users\HP\AppData\Local\Packages\MicrosoftWindows.Client.Core_cw5n1h2txyewy\Settings\settings.dat was cleared updating 1 keys and creating 1 modified pages.
Information,28-09-2024 11:18,Microsoft-Windows-TPM-WMI,1025,None,The TPM was successfully provisioned and is now ready for use.
Information,28-09-2024 11:18,Microsoft-Windows-TPM-WMI,1282,None,The TBS device identifier has been generated.
Warning,28-09-2024 11:18,Microsoft-Windows-DistributedCOM,10016,None,"The application-specific permission settings do not grant Local Activation permission for the COM Server application with CLSID 
{6B3B8D23-FA8D-40B9-8DBD-B950333E2C52}
 and APPID 
{4839DDB7-58C2-48F5-8283-E1D1807D0D7D}
 to the user NT AUTHORITY\LOCAL SERVICE SID (S-1-5-19) from address LocalHost (Using LRPC) running in the application container Unavailable SID (Unavailable). This security permission can be modified using the Component Services administrative tool."
Warning,28-09-2024 11:18,Microsoft-Windows-DistributedCOM,10016,None,"The application-specific permission settings do not grant Local Activation permission for the COM Server application with CLSID 
{6B3B8D23-FA8D-40B9-8DBD-B950333E2C52}
 and APPID 
{4839DDB7-58C2-48F5-8283-E1D1807D0D7D}
 to the user NT AUTHORITY\LOCAL SERVICE SID (S-1-5-19) from address LocalHost (Using LRPC) running in the application container Unavailable SID (Unavailable). This security permission can be modified using the Component Services administrative tool."
Information,28-09-2024 11:18,Microsoft-Windows-Winlogon,7001,-1101,User Logon Notification for Customer Experience Improvement Program
Information,28-09-2024 11:18,TPM,18,None,This event triggers the Trusted Platform Module (TPM) provisioning/status check to run.
Information,28-09-2024 11:18,Service Control Manager,7026,None,"The following boot-start or system-start driver(s) did not load: 
WinSetupMon"
Information,28-09-2024 11:18,Microsoft-Windows-UserModePowerService,12,-10,Process C:\Windows\System32\DriverStore\FileRepository\dptf_cpu.inf_amd64_c2c5b0e17a28a48f\esif_uf.exe (process ID:4852) reset policy scheme from {381b4222-f694-41f0-9685-ff5bb260df2e} to {381b4222-f694-41f0-9685-ff5bb260df2e}
Information,28-09-2024 11:18,Microsoft-Windows-UserModePowerService,12,-10,Process C:\Windows\System32\DriverStore\FileRepository\dptf_cpu.inf_amd64_c2c5b0e17a28a48f\esif_uf.exe (process ID:4852) reset policy scheme from {381b4222-f694-41f0-9685-ff5bb260df2e} to {381b4222-f694-41f0-9685-ff5bb260df2e}
Information,28-09-2024 11:18,RST Middleware,25,None,"Found existing Intel® Optane™ Volume. 
 Fast Drive: SCSI Port: 0, SCSI Bus: 3, SCSI Target: 0, PCIe SSD, 29260513280 bytes, INTEL HBRPEKNX0202AHO                    
 Accelerated Drive: SCSI Port: 0, SCSI Bus: 2, SCSI Target: 0, PCIe SSD, 512110190592 bytes, INTEL HBRPEKNX0202AH                     
 System Volume: true 
 Is on hybrid: true"
Information,28-09-2024 11:18,IntelHaxm,4,None,"The description for Event ID 4 from source IntelHaxm cannot be found. Either the component that raises this event is not installed on your local computer or the installation is corrupted. You can install or repair the component on the local computer.

If the event originated on another computer, the display information had to be saved with the event.

The following information was included with the event: 


The message resource is present but the message was not found in the message table
"
Information,28-09-2024 11:18,Microsoft-Windows-WLAN-AutoConfig,4000,None,"WLAN AutoConfig service has successfully started.
"
Information,28-09-2024 11:18,Microsoft-Windows-HttpService,112,HTTP Setup Trace Task,"Attempted to reserve URL http://+:3387/rdp/. Status 0x0. Process Id 0x4 Executable path , User SYSTEM"
Information,28-09-2024 11:18,Microsoft-Windows-HttpService,112,HTTP Setup Trace Task,"Attempted to reserve URL https://+:3392/rdp/. Status 0x0. Process Id 0x4 Executable path , User SYSTEM"
Information,28-09-2024 11:18,Microsoft-Windows-HttpService,112,HTTP Setup Trace Task,"Attempted to reserve URL http://+:10246/MDEServer/. Status 0x0. Process Id 0x4 Executable path , User SYSTEM"
Information,28-09-2024 11:18,Microsoft-Windows-HttpService,112,HTTP Setup Trace Task,"Attempted to reserve URL http://+:10247/apps/. Status 0x0. Process Id 0x4 Executable path , User SYSTEM"
Information,28-09-2024 11:18,Microsoft-Windows-HttpService,112,HTTP Setup Trace Task,"Attempted to reserve URL http://+:10243/WMPNSSv4/. Status 0x0. Process Id 0x4 Executable path , User SYSTEM"
Information,28-09-2024 11:18,Microsoft-Windows-HttpService,112,HTTP Setup Trace Task,"Attempted to reserve URL https://+:10245/WMPNSSv4/. Status 0x0. Process Id 0x4 Executable path , User SYSTEM"
Information,28-09-2024 11:18,Microsoft-Windows-HttpService,112,HTTP Setup Trace Task,"Attempted to reserve URL https://+:443/sra_{BA195980-CD49-458b-9E23-C84EE0ADCD75}/. Status 0x0. Process Id 0x4 Executable path , User SYSTEM"
Information,28-09-2024 11:18,Microsoft-Windows-HttpService,112,HTTP Setup Trace Task,"Attempted to reserve URL http://+:15099/. Status 0x0. Process Id 0x4 Executable path , User SYSTEM"
Information,28-09-2024 11:18,Microsoft-Windows-HttpService,112,HTTP Setup Trace Task,"Attempted to reserve URL http://*:2869/. Status 0x0. Process Id 0x4 Executable path , User SYSTEM"
Information,28-09-2024 11:18,Microsoft-Windows-HttpService,112,HTTP Setup Trace Task,"Attempted to reserve URL http://+:5985/wsman/. Status 0x0. Process Id 0x4 Executable path , User SYSTEM"
Information,28-09-2024 11:18,Microsoft-Windows-HttpService,112,HTTP Setup Trace Task,"Attempted to reserve URL http://+:47001/wsman/. Status 0x0. Process Id 0x4 Executable path , User SYSTEM"
Information,28-09-2024 11:18,Microsoft-Windows-HttpService,112,HTTP Setup Trace Task,"Attempted to reserve URL https://+:5986/wsman/. Status 0x0. Process Id 0x4 Executable path , User SYSTEM"
Information,28-09-2024 11:18,Microsoft-Windows-HttpService,112,HTTP Setup Trace Task,"Attempted to reserve URL https://*:5358/. Status 0x0. Process Id 0x4 Executable path , User SYSTEM"
Information,28-09-2024 11:18,Microsoft-Windows-HttpService,112,HTTP Setup Trace Task,"Attempted to reserve URL http://+:80/Temporary_Listen_Addresses/. Status 0x0. Process Id 0x4 Executable path , User SYSTEM"
Information,28-09-2024 11:18,Microsoft-Windows-HttpService,112,HTTP Setup Trace Task,"Attempted to reserve URL http://*:5357/. Status 0x0. Process Id 0x4 Executable path , User SYSTEM"
Information,28-09-2024 11:18,Win32k,267,None,Touch/Touchpad Hardware Quality Assurance verification succeeded.
Information,28-09-2024 11:18,Microsoft-Windows-FilterManager,6,None,"File System Filter 'bindflt' (10.0, ‎2000‎-‎09‎-‎21T22:24:55.000000000Z) has successfully loaded and registered with Filter Manager."
Information,28-09-2024 11:18,Microsoft-Windows-FilterManager,6,None,"File System Filter 'storqosflt' (10.0, ‎2065‎-‎11‎-‎25T12:45:59.000000000Z) has successfully loaded and registered with Filter Manager."
Information,28-09-2024 11:18,Microsoft-Windows-FilterManager,6,None,"File System Filter 'CldFlt' (10.0, ‎1996‎-‎03‎-‎03T12:43:25.000000000Z) has successfully loaded and registered with Filter Manager."
Information,28-09-2024 11:18,Microsoft-Windows-FilterManager,1,None,"File System Filter 'CldFlt' (Version 10.0, ‎1996‎-‎03‎-‎03T12:43:25.000000000Z) unloaded successfully."
Information,28-09-2024 11:18,Microsoft-Windows-FilterManager,6,None,"File System Filter 'CldFlt' (10.0, ‎1996‎-‎03‎-‎03T12:43:25.000000000Z) has successfully loaded and registered with Filter Manager."
Information,28-09-2024 11:18,Microsoft-Windows-DHCPv6-Client,51046,Service State Event,DHCPv6 client service is started
Information,28-09-2024 11:18,Microsoft-Windows-FilterManager,6,None,"File System Filter 'luafv' (10.0, ‎1988‎-‎06‎-‎14T05:06:35.000000000Z) has successfully loaded and registered with Filter Manager."
Information,28-09-2024 11:18,Microsoft-Windows-FilterManager,6,None,"File System Filter 'wcifs' (10.0, ‎2060‎-‎05‎-‎05T22:51:42.000000000Z) has successfully loaded and registered with Filter Manager."
Information,28-09-2024 11:18,Microsoft-Windows-FilterManager,6,None,"File System Filter 'bfs' (10.0, ‎2021‎-‎05‎-‎03T11:37:28.000000000Z) has successfully loaded and registered with Filter Manager."
Information,28-09-2024 11:18,Microsoft-Windows-Dhcp-Client,50036,Service State Event,DHCPv4 client service is started
Information,28-09-2024 11:18,Microsoft-Windows-Dhcp-Client,50103,Service State Event,DHCPv4 client registered for shutdown notification
Information,28-09-2024 11:18,Microsoft-Windows-Dhcp-Client,50036,Service State Event,DHCPv4 client service is started
Information,28-09-2024 11:18,Microsoft-Windows-Directory-Services-SAM,16983,None,"The security account manager is now logging periodic summary events for remote clients that call legacy password change or set RPC methods.

For more information please see https://go.microsoft.com/fwlink/?linkid=2150956.
"
Information,28-09-2024 11:18,Microsoft-Windows-Directory-Services-SAM,16977,None,"The domain is configured with the following minimum password length-related settings.

MinimumPasswordLength: 0

RelaxMinimumPasswordLengthLimits: 0

MinimumPasswordLengthAudit: -1

For more information see https://go.microsoft.com/fwlink/?LinkId=2097191.
"
Information,28-09-2024 11:18,Microsoft-Windows-Directory-Services-SAM,16962,None,"Remote calls to the SAM database are being restricted using the default security descriptor: O:SYG:SYD:(A;;RC;;;BA).
For more information please see http://go.microsoft.com/fwlink/?LinkId=787651."
Warning,28-09-2024 11:18,LsaSrv,6155,None,"LSA package is not signed as expected. This can cause unexpected behavior with Credential Guard.

PackageName: msv1_0"
Warning,28-09-2024 11:18,LsaSrv,6155,None,"LSA package is not signed as expected. This can cause unexpected behavior with Credential Guard.

PackageName: sfapm"
Warning,28-09-2024 11:18,LsaSrv,6155,None,"LSA package is not signed as expected. This can cause unexpected behavior with Credential Guard.

PackageName: schannel"
Warning,28-09-2024 11:18,LsaSrv,6155,None,"LSA package is not signed as expected. This can cause unexpected behavior with Credential Guard.

PackageName: wdigest"
Warning,28-09-2024 11:18,LsaSrv,6155,None,"LSA package is not signed as expected. This can cause unexpected behavior with Credential Guard.

PackageName: cloudap"
Warning,28-09-2024 11:18,LsaSrv,6155,None,"LSA package is not signed as expected. This can cause unexpected behavior with Credential Guard.

PackageName: pku2u"
Warning,28-09-2024 11:18,LsaSrv,6155,None,"LSA package is not signed as expected. This can cause unexpected behavior with Credential Guard.

PackageName: tspkg"
Warning,28-09-2024 11:18,LsaSrv,6155,None,"LSA package is not signed as expected. This can cause unexpected behavior with Credential Guard.

PackageName: msv1_0"
Warning,28-09-2024 11:18,LsaSrv,6155,None,"LSA package is not signed as expected. This can cause unexpected behavior with Credential Guard.

PackageName: kerberos"
Warning,28-09-2024 11:18,LsaSrv,6155,None,"LSA package is not signed as expected. This can cause unexpected behavior with Credential Guard.

PackageName: negoexts"
Information,28-09-2024 11:18,LsaSrv,6156,None,"Virtualization Based Security for Credential Guard auto enablement status.

Hardware Requirements:	1
Domain Joined:	0
Azure AD Joined:	0"
Information,28-09-2024 11:18,Win32k,267,None,Touch/Touchpad Hardware Quality Assurance verification succeeded.
Warning,28-09-2024 11:18,Microsoft-Windows-Wininit,15,None,Credential Guard and/or VBS Key Isolation are configured but the secure kernel is not running; continuing without them.
Information,28-09-2024 11:18,Microsoft-Windows-Wininit,14,None,"Credential Guard configuration:

Registry Configuration: 0x2
Test Configuration: 0
Auto Enablement: 1"
Information,28-09-2024 11:18,BTHUSB,18,None,Windows cannot store Bluetooth authentication codes (link keys) on the local adapter. Bluetooth keyboards might not work in the system BIOS during startup.
Warning,28-09-2024 11:18,Microsoft-Windows-Kernel-PnP,219,-212,The driver \Driver\WUDFRd failed to load for the device {DD8E82AE-334B-49A2-AEAE-AEB0FD5C40DD}\DetectionVerification\5&10d3b6e1&0&0.
Information,28-09-2024 11:18,Microsoft-Windows-DriverFrameworks-UserMode,10118,Startup of the UMDF reflector,"UMDF reflector is unable to connect to service control manager (SCM). This is expected during boot, when SCM has not started yet. Will retry when it starts."
Information,28-09-2024 11:18,Microsoft-Windows-Kernel-General,24,-11,The time zone information was refreshed with exit reason 0. Current time zone bias is -330.
Information,28-09-2024 11:18,MEIx64,2,None,Intel(R) Management Engine Interface driver has started successfully.
Information,28-09-2024 11:18,Microsoft-Windows-Kernel-Power,521,-220,Active battery count change.
Information,28-09-2024 11:18,Microsoft-Windows-Kernel-Power,105,-100,Power source change.
Information,28-09-2024 11:18,Microsoft-Windows-Kernel-Power,521,-220,Active battery count change.
Error,28-09-2024 11:18,VBoxNetLwf,12,None,The driver detected an internal driver error on \Device\VBoxNetLwf.
Information,28-09-2024 11:18,Microsoft-Windows-Kernel-Processor-Power,55,-47,"Processor 7 in group 0 exposes the following power management capabilities:

Idle state type: Micro Power Engine Plugin (11 state(s))

Performance state type: ACPI Performance (P) / Throttle (T) States
Nominal Frequency (MHz): 2401
Maximum performance percentage: 100
Minimum performance percentage: 16
Minimum throttle percentage: 1"
Information,28-09-2024 11:18,Microsoft-Windows-Kernel-Processor-Power,55,-47,"Processor 5 in group 0 exposes the following power management capabilities:

Idle state type: Micro Power Engine Plugin (11 state(s))

Performance state type: ACPI Performance (P) / Throttle (T) States
Nominal Frequency (MHz): 2401
Maximum performance percentage: 100
Minimum performance percentage: 16
Minimum throttle percentage: 1"
Information,28-09-2024 11:18,Microsoft-Windows-Kernel-Processor-Power,55,-47,"Processor 3 in group 0 exposes the following power management capabilities:

Idle state type: Micro Power Engine Plugin (11 state(s))

Performance state type: ACPI Performance (P) / Throttle (T) States
Nominal Frequency (MHz): 2401
Maximum performance percentage: 100
Minimum performance percentage: 16
Minimum throttle percentage: 1"
Information,28-09-2024 11:18,Microsoft-Windows-Kernel-Processor-Power,55,-47,"Processor 1 in group 0 exposes the following power management capabilities:

Idle state type: Micro Power Engine Plugin (11 state(s))

Performance state type: ACPI Performance (P) / Throttle (T) States
Nominal Frequency (MHz): 2401
Maximum performance percentage: 100
Minimum performance percentage: 16
Minimum throttle percentage: 1"
Information,28-09-2024 11:18,Microsoft-Windows-Kernel-Processor-Power,55,-47,"Processor 6 in group 0 exposes the following power management capabilities:

Idle state type: Micro Power Engine Plugin (11 state(s))

Performance state type: ACPI Performance (P) / Throttle (T) States
Nominal Frequency (MHz): 2401
Maximum performance percentage: 100
Minimum performance percentage: 16
Minimum throttle percentage: 1"
Information,28-09-2024 11:18,Microsoft-Windows-Kernel-Processor-Power,55,-47,"Processor 4 in group 0 exposes the following power management capabilities:

Idle state type: Micro Power Engine Plugin (11 state(s))

Performance state type: ACPI Performance (P) / Throttle (T) States
Nominal Frequency (MHz): 2401
Maximum performance percentage: 100
Minimum performance percentage: 16
Minimum throttle percentage: 1"
Information,28-09-2024 11:18,Microsoft-Windows-Kernel-Processor-Power,55,-47,"Processor 2 in group 0 exposes the following power management capabilities:

Idle state type: Micro Power Engine Plugin (11 state(s))

Performance state type: ACPI Performance (P) / Throttle (T) States
Nominal Frequency (MHz): 2401
Maximum performance percentage: 100
Minimum performance percentage: 16
Minimum throttle percentage: 1"
Information,28-09-2024 11:18,Microsoft-Windows-Kernel-Processor-Power,55,-47,"Processor 0 in group 0 exposes the following power management capabilities:

Idle state type: Micro Power Engine Plugin (11 state(s))

Performance state type: ACPI Performance (P) / Throttle (T) States
Nominal Frequency (MHz): 2401
Maximum performance percentage: 100
Minimum performance percentage: 16
Minimum throttle percentage: 1"
Warning,28-09-2024 11:18,Microsoft-Windows-Kernel-PnP,219,-212,The driver \Driver\WUDFRd failed to load for the device PCI\VEN_8086&DEV_9A03&SUBSYS_87FE103C&REV_01\3&11583659&2&20.
Information,28-09-2024 11:18,Microsoft-Windows-DriverFrameworks-UserMode,10118,Startup of the UMDF reflector,"UMDF reflector is unable to connect to service control manager (SCM). This is expected during boot, when SCM has not started yet. Will retry when it starts."
Information,28-09-2024 11:18,Microsoft-Windows-Kernel-Power,125,-86,"ACPI thermal zone \_TZ.TZ01 has been enumerated.             
_PSV = 372K             
_TC1 = 1             
_TC2 = 5             
_TSP = 1000ms             
_AC0 = 0K             
_AC1 = 0K             
_AC2 = 0K             
_AC3 = 0K             
_AC4 = 0K             
_AC5 = 0K             
_AC6 = 0K             
_AC7 = 0K             
_AC8 = 0K             
_AC9 = 0K             
_CRT = 392K             
_HOT = 373K             
minimum throttle = 0             
_CR3 = 0K"
Information,28-09-2024 11:18,Microsoft-Windows-FilterManager,6,None,"File System Filter 'npsvctrig' (10.0, ‎1979‎-‎12‎-‎19T21:42:41.000000000Z) has successfully loaded and registered with Filter Manager."
Information,28-09-2024 11:18,Microsoft-Windows-FilterManager,6,None,"File System Filter 'UCPD' (10.0, ‎1985‎-‎02‎-‎14T05:16:35.000000000Z) has successfully loaded and registered with Filter Manager."
Information,28-09-2024 11:18,Microsoft-Windows-FilterManager,6,None,"File System Filter 'FileCrypt' (10.0, ‎1983‎-‎08‎-‎19T08:28:35.000000000Z) has successfully loaded and registered with Filter Manager."
Information,28-09-2024 11:18,Microsoft-Windows-Ntfs,98,None,Volume C: (\Device\HarddiskVolume3) is healthy.  No action is needed.
Information,28-09-2024 11:18,Microsoft-Windows-FilterManager,6,None,"File System Filter 'mfesec' (10.0, ‎2024‎-‎08‎-‎01T21:24:58.000000000Z) has successfully loaded and registered with Filter Manager."
Information,28-09-2024 11:18,Microsoft-Windows-FilterManager,6,None,"File System Filter 'Wof' (10.0, ‎2086‎-‎08‎-‎04T16:50:16.000000000Z) has successfully loaded and registered with Filter Manager."
Information,28-09-2024 11:18,Microsoft-Windows-FilterManager,6,None,"File System Filter 'FileInfo' (10.0, ‎2079‎-‎02‎-‎27T03:33:00.000000000Z) has successfully loaded and registered with Filter Manager."
Information,28-09-2024 11:18,Microsoft-Windows-HAL,16,None,The iommu fault reporting has been initialized.
Information,28-09-2024 11:18,Microsoft-Windows-Kernel-General,20,-6,"The leap second configuration has been updated.
Reason: Leap second data initialized from registry during boot
Leap seconds enabled: true
New leap second count: 0
Old leap second count: 0"
Information,28-09-2024 11:18,Microsoft-Windows-Kernel-Boot,30,-21,The firmware reported boot metrics.
Information,28-09-2024 11:18,Microsoft-Windows-Kernel-Boot,27,-33,The boot type was 0x0.
Information,28-09-2024 11:18,Microsoft-Windows-Kernel-Boot,25,-32,The boot menu policy was 0x1.
Information,28-09-2024 11:18,Microsoft-Windows-Kernel-Boot,238,-101,EFI time zone bias: 2047. Daylight flags: 0. Firmware time: ‎2024‎-‎09‎-‎28T11:18:45.000000000Z.
Information,28-09-2024 11:18,Microsoft-Windows-Kernel-Boot,20,-31,The last shutdown's success status was true. The last boot's success status was true.
Information,28-09-2024 11:18,Microsoft-Windows-Kernel-Boot,32,-58,The bootmgr spent 0 ms waiting for user input.
Information,28-09-2024 11:18,Microsoft-Windows-Kernel-Boot,18,-57,There are 0x1 boot options on this system.
Information,28-09-2024 11:18,Microsoft-Windows-Kernel-Boot,153,-62,Virtualization-based security (policies: 0) is disabled.
Information,28-09-2024 11:18,Microsoft-Windows-Kernel-General,12,-1,The operating system started at system time ‎2024‎-‎09‎-‎28T05:48:45.500000000Z.
Information,27-09-2024 22:50,Microsoft-Windows-Kernel-General,13,-2,The operating system is shutting down at system time ‎2024‎-‎09‎-‎27T17:20:33.471529900Z.
Information,27-09-2024 22:50,Microsoft-Windows-Kernel-Power,577,-280,The system has prepared for a system initiated reboot from Active.
Information,27-09-2024 22:50,Microsoft-Windows-WLAN-AutoConfig,4001,None,"WLAN AutoConfig service has successfully stopped.
"
Information,27-09-2024 22:50,Microsoft-Windows-Kernel-Power,109,-103,"The kernel power manager has initiated a shutdown transition.

Action: Power Action Shutdown 
Event Code: 0x0 
Reason: Kernel API"
Information,27-09-2024 22:50,Microsoft-Windows-Dhcp-Client,50037,Service State Event,DHCPv4 client service is stopped. ShutDown Flag value is 1
Information,27-09-2024 22:50,Microsoft-Windows-DHCPv6-Client,51057,Service State Event,DHCPv6 client service stop is almost done.DHCP Context Ref count is 1
Information,28-09-2024 11:18,EventLog,6013,None,The system uptime is 7 seconds.
Information,28-09-2024 11:18,EventLog,6005,None,The Event log service was started.
Information,28-09-2024 11:18,EventLog,6009,None,Microsoft (R) Windows (R) 10.00. 22631  Multiprocessor Free.
Information,27-09-2024 22:50,Microsoft-Windows-Dhcp-Client,50106,Service State Event,DHCPv4 is waiting on DHCPv6 service to stop
Information,27-09-2024 22:50,Microsoft-Windows-DHCPv6-Client,51047,Service State Event,DHCPv6 client service is stopped. ShutDown Flag value is 1
Information,27-09-2024 22:50,Microsoft-Windows-Dhcp-Client,50105,Service State Event,DHCPv4 client ProcessDHCPRequestForever received TERMINATE_EVENT
Information,27-09-2024 22:50,Microsoft-Windows-Dhcp-Client,50104,Service State Event,DHCPv4 client received shutdown notification
Information,27-09-2024 22:50,Microsoft-Windows-WindowsUpdateClient,19,Windows Update Agent,Installation Successful: Windows successfully installed the following update: 2024-09 Cumulative Update Preview for Windows 11 Version 23H2 for x64-based Systems (KB5043145)
Information,27-09-2024 22:50,EventLog,6006,None,The Event log service was stopped.
Information,27-09-2024 22:50,Win32k,267,None,Touch/Touchpad Hardware Quality Assurance verification succeeded.
Information,27-09-2024 22:50,User32,1074,None,"The process C:\WINDOWS\system32\winlogon.exe (INFINITELOOP) has initiated the shutdown of computer INFINITELOOP on behalf of user NT AUTHORITY\SYSTEM for the following reason: No title for this reason could be found
 Reason Code: 0x500ff
 Shutdown Type: shutdown
 Comment: "
Information,27-09-2024 22:50,Service Control Manager,7040,None,The start type of the Windows Modules Installer service was changed from auto start to demand start.
Warning,27-09-2024 22:50,Microsoft-Windows-Kernel-Processor-Power,37,-7,The speed of processor 7 in group 0 is being limited by system firmware. The processor has been in this reduced performance state for 71 seconds since the last report.
Warning,27-09-2024 22:50,Microsoft-Windows-Kernel-Processor-Power,37,-7,The speed of processor 3 in group 0 is being limited by system firmware. The processor has been in this reduced performance state for 71 seconds since the last report.
Warning,27-09-2024 22:50,Microsoft-Windows-Kernel-Processor-Power,37,-7,The speed of processor 5 in group 0 is being limited by system firmware. The processor has been in this reduced performance state for 71 seconds since the last report.
Warning,27-09-2024 22:50,Microsoft-Windows-Kernel-Processor-Power,37,-7,The speed of processor 4 in group 0 is being limited by system firmware. The processor has been in this reduced performance state for 71 seconds since the last report.
Warning,27-09-2024 22:50,Microsoft-Windows-Kernel-Processor-Power,37,-7,The speed of processor 6 in group 0 is being limited by system firmware. The processor has been in this reduced performance state for 71 seconds since the last report.
Warning,27-09-2024 22:50,Microsoft-Windows-Kernel-Processor-Power,37,-7,The speed of processor 1 in group 0 is being limited by system firmware. The processor has been in this reduced performance state for 71 seconds since the last report.
Warning,27-09-2024 22:50,Microsoft-Windows-Kernel-Processor-Power,37,-7,The speed of processor 2 in group 0 is being limited by system firmware. The processor has been in this reduced performance state for 71 seconds since the last report.
Warning,27-09-2024 22:50,Microsoft-Windows-Kernel-Processor-Power,37,-7,The speed of processor 0 in group 0 is being limited by system firmware. The processor has been in this reduced performance state for 71 seconds since the last report.
Information,27-09-2024 22:50,Microsoft-Windows-HttpEvent,15007,None,Reservation for namespace identified by URL prefix http://+:3387/rdp/ was successfully added.
Information,27-09-2024 22:50,Microsoft-Windows-HttpService,112,HTTP Setup Trace Task,"Attempted to reserve URL http://+:3387/rdp/. Status 0x0. Process Id 0xE20 Executable path \Device\HarddiskVolume3\Windows\WinSxS\amd64_microsoft-windows-servicingstack_31bf3856ad364e35_10.0.22621.4245_none_e95e526042cdf49b\TiWorker.exe, User SYSTEM"
Information,27-09-2024 22:50,Microsoft-Windows-HttpEvent,15007,None,Reservation for namespace identified by URL prefix https://+:3392/rdp/ was successfully added.
Information,27-09-2024 22:50,Microsoft-Windows-HttpService,112,HTTP Setup Trace Task,"Attempted to reserve URL https://+:3392/rdp/. Status 0x0. Process Id 0xE20 Executable path \Device\HarddiskVolume3\Windows\WinSxS\amd64_microsoft-windows-servicingstack_31bf3856ad364e35_10.0.22621.4245_none_e95e526042cdf49b\TiWorker.exe, User SYSTEM"
Information,27-09-2024 22:50,Microsoft-Windows-Kernel-General,16,None,The access history in hive \??\C:\ProgramData\Microsoft\Windows\AppRepository\Packages\MicrosoftWindows.LKG.TwinSxS_1000.22621.4249.0_x64__cw5n1h2txyewy\ActivationStore.dat was cleared updating 0 keys and creating 0 modified pages.
Information,27-09-2024 22:50,Service Control Manager,7040,None,The start type of the McAfee Scheduled Task - (McAfee-Dynamicappdownloader) service was changed from demand start to disabled.
Information,27-09-2024 22:50,Microsoft-Windows-Kernel-General,16,None,The access history in hive \??\C:\ProgramData\Microsoft\Windows\AppRepository\Packages\MicrosoftWindows.LKG.IrisService_1000.22621.4249.0_x64__cw5n1h2txyewy\ActivationStore.dat was cleared updating 0 keys and creating 0 modified pages.
Information,27-09-2024 22:50,Microsoft-Windows-Kernel-General,16,None,The access history in hive \??\C:\ProgramData\Microsoft\Windows\AppRepository\Packages\MicrosoftWindows.LKG.DesktopSpotlight_1000.22621.4249.0_x64__cw5n1h2txyewy\ActivationStore.dat was cleared updating 0 keys and creating 0 modified pages.
Information,27-09-2024 22:49,Service Control Manager,7045,None,"A service was installed in the system.

Service Name:  McAfee Scheduled Task - (McAfee-Dynamicappdownloader)
Service File Name:  ""C:\Program Files\McAfee\wps\1.22.203.1\dad\mc-dad.exe""
Service Type:  user mode service
Service Start Type:  demand start
Service Account:  LocalSystem"
Information,27-09-2024 22:49,Microsoft-Windows-Kernel-General,16,None,The access history in hive \??\C:\ProgramData\Microsoft\Windows\AppRepository\Packages\MicrosoftWindows.LKG.AccountsService_1000.22621.4249.0_x64__cw5n1h2txyewy\ActivationStore.dat was cleared updating 0 keys and creating 0 modified pages.
Information,27-09-2024 22:49,Microsoft-Windows-Kernel-General,16,None,The access history in hive \??\C:\ProgramData\Microsoft\Windows\AppRepository\Packages\MicrosoftWindows.Client.Core_1000.22700.1011.0_x64__cw5n1h2txyewy\ActivationStore.dat was cleared updating 0 keys and creating 0 modified pages.
Information,27-09-2024 22:49,Microsoft-Windows-Kernel-General,16,None,The access history in hive \??\C:\ProgramData\Microsoft\Windows\AppRepository\Packages\MicrosoftWindows.Client.CBS_1000.22700.1041.0_x64__cw5n1h2txyewy\ActivationStore.dat was cleared updating 0 keys and creating 0 modified pages.
Information,27-09-2024 22:49,Microsoft-Windows-Kernel-General,16,None,The access history in hive \??\C:\ProgramData\Microsoft\Windows\AppRepository\Packages\Microsoft.WindowsAppRuntime.CBS.1.6_6000.211.1839.0_x64__8wekyb3d8bbwe\ActivationStore.dat was cleared updating 0 keys and creating 0 modified pages.
Information,27-09-2024 22:49,Microsoft-Windows-Kernel-General,16,None,The access history in hive \??\C:\ProgramData\Microsoft\Windows\AppRepository\Packages\Microsoft.Windows.StartMenuExperienceHost_10.0.22621.4249_neutral_neutral_cw5n1h2txyewy\ActivationStore.dat was cleared updating 0 keys and creating 0 modified pages.
Information,27-09-2024 22:49,Microsoft-Windows-Kernel-General,16,None,The access history in hive \??\C:\ProgramData\Microsoft\Windows\AppRepository\Packages\Microsoft.Windows.ShellExperienceHost_10.0.22621.4249_neutral_neutral_cw5n1h2txyewy\ActivationStore.dat was cleared updating 0 keys and creating 0 modified pages.
Information,27-09-2024 22:49,Microsoft-Windows-HttpEvent,15008,None,Reservation for namespace identified by URL prefix http://+:3387/rdp/ was successfully deleted.
Information,27-09-2024 22:49,Microsoft-Windows-HttpEvent,15008,None,Reservation for namespace identified by URL prefix https://+:3392/rdp/ was successfully deleted.
Information,27-09-2024 22:49,Microsoft-Windows-TPM-WMI,1025,None,The TPM was successfully provisioned and is now ready for use.
Information,27-09-2024 22:49,Microsoft-Windows-TPM-WMI,1282,None,The TBS device identifier has been generated.
Information,27-09-2024 22:49,Win32k,267,None,Touch/Touchpad Hardware Quality Assurance verification succeeded.
Information,27-09-2024 22:49,TPM,18,None,This event triggers the Trusted Platform Module (TPM) provisioning/status check to run.
Information,27-09-2024 22:49,Service Control Manager,7026,None,"The following boot-start or system-start driver(s) did not load: 
WinSetupMon"
Information,27-09-2024 22:49,Microsoft-Windows-UserModePowerService,12,-10,Process C:\Windows\System32\DriverStore\FileRepository\dptf_cpu.inf_amd64_c2c5b0e17a28a48f\esif_uf.exe (process ID:4660) reset policy scheme from {381b4222-f694-41f0-9685-ff5bb260df2e} to {381b4222-f694-41f0-9685-ff5bb260df2e}
Information,27-09-2024 22:49,Microsoft-Windows-UserModePowerService,12,-10,Process C:\Windows\System32\DriverStore\FileRepository\dptf_cpu.inf_amd64_c2c5b0e17a28a48f\esif_uf.exe (process ID:4660) reset policy scheme from {381b4222-f694-41f0-9685-ff5bb260df2e} to {381b4222-f694-41f0-9685-ff5bb260df2e}
Information,27-09-2024 22:49,RST Middleware,25,None,"Found existing Intel® Optane™ Volume. 
 Fast Drive: SCSI Port: 0, SCSI Bus: 3, SCSI Target: 0, PCIe SSD, 29260513280 bytes, INTEL HBRPEKNX0202AHO                    
 Accelerated Drive: SCSI Port: 0, SCSI Bus: 2, SCSI Target: 0, PCIe SSD, 512110190592 bytes, INTEL HBRPEKNX0202AH                     
 System Volume: true 
 Is on hybrid: true"
Information,27-09-2024 22:49,IntelHaxm,4,None,"The description for Event ID 4 from source IntelHaxm cannot be found. Either the component that raises this event is not installed on your local computer or the installation is corrupted. You can install or repair the component on the local computer.

If the event originated on another computer, the display information had to be saved with the event.

The following information was included with the event: 


The message resource is present but the message was not found in the message table
"
Information,27-09-2024 22:49,Microsoft-Windows-WLAN-AutoConfig,4000,None,"WLAN AutoConfig service has successfully started.
"
Information,27-09-2024 22:49,Microsoft-Windows-HttpService,112,HTTP Setup Trace Task,"Attempted to reserve URL http://+:3387/rdp/. Status 0x0. Process Id 0x4 Executable path , User SYSTEM"
Information,27-09-2024 22:49,Microsoft-Windows-HttpService,112,HTTP Setup Trace Task,"Attempted to reserve URL https://+:3392/rdp/. Status 0x0. Process Id 0x4 Executable path , User SYSTEM"
Information,27-09-2024 22:49,Microsoft-Windows-HttpService,112,HTTP Setup Trace Task,"Attempted to reserve URL http://+:10246/MDEServer/. Status 0x0. Process Id 0x4 Executable path , User SYSTEM"
Information,27-09-2024 22:49,Microsoft-Windows-HttpService,112,HTTP Setup Trace Task,"Attempted to reserve URL http://+:10247/apps/. Status 0x0. Process Id 0x4 Executable path , User SYSTEM"
Information,27-09-2024 22:49,Microsoft-Windows-HttpService,112,HTTP Setup Trace Task,"Attempted to reserve URL http://+:10243/WMPNSSv4/. Status 0x0. Process Id 0x4 Executable path , User SYSTEM"
Information,27-09-2024 22:49,Microsoft-Windows-HttpService,112,HTTP Setup Trace Task,"Attempted to reserve URL https://+:10245/WMPNSSv4/. Status 0x0. Process Id 0x4 Executable path , User SYSTEM"
Information,27-09-2024 22:49,Microsoft-Windows-HttpService,112,HTTP Setup Trace Task,"Attempted to reserve URL https://+:443/sra_{BA195980-CD49-458b-9E23-C84EE0ADCD75}/. Status 0x0. Process Id 0x4 Executable path , User SYSTEM"
Information,27-09-2024 22:49,Microsoft-Windows-HttpService,112,HTTP Setup Trace Task,"Attempted to reserve URL http://+:15099/. Status 0x0. Process Id 0x4 Executable path , User SYSTEM"
Information,27-09-2024 22:49,Microsoft-Windows-HttpService,112,HTTP Setup Trace Task,"Attempted to reserve URL http://*:2869/. Status 0x0. Process Id 0x4 Executable path , User SYSTEM"
Information,27-09-2024 22:49,Microsoft-Windows-HttpService,112,HTTP Setup Trace Task,"Attempted to reserve URL http://+:5985/wsman/. Status 0x0. Process Id 0x4 Executable path , User SYSTEM"
Information,27-09-2024 22:49,Microsoft-Windows-HttpService,112,HTTP Setup Trace Task,"Attempted to reserve URL http://+:47001/wsman/. Status 0x0. Process Id 0x4 Executable path , User SYSTEM"
Information,27-09-2024 22:49,Microsoft-Windows-HttpService,112,HTTP Setup Trace Task,"Attempted to reserve URL https://+:5986/wsman/. Status 0x0. Process Id 0x4 Executable path , User SYSTEM"
Information,27-09-2024 22:49,Microsoft-Windows-HttpService,112,HTTP Setup Trace Task,"Attempted to reserve URL https://*:5358/. Status 0x0. Process Id 0x4 Executable path , User SYSTEM"
Information,27-09-2024 22:49,Microsoft-Windows-HttpService,112,HTTP Setup Trace Task,"Attempted to reserve URL http://+:80/Temporary_Listen_Addresses/. Status 0x0. Process Id 0x4 Executable path , User SYSTEM"
Information,27-09-2024 22:49,Microsoft-Windows-HttpService,112,HTTP Setup Trace Task,"Attempted to reserve URL http://*:5357/. Status 0x0. Process Id 0x4 Executable path , User SYSTEM"
Information,27-09-2024 22:49,Microsoft-Windows-FilterManager,6,None,"File System Filter 'bindflt' (10.0, ‎2000‎-‎09‎-‎21T22:24:55.000000000Z) has successfully loaded and registered with Filter Manager."
Information,27-09-2024 22:49,Microsoft-Windows-FilterManager,6,None,"File System Filter 'storqosflt' (10.0, ‎2065‎-‎11‎-‎25T12:45:59.000000000Z) has successfully loaded and registered with Filter Manager."
Information,27-09-2024 22:49,Microsoft-Windows-FilterManager,6,None,"File System Filter 'CldFlt' (10.0, ‎1996‎-‎03‎-‎03T12:43:25.000000000Z) has successfully loaded and registered with Filter Manager."
Information,27-09-2024 22:49,Microsoft-Windows-FilterManager,1,None,"File System Filter 'CldFlt' (Version 10.0, ‎1996‎-‎03‎-‎03T12:43:25.000000000Z) unloaded successfully."
Information,27-09-2024 22:49,Microsoft-Windows-FilterManager,6,None,"File System Filter 'CldFlt' (10.0, ‎1996‎-‎03‎-‎03T12:43:25.000000000Z) has successfully loaded and registered with Filter Manager."
Information,27-09-2024 22:49,Microsoft-Windows-FilterManager,6,None,"File System Filter 'luafv' (10.0, ‎1988‎-‎06‎-‎14T05:06:35.000000000Z) has successfully loaded and registered with Filter Manager."
Information,27-09-2024 22:49,Microsoft-Windows-FilterManager,6,None,"File System Filter 'wcifs' (10.0, ‎2060‎-‎05‎-‎05T22:51:42.000000000Z) has successfully loaded and registered with Filter Manager."
Information,27-09-2024 22:49,Microsoft-Windows-FilterManager,6,None,"File System Filter 'bfs' (10.0, ‎2021‎-‎05‎-‎03T11:37:28.000000000Z) has successfully loaded and registered with Filter Manager."
Information,27-09-2024 22:49,Microsoft-Windows-DHCPv6-Client,51046,Service State Event,DHCPv6 client service is started
Information,27-09-2024 22:49,Microsoft-Windows-Dhcp-Client,50036,Service State Event,DHCPv4 client service is started
Information,27-09-2024 22:49,Microsoft-Windows-Dhcp-Client,50103,Service State Event,DHCPv4 client registered for shutdown notification
Information,27-09-2024 22:49,Microsoft-Windows-Dhcp-Client,50036,Service State Event,DHCPv4 client service is started
Information,27-09-2024 22:49,Microsoft-Windows-Directory-Services-SAM,16983,None,"The security account manager is now logging periodic summary events for remote clients that call legacy password change or set RPC methods.

For more information please see https://go.microsoft.com/fwlink/?linkid=2150956.
"
Information,27-09-2024 22:49,Microsoft-Windows-Directory-Services-SAM,16977,None,"The domain is configured with the following minimum password length-related settings.

MinimumPasswordLength: 0

RelaxMinimumPasswordLengthLimits: 0

MinimumPasswordLengthAudit: -1

For more information see https://go.microsoft.com/fwlink/?LinkId=2097191.
"
Information,27-09-2024 22:49,Microsoft-Windows-Directory-Services-SAM,16962,None,"Remote calls to the SAM database are being restricted using the default security descriptor: O:SYG:SYD:(A;;RC;;;BA).
For more information please see http://go.microsoft.com/fwlink/?LinkId=787651."
Warning,27-09-2024 22:49,LsaSrv,6155,None,"LSA package is not signed as expected. This can cause unexpected behavior with Credential Guard.

PackageName: msv1_0"
Warning,27-09-2024 22:49,LsaSrv,6155,None,"LSA package is not signed as expected. This can cause unexpected behavior with Credential Guard.

PackageName: sfapm"
Warning,27-09-2024 22:49,LsaSrv,6155,None,"LSA package is not signed as expected. This can cause unexpected behavior with Credential Guard.

PackageName: schannel"
Warning,27-09-2024 22:49,LsaSrv,6155,None,"LSA package is not signed as expected. This can cause unexpected behavior with Credential Guard.

PackageName: wdigest"
Warning,27-09-2024 22:49,LsaSrv,6155,None,"LSA package is not signed as expected. This can cause unexpected behavior with Credential Guard.

PackageName: cloudap"
Warning,27-09-2024 22:49,LsaSrv,6155,None,"LSA package is not signed as expected. This can cause unexpected behavior with Credential Guard.

PackageName: pku2u"
Warning,27-09-2024 22:49,LsaSrv,6155,None,"LSA package is not signed as expected. This can cause unexpected behavior with Credential Guard.

PackageName: tspkg"
Warning,27-09-2024 22:49,LsaSrv,6155,None,"LSA package is not signed as expected. This can cause unexpected behavior with Credential Guard.

PackageName: msv1_0"
Warning,27-09-2024 22:49,LsaSrv,6155,None,"LSA package is not signed as expected. This can cause unexpected behavior with Credential Guard.

PackageName: kerberos"
Warning,27-09-2024 22:49,LsaSrv,6155,None,"LSA package is not signed as expected. This can cause unexpected behavior with Credential Guard.

PackageName: negoexts"
Information,27-09-2024 22:49,LsaSrv,6156,None,"Virtualization Based Security for Credential Guard auto enablement status.

Hardware Requirements:	1
Domain Joined:	0
Azure AD Joined:	0"
Warning,27-09-2024 22:49,Microsoft-Windows-Wininit,15,None,Credential Guard and/or VBS Key Isolation are configured but the secure kernel is not running; continuing without them.
Information,27-09-2024 22:49,Microsoft-Windows-Wininit,14,None,"Credential Guard configuration:

Registry Configuration: 0x2
Test Configuration: 0
Auto Enablement: 1"
Information,27-09-2024 22:49,Win32k,267,None,Touch/Touchpad Hardware Quality Assurance verification succeeded.
Information,27-09-2024 22:49,BTHUSB,18,None,Windows cannot store Bluetooth authentication codes (link keys) on the local adapter. Bluetooth keyboards might not work in the system BIOS during startup.
Warning,27-09-2024 22:49,Microsoft-Windows-Kernel-PnP,219,-212,The driver \Driver\WUDFRd failed to load for the device {DD8E82AE-334B-49A2-AEAE-AEB0FD5C40DD}\DetectionVerification\5&10d3b6e1&0&0.
Information,27-09-2024 22:49,Microsoft-Windows-DriverFrameworks-UserMode,10118,Startup of the UMDF reflector,"UMDF reflector is unable to connect to service control manager (SCM). This is expected during boot, when SCM has not started yet. Will retry when it starts."
Information,27-09-2024 22:49,Microsoft-Windows-Kernel-General,24,-11,The time zone information was refreshed with exit reason 0. Current time zone bias is -330.
Information,27-09-2024 22:49,MEIx64,2,None,Intel(R) Management Engine Interface driver has started successfully.
Information,27-09-2024 22:49,Microsoft-Windows-Kernel-Power,521,-220,Active battery count change.
Information,27-09-2024 22:49,Microsoft-Windows-Kernel-Power,521,-220,Active battery count change.
Error,27-09-2024 22:49,VBoxNetLwf,12,None,The driver detected an internal driver error on \Device\VBoxNetLwf.
Information,27-09-2024 22:49,Microsoft-Windows-Kernel-Processor-Power,55,-47,"Processor 7 in group 0 exposes the following power management capabilities:

Idle state type: Micro Power Engine Plugin (11 state(s))

Performance state type: ACPI Performance (P) / Throttle (T) States
Nominal Frequency (MHz): 2401
Maximum performance percentage: 100
Minimum performance percentage: 16
Minimum throttle percentage: 1"
Information,27-09-2024 22:49,Microsoft-Windows-Kernel-Processor-Power,55,-47,"Processor 5 in group 0 exposes the following power management capabilities:

Idle state type: Micro Power Engine Plugin (11 state(s))

Performance state type: ACPI Performance (P) / Throttle (T) States
Nominal Frequency (MHz): 2401
Maximum performance percentage: 100
Minimum performance percentage: 16
Minimum throttle percentage: 1"
Information,27-09-2024 22:49,Microsoft-Windows-Kernel-Processor-Power,55,-47,"Processor 3 in group 0 exposes the following power management capabilities:

Idle state type: Micro Power Engine Plugin (11 state(s))

Performance state type: ACPI Performance (P) / Throttle (T) States
Nominal Frequency (MHz): 2401
Maximum performance percentage: 100
Minimum performance percentage: 16
Minimum throttle percentage: 1"
Information,27-09-2024 22:49,Microsoft-Windows-Kernel-Processor-Power,55,-47,"Processor 1 in group 0 exposes the following power management capabilities:

Idle state type: Micro Power Engine Plugin (11 state(s))

Performance state type: ACPI Performance (P) / Throttle (T) States
Nominal Frequency (MHz): 2401
Maximum performance percentage: 100
Minimum performance percentage: 16
Minimum throttle percentage: 1"
Information,27-09-2024 22:49,Microsoft-Windows-Kernel-Processor-Power,55,-47,"Processor 6 in group 0 exposes the following power management capabilities:

Idle state type: Micro Power Engine Plugin (11 state(s))

Performance state type: ACPI Performance (P) / Throttle (T) States
Nominal Frequency (MHz): 2401
Maximum performance percentage: 100
Minimum performance percentage: 16
Minimum throttle percentage: 1"
Information,27-09-2024 22:49,Microsoft-Windows-Kernel-Processor-Power,55,-47,"Processor 4 in group 0 exposes the following power management capabilities:

Idle state type: Micro Power Engine Plugin (11 state(s))

Performance state type: ACPI Performance (P) / Throttle (T) States
Nominal Frequency (MHz): 2401
Maximum performance percentage: 100
Minimum performance percentage: 16
Minimum throttle percentage: 1"
Information,27-09-2024 22:49,Microsoft-Windows-Kernel-Processor-Power,55,-47,"Processor 2 in group 0 exposes the following power management capabilities:

Idle state type: Micro Power Engine Plugin (11 state(s))

Performance state type: ACPI Performance (P) / Throttle (T) States
Nominal Frequency (MHz): 2401
Maximum performance percentage: 100
Minimum performance percentage: 16
Minimum throttle percentage: 1"
Information,27-09-2024 22:49,Microsoft-Windows-Kernel-Processor-Power,55,-47,"Processor 0 in group 0 exposes the following power management capabilities:

Idle state type: Micro Power Engine Plugin (11 state(s))

Performance state type: ACPI Performance (P) / Throttle (T) States
Nominal Frequency (MHz): 2401
Maximum performance percentage: 100
Minimum performance percentage: 16
Minimum throttle percentage: 1"
Warning,27-09-2024 22:49,Microsoft-Windows-Kernel-PnP,219,-212,The driver \Driver\WUDFRd failed to load for the device PCI\VEN_8086&DEV_9A03&SUBSYS_87FE103C&REV_01\3&11583659&2&20.
Information,27-09-2024 22:49,Microsoft-Windows-DriverFrameworks-UserMode,10118,Startup of the UMDF reflector,"UMDF reflector is unable to connect to service control manager (SCM). This is expected during boot, when SCM has not started yet. Will retry when it starts."
Information,27-09-2024 22:49,Microsoft-Windows-Kernel-Power,125,-86,"ACPI thermal zone \_TZ.TZ01 has been enumerated.             
_PSV = 372K             
_TC1 = 1             
_TC2 = 5             
_TSP = 1000ms             
_AC0 = 0K             
_AC1 = 0K             
_AC2 = 0K             
_AC3 = 0K             
_AC4 = 0K             
_AC5 = 0K             
_AC6 = 0K             
_AC7 = 0K             
_AC8 = 0K             
_AC9 = 0K             
_CRT = 392K             
_HOT = 373K             
minimum throttle = 0             
_CR3 = 0K"
Information,27-09-2024 22:49,Microsoft-Windows-FilterManager,6,None,"File System Filter 'npsvctrig' (10.0, ‎1979‎-‎12‎-‎19T21:42:41.000000000Z) has successfully loaded and registered with Filter Manager."
Information,27-09-2024 22:49,Microsoft-Windows-FilterManager,6,None,"File System Filter 'UCPD' (10.0, ‎1985‎-‎02‎-‎14T05:16:35.000000000Z) has successfully loaded and registered with Filter Manager."
Information,27-09-2024 22:49,Microsoft-Windows-FilterManager,6,None,"File System Filter 'FileCrypt' (10.0, ‎1983‎-‎08‎-‎19T08:28:35.000000000Z) has successfully loaded and registered with Filter Manager."
Information,27-09-2024 22:49,Microsoft-Windows-Ntfs,98,None,Volume C: (\Device\HarddiskVolume3) is healthy.  No action is needed.
Information,27-09-2024 22:49,Microsoft-Windows-FilterManager,6,None,"File System Filter 'mfesec' (10.0, ‎2024‎-‎08‎-‎01T21:24:58.000000000Z) has successfully loaded and registered with Filter Manager."
Information,27-09-2024 22:49,Microsoft-Windows-FilterManager,6,None,"File System Filter 'Wof' (10.0, ‎2086‎-‎08‎-‎04T16:50:16.000000000Z) has successfully loaded and registered with Filter Manager."
Information,27-09-2024 22:49,Microsoft-Windows-FilterManager,6,None,"File System Filter 'FileInfo' (10.0, ‎2079‎-‎02‎-‎27T03:33:00.000000000Z) has successfully loaded and registered with Filter Manager."
Information,27-09-2024 22:49,Microsoft-Windows-HAL,16,None,The iommu fault reporting has been initialized.
Information,27-09-2024 22:49,Microsoft-Windows-Kernel-General,20,-6,"The leap second configuration has been updated.
Reason: Leap second data initialized from registry during boot
Leap seconds enabled: true
New leap second count: 0
Old leap second count: 0"
Information,27-09-2024 22:49,Microsoft-Windows-Kernel-Boot,30,-21,The firmware reported boot metrics.
Information,27-09-2024 22:49,Microsoft-Windows-Kernel-Boot,27,-33,The boot type was 0x0.
Information,27-09-2024 22:49,Microsoft-Windows-Kernel-Boot,25,-32,The boot menu policy was 0x1.
Information,27-09-2024 22:49,Microsoft-Windows-Kernel-Boot,238,-101,EFI time zone bias: 2047. Daylight flags: 0. Firmware time: ‎2024‎-‎09‎-‎27T22:49:08.000000000Z.
Information,27-09-2024 22:49,Microsoft-Windows-Kernel-Boot,20,-31,The last shutdown's success status was true. The last boot's success status was true.
Information,27-09-2024 22:49,Microsoft-Windows-Kernel-Boot,32,-58,The bootmgr spent 0 ms waiting for user input.
Information,27-09-2024 22:49,Microsoft-Windows-Kernel-Boot,18,-57,There are 0x1 boot options on this system.
Information,27-09-2024 22:49,Microsoft-Windows-Kernel-Boot,153,-62,Virtualization-based security (policies: 0) is disabled.
Information,27-09-2024 22:49,Microsoft-Windows-Kernel-General,12,-1,The operating system started at system time ‎2024‎-‎09‎-‎27T17:19:09.500000000Z.
Information,27-09-2024 22:49,Microsoft-Windows-Kernel-General,13,-2,The operating system is shutting down at system time ‎2024‎-‎09‎-‎27T17:19:03.084875000Z.
